2019-05-17 09:15:21.444 INFO  --- [StartupInfoLogger.java:50][restartedMain] - Starting HouseApplication on DESKTOP-A42CON3 with PID 2348 (D:\graduate\house\target\classes started by 谢洁芳 in D:\graduate\house)
2019-05-17 09:15:21.476 INFO  --- [SpringApplication.java:675][restartedMain] - No active profile set, falling back to default profiles: default
2019-05-17 09:15:38.297 ERROR --- [DirectJDKLog.java:173][restartedMain] - An incompatible version [1.2.4] of the APR based Apache Tomcat Native library is installed, while Tomcat requires version [1.2.14]
2019-05-17 09:15:39.396 ERROR --- [DirectJDKLog.java:173][restartedMain] - An incompatible version [1.2.4] of the APR based Apache Tomcat Native library is installed, while Tomcat requires version [1.2.14]
2019-05-17 09:15:39.441 ERROR --- [DirectJDKLog.java:173][restartedMain] - An incompatible version [1.2.4] of the APR based Apache Tomcat Native library is installed, while Tomcat requires version [1.2.14]
2019-05-17 09:15:43.657 WARN  --- [TemplateMode.java:150][restartedMain] - [THYMELEAF][restartedMain] Template Mode 'HTML5' is deprecated. Using Template Mode 'HTML' instead.
2019-05-17 09:15:48.197 INFO  --- [StartupInfoLogger.java:59][restartedMain] - Started HouseApplication in 30.513 seconds (JVM running for 41.559)
2019-05-17 09:17:06.374 INFO  --- [HikariDataSource.java:110][http-nio-8888-exec-9] - HikariPool-1 - Starting...
2019-05-17 09:17:07.821 INFO  --- [HikariDataSource.java:123][http-nio-8888-exec-9] - HikariPool-1 - Start completed.
2019-05-17 09:17:07.893 DEBUG --- [BaseJdbcLogger.java:159][http-nio-8888-exec-9] - ==>  Preparing: SELECT user_id, username, password, user_type, status, ctime, utime, head, money, phone FROM user WHERE username = ? AND password = ? AND status = 0; 
2019-05-17 09:17:08.120 DEBUG --- [BaseJdbcLogger.java:159][http-nio-8888-exec-9] - ==> Parameters: 房东(String), 123456(String)
2019-05-17 09:17:08.652 DEBUG --- [BaseJdbcLogger.java:159][http-nio-8888-exec-9] - <==      Total: 1
2019-05-17 09:17:08.704 DEBUG --- [BaseJdbcLogger.java:159][http-nio-8888-exec-9] - ==>  Preparing: select permission_id, parent_id, name, type, permission_value, url, icon, status from permission where status = 0 and permission_id in ( select permission_id from role_permission where role_id in ( select role_id from user_role where user_id in ( select user_id from user where username = ? ) ) ) order by permission_id asc 
2019-05-17 09:17:08.706 DEBUG --- [BaseJdbcLogger.java:159][http-nio-8888-exec-9] - ==> Parameters: 房东(String)
2019-05-17 09:17:09.270 DEBUG --- [BaseJdbcLogger.java:159][http-nio-8888-exec-9] - <==      Total: 20
2019-05-17 09:18:06.925 INFO  --- [LoggerUtil.java:30][http-nio-8888-exec-3] - permission的值为:[house:update, user:delete, comment:create, house:read, user:update, house:delete, contract:create, money:create, comment:update, comment:read, money:update, user:create, contract:update, contract:read, user:read, comment:delete, contract:delete, money:read, money:delete, house:create]
2019-05-17 09:18:42.846 INFO  --- [LoggerUtil.java:30][http-nio-8888-exec-4] - permission的值为:[house:update, user:delete, comment:create, house:read, user:update, house:delete, contract:create, money:create, comment:update, comment:read, money:update, user:create, contract:update, contract:read, user:read, comment:delete, contract:delete, money:read, money:delete, house:create]
2019-05-17 09:23:05.753 INFO  --- [StartupInfoLogger.java:50][restartedMain] - Starting HouseApplication on DESKTOP-A42CON3 with PID 5468 (D:\graduate\house\target\classes started by 谢洁芳 in D:\graduate\house)
2019-05-17 09:23:05.768 INFO  --- [SpringApplication.java:675][restartedMain] - No active profile set, falling back to default profiles: default
2019-05-17 09:23:16.676 ERROR --- [DirectJDKLog.java:173][restartedMain] - An incompatible version [1.2.4] of the APR based Apache Tomcat Native library is installed, while Tomcat requires version [1.2.14]
2019-05-17 09:23:17.707 ERROR --- [DirectJDKLog.java:173][restartedMain] - An incompatible version [1.2.4] of the APR based Apache Tomcat Native library is installed, while Tomcat requires version [1.2.14]
2019-05-17 09:23:17.769 ERROR --- [DirectJDKLog.java:173][restartedMain] - An incompatible version [1.2.4] of the APR based Apache Tomcat Native library is installed, while Tomcat requires version [1.2.14]
2019-05-17 09:23:21.191 WARN  --- [TemplateMode.java:150][restartedMain] - [THYMELEAF][restartedMain] Template Mode 'HTML5' is deprecated. Using Template Mode 'HTML' instead.
2019-05-17 09:23:22.988 INFO  --- [StartupInfoLogger.java:59][restartedMain] - Started HouseApplication in 18.563 seconds (JVM running for 28.043)
2019-05-17 09:24:35.219 INFO  --- [HikariDataSource.java:110][http-nio-8888-exec-7] - HikariPool-1 - Starting...
2019-05-17 09:24:36.340 INFO  --- [HikariDataSource.java:123][http-nio-8888-exec-7] - HikariPool-1 - Start completed.
2019-05-17 09:24:36.380 DEBUG --- [BaseJdbcLogger.java:159][http-nio-8888-exec-7] - ==>  Preparing: SELECT user_id, username, password, user_type, status, ctime, utime, head, money, phone FROM user WHERE username = ? AND password = ? AND status = 0; 
2019-05-17 09:24:36.531 DEBUG --- [BaseJdbcLogger.java:159][http-nio-8888-exec-7] - ==> Parameters: 房东(String), 123456(String)
2019-05-17 09:24:36.795 DEBUG --- [BaseJdbcLogger.java:159][http-nio-8888-exec-7] - <==      Total: 1
2019-05-17 09:24:36.830 DEBUG --- [BaseJdbcLogger.java:159][http-nio-8888-exec-7] - ==>  Preparing: select permission_id, parent_id, name, type, permission_value, url, icon, status from permission where status = 0 and permission_id in ( select permission_id from role_permission where role_id in ( select role_id from user_role where user_id in ( select user_id from user where username = ? ) ) ) order by permission_id asc 
2019-05-17 09:24:36.833 DEBUG --- [BaseJdbcLogger.java:159][http-nio-8888-exec-7] - ==> Parameters: 房东(String)
2019-05-17 09:24:36.892 DEBUG --- [BaseJdbcLogger.java:159][http-nio-8888-exec-7] - <==      Total: 20
2019-05-17 09:24:39.881 INFO  --- [LoggerUtil.java:30][http-nio-8888-exec-10] - permission的值为:[house:update, user:delete, comment:create, house:read, user:update, house:delete, contract:create, money:create, comment:update, comment:read, money:update, user:create, contract:update, contract:read, user:read, comment:delete, contract:delete, money:read, money:delete, house:create]
2019-05-17 09:25:22.685 INFO  --- [LoggerUtil.java:30][http-nio-8888-exec-4] - permission的值为:[house:update, user:delete, comment:create, house:read, user:update, house:delete, contract:create, money:create, comment:update, comment:read, money:update, user:create, contract:update, contract:read, user:read, comment:delete, contract:delete, money:read, money:delete, house:create]
2019-05-17 09:32:45.380 INFO  --- [StartupInfoLogger.java:50][restartedMain] - Starting HouseApplication on DESKTOP-A42CON3 with PID 4744 (D:\graduate\house\target\classes started by 谢洁芳 in D:\graduate\house)
2019-05-17 09:32:45.396 INFO  --- [SpringApplication.java:675][restartedMain] - No active profile set, falling back to default profiles: default
2019-05-17 09:33:08.868 ERROR --- [DirectJDKLog.java:173][restartedMain] - An incompatible version [1.2.4] of the APR based Apache Tomcat Native library is installed, while Tomcat requires version [1.2.14]
2019-05-17 09:33:11.008 ERROR --- [DirectJDKLog.java:173][restartedMain] - An incompatible version [1.2.4] of the APR based Apache Tomcat Native library is installed, while Tomcat requires version [1.2.14]
2019-05-17 09:33:11.055 ERROR --- [DirectJDKLog.java:173][restartedMain] - An incompatible version [1.2.4] of the APR based Apache Tomcat Native library is installed, while Tomcat requires version [1.2.14]
2019-05-17 09:33:15.258 WARN  --- [TemplateMode.java:150][restartedMain] - [THYMELEAF][restartedMain] Template Mode 'HTML5' is deprecated. Using Template Mode 'HTML' instead.
2019-05-17 09:33:18.039 INFO  --- [StartupInfoLogger.java:59][restartedMain] - Started HouseApplication in 36.893 seconds (JVM running for 60.498)
2019-05-17 09:34:50.512 INFO  --- [HikariDataSource.java:110][http-nio-8888-exec-7] - HikariPool-1 - Starting...
2019-05-17 09:34:51.277 INFO  --- [HikariDataSource.java:123][http-nio-8888-exec-7] - HikariPool-1 - Start completed.
2019-05-17 09:34:51.301 DEBUG --- [BaseJdbcLogger.java:159][http-nio-8888-exec-7] - ==>  Preparing: SELECT user_id, username, password, user_type, status, ctime, utime, head, money, phone FROM user WHERE username = ? AND password = ? AND status = 0; 
2019-05-17 09:34:51.534 DEBUG --- [BaseJdbcLogger.java:159][http-nio-8888-exec-7] - ==> Parameters: 房东(String), 123456(String)
2019-05-17 09:34:51.742 DEBUG --- [BaseJdbcLogger.java:159][http-nio-8888-exec-7] - <==      Total: 1
2019-05-17 09:34:51.766 DEBUG --- [BaseJdbcLogger.java:159][http-nio-8888-exec-7] - ==>  Preparing: select permission_id, parent_id, name, type, permission_value, url, icon, status from permission where status = 0 and permission_id in ( select permission_id from role_permission where role_id in ( select role_id from user_role where user_id in ( select user_id from user where username = ? ) ) ) order by permission_id asc 
2019-05-17 09:34:51.769 DEBUG --- [BaseJdbcLogger.java:159][http-nio-8888-exec-7] - ==> Parameters: 房东(String)
2019-05-17 09:34:51.811 DEBUG --- [BaseJdbcLogger.java:159][http-nio-8888-exec-7] - <==      Total: 20
2019-05-17 09:35:10.066 INFO  --- [LoggerUtil.java:30][http-nio-8888-exec-10] - permission的值为:[house:update, user:delete, comment:create, house:read, user:update, house:delete, contract:create, money:create, comment:update, comment:read, money:update, user:create, contract:update, contract:read, user:read, comment:delete, contract:delete, money:read, money:delete, house:create]
2019-05-17 09:35:20.643 INFO  --- [LoggerUtil.java:30][http-nio-8888-exec-5] - permission的值为:[house:update, user:delete, comment:create, house:read, user:update, house:delete, contract:create, money:create, comment:update, comment:read, money:update, user:create, contract:update, contract:read, user:read, comment:delete, contract:delete, money:read, money:delete, house:create]
2019-05-17 09:35:47.859 INFO  --- [LoggerUtil.java:30][http-nio-8888-exec-8] - permission的值为:[house:update, user:delete, comment:create, house:read, user:update, house:delete, contract:create, money:create, comment:update, comment:read, money:update, user:create, contract:update, contract:read, user:read, comment:delete, contract:delete, money:read, money:delete, house:create]
2019-05-17 09:35:47.954 ERROR --- [LoggerUtil.java:47][http-nio-8888-exec-8] - 写入新文件出错：
java.io.IOException: java.io.FileNotFoundException: C:\Users\谢洁芳\AppData\Local\Temp\tomcat-docbase.4722355199895839096.8888\file\9b32a293-92b0-40b7-9114-7622962700c5.png (系统找不到指定的路径。)
	at org.apache.catalina.core.ApplicationPart.write(ApplicationPart.java:122)
	at org.springframework.web.multipart.support.StandardMultipartHttpServletRequest$StandardMultipartFile.transferTo(StandardMultipartHttpServletRequest.java:255)
	at com.yuan.house.controller.LandlordController.newHouse(LandlordController.java:93)
	at com.yuan.house.controller.LandlordController$$FastClassBySpringCGLIB$$c5175728.invoke(<generated>)
	at org.springframework.cglib.proxy.MethodProxy.invoke(MethodProxy.java:218)
	at org.springframework.aop.framework.CglibAopProxy$CglibMethodInvocation.invokeJoinpoint(CglibAopProxy.java:746)
	at org.springframework.aop.framework.ReflectiveMethodInvocation.proceed(ReflectiveMethodInvocation.java:163)
	at org.apache.shiro.spring.security.interceptor.AopAllianceAnnotationsAuthorizingMethodInterceptor$1.proceed(AopAllianceAnnotationsAuthorizingMethodInterceptor.java:82)
	at org.apache.shiro.authz.aop.AuthorizingMethodInterceptor.invoke(AuthorizingMethodInterceptor.java:39)
	at org.apache.shiro.spring.security.interceptor.AopAllianceAnnotationsAuthorizingMethodInterceptor.invoke(AopAllianceAnnotationsAuthorizingMethodInterceptor.java:115)
	at org.springframework.aop.framework.ReflectiveMethodInvocation.proceed(ReflectiveMethodInvocation.java:186)
	at org.springframework.aop.framework.CglibAopProxy$DynamicAdvisedInterceptor.intercept(CglibAopProxy.java:688)
	at com.yuan.house.controller.LandlordController$$EnhancerBySpringCGLIB$$b9822de8.newHouse(<generated>)
	at sun.reflect.NativeMethodAccessorImpl.invoke0(Native Method)
	at sun.reflect.NativeMethodAccessorImpl.invoke(NativeMethodAccessorImpl.java:62)
	at sun.reflect.DelegatingMethodAccessorImpl.invoke(DelegatingMethodAccessorImpl.java:43)
	at java.lang.reflect.Method.invoke(Method.java:497)
	at org.springframework.web.method.support.InvocableHandlerMethod.doInvoke(InvocableHandlerMethod.java:215)
	at org.springframework.web.method.support.InvocableHandlerMethod.invokeForRequest(InvocableHandlerMethod.java:142)
	at org.springframework.web.servlet.mvc.method.annotation.ServletInvocableHandlerMethod.invokeAndHandle(ServletInvocableHandlerMethod.java:102)
	at org.springframework.web.servlet.mvc.method.annotation.RequestMappingHandlerAdapter.invokeHandlerMethod(RequestMappingHandlerAdapter.java:895)
	at org.springframework.web.servlet.mvc.method.annotation.RequestMappingHandlerAdapter.handleInternal(RequestMappingHandlerAdapter.java:800)
	at org.springframework.web.servlet.mvc.method.AbstractHandlerMethodAdapter.handle(AbstractHandlerMethodAdapter.java:87)
	at org.springframework.web.servlet.DispatcherServlet.doDispatch(DispatcherServlet.java:1038)
	at org.springframework.web.servlet.DispatcherServlet.doService(DispatcherServlet.java:942)
	at org.springframework.web.servlet.FrameworkServlet.processRequest(FrameworkServlet.java:998)
	at org.springframework.web.servlet.FrameworkServlet.doPost(FrameworkServlet.java:901)
	at javax.servlet.http.HttpServlet.service(HttpServlet.java:660)
	at org.springframework.web.servlet.FrameworkServlet.service(FrameworkServlet.java:875)
	at javax.servlet.http.HttpServlet.service(HttpServlet.java:741)
	at org.apache.catalina.core.ApplicationFilterChain.internalDoFilter(ApplicationFilterChain.java:231)
	at org.apache.catalina.core.ApplicationFilterChain.doFilter(ApplicationFilterChain.java:166)
	at org.apache.tomcat.websocket.server.WsFilter.doFilter(WsFilter.java:53)
	at org.apache.catalina.core.ApplicationFilterChain.internalDoFilter(ApplicationFilterChain.java:193)
	at org.apache.catalina.core.ApplicationFilterChain.doFilter(ApplicationFilterChain.java:166)
	at org.apache.shiro.web.servlet.ProxiedFilterChain.doFilter(ProxiedFilterChain.java:61)
	at org.apache.shiro.web.servlet.AdviceFilter.executeChain(AdviceFilter.java:108)
	at org.apache.shiro.web.servlet.AdviceFilter.doFilterInternal(AdviceFilter.java:137)
	at org.apache.shiro.web.servlet.OncePerRequestFilter.doFilter(OncePerRequestFilter.java:125)
	at org.apache.shiro.web.servlet.ProxiedFilterChain.doFilter(ProxiedFilterChain.java:66)
	at org.apache.shiro.web.servlet.AbstractShiroFilter.executeChain(AbstractShiroFilter.java:449)
	at org.apache.shiro.web.servlet.AbstractShiroFilter$1.call(AbstractShiroFilter.java:365)
	at org.apache.shiro.subject.support.SubjectCallable.doCall(SubjectCallable.java:90)
	at org.apache.shiro.subject.support.SubjectCallable.call(SubjectCallable.java:83)
	at org.apache.shiro.subject.support.DelegatingSubject.execute(DelegatingSubject.java:387)
	at org.apache.shiro.web.servlet.AbstractShiroFilter.doFilterInternal(AbstractShiroFilter.java:362)
	at org.apache.shiro.web.servlet.OncePerRequestFilter.doFilter(OncePerRequestFilter.java:125)
	at org.apache.catalina.core.ApplicationFilterChain.internalDoFilter(ApplicationFilterChain.java:193)
	at org.apache.catalina.core.ApplicationFilterChain.doFilter(ApplicationFilterChain.java:166)
	at org.springframework.web.servlet.resource.ResourceUrlEncodingFilter.doFilter(ResourceUrlEncodingFilter.java:63)
	at org.apache.catalina.core.ApplicationFilterChain.internalDoFilter(ApplicationFilterChain.java:193)
	at org.apache.catalina.core.ApplicationFilterChain.doFilter(ApplicationFilterChain.java:166)
	at org.springframework.web.filter.RequestContextFilter.doFilterInternal(RequestContextFilter.java:99)
	at org.springframework.web.filter.OncePerRequestFilter.doFilter(OncePerRequestFilter.java:107)
	at org.apache.catalina.core.ApplicationFilterChain.internalDoFilter(ApplicationFilterChain.java:193)
	at org.apache.catalina.core.ApplicationFilterChain.doFilter(ApplicationFilterChain.java:166)
	at org.springframework.web.filter.FormContentFilter.doFilterInternal(FormContentFilter.java:92)
	at org.springframework.web.filter.OncePerRequestFilter.doFilter(OncePerRequestFilter.java:107)
	at org.apache.catalina.core.ApplicationFilterChain.internalDoFilter(ApplicationFilterChain.java:193)
	at org.apache.catalina.core.ApplicationFilterChain.doFilter(ApplicationFilterChain.java:166)
	at org.springframework.web.filter.HiddenHttpMethodFilter.doFilterInternal(HiddenHttpMethodFilter.java:93)
	at org.springframework.web.filter.OncePerRequestFilter.doFilter(OncePerRequestFilter.java:107)
	at org.apache.catalina.core.ApplicationFilterChain.internalDoFilter(ApplicationFilterChain.java:193)
	at org.apache.catalina.core.ApplicationFilterChain.doFilter(ApplicationFilterChain.java:166)
	at org.springframework.web.filter.CharacterEncodingFilter.doFilterInternal(CharacterEncodingFilter.java:200)
	at org.springframework.web.filter.OncePerRequestFilter.doFilter(OncePerRequestFilter.java:107)
	at org.apache.catalina.core.ApplicationFilterChain.internalDoFilter(ApplicationFilterChain.java:193)
	at org.apache.catalina.core.ApplicationFilterChain.doFilter(ApplicationFilterChain.java:166)
	at org.apache.catalina.core.StandardWrapperValve.invoke(StandardWrapperValve.java:199)
	at org.apache.catalina.core.StandardContextValve.invoke(StandardContextValve.java:96)
	at org.apache.catalina.authenticator.AuthenticatorBase.invoke(AuthenticatorBase.java:490)
	at org.apache.catalina.core.StandardHostValve.invoke(StandardHostValve.java:139)
	at org.apache.catalina.valves.ErrorReportValve.invoke(ErrorReportValve.java:92)
	at org.apache.catalina.core.StandardEngineValve.invoke(StandardEngineValve.java:74)
	at org.apache.catalina.connector.CoyoteAdapter.service(CoyoteAdapter.java:343)
	at org.apache.coyote.http11.Http11Processor.service(Http11Processor.java:408)
	at org.apache.coyote.AbstractProcessorLight.process(AbstractProcessorLight.java:66)
	at org.apache.coyote.AbstractProtocol$ConnectionHandler.process(AbstractProtocol.java:770)
	at org.apache.tomcat.util.net.NioEndpoint$SocketProcessor.doRun(NioEndpoint.java:1415)
	at org.apache.tomcat.util.net.SocketProcessorBase.run(SocketProcessorBase.java:49)
	at java.util.concurrent.ThreadPoolExecutor.runWorker(ThreadPoolExecutor.java:1142)
	at java.util.concurrent.ThreadPoolExecutor$Worker.run(ThreadPoolExecutor.java:617)
	at org.apache.tomcat.util.threads.TaskThread$WrappingRunnable.run(TaskThread.java:61)
	at java.lang.Thread.run(Thread.java:745)
Caused by: java.io.FileNotFoundException: C:\Users\谢洁芳\AppData\Local\Temp\tomcat-docbase.4722355199895839096.8888\file\9b32a293-92b0-40b7-9114-7622962700c5.png (系统找不到指定的路径。)
	at java.io.FileOutputStream.open0(Native Method)
	at java.io.FileOutputStream.open(FileOutputStream.java:270)
	at java.io.FileOutputStream.<init>(FileOutputStream.java:213)
	at java.io.FileOutputStream.<init>(FileOutputStream.java:162)
	at org.apache.tomcat.util.http.fileupload.disk.DiskFileItem.write(DiskFileItem.java:400)
	at org.apache.catalina.core.ApplicationPart.write(ApplicationPart.java:120)
	... 83 common frames omitted
2019-05-17 10:11:26.505 INFO  --- [StartupInfoLogger.java:50][restartedMain] - Starting HouseApplication on DESKTOP-A42CON3 with PID 3508 (D:\graduate\house\target\classes started by 谢洁芳 in D:\graduate\house)
2019-05-17 10:11:26.535 INFO  --- [SpringApplication.java:675][restartedMain] - No active profile set, falling back to default profiles: default
2019-05-17 10:11:51.565 ERROR --- [DirectJDKLog.java:173][restartedMain] - An incompatible version [1.2.4] of the APR based Apache Tomcat Native library is installed, while Tomcat requires version [1.2.14]
2019-05-17 10:11:54.270 ERROR --- [DirectJDKLog.java:173][restartedMain] - An incompatible version [1.2.4] of the APR based Apache Tomcat Native library is installed, while Tomcat requires version [1.2.14]
2019-05-17 10:11:54.356 ERROR --- [DirectJDKLog.java:173][restartedMain] - An incompatible version [1.2.4] of the APR based Apache Tomcat Native library is installed, while Tomcat requires version [1.2.14]
2019-05-17 10:11:59.536 WARN  --- [TemplateMode.java:150][restartedMain] - [THYMELEAF][restartedMain] Template Mode 'HTML5' is deprecated. Using Template Mode 'HTML' instead.
2019-05-17 10:12:01.737 INFO  --- [StartupInfoLogger.java:59][restartedMain] - Started HouseApplication in 39.817 seconds (JVM running for 62.024)
2019-05-17 10:14:52.541 INFO  --- [HikariDataSource.java:110][http-nio-8888-exec-8] - HikariPool-1 - Starting...
2019-05-17 10:14:53.418 INFO  --- [HikariDataSource.java:123][http-nio-8888-exec-8] - HikariPool-1 - Start completed.
2019-05-17 10:14:53.456 DEBUG --- [BaseJdbcLogger.java:159][http-nio-8888-exec-8] - ==>  Preparing: SELECT user_id, username, password, user_type, status, ctime, utime, head, money, phone FROM user WHERE username = ? AND password = ? AND status = 0; 
2019-05-17 10:14:53.701 DEBUG --- [BaseJdbcLogger.java:159][http-nio-8888-exec-8] - ==> Parameters: 房东(String), 123456(String)
2019-05-17 10:14:53.910 DEBUG --- [BaseJdbcLogger.java:159][http-nio-8888-exec-8] - <==      Total: 1
2019-05-17 10:14:53.932 DEBUG --- [BaseJdbcLogger.java:159][http-nio-8888-exec-8] - ==>  Preparing: select permission_id, parent_id, name, type, permission_value, url, icon, status from permission where status = 0 and permission_id in ( select permission_id from role_permission where role_id in ( select role_id from user_role where user_id in ( select user_id from user where username = ? ) ) ) order by permission_id asc 
2019-05-17 10:14:53.945 DEBUG --- [BaseJdbcLogger.java:159][http-nio-8888-exec-8] - ==> Parameters: 房东(String)
2019-05-17 10:14:53.993 DEBUG --- [BaseJdbcLogger.java:159][http-nio-8888-exec-8] - <==      Total: 20
2019-05-17 10:14:57.004 INFO  --- [LoggerUtil.java:30][http-nio-8888-exec-1] - permission的值为:[house:update, user:delete, comment:create, house:read, user:update, house:delete, contract:create, money:create, comment:update, comment:read, money:update, user:create, contract:update, contract:read, user:read, comment:delete, contract:delete, money:read, money:delete, house:create]
2019-05-17 10:15:25.329 INFO  --- [LoggerUtil.java:30][http-nio-8888-exec-6] - permission的值为:[house:update, user:delete, comment:create, house:read, user:update, house:delete, contract:create, money:create, comment:update, comment:read, money:update, user:create, contract:update, contract:read, user:read, comment:delete, contract:delete, money:read, money:delete, house:create]
2019-05-17 11:15:47.483 INFO  --- [StartupInfoLogger.java:50][restartedMain] - Starting HouseApplication on DESKTOP-A42CON3 with PID 10660 (D:\graduate\house\target\classes started by 谢洁芳 in D:\graduate\house)
2019-05-17 11:15:47.586 INFO  --- [SpringApplication.java:675][restartedMain] - No active profile set, falling back to default profiles: default
2019-05-17 11:17:14.542 ERROR --- [DirectJDKLog.java:173][restartedMain] - An incompatible version [1.2.4] of the APR based Apache Tomcat Native library is installed, while Tomcat requires version [1.2.14]
2019-05-17 11:17:18.998 ERROR --- [DirectJDKLog.java:173][restartedMain] - An incompatible version [1.2.4] of the APR based Apache Tomcat Native library is installed, while Tomcat requires version [1.2.14]
2019-05-17 11:17:19.383 ERROR --- [DirectJDKLog.java:173][restartedMain] - An incompatible version [1.2.4] of the APR based Apache Tomcat Native library is installed, while Tomcat requires version [1.2.14]
2019-05-17 11:17:32.154 WARN  --- [TemplateMode.java:150][restartedMain] - [THYMELEAF][restartedMain] Template Mode 'HTML5' is deprecated. Using Template Mode 'HTML' instead.
2019-05-17 11:17:38.016 INFO  --- [StartupInfoLogger.java:59][restartedMain] - Started HouseApplication in 123.735 seconds (JVM running for 182.151)
2019-05-17 11:18:29.570 INFO  --- [HikariDataSource.java:110][http-nio-8888-exec-7] - HikariPool-1 - Starting...
2019-05-17 11:18:41.058 INFO  --- [HikariDataSource.java:123][http-nio-8888-exec-7] - HikariPool-1 - Start completed.
2019-05-17 11:18:41.116 DEBUG --- [BaseJdbcLogger.java:159][http-nio-8888-exec-7] - ==>  Preparing: SELECT user_id, username, password, user_type, status, ctime, utime, head, money, phone FROM user WHERE username = ? AND password = ? AND status = 0; 
2019-05-17 11:18:41.326 DEBUG --- [BaseJdbcLogger.java:159][http-nio-8888-exec-7] - ==> Parameters: 房东(String), 123456(String)
2019-05-17 11:18:44.119 DEBUG --- [BaseJdbcLogger.java:159][http-nio-8888-exec-7] - <==      Total: 1
2019-05-17 11:18:44.519 DEBUG --- [BaseJdbcLogger.java:159][http-nio-8888-exec-7] - ==>  Preparing: select permission_id, parent_id, name, type, permission_value, url, icon, status from permission where status = 0 and permission_id in ( select permission_id from role_permission where role_id in ( select role_id from user_role where user_id in ( select user_id from user where username = ? ) ) ) order by permission_id asc 
2019-05-17 11:18:44.536 DEBUG --- [BaseJdbcLogger.java:159][http-nio-8888-exec-7] - ==> Parameters: 房东(String)
2019-05-17 11:18:44.831 DEBUG --- [BaseJdbcLogger.java:159][http-nio-8888-exec-7] - <==      Total: 20
2019-05-17 11:18:52.425 INFO  --- [LoggerUtil.java:30][http-nio-8888-exec-1] - permission的值为:[house:update, user:delete, comment:create, house:read, user:update, house:delete, contract:create, money:create, comment:update, comment:read, money:update, user:create, contract:update, contract:read, user:read, comment:delete, contract:delete, money:read, money:delete, house:create]
2019-05-17 11:21:01.415 INFO  --- [LoggerUtil.java:30][http-nio-8888-exec-9] - permission的值为:[house:update, user:delete, comment:create, house:read, user:update, house:delete, contract:create, money:create, comment:update, comment:read, money:update, user:create, contract:update, contract:read, user:read, comment:delete, contract:delete, money:read, money:delete, house:create]
2019-05-17 11:21:28.329 INFO  --- [LoggerUtil.java:30][http-nio-8888-exec-3] - permission的值为:[house:update, user:delete, comment:create, house:read, user:update, house:delete, contract:create, money:create, comment:update, comment:read, money:update, user:create, contract:update, contract:read, user:read, comment:delete, contract:delete, money:read, money:delete, house:create]
2019-05-17 11:22:10.581 INFO  --- [LoggerUtil.java:30][http-nio-8888-exec-7] - permission的值为:[house:update, user:delete, comment:create, house:read, user:update, house:delete, contract:create, money:create, comment:update, comment:read, money:update, user:create, contract:update, contract:read, user:read, comment:delete, contract:delete, money:read, money:delete, house:create]
