2019-05-25 00:05:40.011 INFO  --- [StartupInfoLogger.java:50][restartedMain] - Starting HouseApplication on DESKTOP-A42CON3 with PID 1816 (D:\graduate\house\target\classes started by 谢洁芳 in D:\graduate\house)
2019-05-25 00:05:40.022 INFO  --- [SpringApplication.java:675][restartedMain] - No active profile set, falling back to default profiles: default
2019-05-25 00:06:03.999 ERROR --- [DirectJDKLog.java:173][restartedMain] - An incompatible version [1.2.4] of the APR based Apache Tomcat Native library is installed, while Tomcat requires version [1.2.14]
2019-05-25 00:06:07.876 ERROR --- [DirectJDKLog.java:173][restartedMain] - An incompatible version [1.2.4] of the APR based Apache Tomcat Native library is installed, while Tomcat requires version [1.2.14]
2019-05-25 00:06:07.988 ERROR --- [DirectJDKLog.java:173][restartedMain] - An incompatible version [1.2.4] of the APR based Apache Tomcat Native library is installed, while Tomcat requires version [1.2.14]
2019-05-25 00:06:23.323 WARN  --- [TemplateMode.java:150][restartedMain] - [THYMELEAF][restartedMain] Template Mode 'HTML5' is deprecated. Using Template Mode 'HTML' instead.
2019-05-25 00:06:34.157 INFO  --- [StartupInfoLogger.java:59][restartedMain] - Started HouseApplication in 55.341 seconds (JVM running for 59.986)
2019-05-25 00:07:40.641 INFO  --- [Slf4JLogger.java:101][http-nio-8888-exec-4] - Starting without optional epoll library
2019-05-25 00:07:40.651 INFO  --- [Slf4JLogger.java:101][http-nio-8888-exec-4] - Starting without optional kqueue library
2019-05-25 00:07:45.100 INFO  --- [LoggerUtil.java:34][http-nio-8888-exec-4] - redis缓存中不存在houses_like_TenantSearchPOJO(type=0, msg=null, kind=00000, orientation=null, show=money, sx=asc, elevator=-1, cycle=0, area1=0, area2=0, money1=0, money2=0)
2019-05-25 00:07:45.655 INFO  --- [HikariDataSource.java:110][http-nio-8888-exec-4] - HikariPool-1 - Starting...
2019-05-25 00:07:47.574 INFO  --- [HikariDataSource.java:123][http-nio-8888-exec-4] - HikariPool-1 - Start completed.
2019-05-25 00:07:48.884 INFO  --- [LoggerUtil.java:34][http-nio-8888-exec-4] - redis缓存中添加houses_like_TenantSearchPOJO(type=0, msg=null, kind=00000, orientation=null, show=money, sx=asc, elevator=-1, cycle=0, area1=0, area2=0, money1=0, money2=0)
2019-05-25 00:08:25.645 INFO  --- [LoggerUtil.java:34][http-nio-8888-exec-8] - redis缓存中不存在houses_like_TenantSearchPOJO(type=0, msg=null, kind=00000, orientation=null, show=money, sx=asc, elevator=0, cycle=0, area1=0, area2=999, money1=0, money2=0)
2019-05-25 00:08:26.474 INFO  --- [LoggerUtil.java:34][http-nio-8888-exec-8] - redis缓存中添加houses_like_TenantSearchPOJO(type=0, msg=null, kind=00000, orientation=null, show=money, sx=asc, elevator=0, cycle=0, area1=0, area2=999, money1=0, money2=0)
2019-05-25 00:09:01.919 INFO  --- [LoggerUtil.java:34][http-nio-8888-exec-3] - redis缓存中不存在houses_like_TenantSearchPOJO(type=0, msg=null, kind=00000, orientation=null, show=money, sx=asc, elevator=0, cycle=0, area1=0, area2=999, money1=0, money2=0)
2019-05-25 00:09:02.124 INFO  --- [LoggerUtil.java:34][http-nio-8888-exec-3] - redis缓存中添加houses_like_TenantSearchPOJO(type=0, msg=null, kind=00000, orientation=null, show=money, sx=asc, elevator=0, cycle=0, area1=0, area2=999, money1=0, money2=0)
2019-05-25 11:35:38.214 INFO  --- [StartupInfoLogger.java:50][restartedMain] - Starting HouseApplication on DESKTOP-A42CON3 with PID 13976 (D:\graduate\house\target\classes started by 谢洁芳 in D:\graduate\house)
2019-05-25 11:35:38.223 INFO  --- [SpringApplication.java:675][restartedMain] - No active profile set, falling back to default profiles: default
2019-05-25 11:35:45.447 ERROR --- [DirectJDKLog.java:173][restartedMain] - An incompatible version [1.2.4] of the APR based Apache Tomcat Native library is installed, while Tomcat requires version [1.2.14]
2019-05-25 11:35:45.820 ERROR --- [DirectJDKLog.java:173][restartedMain] - An incompatible version [1.2.4] of the APR based Apache Tomcat Native library is installed, while Tomcat requires version [1.2.14]
2019-05-25 11:35:45.843 ERROR --- [DirectJDKLog.java:173][restartedMain] - An incompatible version [1.2.4] of the APR based Apache Tomcat Native library is installed, while Tomcat requires version [1.2.14]
2019-05-25 11:35:47.331 WARN  --- [TemplateMode.java:150][restartedMain] - [THYMELEAF][restartedMain] Template Mode 'HTML5' is deprecated. Using Template Mode 'HTML' instead.
2019-05-25 11:35:48.353 INFO  --- [StartupInfoLogger.java:59][restartedMain] - Started HouseApplication in 11.42 seconds (JVM running for 16.382)
2019-05-25 11:36:11.398 INFO  --- [Slf4JLogger.java:101][http-nio-8888-exec-1] - Starting without optional epoll library
2019-05-25 11:36:11.409 INFO  --- [Slf4JLogger.java:101][http-nio-8888-exec-1] - Starting without optional kqueue library
2019-05-25 11:36:13.288 INFO  --- [LoggerUtil.java:34][http-nio-8888-exec-1] - redis缓存中不存在houses_like_TenantSearchPOJO(type=0, msg=null, kind=00000, orientation=null, show=money, sx=asc, elevator=-1, cycle=0, area1=0, area2=0, money1=0, money2=0)
2019-05-25 11:36:13.439 INFO  --- [HikariDataSource.java:110][http-nio-8888-exec-1] - HikariPool-1 - Starting...
2019-05-25 11:36:13.861 INFO  --- [HikariDataSource.java:123][http-nio-8888-exec-1] - HikariPool-1 - Start completed.
2019-05-25 11:36:14.356 INFO  --- [LoggerUtil.java:34][http-nio-8888-exec-1] - redis缓存中添加houses_like_TenantSearchPOJO(type=0, msg=null, kind=00000, orientation=null, show=money, sx=asc, elevator=-1, cycle=0, area1=0, area2=0, money1=0, money2=0)
2019-05-25 11:36:26.413 INFO  --- [LoggerUtil.java:34][http-nio-8888-exec-7] - redis缓存中不存在houses_like_TenantSearchPOJO(type=0, msg=null, kind=00000, orientation=null, show=money, sx=asc, elevator=-1, cycle=0, area1=0, area2=0, money1=0, money2=0)
2019-05-25 11:36:26.564 INFO  --- [LoggerUtil.java:34][http-nio-8888-exec-7] - redis缓存中添加houses_like_TenantSearchPOJO(type=0, msg=null, kind=00000, orientation=null, show=money, sx=asc, elevator=-1, cycle=0, area1=0, area2=0, money1=0, money2=0)
2019-05-25 12:15:21.072 INFO  --- [StartupInfoLogger.java:50][restartedMain] - Starting HouseApplication on DESKTOP-A42CON3 with PID 12720 (D:\graduate\house\target\classes started by 谢洁芳 in D:\graduate\house)
2019-05-25 12:15:21.085 INFO  --- [SpringApplication.java:675][restartedMain] - No active profile set, falling back to default profiles: default
2019-05-25 12:15:32.078 ERROR --- [DirectJDKLog.java:173][restartedMain] - An incompatible version [1.2.4] of the APR based Apache Tomcat Native library is installed, while Tomcat requires version [1.2.14]
2019-05-25 12:15:32.907 ERROR --- [DirectJDKLog.java:173][restartedMain] - An incompatible version [1.2.4] of the APR based Apache Tomcat Native library is installed, while Tomcat requires version [1.2.14]
2019-05-25 12:15:32.944 ERROR --- [DirectJDKLog.java:173][restartedMain] - An incompatible version [1.2.4] of the APR based Apache Tomcat Native library is installed, while Tomcat requires version [1.2.14]
2019-05-25 12:15:36.570 WARN  --- [TemplateMode.java:150][restartedMain] - [THYMELEAF][restartedMain] Template Mode 'HTML5' is deprecated. Using Template Mode 'HTML' instead.
2019-05-25 12:15:38.637 INFO  --- [StartupInfoLogger.java:59][restartedMain] - Started HouseApplication in 18.906 seconds (JVM running for 24.354)
2019-05-25 12:16:03.239 INFO  --- [Slf4JLogger.java:101][http-nio-8888-exec-4] - Starting without optional epoll library
2019-05-25 12:16:03.250 INFO  --- [Slf4JLogger.java:101][http-nio-8888-exec-4] - Starting without optional kqueue library
2019-05-25 12:16:07.729 INFO  --- [LoggerUtil.java:34][http-nio-8888-exec-4] - redis缓存中不存在houses_like_TenantSearchPOJO(type=0, msg=null, kind=00000, orientation=null, show=money, sx=asc, elevator=-1, cycle=0, area1=0, area2=0, money1=0, money2=0)
2019-05-25 12:16:07.973 INFO  --- [HikariDataSource.java:110][http-nio-8888-exec-4] - HikariPool-1 - Starting...
2019-05-25 12:16:08.957 INFO  --- [HikariDataSource.java:123][http-nio-8888-exec-4] - HikariPool-1 - Start completed.
2019-05-25 12:16:10.069 INFO  --- [LoggerUtil.java:34][http-nio-8888-exec-4] - redis缓存中添加houses_like_TenantSearchPOJO(type=0, msg=null, kind=00000, orientation=null, show=money, sx=asc, elevator=-1, cycle=0, area1=0, area2=0, money1=0, money2=0)
2019-05-25 12:19:12.390 INFO  --- [StartupInfoLogger.java:50][restartedMain] - Starting HouseApplication on DESKTOP-A42CON3 with PID 3816 (D:\graduate\house\target\classes started by 谢洁芳 in D:\graduate\house)
2019-05-25 12:19:12.399 INFO  --- [SpringApplication.java:675][restartedMain] - No active profile set, falling back to default profiles: default
2019-05-25 12:19:21.481 ERROR --- [DirectJDKLog.java:173][restartedMain] - An incompatible version [1.2.4] of the APR based Apache Tomcat Native library is installed, while Tomcat requires version [1.2.14]
2019-05-25 12:19:22.194 ERROR --- [DirectJDKLog.java:173][restartedMain] - An incompatible version [1.2.4] of the APR based Apache Tomcat Native library is installed, while Tomcat requires version [1.2.14]
2019-05-25 12:19:22.234 ERROR --- [DirectJDKLog.java:173][restartedMain] - An incompatible version [1.2.4] of the APR based Apache Tomcat Native library is installed, while Tomcat requires version [1.2.14]
2019-05-25 12:19:25.869 WARN  --- [TemplateMode.java:150][restartedMain] - [THYMELEAF][restartedMain] Template Mode 'HTML5' is deprecated. Using Template Mode 'HTML' instead.
2019-05-25 12:19:28.184 INFO  --- [StartupInfoLogger.java:59][restartedMain] - Started HouseApplication in 17.497 seconds (JVM running for 21.869)
2019-05-25 12:20:11.164 INFO  --- [Slf4JLogger.java:101][http-nio-8888-exec-7] - Starting without optional epoll library
2019-05-25 12:20:11.181 INFO  --- [Slf4JLogger.java:101][http-nio-8888-exec-7] - Starting without optional kqueue library
2019-05-25 12:20:13.699 INFO  --- [LoggerUtil.java:34][http-nio-8888-exec-7] - redis缓存中不存在houses_like_TenantSearchPOJO(type=0, msg=null, kind=00000, orientation=null, show=money, sx=asc, elevator=-1, cycle=0, area1=0, area2=0, money1=0, money2=0)
2019-05-25 12:20:13.891 INFO  --- [HikariDataSource.java:110][http-nio-8888-exec-7] - HikariPool-1 - Starting...
2019-05-25 12:20:14.688 INFO  --- [HikariDataSource.java:123][http-nio-8888-exec-7] - HikariPool-1 - Start completed.
2019-05-25 12:20:16.704 INFO  --- [LoggerUtil.java:34][http-nio-8888-exec-7] - redis缓存中添加houses_like_TenantSearchPOJO(type=0, msg=null, kind=00000, orientation=null, show=money, sx=asc, elevator=-1, cycle=0, area1=0, area2=0, money1=0, money2=0)
2019-05-25 12:31:11.396 INFO  --- [StartupInfoLogger.java:50][restartedMain] - Starting HouseApplication on DESKTOP-A42CON3 with PID 11424 (D:\graduate\house\target\classes started by 谢洁芳 in D:\graduate\house)
2019-05-25 12:31:11.436 INFO  --- [SpringApplication.java:675][restartedMain] - No active profile set, falling back to default profiles: default
2019-05-25 12:31:20.488 ERROR --- [DirectJDKLog.java:173][restartedMain] - An incompatible version [1.2.4] of the APR based Apache Tomcat Native library is installed, while Tomcat requires version [1.2.14]
2019-05-25 12:31:21.264 ERROR --- [DirectJDKLog.java:173][restartedMain] - An incompatible version [1.2.4] of the APR based Apache Tomcat Native library is installed, while Tomcat requires version [1.2.14]
2019-05-25 12:31:21.312 ERROR --- [DirectJDKLog.java:173][restartedMain] - An incompatible version [1.2.4] of the APR based Apache Tomcat Native library is installed, while Tomcat requires version [1.2.14]
2019-05-25 12:31:25.362 WARN  --- [TemplateMode.java:150][restartedMain] - [THYMELEAF][restartedMain] Template Mode 'HTML5' is deprecated. Using Template Mode 'HTML' instead.
2019-05-25 12:31:27.566 INFO  --- [StartupInfoLogger.java:59][restartedMain] - Started HouseApplication in 18.141 seconds (JVM running for 21.923)
2019-05-25 12:31:46.547 INFO  --- [Slf4JLogger.java:101][http-nio-8888-exec-7] - Starting without optional epoll library
2019-05-25 12:31:46.554 INFO  --- [Slf4JLogger.java:101][http-nio-8888-exec-7] - Starting without optional kqueue library
2019-05-25 12:31:49.652 INFO  --- [LoggerUtil.java:34][http-nio-8888-exec-7] - redis缓存中不存在houses_like_TenantSearchPOJO(type=0, msg=null, kind=00000, orientation=null, show=money, sx=asc, elevator=-1, cycle=0, area1=0, area2=0, money1=0, money2=0)
2019-05-25 12:31:49.770 INFO  --- [HikariDataSource.java:110][http-nio-8888-exec-7] - HikariPool-1 - Starting...
2019-05-25 12:31:50.175 INFO  --- [HikariDataSource.java:123][http-nio-8888-exec-7] - HikariPool-1 - Start completed.
2019-05-25 12:31:51.158 INFO  --- [LoggerUtil.java:34][http-nio-8888-exec-7] - redis缓存中添加houses_like_TenantSearchPOJO(type=0, msg=null, kind=00000, orientation=null, show=money, sx=asc, elevator=-1, cycle=0, area1=0, area2=0, money1=0, money2=0)
2019-05-25 12:45:39.803 INFO  --- [StartupInfoLogger.java:50][restartedMain] - Starting HouseApplication on DESKTOP-A42CON3 with PID 5868 (D:\graduate\house\target\classes started by 谢洁芳 in D:\graduate\house)
2019-05-25 12:45:39.822 INFO  --- [SpringApplication.java:675][restartedMain] - No active profile set, falling back to default profiles: default
2019-05-25 12:45:46.502 ERROR --- [DirectJDKLog.java:173][restartedMain] - An incompatible version [1.2.4] of the APR based Apache Tomcat Native library is installed, while Tomcat requires version [1.2.14]
2019-05-25 12:45:46.832 ERROR --- [DirectJDKLog.java:173][restartedMain] - An incompatible version [1.2.4] of the APR based Apache Tomcat Native library is installed, while Tomcat requires version [1.2.14]
2019-05-25 12:45:47.050 ERROR --- [DirectJDKLog.java:173][restartedMain] - An incompatible version [1.2.4] of the APR based Apache Tomcat Native library is installed, while Tomcat requires version [1.2.14]
2019-05-25 12:45:53.221 WARN  --- [TemplateMode.java:150][restartedMain] - [THYMELEAF][restartedMain] Template Mode 'HTML5' is deprecated. Using Template Mode 'HTML' instead.
2019-05-25 12:45:55.747 INFO  --- [StartupInfoLogger.java:59][restartedMain] - Started HouseApplication in 17.469 seconds (JVM running for 22.1)
2019-05-25 12:46:15.552 INFO  --- [Slf4JLogger.java:101][http-nio-8888-exec-2] - Starting without optional epoll library
2019-05-25 12:46:15.559 INFO  --- [Slf4JLogger.java:101][http-nio-8888-exec-2] - Starting without optional kqueue library
2019-05-25 12:46:19.712 INFO  --- [LoggerUtil.java:34][http-nio-8888-exec-2] - redis缓存中不存在houses_like_TenantSearchPOJO(type=0, msg=null, kind=00000, orientation=null, show=money, sx=asc, elevator=-1, cycle=0, area1=0, area2=0, money1=0, money2=0)
2019-05-25 12:46:20.355 INFO  --- [HikariDataSource.java:110][http-nio-8888-exec-2] - HikariPool-1 - Starting...
2019-05-25 12:46:20.930 INFO  --- [HikariDataSource.java:123][http-nio-8888-exec-2] - HikariPool-1 - Start completed.
2019-05-25 12:46:21.542 INFO  --- [LoggerUtil.java:34][http-nio-8888-exec-2] - redis缓存中添加houses_like_TenantSearchPOJO(type=0, msg=null, kind=00000, orientation=null, show=money, sx=asc, elevator=-1, cycle=0, area1=0, area2=0, money1=0, money2=0)
2019-05-25 12:47:58.329 INFO  --- [StartupInfoLogger.java:50][restartedMain] - Starting HouseApplication on DESKTOP-A42CON3 with PID 14016 (D:\graduate\house\target\classes started by 谢洁芳 in D:\graduate\house)
2019-05-25 12:47:58.338 INFO  --- [SpringApplication.java:675][restartedMain] - No active profile set, falling back to default profiles: default
2019-05-25 12:48:07.395 ERROR --- [DirectJDKLog.java:173][restartedMain] - An incompatible version [1.2.4] of the APR based Apache Tomcat Native library is installed, while Tomcat requires version [1.2.14]
2019-05-25 12:48:08.150 ERROR --- [DirectJDKLog.java:173][restartedMain] - An incompatible version [1.2.4] of the APR based Apache Tomcat Native library is installed, while Tomcat requires version [1.2.14]
2019-05-25 12:48:08.204 ERROR --- [DirectJDKLog.java:173][restartedMain] - An incompatible version [1.2.4] of the APR based Apache Tomcat Native library is installed, while Tomcat requires version [1.2.14]
2019-05-25 12:48:13.829 WARN  --- [TemplateMode.java:150][restartedMain] - [THYMELEAF][restartedMain] Template Mode 'HTML5' is deprecated. Using Template Mode 'HTML' instead.
2019-05-25 12:48:15.980 INFO  --- [StartupInfoLogger.java:59][restartedMain] - Started HouseApplication in 18.916 seconds (JVM running for 24.179)
2019-05-25 12:49:38.965 INFO  --- [StartupInfoLogger.java:50][restartedMain] - Starting HouseApplication on DESKTOP-A42CON3 with PID 6296 (D:\graduate\house\target\classes started by 谢洁芳 in D:\graduate\house)
2019-05-25 12:49:38.972 INFO  --- [SpringApplication.java:675][restartedMain] - No active profile set, falling back to default profiles: default
2019-05-25 12:49:46.509 ERROR --- [DirectJDKLog.java:173][restartedMain] - An incompatible version [1.2.4] of the APR based Apache Tomcat Native library is installed, while Tomcat requires version [1.2.14]
2019-05-25 12:49:46.944 ERROR --- [DirectJDKLog.java:173][restartedMain] - An incompatible version [1.2.4] of the APR based Apache Tomcat Native library is installed, while Tomcat requires version [1.2.14]
2019-05-25 12:49:46.970 ERROR --- [DirectJDKLog.java:173][restartedMain] - An incompatible version [1.2.4] of the APR based Apache Tomcat Native library is installed, while Tomcat requires version [1.2.14]
2019-05-25 12:49:50.003 WARN  --- [TemplateMode.java:150][restartedMain] - [THYMELEAF][restartedMain] Template Mode 'HTML5' is deprecated. Using Template Mode 'HTML' instead.
2019-05-25 12:49:51.387 INFO  --- [StartupInfoLogger.java:59][restartedMain] - Started HouseApplication in 13.492 seconds (JVM running for 19.877)
2019-05-25 12:50:36.945 INFO  --- [Slf4JLogger.java:101][http-nio-8888-exec-4] - Starting without optional epoll library
2019-05-25 12:50:36.955 INFO  --- [Slf4JLogger.java:101][http-nio-8888-exec-4] - Starting without optional kqueue library
2019-05-25 12:50:39.787 INFO  --- [LoggerUtil.java:34][http-nio-8888-exec-4] - redis缓存中不存在houses_like_TenantSearchPOJO(type=0, msg=null, kind=00000, orientation=null, show=money, sx=asc, elevator=-1, cycle=0, area1=0, area2=0, money1=0, money2=0)
2019-05-25 12:50:40.165 INFO  --- [HikariDataSource.java:110][http-nio-8888-exec-4] - HikariPool-1 - Starting...
2019-05-25 12:50:41.257 INFO  --- [HikariDataSource.java:123][http-nio-8888-exec-4] - HikariPool-1 - Start completed.
2019-05-25 12:50:42.007 INFO  --- [LoggerUtil.java:34][http-nio-8888-exec-4] - redis缓存中添加houses_like_TenantSearchPOJO(type=0, msg=null, kind=00000, orientation=null, show=money, sx=asc, elevator=-1, cycle=0, area1=0, area2=0, money1=0, money2=0)
2019-05-25 12:51:03.854 INFO  --- [LoggerUtil.java:30][http-nio-8888-exec-1] - permission的值为:[house:update, user:delete, comment:create, house:read, user:update, house:delete, contract:create, money:create, comment:update, comment:read, money:update, user:create, contract:update, contract:read, user:read, comment:delete, money:read, contract:delete, money:delete, house:create]
2019-05-25 12:51:03.927 INFO  --- [LoggerUtil.java:34][http-nio-8888-exec-1] - redis缓存中不存在houses_user_5
2019-05-25 12:51:04.137 INFO  --- [LoggerUtil.java:34][http-nio-8888-exec-1] - redis缓存中添加houses_user_5
2019-05-25 12:51:14.816 INFO  --- [LoggerUtil.java:34][http-nio-8888-exec-1] - redis缓存中不存在houses_like_TenantSearchPOJO(type=0, msg=null, kind=00000, orientation=null, show=money, sx=asc, elevator=-1, cycle=0, area1=0, area2=0, money1=0, money2=0)
2019-05-25 12:51:14.976 INFO  --- [LoggerUtil.java:34][http-nio-8888-exec-1] - redis缓存中添加houses_like_TenantSearchPOJO(type=0, msg=null, kind=00000, orientation=null, show=money, sx=asc, elevator=-1, cycle=0, area1=0, area2=0, money1=0, money2=0)
