2019-05-31 10:29:33.953 INFO  --- [StartupInfoLogger.java:50][restartedMain] - Starting HouseApplication on DESKTOP-A42CON3 with PID 3288 (D:\graduate\house\target\classes started by 谢洁芳 in D:\graduate\house)
2019-05-31 10:29:33.978 INFO  --- [SpringApplication.java:675][restartedMain] - No active profile set, falling back to default profiles: default
2019-05-31 10:30:30.692 ERROR --- [DirectJDKLog.java:173][restartedMain] - An incompatible version [1.2.4] of the APR based Apache Tomcat Native library is installed, while Tomcat requires version [1.2.14]
2019-05-31 10:30:33.401 ERROR --- [DirectJDKLog.java:173][restartedMain] - An incompatible version [1.2.4] of the APR based Apache Tomcat Native library is installed, while Tomcat requires version [1.2.14]
2019-05-31 10:30:34.063 ERROR --- [DirectJDKLog.java:173][restartedMain] - An incompatible version [1.2.4] of the APR based Apache Tomcat Native library is installed, while Tomcat requires version [1.2.14]
2019-05-31 10:30:43.838 WARN  --- [TemplateMode.java:150][restartedMain] - [THYMELEAF][restartedMain] Template Mode 'HTML5' is deprecated. Using Template Mode 'HTML' instead.
2019-05-31 10:30:49.304 INFO  --- [StartupInfoLogger.java:59][restartedMain] - Started HouseApplication in 82.376 seconds (JVM running for 113.879)
2019-05-31 10:31:28.905 INFO  --- [Slf4JLogger.java:101][http-nio-8888-exec-3] - Starting without optional epoll library
2019-05-31 10:31:28.927 INFO  --- [Slf4JLogger.java:101][http-nio-8888-exec-3] - Starting without optional kqueue library
2019-05-31 10:31:34.462 INFO  --- [LoggerUtil.java:34][http-nio-8888-exec-3] - redis缓存中不存在houses_like_TenantSearchPOJO(type=0, msg=null, kind=00000, orientation=null, show=money, sx=asc, elevator=-1, cycle=0, area1=0, area2=0, money1=0, money2=0)
2019-05-31 10:31:34.817 INFO  --- [HikariDataSource.java:110][http-nio-8888-exec-3] - HikariPool-1 - Starting...
2019-05-31 10:31:37.497 INFO  --- [HikariDataSource.java:123][http-nio-8888-exec-3] - HikariPool-1 - Start completed.
2019-05-31 10:31:42.730 INFO  --- [LoggerUtil.java:34][http-nio-8888-exec-3] - redis缓存中添加houses_like_TenantSearchPOJO(type=0, msg=null, kind=00000, orientation=null, show=money, sx=asc, elevator=-1, cycle=0, area1=0, area2=0, money1=0, money2=0)
2019-05-31 10:32:20.592 INFO  --- [LoggerUtil.java:34][http-nio-8888-exec-5] - redis缓存中不存在houses_like_TenantSearchPOJO(type=0, msg=null, kind=00000, orientation=null, show=money, sx=asc, elevator=0, cycle=0, area1=0, area2=0, money1=0, money2=0)
2019-05-31 10:32:21.605 INFO  --- [LoggerUtil.java:34][http-nio-8888-exec-5] - redis缓存中添加houses_like_TenantSearchPOJO(type=0, msg=null, kind=00000, orientation=null, show=money, sx=asc, elevator=0, cycle=0, area1=0, area2=0, money1=0, money2=0)
2019-05-31 10:32:33.426 WARN  --- [AbstractHandlerExceptionResolver.java:194][http-nio-8888-exec-1] - Resolved [org.springframework.web.method.annotation.MethodArgumentTypeMismatchException: Failed to convert value of type 'java.lang.String' to required type 'int'; nested exception is java.lang.NumberFormatException: For input string: ""]
2019-05-31 10:34:18.786 INFO  --- [StartupInfoLogger.java:50][restartedMain] - Starting HouseApplication on DESKTOP-A42CON3 with PID 11724 (D:\graduate\house\target\classes started by 谢洁芳 in D:\graduate\house)
2019-05-31 10:34:18.797 INFO  --- [SpringApplication.java:675][restartedMain] - No active profile set, falling back to default profiles: default
2019-05-31 10:34:28.303 ERROR --- [DirectJDKLog.java:173][restartedMain] - An incompatible version [1.2.4] of the APR based Apache Tomcat Native library is installed, while Tomcat requires version [1.2.14]
2019-05-31 10:34:29.011 ERROR --- [DirectJDKLog.java:173][restartedMain] - An incompatible version [1.2.4] of the APR based Apache Tomcat Native library is installed, while Tomcat requires version [1.2.14]
2019-05-31 10:34:29.056 ERROR --- [DirectJDKLog.java:173][restartedMain] - An incompatible version [1.2.4] of the APR based Apache Tomcat Native library is installed, while Tomcat requires version [1.2.14]
2019-05-31 10:34:32.526 WARN  --- [TemplateMode.java:150][restartedMain] - [THYMELEAF][restartedMain] Template Mode 'HTML5' is deprecated. Using Template Mode 'HTML' instead.
2019-05-31 10:34:34.303 INFO  --- [StartupInfoLogger.java:59][restartedMain] - Started HouseApplication in 17.613 seconds (JVM running for 26.949)
2019-05-31 10:38:47.780 INFO  --- [Slf4JLogger.java:101][http-nio-8888-exec-3] - Starting without optional epoll library
2019-05-31 10:38:47.796 INFO  --- [Slf4JLogger.java:101][http-nio-8888-exec-3] - Starting without optional kqueue library
2019-05-31 10:38:50.825 INFO  --- [LoggerUtil.java:34][http-nio-8888-exec-3] - redis缓存中不存在houses_like_TenantSearchPOJO(type=0, msg=null, kind=00000, orientation=null, show=money, sx=asc, elevator=-1, cycle=0, area1=0, area2=0, money1=0, money2=0)
2019-05-31 10:38:51.014 INFO  --- [HikariDataSource.java:110][http-nio-8888-exec-3] - HikariPool-1 - Starting...
2019-05-31 10:38:51.615 INFO  --- [HikariDataSource.java:123][http-nio-8888-exec-3] - HikariPool-1 - Start completed.
2019-05-31 10:38:52.184 INFO  --- [LoggerUtil.java:34][http-nio-8888-exec-3] - redis缓存中添加houses_like_TenantSearchPOJO(type=0, msg=null, kind=00000, orientation=null, show=money, sx=asc, elevator=-1, cycle=0, area1=0, area2=0, money1=0, money2=0)
2019-05-31 10:39:16.088 INFO  --- [LoggerUtil.java:34][http-nio-8888-exec-6] - redis缓存中不存在houses_like_TenantSearchPOJO(type=0, msg=null, kind=00000, orientation=null, show=money, sx=asc, elevator=0, cycle=0, area1=0, area2=0, money1=0, money2=0)
2019-05-31 10:39:16.665 INFO  --- [LoggerUtil.java:34][http-nio-8888-exec-6] - redis缓存中添加houses_like_TenantSearchPOJO(type=0, msg=null, kind=00000, orientation=null, show=money, sx=asc, elevator=0, cycle=0, area1=0, area2=0, money1=0, money2=0)
2019-05-31 10:39:26.915 INFO  --- [LoggerUtil.java:34][http-nio-8888-exec-9] - redis缓存中不存在houses_like_TenantSearchPOJO(type=0, msg=null, kind=00000, orientation=null, show=money, sx=asc, elevator=0, cycle=0, area1=0, area2=0, money1=0, money2=0)
2019-05-31 10:39:27.147 INFO  --- [LoggerUtil.java:34][http-nio-8888-exec-9] - redis缓存中添加houses_like_TenantSearchPOJO(type=0, msg=null, kind=00000, orientation=null, show=money, sx=asc, elevator=0, cycle=0, area1=0, area2=0, money1=0, money2=0)
2019-05-31 10:39:31.589 INFO  --- [LoggerUtil.java:34][http-nio-8888-exec-5] - redis缓存中存在houses_like_TenantSearchPOJO(type=0, msg=null, kind=00000, orientation=null, show=money, sx=asc, elevator=0, cycle=0, area1=0, area2=0, money1=0, money2=0)
2019-05-31 10:39:39.426 INFO  --- [LoggerUtil.java:34][http-nio-8888-exec-7] - redis缓存中不存在houses_like_TenantSearchPOJO(type=0, msg=null, kind=00000, orientation=null, show=money, sx=asc, elevator=0, cycle=0, area1=0, area2=0, money1=0, money2=0)
2019-05-31 10:39:39.731 INFO  --- [LoggerUtil.java:34][http-nio-8888-exec-7] - redis缓存中添加houses_like_TenantSearchPOJO(type=0, msg=null, kind=00000, orientation=null, show=money, sx=asc, elevator=0, cycle=0, area1=0, area2=0, money1=0, money2=0)
2019-05-31 10:45:12.216 INFO  --- [StartupInfoLogger.java:50][restartedMain] - Starting HouseApplication on DESKTOP-A42CON3 with PID 9752 (D:\graduate\house\target\classes started by 谢洁芳 in D:\graduate\house)
2019-05-31 10:45:12.228 INFO  --- [SpringApplication.java:675][restartedMain] - No active profile set, falling back to default profiles: default
2019-05-31 10:45:27.686 ERROR --- [DirectJDKLog.java:173][restartedMain] - An incompatible version [1.2.4] of the APR based Apache Tomcat Native library is installed, while Tomcat requires version [1.2.14]
2019-05-31 10:45:28.785 ERROR --- [DirectJDKLog.java:173][restartedMain] - An incompatible version [1.2.4] of the APR based Apache Tomcat Native library is installed, while Tomcat requires version [1.2.14]
2019-05-31 10:45:28.821 ERROR --- [DirectJDKLog.java:173][restartedMain] - An incompatible version [1.2.4] of the APR based Apache Tomcat Native library is installed, while Tomcat requires version [1.2.14]
2019-05-31 10:45:35.799 WARN  --- [TemplateMode.java:150][restartedMain] - [THYMELEAF][restartedMain] Template Mode 'HTML5' is deprecated. Using Template Mode 'HTML' instead.
2019-05-31 10:45:47.488 INFO  --- [StartupInfoLogger.java:59][restartedMain] - Started HouseApplication in 37.481 seconds (JVM running for 44.972)
2019-05-31 10:50:48.598 INFO  --- [Slf4JLogger.java:101][http-nio-8888-exec-3] - Starting without optional epoll library
2019-05-31 10:50:48.615 INFO  --- [Slf4JLogger.java:101][http-nio-8888-exec-3] - Starting without optional kqueue library
2019-05-31 10:50:51.737 INFO  --- [LoggerUtil.java:34][http-nio-8888-exec-3] - redis缓存中不存在houses_like_TenantSearchPOJO(type=0, msg=null, kind=00000, orientation=null, show=money, sx=asc, elevator=-1, cycle=0, area1=0, area2=0, money1=0, money2=0)
2019-05-31 10:50:52.039 INFO  --- [HikariDataSource.java:110][http-nio-8888-exec-3] - HikariPool-1 - Starting...
2019-05-31 10:50:53.794 INFO  --- [HikariDataSource.java:123][http-nio-8888-exec-3] - HikariPool-1 - Start completed.
2019-05-31 10:50:59.446 INFO  --- [LoggerUtil.java:34][http-nio-8888-exec-3] - redis缓存中添加houses_like_TenantSearchPOJO(type=0, msg=null, kind=00000, orientation=null, show=money, sx=asc, elevator=-1, cycle=0, area1=0, area2=0, money1=0, money2=0)
2019-05-31 10:51:09.540 INFO  --- [LoggerUtil.java:34][http-nio-8888-exec-6] - redis缓存中不存在houses_like_TenantSearchPOJO(type=0, msg=null, kind=00000, orientation=null, show=money, sx=asc, elevator=0, cycle=0, area1=0, area2=0, money1=0, money2=0)
2019-05-31 10:51:09.983 INFO  --- [LoggerUtil.java:34][http-nio-8888-exec-6] - redis缓存中添加houses_like_TenantSearchPOJO(type=0, msg=null, kind=00000, orientation=null, show=money, sx=asc, elevator=0, cycle=0, area1=0, area2=0, money1=0, money2=0)
2019-05-31 10:51:14.207 INFO  --- [LoggerUtil.java:34][http-nio-8888-exec-8] - redis缓存中存在houses_like_TenantSearchPOJO(type=0, msg=null, kind=00000, orientation=null, show=money, sx=asc, elevator=0, cycle=0, area1=0, area2=0, money1=0, money2=0)
2019-05-31 10:51:23.495 INFO  --- [LoggerUtil.java:34][http-nio-8888-exec-1] - redis缓存中不存在houses_like_TenantSearchPOJO(type=0, msg=null, kind=00000, orientation=null, show=money, sx=asc, elevator=0, cycle=0, area1=0, area2=0, money1=0, money2=0)
2019-05-31 10:51:23.905 INFO  --- [LoggerUtil.java:34][http-nio-8888-exec-1] - redis缓存中添加houses_like_TenantSearchPOJO(type=0, msg=null, kind=00000, orientation=null, show=money, sx=asc, elevator=0, cycle=0, area1=0, area2=0, money1=0, money2=0)
2019-05-31 10:51:28.590 INFO  --- [LoggerUtil.java:34][http-nio-8888-exec-4] - redis缓存中存在houses_like_TenantSearchPOJO(type=0, msg=null, kind=00000, orientation=null, show=money, sx=asc, elevator=0, cycle=0, area1=0, area2=0, money1=0, money2=0)
2019-05-31 10:51:30.510 INFO  --- [LoggerUtil.java:34][http-nio-8888-exec-5] - redis缓存中存在houses_like_TenantSearchPOJO(type=0, msg=null, kind=00000, orientation=null, show=money, sx=asc, elevator=0, cycle=0, area1=0, area2=0, money1=0, money2=0)
2019-05-31 10:51:31.870 INFO  --- [LoggerUtil.java:34][http-nio-8888-exec-7] - redis缓存中存在houses_like_TenantSearchPOJO(type=0, msg=null, kind=00000, orientation=null, show=money, sx=asc, elevator=0, cycle=0, area1=0, area2=0, money1=0, money2=0)
2019-05-31 10:51:33.089 INFO  --- [LoggerUtil.java:34][http-nio-8888-exec-10] - redis缓存中存在houses_like_TenantSearchPOJO(type=0, msg=null, kind=00000, orientation=null, show=money, sx=asc, elevator=0, cycle=0, area1=0, area2=0, money1=0, money2=0)
2019-05-31 10:51:33.807 INFO  --- [LoggerUtil.java:34][http-nio-8888-exec-2] - redis缓存中存在houses_like_TenantSearchPOJO(type=0, msg=null, kind=00000, orientation=null, show=money, sx=asc, elevator=0, cycle=0, area1=0, area2=0, money1=0, money2=0)
2019-05-31 10:51:34.767 INFO  --- [LoggerUtil.java:34][http-nio-8888-exec-3] - redis缓存中不存在houses_like_TenantSearchPOJO(type=0, msg=null, kind=00000, orientation=null, show=money, sx=asc, elevator=0, cycle=0, area1=0, area2=0, money1=0, money2=0)
2019-05-31 10:51:35.445 INFO  --- [LoggerUtil.java:34][http-nio-8888-exec-3] - redis缓存中添加houses_like_TenantSearchPOJO(type=0, msg=null, kind=00000, orientation=null, show=money, sx=asc, elevator=0, cycle=0, area1=0, area2=0, money1=0, money2=0)
2019-05-31 10:51:35.447 INFO  --- [LoggerUtil.java:34][http-nio-8888-exec-5] - redis缓存中存在houses_like_TenantSearchPOJO(type=0, msg=null, kind=00000, orientation=null, show=money, sx=asc, elevator=0, cycle=0, area1=0, area2=0, money1=0, money2=0)
2019-05-31 11:19:05.546 INFO  --- [StartupInfoLogger.java:50][restartedMain] - Starting HouseApplication on DESKTOP-A42CON3 with PID 16148 (D:\graduate\house\target\classes started by 谢洁芳 in D:\graduate\house)
2019-05-31 11:19:05.557 INFO  --- [SpringApplication.java:675][restartedMain] - No active profile set, falling back to default profiles: default
2019-05-31 11:19:33.235 ERROR --- [DirectJDKLog.java:173][restartedMain] - An incompatible version [1.2.4] of the APR based Apache Tomcat Native library is installed, while Tomcat requires version [1.2.14]
2019-05-31 11:19:34.483 ERROR --- [DirectJDKLog.java:173][restartedMain] - An incompatible version [1.2.4] of the APR based Apache Tomcat Native library is installed, while Tomcat requires version [1.2.14]
2019-05-31 11:19:34.563 ERROR --- [DirectJDKLog.java:173][restartedMain] - An incompatible version [1.2.4] of the APR based Apache Tomcat Native library is installed, while Tomcat requires version [1.2.14]
2019-05-31 11:19:39.677 WARN  --- [TemplateMode.java:150][restartedMain] - [THYMELEAF][restartedMain] Template Mode 'HTML5' is deprecated. Using Template Mode 'HTML' instead.
2019-05-31 11:19:45.045 INFO  --- [StartupInfoLogger.java:59][restartedMain] - Started HouseApplication in 43.304 seconds (JVM running for 66.228)
2019-05-31 11:20:30.342 INFO  --- [HikariDataSource.java:110][http-nio-8888-exec-6] - HikariPool-1 - Starting...
2019-05-31 11:20:31.324 INFO  --- [HikariDataSource.java:123][http-nio-8888-exec-6] - HikariPool-1 - Start completed.
2019-05-31 11:20:42.327 INFO  --- [LoggerUtil.java:30][http-nio-8888-exec-1] - permission的值为:[permission:create, user:delete, role:update, role:read, user:update, permission:update, permission:read, log:read, log:delete, user:create, permission:delete, role:create, log:update, user:read, role:delete, log:create]
2019-05-31 11:20:47.140 INFO  --- [LoggerUtil.java:30][http-nio-8888-exec-2] - permission的值为:[permission:create, user:delete, role:update, role:read, user:update, permission:update, permission:read, log:read, log:delete, user:create, permission:delete, role:create, log:update, user:read, role:delete, log:create]
2019-05-31 11:20:50.401 INFO  --- [LoggerUtil.java:30][http-nio-8888-exec-4] - permission的值为:[permission:create, user:delete, role:update, role:read, user:update, permission:update, permission:read, log:read, log:delete, user:create, permission:delete, role:create, log:update, user:read, role:delete, log:create]
2019-05-31 11:20:51.598 INFO  --- [LoggerUtil.java:30][http-nio-8888-exec-5] - permission的值为:[permission:create, user:delete, role:update, role:read, user:update, permission:update, permission:read, log:read, log:delete, user:create, permission:delete, role:create, log:update, user:read, role:delete, log:create]
2019-05-31 11:20:52.531 INFO  --- [LoggerUtil.java:30][http-nio-8888-exec-6] - permission的值为:[permission:create, user:delete, role:update, role:read, user:update, permission:update, permission:read, log:read, log:delete, user:create, permission:delete, role:create, log:update, user:read, role:delete, log:create]
2019-05-31 11:20:53.083 INFO  --- [LoggerUtil.java:30][http-nio-8888-exec-7] - permission的值为:[permission:create, user:delete, role:update, role:read, user:update, permission:update, permission:read, log:read, log:delete, user:create, permission:delete, role:create, log:update, user:read, role:delete, log:create]
2019-05-31 11:20:53.473 INFO  --- [LoggerUtil.java:30][http-nio-8888-exec-8] - permission的值为:[permission:create, user:delete, role:update, role:read, user:update, permission:update, permission:read, log:read, log:delete, user:create, permission:delete, role:create, log:update, user:read, role:delete, log:create]
2019-05-31 11:20:54.218 INFO  --- [LoggerUtil.java:30][http-nio-8888-exec-9] - permission的值为:[permission:create, user:delete, role:update, role:read, user:update, permission:update, permission:read, log:read, log:delete, user:create, permission:delete, role:create, log:update, user:read, role:delete, log:create]
2019-05-31 11:20:54.939 INFO  --- [LoggerUtil.java:30][http-nio-8888-exec-10] - permission的值为:[permission:create, user:delete, role:update, role:read, user:update, permission:update, permission:read, log:read, log:delete, user:create, permission:delete, role:create, log:update, user:read, role:delete, log:create]
2019-05-31 11:20:55.452 INFO  --- [LoggerUtil.java:30][http-nio-8888-exec-1] - permission的值为:[permission:create, user:delete, role:update, role:read, user:update, permission:update, permission:read, log:read, log:delete, user:create, permission:delete, role:create, log:update, user:read, role:delete, log:create]
2019-05-31 11:20:55.839 INFO  --- [LoggerUtil.java:30][http-nio-8888-exec-3] - permission的值为:[permission:create, user:delete, role:update, role:read, user:update, permission:update, permission:read, log:read, log:delete, user:create, permission:delete, role:create, log:update, user:read, role:delete, log:create]
2019-05-31 11:20:56.333 INFO  --- [LoggerUtil.java:30][http-nio-8888-exec-2] - permission的值为:[permission:create, user:delete, role:update, role:read, user:update, permission:update, permission:read, log:read, log:delete, user:create, permission:delete, role:create, log:update, user:read, role:delete, log:create]
2019-05-31 11:20:56.771 INFO  --- [LoggerUtil.java:30][http-nio-8888-exec-4] - permission的值为:[permission:create, user:delete, role:update, role:read, user:update, permission:update, permission:read, log:read, log:delete, user:create, permission:delete, role:create, log:update, user:read, role:delete, log:create]
2019-05-31 11:20:59.555 INFO  --- [LoggerUtil.java:30][http-nio-8888-exec-5] - permission的值为:[permission:create, user:delete, role:update, role:read, user:update, permission:update, permission:read, log:read, log:delete, user:create, permission:delete, role:create, log:update, user:read, role:delete, log:create]
2019-05-31 11:21:00.387 INFO  --- [LoggerUtil.java:30][http-nio-8888-exec-6] - permission的值为:[permission:create, user:delete, role:update, role:read, user:update, permission:update, permission:read, log:read, log:delete, user:create, permission:delete, role:create, log:update, user:read, role:delete, log:create]
2019-05-31 11:22:53.339 INFO  --- [LoggerUtil.java:30][http-nio-8888-exec-6] - permission的值为:[permission:create, user:delete, role:update, role:read, user:update, permission:update, permission:read, log:read, log:delete, user:create, permission:delete, role:create, log:update, user:read, role:delete, log:create]
2019-05-31 11:23:12.353 INFO  --- [LoggerUtil.java:30][http-nio-8888-exec-8] - permission的值为:[permission:create, user:delete, role:update, role:read, user:update, permission:update, permission:read, log:read, log:delete, user:create, permission:delete, role:create, log:update, user:read, role:delete, log:create]
2019-05-31 11:27:52.972 INFO  --- [StartupInfoLogger.java:50][restartedMain] - Starting HouseApplication on DESKTOP-A42CON3 with PID 11080 (D:\graduate\house\target\classes started by 谢洁芳 in D:\graduate\house)
2019-05-31 11:27:52.984 INFO  --- [SpringApplication.java:675][restartedMain] - No active profile set, falling back to default profiles: default
2019-05-31 11:28:02.779 ERROR --- [DirectJDKLog.java:173][restartedMain] - An incompatible version [1.2.4] of the APR based Apache Tomcat Native library is installed, while Tomcat requires version [1.2.14]
2019-05-31 11:28:03.300 ERROR --- [DirectJDKLog.java:173][restartedMain] - An incompatible version [1.2.4] of the APR based Apache Tomcat Native library is installed, while Tomcat requires version [1.2.14]
2019-05-31 11:28:03.333 ERROR --- [DirectJDKLog.java:173][restartedMain] - An incompatible version [1.2.4] of the APR based Apache Tomcat Native library is installed, while Tomcat requires version [1.2.14]
2019-05-31 11:28:05.609 WARN  --- [TemplateMode.java:150][restartedMain] - [THYMELEAF][restartedMain] Template Mode 'HTML5' is deprecated. Using Template Mode 'HTML' instead.
2019-05-31 11:28:06.982 INFO  --- [StartupInfoLogger.java:59][restartedMain] - Started HouseApplication in 15.596 seconds (JVM running for 22.45)
2019-05-31 11:28:37.968 INFO  --- [HikariDataSource.java:110][http-nio-8888-exec-7] - HikariPool-1 - Starting...
2019-05-31 11:28:38.534 INFO  --- [HikariDataSource.java:123][http-nio-8888-exec-7] - HikariPool-1 - Start completed.
2019-05-31 11:28:43.104 INFO  --- [LoggerUtil.java:30][http-nio-8888-exec-8] - permission的值为:[permission:create, user:delete, role:update, role:read, user:update, permission:update, permission:read, log:read, log:delete, user:create, permission:delete, role:create, log:update, user:read, role:delete, log:create]
2019-05-31 11:29:07.780 INFO  --- [LoggerUtil.java:30][http-nio-8888-exec-10] - permission的值为:[permission:create, user:delete, role:update, role:read, user:update, permission:update, permission:read, log:read, log:delete, user:create, permission:delete, role:create, log:update, user:read, role:delete, log:create]
2019-05-31 11:29:08.705 INFO  --- [Slf4JLogger.java:101][http-nio-8888-exec-10] - Starting without optional epoll library
2019-05-31 11:29:08.713 INFO  --- [Slf4JLogger.java:101][http-nio-8888-exec-10] - Starting without optional kqueue library
2019-05-31 11:29:11.908 INFO  --- [LoggerUtil.java:34][http-nio-8888-exec-10] - redis缓存中不存在permissions_like_编辑
2019-05-31 11:29:13.431 INFO  --- [LoggerUtil.java:34][http-nio-8888-exec-10] - redis缓存中添加permissions_like_编辑
2019-05-31 11:29:20.630 INFO  --- [LoggerUtil.java:30][http-nio-8888-exec-2] - permission的值为:[permission:create, user:delete, role:update, role:read, user:update, permission:update, permission:read, log:read, log:delete, user:create, permission:delete, role:create, log:update, user:read, role:delete, log:create]
2019-05-31 11:29:20.642 INFO  --- [LoggerUtil.java:34][http-nio-8888-exec-2] - redis缓存中存在permissions_like_编辑
2019-05-31 11:29:22.029 INFO  --- [LoggerUtil.java:30][http-nio-8888-exec-3] - permission的值为:[permission:create, user:delete, role:update, role:read, user:update, permission:update, permission:read, log:read, log:delete, user:create, permission:delete, role:create, log:update, user:read, role:delete, log:create]
2019-05-31 11:29:22.035 INFO  --- [LoggerUtil.java:34][http-nio-8888-exec-3] - redis缓存中存在permissions_like_编辑
2019-05-31 11:29:40.234 INFO  --- [LoggerUtil.java:30][http-nio-8888-exec-5] - permission的值为:[permission:create, user:delete, role:update, role:read, user:update, permission:update, permission:read, log:read, log:delete, user:create, permission:delete, role:create, log:update, user:read, role:delete, log:create]
2019-05-31 11:29:40.244 INFO  --- [LoggerUtil.java:34][http-nio-8888-exec-5] - redis缓存中不存在permissions_like_编辑
2019-05-31 11:29:40.292 INFO  --- [LoggerUtil.java:34][http-nio-8888-exec-5] - redis缓存中添加permissions_like_编辑
2019-05-31 11:30:01.105 INFO  --- [LoggerUtil.java:30][http-nio-8888-exec-7] - permission的值为:[permission:create, user:delete, role:update, role:read, user:update, permission:update, permission:read, log:read, log:delete, user:create, permission:delete, role:create, log:update, user:read, role:delete, log:create]
2019-05-31 11:30:01.114 INFO  --- [LoggerUtil.java:34][http-nio-8888-exec-7] - redis缓存中不存在permissions_like_编辑
2019-05-31 11:30:01.182 INFO  --- [LoggerUtil.java:34][http-nio-8888-exec-7] - redis缓存中添加permissions_like_编辑
2019-05-31 11:30:11.258 INFO  --- [LoggerUtil.java:30][http-nio-8888-exec-9] - permission的值为:[permission:create, user:delete, role:update, role:read, user:update, permission:update, permission:read, log:read, log:delete, user:create, permission:delete, role:create, log:update, user:read, role:delete, log:create]
2019-05-31 11:30:11.270 INFO  --- [LoggerUtil.java:34][http-nio-8888-exec-9] - redis缓存中不存在permissions_like_编辑
2019-05-31 11:30:11.356 INFO  --- [LoggerUtil.java:34][http-nio-8888-exec-9] - redis缓存中添加permissions_like_编辑
2019-05-31 11:30:25.696 INFO  --- [LoggerUtil.java:30][http-nio-8888-exec-1] - permission的值为:[permission:create, user:delete, role:update, role:read, user:update, permission:update, permission:read, log:read, log:delete, user:create, permission:delete, role:create, log:update, user:read, role:delete, log:create]
2019-05-31 11:30:25.707 INFO  --- [LoggerUtil.java:34][http-nio-8888-exec-1] - redis缓存中不存在permissions_like_编辑
2019-05-31 11:30:25.756 INFO  --- [LoggerUtil.java:34][http-nio-8888-exec-1] - redis缓存中添加permissions_like_编辑
2019-05-31 11:30:33.880 INFO  --- [LoggerUtil.java:30][http-nio-8888-exec-2] - permission的值为:[permission:create, user:delete, role:update, role:read, user:update, permission:update, permission:read, log:read, log:delete, user:create, permission:delete, role:create, log:update, user:read, role:delete, log:create]
2019-05-31 11:30:33.887 INFO  --- [LoggerUtil.java:34][http-nio-8888-exec-2] - redis缓存中存在permissions_like_编辑
2019-05-31 11:30:46.403 INFO  --- [LoggerUtil.java:30][http-nio-8888-exec-4] - permission的值为:[permission:create, user:delete, role:update, role:read, user:update, permission:update, permission:read, log:read, log:delete, user:create, permission:delete, role:create, log:update, user:read, role:delete, log:create]
2019-05-31 11:30:46.417 INFO  --- [LoggerUtil.java:34][http-nio-8888-exec-4] - redis缓存中不存在permissions_like_编辑
2019-05-31 11:30:46.469 INFO  --- [LoggerUtil.java:34][http-nio-8888-exec-4] - redis缓存中添加permissions_like_编辑
2019-05-31 11:34:33.797 INFO  --- [StartupInfoLogger.java:50][restartedMain] - Starting HouseApplication on DESKTOP-A42CON3 with PID 7012 (D:\graduate\house\target\classes started by 谢洁芳 in D:\graduate\house)
2019-05-31 11:34:33.829 INFO  --- [SpringApplication.java:675][restartedMain] - No active profile set, falling back to default profiles: default
2019-05-31 11:34:40.335 ERROR --- [DirectJDKLog.java:173][restartedMain] - An incompatible version [1.2.4] of the APR based Apache Tomcat Native library is installed, while Tomcat requires version [1.2.14]
2019-05-31 11:34:40.732 ERROR --- [DirectJDKLog.java:173][restartedMain] - An incompatible version [1.2.4] of the APR based Apache Tomcat Native library is installed, while Tomcat requires version [1.2.14]
2019-05-31 11:34:40.755 ERROR --- [DirectJDKLog.java:173][restartedMain] - An incompatible version [1.2.4] of the APR based Apache Tomcat Native library is installed, while Tomcat requires version [1.2.14]
2019-05-31 11:34:42.594 WARN  --- [TemplateMode.java:150][restartedMain] - [THYMELEAF][restartedMain] Template Mode 'HTML5' is deprecated. Using Template Mode 'HTML' instead.
2019-05-31 11:34:43.699 INFO  --- [StartupInfoLogger.java:59][restartedMain] - Started HouseApplication in 11.897 seconds (JVM running for 16.846)
2019-05-31 11:35:46.992 INFO  --- [HikariDataSource.java:110][http-nio-8888-exec-6] - HikariPool-1 - Starting...
2019-05-31 11:35:47.698 INFO  --- [HikariDataSource.java:123][http-nio-8888-exec-6] - HikariPool-1 - Start completed.
2019-05-31 11:35:56.474 INFO  --- [Slf4JLogger.java:101][http-nio-8888-exec-8] - Starting without optional epoll library
2019-05-31 11:35:56.481 INFO  --- [Slf4JLogger.java:101][http-nio-8888-exec-8] - Starting without optional kqueue library
2019-05-31 11:36:00.364 INFO  --- [LoggerUtil.java:34][http-nio-8888-exec-8] - redis缓存中不存在houses_like_TenantSearchPOJO(type=0, msg=null, kind=00000, orientation=null, show=money, sx=asc, elevator=-1, cycle=0, area1=0, area2=0, money1=0, money2=0)
2019-05-31 11:36:03.684 INFO  --- [LoggerUtil.java:34][http-nio-8888-exec-8] - redis缓存中添加houses_like_TenantSearchPOJO(type=0, msg=null, kind=00000, orientation=null, show=money, sx=asc, elevator=-1, cycle=0, area1=0, area2=0, money1=0, money2=0)
2019-05-31 11:36:38.949 INFO  --- [LoggerUtil.java:34][http-nio-8888-exec-10] - redis缓存中不存在houses_like_TenantSearchPOJO(type=0, msg=null, kind=00000, orientation=null, show=money, sx=asc, elevator=0, cycle=0, area1=0, area2=0, money1=0, money2=0)
2019-05-31 11:36:39.423 INFO  --- [LoggerUtil.java:34][http-nio-8888-exec-10] - redis缓存中添加houses_like_TenantSearchPOJO(type=0, msg=null, kind=00000, orientation=null, show=money, sx=asc, elevator=0, cycle=0, area1=0, area2=0, money1=0, money2=0)
2019-05-31 11:36:53.211 INFO  --- [LoggerUtil.java:34][http-nio-8888-exec-2] - redis缓存中不存在houses_like_TenantSearchPOJO(type=0, msg=null, kind=00000, orientation=null, show=money, sx=asc, elevator=0, cycle=0, area1=0, area2=0, money1=0, money2=0)
2019-05-31 11:36:53.756 INFO  --- [LoggerUtil.java:34][http-nio-8888-exec-2] - redis缓存中添加houses_like_TenantSearchPOJO(type=0, msg=null, kind=00000, orientation=null, show=money, sx=asc, elevator=0, cycle=0, area1=0, area2=0, money1=0, money2=0)
2019-05-31 11:37:01.854 INFO  --- [LoggerUtil.java:34][http-nio-8888-exec-3] - redis缓存中存在houses_like_TenantSearchPOJO(type=0, msg=null, kind=00000, orientation=null, show=money, sx=asc, elevator=0, cycle=0, area1=0, area2=0, money1=0, money2=0)
2019-05-31 11:37:36.683 INFO  --- [LoggerUtil.java:34][http-nio-8888-exec-5] - redis缓存中不存在houses_like_TenantSearchPOJO(type=0, msg=null, kind=00000, orientation=null, show=money, sx=asc, elevator=0, cycle=0, area1=0, area2=0, money1=0, money2=0)
2019-05-31 11:37:37.253 INFO  --- [LoggerUtil.java:34][http-nio-8888-exec-5] - redis缓存中添加houses_like_TenantSearchPOJO(type=0, msg=null, kind=00000, orientation=null, show=money, sx=asc, elevator=0, cycle=0, area1=0, area2=0, money1=0, money2=0)
2019-05-31 11:41:34.021 INFO  --- [StartupInfoLogger.java:50][restartedMain] - Starting HouseApplication on DESKTOP-A42CON3 with PID 12616 (D:\graduate\house\target\classes started by 谢洁芳 in D:\graduate\house)
2019-05-31 11:41:34.069 INFO  --- [SpringApplication.java:675][restartedMain] - No active profile set, falling back to default profiles: default
2019-05-31 11:41:48.371 ERROR --- [DirectJDKLog.java:173][restartedMain] - An incompatible version [1.2.4] of the APR based Apache Tomcat Native library is installed, while Tomcat requires version [1.2.14]
2019-05-31 11:41:49.349 ERROR --- [DirectJDKLog.java:173][restartedMain] - An incompatible version [1.2.4] of the APR based Apache Tomcat Native library is installed, while Tomcat requires version [1.2.14]
2019-05-31 11:41:49.410 ERROR --- [DirectJDKLog.java:173][restartedMain] - An incompatible version [1.2.4] of the APR based Apache Tomcat Native library is installed, while Tomcat requires version [1.2.14]
2019-05-31 11:41:54.329 WARN  --- [TemplateMode.java:150][restartedMain] - [THYMELEAF][restartedMain] Template Mode 'HTML5' is deprecated. Using Template Mode 'HTML' instead.
2019-05-31 11:41:57.606 INFO  --- [StartupInfoLogger.java:59][restartedMain] - Started HouseApplication in 25.657 seconds (JVM running for 35.1)
2019-05-31 11:45:16.227 INFO  --- [Slf4JLogger.java:101][http-nio-8888-exec-4] - Starting without optional epoll library
2019-05-31 11:45:16.267 INFO  --- [Slf4JLogger.java:101][http-nio-8888-exec-4] - Starting without optional kqueue library
2019-05-31 11:45:19.113 INFO  --- [LoggerUtil.java:34][http-nio-8888-exec-4] - redis缓存中不存在houses_like_TenantSearchPOJO(type=0, msg=null, kind=00000, orientation=null, show=money, sx=asc, elevator=-1, cycle=0, area1=0, area2=0, money1=0, money2=0)_1
2019-05-31 11:45:19.420 INFO  --- [HikariDataSource.java:110][http-nio-8888-exec-4] - HikariPool-1 - Starting...
2019-05-31 11:45:20.031 INFO  --- [HikariDataSource.java:123][http-nio-8888-exec-4] - HikariPool-1 - Start completed.
2019-05-31 11:45:20.782 INFO  --- [LoggerUtil.java:34][http-nio-8888-exec-4] - redis缓存中添加houses_like_TenantSearchPOJO(type=0, msg=null, kind=00000, orientation=null, show=money, sx=asc, elevator=-1, cycle=0, area1=0, area2=0, money1=0, money2=0)_1
2019-05-31 11:45:57.452 INFO  --- [LoggerUtil.java:34][http-nio-8888-exec-6] - redis缓存中不存在houses_like_TenantSearchPOJO(type=0, msg=null, kind=00000, orientation=null, show=money, sx=asc, elevator=0, cycle=0, area1=0, area2=0, money1=0, money2=0)_1
2019-05-31 11:45:57.973 INFO  --- [LoggerUtil.java:34][http-nio-8888-exec-6] - redis缓存中添加houses_like_TenantSearchPOJO(type=0, msg=null, kind=00000, orientation=null, show=money, sx=asc, elevator=0, cycle=0, area1=0, area2=0, money1=0, money2=0)_1
2019-05-31 11:46:13.966 INFO  --- [LoggerUtil.java:34][http-nio-8888-exec-8] - redis缓存中不存在houses_like_TenantSearchPOJO(type=0, msg=null, kind=00000, orientation=null, show=money, sx=asc, elevator=0, cycle=0, area1=0, area2=0, money1=0, money2=0)_2
2019-05-31 11:46:14.973 INFO  --- [LoggerUtil.java:34][http-nio-8888-exec-8] - redis缓存中添加houses_like_TenantSearchPOJO(type=0, msg=null, kind=00000, orientation=null, show=money, sx=asc, elevator=0, cycle=0, area1=0, area2=0, money1=0, money2=0)_2
2019-05-31 11:46:21.661 INFO  --- [LoggerUtil.java:34][http-nio-8888-exec-9] - redis缓存中不存在houses_like_TenantSearchPOJO(type=0, msg=null, kind=00000, orientation=null, show=money, sx=asc, elevator=0, cycle=0, area1=0, area2=0, money1=0, money2=0)_1
2019-05-31 11:46:22.036 INFO  --- [LoggerUtil.java:34][http-nio-8888-exec-9] - redis缓存中添加houses_like_TenantSearchPOJO(type=0, msg=null, kind=00000, orientation=null, show=money, sx=asc, elevator=0, cycle=0, area1=0, area2=0, money1=0, money2=0)_1
2019-05-31 11:46:28.801 INFO  --- [LoggerUtil.java:34][http-nio-8888-exec-1] - redis缓存中不存在houses_like_TenantSearchPOJO(type=0, msg=null, kind=00000, orientation=null, show=money, sx=asc, elevator=0, cycle=0, area1=0, area2=0, money1=0, money2=0)_2
2019-05-31 11:46:29.161 INFO  --- [LoggerUtil.java:34][http-nio-8888-exec-1] - redis缓存中添加houses_like_TenantSearchPOJO(type=0, msg=null, kind=00000, orientation=null, show=money, sx=asc, elevator=0, cycle=0, area1=0, area2=0, money1=0, money2=0)_2
2019-05-31 11:47:04.068 INFO  --- [LoggerUtil.java:34][http-nio-8888-exec-3] - redis缓存中不存在houses_like_TenantSearchPOJO(type=0, msg=null, kind=00000, orientation=null, show=money, sx=asc, elevator=0, cycle=0, area1=0, area2=0, money1=0, money2=0)_1
2019-05-31 11:47:04.513 INFO  --- [LoggerUtil.java:34][http-nio-8888-exec-3] - redis缓存中添加houses_like_TenantSearchPOJO(type=0, msg=null, kind=00000, orientation=null, show=money, sx=asc, elevator=0, cycle=0, area1=0, area2=0, money1=0, money2=0)_1
2019-05-31 11:47:30.400 INFO  --- [LoggerUtil.java:34][http-nio-8888-exec-5] - redis缓存中不存在houses_like_TenantSearchPOJO(type=0, msg=null, kind=00000, orientation=null, show=money, sx=asc, elevator=0, cycle=0, area1=0, area2=0, money1=0, money2=0)_2
2019-05-31 11:47:30.629 INFO  --- [LoggerUtil.java:34][http-nio-8888-exec-5] - redis缓存中添加houses_like_TenantSearchPOJO(type=0, msg=null, kind=00000, orientation=null, show=money, sx=asc, elevator=0, cycle=0, area1=0, area2=0, money1=0, money2=0)_2
2019-05-31 12:21:55.536 INFO  --- [StartupInfoLogger.java:50][restartedMain] - Starting HouseApplication on DESKTOP-A42CON3 with PID 13660 (D:\graduate\house\target\classes started by 谢洁芳 in D:\graduate\house)
2019-05-31 12:21:55.566 INFO  --- [SpringApplication.java:675][restartedMain] - No active profile set, falling back to default profiles: default
2019-05-31 12:22:29.571 ERROR --- [DirectJDKLog.java:173][restartedMain] - An incompatible version [1.2.4] of the APR based Apache Tomcat Native library is installed, while Tomcat requires version [1.2.14]
2019-05-31 12:22:31.005 ERROR --- [DirectJDKLog.java:173][restartedMain] - An incompatible version [1.2.4] of the APR based Apache Tomcat Native library is installed, while Tomcat requires version [1.2.14]
2019-05-31 12:22:31.085 ERROR --- [DirectJDKLog.java:173][restartedMain] - An incompatible version [1.2.4] of the APR based Apache Tomcat Native library is installed, while Tomcat requires version [1.2.14]
2019-05-31 12:22:36.900 WARN  --- [TemplateMode.java:150][restartedMain] - [THYMELEAF][restartedMain] Template Mode 'HTML5' is deprecated. Using Template Mode 'HTML' instead.
2019-05-31 12:22:40.651 INFO  --- [StartupInfoLogger.java:59][restartedMain] - Started HouseApplication in 50.603 seconds (JVM running for 78.398)
2019-05-31 12:23:15.077 INFO  --- [Slf4JLogger.java:101][http-nio-8888-exec-1] - Starting without optional epoll library
2019-05-31 12:23:15.084 INFO  --- [Slf4JLogger.java:101][http-nio-8888-exec-1] - Starting without optional kqueue library
2019-05-31 12:23:17.413 INFO  --- [LoggerUtil.java:34][http-nio-8888-exec-1] - redis缓存中不存在houses_like_TenantSearchPOJO(type=0, msg=null, kind=00000, orientation=null, show=money, sx=asc, elevator=-1, cycle=0, area1=0, area2=0, money1=0, money2=0)_number_1
2019-05-31 12:23:17.613 INFO  --- [HikariDataSource.java:110][http-nio-8888-exec-1] - HikariPool-1 - Starting...
2019-05-31 12:23:19.210 INFO  --- [HikariDataSource.java:123][http-nio-8888-exec-1] - HikariPool-1 - Start completed.
2019-05-31 12:23:21.493 INFO  --- [LoggerUtil.java:34][http-nio-8888-exec-1] - redis缓存中添加houses_like_TenantSearchPOJO(type=0, msg=null, kind=00000, orientation=null, show=money, sx=asc, elevator=-1, cycle=0, area1=0, area2=0, money1=0, money2=0)_number_1
2019-05-31 12:23:39.968 INFO  --- [LoggerUtil.java:34][http-nio-8888-exec-2] - redis缓存中不存在houses_like_TenantSearchPOJO(type=0, msg=null, kind=00000, orientation=null, show=money, sx=asc, elevator=0, cycle=0, area1=0, area2=0, money1=0, money2=0)_number_1
2019-05-31 12:23:40.175 INFO  --- [LoggerUtil.java:34][http-nio-8888-exec-2] - redis缓存中添加houses_like_TenantSearchPOJO(type=0, msg=null, kind=00000, orientation=null, show=money, sx=asc, elevator=0, cycle=0, area1=0, area2=0, money1=0, money2=0)_number_1
2019-05-31 12:23:54.545 INFO  --- [LoggerUtil.java:34][http-nio-8888-exec-6] - redis缓存中不存在houses_like_TenantSearchPOJO(type=0, msg=null, kind=00000, orientation=null, show=money, sx=asc, elevator=0, cycle=0, area1=0, area2=0, money1=0, money2=0)_number_2
2019-05-31 12:23:54.819 INFO  --- [LoggerUtil.java:34][http-nio-8888-exec-6] - redis缓存中添加houses_like_TenantSearchPOJO(type=0, msg=null, kind=00000, orientation=null, show=money, sx=asc, elevator=0, cycle=0, area1=0, area2=0, money1=0, money2=0)_number_2
2019-05-31 12:24:02.992 INFO  --- [LoggerUtil.java:34][http-nio-8888-exec-7] - redis缓存中不存在houses_like_TenantSearchPOJO(type=0, msg=null, kind=00000, orientation=null, show=money, sx=asc, elevator=0, cycle=0, area1=0, area2=0, money1=0, money2=0)_number_1
2019-05-31 12:24:03.654 INFO  --- [LoggerUtil.java:34][http-nio-8888-exec-7] - redis缓存中添加houses_like_TenantSearchPOJO(type=0, msg=null, kind=00000, orientation=null, show=money, sx=asc, elevator=0, cycle=0, area1=0, area2=0, money1=0, money2=0)_number_1
2019-05-31 12:24:24.307 INFO  --- [LoggerUtil.java:34][http-nio-8888-exec-1] - redis缓存中不存在houses_like_TenantSearchPOJO(type=0, msg=null, kind=00000, orientation=null, show=money, sx=asc, elevator=0, cycle=0, area1=0, area2=0, money1=0, money2=0)_number_2
2019-05-31 12:24:24.776 INFO  --- [LoggerUtil.java:34][http-nio-8888-exec-1] - redis缓存中添加houses_like_TenantSearchPOJO(type=0, msg=null, kind=00000, orientation=null, show=money, sx=asc, elevator=0, cycle=0, area1=0, area2=0, money1=0, money2=0)_number_2
