2019-05-15 15:04:11.475 INFO  --- [StartupInfoLogger.java:50][restartedMain] - Starting HouseApplication on DESKTOP-A42CON3 with PID 2608 (D:\graduate\house\target\classes started by 谢洁芳 in D:\graduate\house)
2019-05-15 15:04:11.544 INFO  --- [SpringApplication.java:675][restartedMain] - No active profile set, falling back to default profiles: default
2019-05-15 15:04:49.078 ERROR --- [DirectJDKLog.java:173][restartedMain] - An incompatible version [1.2.4] of the APR based Apache Tomcat Native library is installed, while Tomcat requires version [1.2.14]
2019-05-15 15:04:52.468 ERROR --- [DirectJDKLog.java:173][restartedMain] - An incompatible version [1.2.4] of the APR based Apache Tomcat Native library is installed, while Tomcat requires version [1.2.14]
2019-05-15 15:04:52.634 ERROR --- [DirectJDKLog.java:173][restartedMain] - An incompatible version [1.2.4] of the APR based Apache Tomcat Native library is installed, while Tomcat requires version [1.2.14]
2019-05-15 15:04:59.550 WARN  --- [TemplateMode.java:150][restartedMain] - [THYMELEAF][restartedMain] Template Mode 'HTML5' is deprecated. Using Template Mode 'HTML' instead.
2019-05-15 15:05:03.763 INFO  --- [StartupInfoLogger.java:59][restartedMain] - Started HouseApplication in 63.146 seconds (JVM running for 89.515)
2019-05-15 15:10:54.894 INFO  --- [HikariDataSource.java:110][http-nio-8888-exec-10] - HikariPool-1 - Starting...
2019-05-15 15:10:57.347 INFO  --- [HikariDataSource.java:123][http-nio-8888-exec-10] - HikariPool-1 - Start completed.
2019-05-15 15:10:57.433 DEBUG --- [BaseJdbcLogger.java:159][http-nio-8888-exec-10] - ==>  Preparing: SELECT user_id, username, password, user_type, status, ctime, utime, head, money, phone FROM user WHERE username = ? AND password = ? AND status = 0; 
2019-05-15 15:10:57.605 DEBUG --- [BaseJdbcLogger.java:159][http-nio-8888-exec-10] - ==> Parameters: 房东(String), 123456(String)
2019-05-15 15:10:58.118 DEBUG --- [BaseJdbcLogger.java:159][http-nio-8888-exec-10] - <==      Total: 1
2019-05-15 15:10:58.225 DEBUG --- [BaseJdbcLogger.java:159][http-nio-8888-exec-10] - ==>  Preparing: select permission_id, parent_id, name, type, permission_value, url, icon, status from permission where status = 0 and permission_id in ( select permission_id from role_permission where role_id in ( select role_id from user_role where user_id in ( select user_id from user where username = ? ) ) ) order by permission_id asc 
2019-05-15 15:10:58.234 DEBUG --- [BaseJdbcLogger.java:159][http-nio-8888-exec-10] - ==> Parameters: 房东(String)
2019-05-15 15:10:58.423 DEBUG --- [BaseJdbcLogger.java:159][http-nio-8888-exec-10] - <==      Total: 20
2019-05-15 22:09:25.850 INFO  --- [StartupInfoLogger.java:50][restartedMain] - Starting HouseApplication on DESKTOP-A42CON3 with PID 2728 (D:\graduate\house\target\classes started by 谢洁芳 in D:\graduate\house)
2019-05-15 22:09:25.861 INFO  --- [SpringApplication.java:675][restartedMain] - No active profile set, falling back to default profiles: default
2019-05-15 22:09:49.713 ERROR --- [DirectJDKLog.java:173][restartedMain] - An incompatible version [1.2.4] of the APR based Apache Tomcat Native library is installed, while Tomcat requires version [1.2.14]
2019-05-15 22:09:50.910 ERROR --- [DirectJDKLog.java:173][restartedMain] - An incompatible version [1.2.4] of the APR based Apache Tomcat Native library is installed, while Tomcat requires version [1.2.14]
2019-05-15 22:09:50.991 ERROR --- [DirectJDKLog.java:173][restartedMain] - An incompatible version [1.2.4] of the APR based Apache Tomcat Native library is installed, while Tomcat requires version [1.2.14]
2019-05-15 22:09:56.399 WARN  --- [TemplateMode.java:150][restartedMain] - [THYMELEAF][restartedMain] Template Mode 'HTML5' is deprecated. Using Template Mode 'HTML' instead.
2019-05-15 22:09:59.385 INFO  --- [StartupInfoLogger.java:59][restartedMain] - Started HouseApplication in 38.075 seconds (JVM running for 64.399)
2019-05-15 22:14:32.409 INFO  --- [HikariDataSource.java:110][http-nio-8888-exec-6] - HikariPool-1 - Starting...
2019-05-15 22:14:34.298 INFO  --- [HikariDataSource.java:123][http-nio-8888-exec-6] - HikariPool-1 - Start completed.
2019-05-15 22:14:34.344 DEBUG --- [BaseJdbcLogger.java:159][http-nio-8888-exec-6] - ==>  Preparing: SELECT user_id, username, password, user_type, status, ctime, utime, head, money, phone FROM user WHERE username = ? AND password = ? AND status = 0; 
2019-05-15 22:14:34.521 DEBUG --- [BaseJdbcLogger.java:159][http-nio-8888-exec-6] - ==> Parameters: 房东(String), 123456(String)
2019-05-15 22:14:35.962 DEBUG --- [BaseJdbcLogger.java:159][http-nio-8888-exec-6] - <==      Total: 1
2019-05-15 22:14:35.996 DEBUG --- [BaseJdbcLogger.java:159][http-nio-8888-exec-6] - ==>  Preparing: select permission_id, parent_id, name, type, permission_value, url, icon, status from permission where status = 0 and permission_id in ( select permission_id from role_permission where role_id in ( select role_id from user_role where user_id in ( select user_id from user where username = ? ) ) ) order by permission_id asc 
2019-05-15 22:14:36.000 DEBUG --- [BaseJdbcLogger.java:159][http-nio-8888-exec-6] - ==> Parameters: 房东(String)
2019-05-15 22:14:36.147 DEBUG --- [BaseJdbcLogger.java:159][http-nio-8888-exec-6] - <==      Total: 20
2019-05-15 22:14:40.499 INFO  --- [LoggerUtil.java:30][http-nio-8888-exec-3] - permission的值为:[house:update, user:delete, comment:create, house:read, user:update, house:delete, contract:create, money:create, comment:update, comment:read, money:update, user:create, contract:update, contract:read, user:read, comment:delete, contract:delete, money:read, money:delete, house:create]
2019-05-15 22:34:44.947 INFO  --- [StartupInfoLogger.java:50][restartedMain] - Starting HouseApplication on DESKTOP-A42CON3 with PID 8168 (D:\graduate\house\target\classes started by 谢洁芳 in D:\graduate\house)
2019-05-15 22:34:44.972 INFO  --- [SpringApplication.java:675][restartedMain] - No active profile set, falling back to default profiles: default
2019-05-15 22:35:44.627 ERROR --- [DirectJDKLog.java:173][restartedMain] - An incompatible version [1.2.4] of the APR based Apache Tomcat Native library is installed, while Tomcat requires version [1.2.14]
2019-05-15 22:35:47.422 ERROR --- [DirectJDKLog.java:173][restartedMain] - An incompatible version [1.2.4] of the APR based Apache Tomcat Native library is installed, while Tomcat requires version [1.2.14]
2019-05-15 22:35:47.688 ERROR --- [DirectJDKLog.java:173][restartedMain] - An incompatible version [1.2.4] of the APR based Apache Tomcat Native library is installed, while Tomcat requires version [1.2.14]
2019-05-15 22:35:54.281 WARN  --- [TemplateMode.java:150][restartedMain] - [THYMELEAF][restartedMain] Template Mode 'HTML5' is deprecated. Using Template Mode 'HTML' instead.
2019-05-15 22:36:01.543 INFO  --- [StartupInfoLogger.java:59][restartedMain] - Started HouseApplication in 82.689 seconds (JVM running for 87.737)
2019-05-15 22:36:37.033 INFO  --- [HikariDataSource.java:110][http-nio-8888-exec-6] - HikariPool-1 - Starting...
2019-05-15 22:36:38.166 INFO  --- [HikariDataSource.java:123][http-nio-8888-exec-6] - HikariPool-1 - Start completed.
2019-05-15 22:36:38.213 DEBUG --- [BaseJdbcLogger.java:159][http-nio-8888-exec-6] - ==>  Preparing: SELECT user_id, username, password, user_type, status, ctime, utime, head, money, phone FROM user WHERE username = ? AND password = ? AND status = 0; 
2019-05-15 22:36:38.639 DEBUG --- [BaseJdbcLogger.java:159][http-nio-8888-exec-6] - ==> Parameters: 房东(String), 123456(String)
2019-05-15 22:36:38.903 DEBUG --- [BaseJdbcLogger.java:159][http-nio-8888-exec-6] - <==      Total: 1
2019-05-15 22:36:38.939 DEBUG --- [BaseJdbcLogger.java:159][http-nio-8888-exec-6] - ==>  Preparing: select permission_id, parent_id, name, type, permission_value, url, icon, status from permission where status = 0 and permission_id in ( select permission_id from role_permission where role_id in ( select role_id from user_role where user_id in ( select user_id from user where username = ? ) ) ) order by permission_id asc 
2019-05-15 22:36:38.942 DEBUG --- [BaseJdbcLogger.java:159][http-nio-8888-exec-6] - ==> Parameters: 房东(String)
2019-05-15 22:36:39.006 DEBUG --- [BaseJdbcLogger.java:159][http-nio-8888-exec-6] - <==      Total: 20
2019-05-15 22:36:42.074 INFO  --- [LoggerUtil.java:30][http-nio-8888-exec-2] - permission的值为:[house:update, user:delete, comment:create, house:read, user:update, house:delete, contract:create, money:create, comment:update, comment:read, money:update, user:create, contract:update, contract:read, user:read, comment:delete, contract:delete, money:read, money:delete, house:create]
2019-05-15 22:41:46.115 INFO  --- [StartupInfoLogger.java:50][restartedMain] - Starting HouseApplication on DESKTOP-A42CON3 with PID 11968 (D:\graduate\house\target\classes started by 谢洁芳 in D:\graduate\house)
2019-05-15 22:41:46.123 INFO  --- [SpringApplication.java:675][restartedMain] - No active profile set, falling back to default profiles: default
2019-05-15 22:41:53.785 ERROR --- [DirectJDKLog.java:173][restartedMain] - An incompatible version [1.2.4] of the APR based Apache Tomcat Native library is installed, while Tomcat requires version [1.2.14]
2019-05-15 22:41:54.431 ERROR --- [DirectJDKLog.java:173][restartedMain] - An incompatible version [1.2.4] of the APR based Apache Tomcat Native library is installed, while Tomcat requires version [1.2.14]
2019-05-15 22:41:54.469 ERROR --- [DirectJDKLog.java:173][restartedMain] - An incompatible version [1.2.4] of the APR based Apache Tomcat Native library is installed, while Tomcat requires version [1.2.14]
2019-05-15 22:41:56.686 WARN  --- [TemplateMode.java:150][restartedMain] - [THYMELEAF][restartedMain] Template Mode 'HTML5' is deprecated. Using Template Mode 'HTML' instead.
2019-05-15 22:41:57.925 INFO  --- [StartupInfoLogger.java:59][restartedMain] - Started HouseApplication in 13.179 seconds (JVM running for 18.44)
2019-05-15 22:42:40.645 INFO  --- [HikariDataSource.java:110][http-nio-8888-exec-7] - HikariPool-1 - Starting...
2019-05-15 22:42:41.206 INFO  --- [HikariDataSource.java:123][http-nio-8888-exec-7] - HikariPool-1 - Start completed.
2019-05-15 22:42:41.247 DEBUG --- [BaseJdbcLogger.java:159][http-nio-8888-exec-7] - ==>  Preparing: SELECT user_id, username, password, user_type, status, ctime, utime, head, money, phone FROM user WHERE username = ? AND password = ? AND status = 0; 
2019-05-15 22:42:41.555 DEBUG --- [BaseJdbcLogger.java:159][http-nio-8888-exec-7] - ==> Parameters: 房东(String), 123456(String)
2019-05-15 22:42:41.756 DEBUG --- [BaseJdbcLogger.java:159][http-nio-8888-exec-7] - <==      Total: 1
2019-05-15 22:42:41.801 DEBUG --- [BaseJdbcLogger.java:159][http-nio-8888-exec-7] - ==>  Preparing: select permission_id, parent_id, name, type, permission_value, url, icon, status from permission where status = 0 and permission_id in ( select permission_id from role_permission where role_id in ( select role_id from user_role where user_id in ( select user_id from user where username = ? ) ) ) order by permission_id asc 
2019-05-15 22:42:41.805 DEBUG --- [BaseJdbcLogger.java:159][http-nio-8888-exec-7] - ==> Parameters: 房东(String)
2019-05-15 22:42:41.868 DEBUG --- [BaseJdbcLogger.java:159][http-nio-8888-exec-7] - <==      Total: 20
2019-05-15 22:42:44.791 INFO  --- [LoggerUtil.java:30][http-nio-8888-exec-10] - permission的值为:[house:update, user:delete, comment:create, house:read, user:update, house:delete, contract:create, money:create, comment:update, comment:read, money:update, user:create, contract:update, contract:read, user:read, comment:delete, contract:delete, money:read, money:delete, house:create]
2019-05-15 22:54:43.367 INFO  --- [StartupInfoLogger.java:50][restartedMain] - Starting HouseApplication on DESKTOP-A42CON3 with PID 15208 (D:\graduate\house\target\classes started by 谢洁芳 in D:\graduate\house)
2019-05-15 22:54:43.374 INFO  --- [SpringApplication.java:675][restartedMain] - No active profile set, falling back to default profiles: default
2019-05-15 22:54:51.692 ERROR --- [DirectJDKLog.java:173][restartedMain] - An incompatible version [1.2.4] of the APR based Apache Tomcat Native library is installed, while Tomcat requires version [1.2.14]
2019-05-15 22:54:52.583 ERROR --- [DirectJDKLog.java:173][restartedMain] - An incompatible version [1.2.4] of the APR based Apache Tomcat Native library is installed, while Tomcat requires version [1.2.14]
2019-05-15 22:54:52.629 ERROR --- [DirectJDKLog.java:173][restartedMain] - An incompatible version [1.2.4] of the APR based Apache Tomcat Native library is installed, while Tomcat requires version [1.2.14]
2019-05-15 22:54:57.242 WARN  --- [TemplateMode.java:150][restartedMain] - [THYMELEAF][restartedMain] Template Mode 'HTML5' is deprecated. Using Template Mode 'HTML' instead.
2019-05-15 22:54:59.141 INFO  --- [StartupInfoLogger.java:59][restartedMain] - Started HouseApplication in 16.967 seconds (JVM running for 21.313)
2019-05-15 22:55:33.374 INFO  --- [HikariDataSource.java:110][http-nio-8888-exec-5] - HikariPool-1 - Starting...
2019-05-15 22:55:33.851 INFO  --- [HikariDataSource.java:123][http-nio-8888-exec-5] - HikariPool-1 - Start completed.
2019-05-15 22:55:33.876 DEBUG --- [BaseJdbcLogger.java:159][http-nio-8888-exec-5] - ==>  Preparing: SELECT user_id, username, password, user_type, status, ctime, utime, head, money, phone FROM user WHERE username = ? AND password = ? AND status = 0; 
2019-05-15 22:55:33.984 DEBUG --- [BaseJdbcLogger.java:159][http-nio-8888-exec-5] - ==> Parameters: 房东(String), 123456(String)
2019-05-15 22:55:34.074 DEBUG --- [BaseJdbcLogger.java:159][http-nio-8888-exec-5] - <==      Total: 1
2019-05-15 22:55:34.112 DEBUG --- [BaseJdbcLogger.java:159][http-nio-8888-exec-5] - ==>  Preparing: select permission_id, parent_id, name, type, permission_value, url, icon, status from permission where status = 0 and permission_id in ( select permission_id from role_permission where role_id in ( select role_id from user_role where user_id in ( select user_id from user where username = ? ) ) ) order by permission_id asc 
2019-05-15 22:55:34.117 DEBUG --- [BaseJdbcLogger.java:159][http-nio-8888-exec-5] - ==> Parameters: 房东(String)
2019-05-15 22:55:34.149 DEBUG --- [BaseJdbcLogger.java:159][http-nio-8888-exec-5] - <==      Total: 20
2019-05-15 22:55:38.196 INFO  --- [LoggerUtil.java:30][http-nio-8888-exec-7] - permission的值为:[house:update, user:delete, comment:create, house:read, user:update, house:delete, contract:create, money:create, comment:update, comment:read, money:update, user:create, contract:update, contract:read, user:read, comment:delete, contract:delete, money:read, money:delete, house:create]
2019-05-15 23:03:53.161 INFO  --- [StartupInfoLogger.java:50][restartedMain] - Starting HouseApplication on DESKTOP-A42CON3 with PID 4144 (D:\graduate\house\target\classes started by 谢洁芳 in D:\graduate\house)
2019-05-15 23:03:53.266 INFO  --- [SpringApplication.java:675][restartedMain] - No active profile set, falling back to default profiles: default
2019-05-15 23:04:01.004 ERROR --- [DirectJDKLog.java:173][restartedMain] - An incompatible version [1.2.4] of the APR based Apache Tomcat Native library is installed, while Tomcat requires version [1.2.14]
2019-05-15 23:04:01.738 ERROR --- [DirectJDKLog.java:173][restartedMain] - An incompatible version [1.2.4] of the APR based Apache Tomcat Native library is installed, while Tomcat requires version [1.2.14]
2019-05-15 23:04:01.779 ERROR --- [DirectJDKLog.java:173][restartedMain] - An incompatible version [1.2.4] of the APR based Apache Tomcat Native library is installed, while Tomcat requires version [1.2.14]
2019-05-15 23:04:06.216 WARN  --- [TemplateMode.java:150][restartedMain] - [THYMELEAF][restartedMain] Template Mode 'HTML5' is deprecated. Using Template Mode 'HTML' instead.
2019-05-15 23:04:09.124 INFO  --- [StartupInfoLogger.java:59][restartedMain] - Started HouseApplication in 17.037 seconds (JVM running for 20.572)
2019-05-15 23:04:34.698 INFO  --- [HikariDataSource.java:110][http-nio-8888-exec-8] - HikariPool-1 - Starting...
2019-05-15 23:04:35.618 INFO  --- [HikariDataSource.java:123][http-nio-8888-exec-8] - HikariPool-1 - Start completed.
2019-05-15 23:04:35.668 DEBUG --- [BaseJdbcLogger.java:159][http-nio-8888-exec-8] - ==>  Preparing: SELECT user_id, username, password, user_type, status, ctime, utime, head, money, phone FROM user WHERE username = ? AND password = ? AND status = 0; 
2019-05-15 23:04:35.925 DEBUG --- [BaseJdbcLogger.java:159][http-nio-8888-exec-8] - ==> Parameters: 房东(String), 123456(String)
2019-05-15 23:04:36.121 DEBUG --- [BaseJdbcLogger.java:159][http-nio-8888-exec-8] - <==      Total: 1
2019-05-15 23:04:36.150 DEBUG --- [BaseJdbcLogger.java:159][http-nio-8888-exec-8] - ==>  Preparing: select permission_id, parent_id, name, type, permission_value, url, icon, status from permission where status = 0 and permission_id in ( select permission_id from role_permission where role_id in ( select role_id from user_role where user_id in ( select user_id from user where username = ? ) ) ) order by permission_id asc 
2019-05-15 23:04:36.156 DEBUG --- [BaseJdbcLogger.java:159][http-nio-8888-exec-8] - ==> Parameters: 房东(String)
2019-05-15 23:04:36.220 DEBUG --- [BaseJdbcLogger.java:159][http-nio-8888-exec-8] - <==      Total: 20
2019-05-15 23:04:41.818 INFO  --- [LoggerUtil.java:30][http-nio-8888-exec-10] - permission的值为:[house:update, user:delete, comment:create, house:read, user:update, house:delete, contract:create, money:create, comment:update, comment:read, money:update, user:create, contract:update, contract:read, user:read, comment:delete, contract:delete, money:read, money:delete, house:create]
2019-05-15 23:16:42.067 INFO  --- [StartupInfoLogger.java:50][restartedMain] - Starting HouseApplication on DESKTOP-A42CON3 with PID 15028 (D:\graduate\house\target\classes started by 谢洁芳 in D:\graduate\house)
2019-05-15 23:16:42.078 INFO  --- [SpringApplication.java:675][restartedMain] - No active profile set, falling back to default profiles: default
2019-05-15 23:16:51.231 ERROR --- [DirectJDKLog.java:173][restartedMain] - An incompatible version [1.2.4] of the APR based Apache Tomcat Native library is installed, while Tomcat requires version [1.2.14]
2019-05-15 23:16:52.178 ERROR --- [DirectJDKLog.java:173][restartedMain] - An incompatible version [1.2.4] of the APR based Apache Tomcat Native library is installed, while Tomcat requires version [1.2.14]
2019-05-15 23:16:52.222 ERROR --- [DirectJDKLog.java:173][restartedMain] - An incompatible version [1.2.4] of the APR based Apache Tomcat Native library is installed, while Tomcat requires version [1.2.14]
2019-05-15 23:16:54.596 WARN  --- [TemplateMode.java:150][restartedMain] - [THYMELEAF][restartedMain] Template Mode 'HTML5' is deprecated. Using Template Mode 'HTML' instead.
2019-05-15 23:16:55.643 INFO  --- [StartupInfoLogger.java:59][restartedMain] - Started HouseApplication in 15.104 seconds (JVM running for 18.501)
2019-05-15 23:17:05.722 INFO  --- [HikariDataSource.java:110][http-nio-8888-exec-4] - HikariPool-1 - Starting...
2019-05-15 23:17:06.817 INFO  --- [HikariDataSource.java:123][http-nio-8888-exec-4] - HikariPool-1 - Start completed.
2019-05-15 23:17:06.889 DEBUG --- [BaseJdbcLogger.java:159][http-nio-8888-exec-4] - ==>  Preparing: SELECT user_id, username, password, user_type, status, ctime, utime, head, money, phone FROM user WHERE username = ? AND password = ? AND status = 0; 
2019-05-15 23:17:07.254 DEBUG --- [BaseJdbcLogger.java:159][http-nio-8888-exec-4] - ==> Parameters: 房东(String), 123456(String)
2019-05-15 23:17:07.941 DEBUG --- [BaseJdbcLogger.java:159][http-nio-8888-exec-4] - <==      Total: 1
2019-05-15 23:17:07.973 DEBUG --- [BaseJdbcLogger.java:159][http-nio-8888-exec-4] - ==>  Preparing: select permission_id, parent_id, name, type, permission_value, url, icon, status from permission where status = 0 and permission_id in ( select permission_id from role_permission where role_id in ( select role_id from user_role where user_id in ( select user_id from user where username = ? ) ) ) order by permission_id asc 
2019-05-15 23:17:07.984 DEBUG --- [BaseJdbcLogger.java:159][http-nio-8888-exec-4] - ==> Parameters: 房东(String)
2019-05-15 23:17:08.036 DEBUG --- [BaseJdbcLogger.java:159][http-nio-8888-exec-4] - <==      Total: 20
2019-05-15 23:17:14.771 INFO  --- [LoggerUtil.java:30][http-nio-8888-exec-10] - permission的值为:[house:update, user:delete, comment:create, house:read, user:update, house:delete, contract:create, money:create, comment:update, comment:read, money:update, user:create, contract:update, contract:read, user:read, comment:delete, contract:delete, money:read, money:delete, house:create]
2019-05-15 23:21:19.002 INFO  --- [StartupInfoLogger.java:50][restartedMain] - Starting HouseApplication on DESKTOP-A42CON3 with PID 3396 (D:\graduate\house\target\classes started by 谢洁芳 in D:\graduate\house)
2019-05-15 23:21:19.011 INFO  --- [SpringApplication.java:675][restartedMain] - No active profile set, falling back to default profiles: default
2019-05-15 23:21:27.451 ERROR --- [DirectJDKLog.java:173][restartedMain] - An incompatible version [1.2.4] of the APR based Apache Tomcat Native library is installed, while Tomcat requires version [1.2.14]
2019-05-15 23:21:28.151 ERROR --- [DirectJDKLog.java:173][restartedMain] - An incompatible version [1.2.4] of the APR based Apache Tomcat Native library is installed, while Tomcat requires version [1.2.14]
2019-05-15 23:21:28.184 ERROR --- [DirectJDKLog.java:173][restartedMain] - An incompatible version [1.2.4] of the APR based Apache Tomcat Native library is installed, while Tomcat requires version [1.2.14]
2019-05-15 23:21:30.381 WARN  --- [TemplateMode.java:150][restartedMain] - [THYMELEAF][restartedMain] Template Mode 'HTML5' is deprecated. Using Template Mode 'HTML' instead.
2019-05-15 23:21:31.449 INFO  --- [StartupInfoLogger.java:59][restartedMain] - Started HouseApplication in 13.891 seconds (JVM running for 18.335)
2019-05-15 23:22:07.244 INFO  --- [HikariDataSource.java:110][http-nio-8888-exec-9] - HikariPool-1 - Starting...
2019-05-15 23:22:07.854 INFO  --- [HikariDataSource.java:123][http-nio-8888-exec-9] - HikariPool-1 - Start completed.
2019-05-15 23:22:07.882 DEBUG --- [BaseJdbcLogger.java:159][http-nio-8888-exec-9] - ==>  Preparing: SELECT user_id, username, password, user_type, status, ctime, utime, head, money, phone FROM user WHERE username = ? AND password = ? AND status = 0; 
2019-05-15 23:22:08.020 DEBUG --- [BaseJdbcLogger.java:159][http-nio-8888-exec-9] - ==> Parameters: 房东(String), 123456(String)
2019-05-15 23:22:08.176 DEBUG --- [BaseJdbcLogger.java:159][http-nio-8888-exec-9] - <==      Total: 1
2019-05-15 23:22:08.203 DEBUG --- [BaseJdbcLogger.java:159][http-nio-8888-exec-9] - ==>  Preparing: select permission_id, parent_id, name, type, permission_value, url, icon, status from permission where status = 0 and permission_id in ( select permission_id from role_permission where role_id in ( select role_id from user_role where user_id in ( select user_id from user where username = ? ) ) ) order by permission_id asc 
2019-05-15 23:22:08.205 DEBUG --- [BaseJdbcLogger.java:159][http-nio-8888-exec-9] - ==> Parameters: 房东(String)
2019-05-15 23:22:08.243 DEBUG --- [BaseJdbcLogger.java:159][http-nio-8888-exec-9] - <==      Total: 20
2019-05-15 23:22:10.225 INFO  --- [LoggerUtil.java:30][http-nio-8888-exec-2] - permission的值为:[house:update, user:delete, comment:create, house:read, user:update, house:delete, contract:create, money:create, comment:update, comment:read, money:update, user:create, contract:update, contract:read, user:read, comment:delete, contract:delete, money:read, money:delete, house:create]
