2019-05-23 15:23:54.839 INFO  --- [StartupInfoLogger.java:50][restartedMain] - Starting HouseApplication on DESKTOP-A42CON3 with PID 6508 (D:\graduate\house\target\classes started by 谢洁芳 in D:\graduate\house)
2019-05-23 15:23:54.898 INFO  --- [SpringApplication.java:675][restartedMain] - No active profile set, falling back to default profiles: default
2019-05-23 15:24:30.676 ERROR --- [DirectJDKLog.java:173][restartedMain] - An incompatible version [1.2.4] of the APR based Apache Tomcat Native library is installed, while Tomcat requires version [1.2.14]
2019-05-23 15:24:33.043 ERROR --- [DirectJDKLog.java:173][restartedMain] - An incompatible version [1.2.4] of the APR based Apache Tomcat Native library is installed, while Tomcat requires version [1.2.14]
2019-05-23 15:24:33.128 ERROR --- [DirectJDKLog.java:173][restartedMain] - An incompatible version [1.2.4] of the APR based Apache Tomcat Native library is installed, while Tomcat requires version [1.2.14]
2019-05-23 15:24:43.219 WARN  --- [TemplateMode.java:150][restartedMain] - [THYMELEAF][restartedMain] Template Mode 'HTML5' is deprecated. Using Template Mode 'HTML' instead.
2019-05-23 15:24:57.912 INFO  --- [StartupInfoLogger.java:59][restartedMain] - Started HouseApplication in 68.496 seconds (JVM running for 88.809)
2019-05-23 15:29:45.144 INFO  --- [StartupInfoLogger.java:50][restartedMain] - Starting HouseApplication on DESKTOP-A42CON3 with PID 13512 (D:\graduate\house\target\classes started by 谢洁芳 in D:\graduate\house)
2019-05-23 15:29:45.154 INFO  --- [SpringApplication.java:675][restartedMain] - No active profile set, falling back to default profiles: default
2019-05-23 15:29:51.428 ERROR --- [DirectJDKLog.java:173][restartedMain] - An incompatible version [1.2.4] of the APR based Apache Tomcat Native library is installed, while Tomcat requires version [1.2.14]
2019-05-23 15:29:52.332 ERROR --- [DirectJDKLog.java:173][restartedMain] - An incompatible version [1.2.4] of the APR based Apache Tomcat Native library is installed, while Tomcat requires version [1.2.14]
2019-05-23 15:29:52.415 ERROR --- [DirectJDKLog.java:173][restartedMain] - An incompatible version [1.2.4] of the APR based Apache Tomcat Native library is installed, while Tomcat requires version [1.2.14]
2019-05-23 15:29:55.256 WARN  --- [TemplateMode.java:150][restartedMain] - [THYMELEAF][restartedMain] Template Mode 'HTML5' is deprecated. Using Template Mode 'HTML' instead.
2019-05-23 15:30:00.745 INFO  --- [StartupInfoLogger.java:59][restartedMain] - Started HouseApplication in 17.203 seconds (JVM running for 21.312)
2019-05-23 15:33:20.755 INFO  --- [StartupInfoLogger.java:50][restartedMain] - Starting HouseApplication on DESKTOP-A42CON3 with PID 12812 (D:\graduate\house\target\classes started by 谢洁芳 in D:\graduate\house)
2019-05-23 15:33:20.766 INFO  --- [SpringApplication.java:675][restartedMain] - No active profile set, falling back to default profiles: default
2019-05-23 15:33:31.926 ERROR --- [DirectJDKLog.java:173][restartedMain] - An incompatible version [1.2.4] of the APR based Apache Tomcat Native library is installed, while Tomcat requires version [1.2.14]
2019-05-23 15:33:32.652 ERROR --- [DirectJDKLog.java:173][restartedMain] - An incompatible version [1.2.4] of the APR based Apache Tomcat Native library is installed, while Tomcat requires version [1.2.14]
2019-05-23 15:33:32.682 ERROR --- [DirectJDKLog.java:173][restartedMain] - An incompatible version [1.2.4] of the APR based Apache Tomcat Native library is installed, while Tomcat requires version [1.2.14]
2019-05-23 15:33:34.450 WARN  --- [TemplateMode.java:150][restartedMain] - [THYMELEAF][restartedMain] Template Mode 'HTML5' is deprecated. Using Template Mode 'HTML' instead.
2019-05-23 15:33:35.420 INFO  --- [StartupInfoLogger.java:59][restartedMain] - Started HouseApplication in 15.996 seconds (JVM running for 19.566)
2019-05-23 15:34:58.724 INFO  --- [StartupInfoLogger.java:50][restartedMain] - Starting HouseApplication on DESKTOP-A42CON3 with PID 2776 (D:\graduate\house\target\classes started by 谢洁芳 in D:\graduate\house)
2019-05-23 15:34:58.732 INFO  --- [SpringApplication.java:675][restartedMain] - No active profile set, falling back to default profiles: default
2019-05-23 15:35:05.094 ERROR --- [DirectJDKLog.java:173][restartedMain] - An incompatible version [1.2.4] of the APR based Apache Tomcat Native library is installed, while Tomcat requires version [1.2.14]
2019-05-23 15:35:05.470 ERROR --- [DirectJDKLog.java:173][restartedMain] - An incompatible version [1.2.4] of the APR based Apache Tomcat Native library is installed, while Tomcat requires version [1.2.14]
2019-05-23 15:35:05.491 ERROR --- [DirectJDKLog.java:173][restartedMain] - An incompatible version [1.2.4] of the APR based Apache Tomcat Native library is installed, while Tomcat requires version [1.2.14]
2019-05-23 15:35:07.021 WARN  --- [TemplateMode.java:150][restartedMain] - [THYMELEAF][restartedMain] Template Mode 'HTML5' is deprecated. Using Template Mode 'HTML' instead.
2019-05-23 15:35:09.468 INFO  --- [StartupInfoLogger.java:59][restartedMain] - Started HouseApplication in 12.208 seconds (JVM running for 16.754)
2019-05-23 15:38:01.544 INFO  --- [StartupInfoLogger.java:50][restartedMain] - Starting HouseApplication on DESKTOP-A42CON3 with PID 13852 (D:\graduate\house\target\classes started by 谢洁芳 in D:\graduate\house)
2019-05-23 15:38:01.561 INFO  --- [SpringApplication.java:675][restartedMain] - No active profile set, falling back to default profiles: default
2019-05-23 15:38:07.871 ERROR --- [DirectJDKLog.java:173][restartedMain] - An incompatible version [1.2.4] of the APR based Apache Tomcat Native library is installed, while Tomcat requires version [1.2.14]
2019-05-23 15:38:08.703 ERROR --- [DirectJDKLog.java:173][restartedMain] - An incompatible version [1.2.4] of the APR based Apache Tomcat Native library is installed, while Tomcat requires version [1.2.14]
2019-05-23 15:38:08.747 ERROR --- [DirectJDKLog.java:173][restartedMain] - An incompatible version [1.2.4] of the APR based Apache Tomcat Native library is installed, while Tomcat requires version [1.2.14]
2019-05-23 15:38:11.197 WARN  --- [TemplateMode.java:150][restartedMain] - [THYMELEAF][restartedMain] Template Mode 'HTML5' is deprecated. Using Template Mode 'HTML' instead.
2019-05-23 15:38:12.577 INFO  --- [StartupInfoLogger.java:59][restartedMain] - Started HouseApplication in 12.355 seconds (JVM running for 17.171)
2019-05-23 15:41:06.498 INFO  --- [StartupInfoLogger.java:50][restartedMain] - Starting HouseApplication on DESKTOP-A42CON3 with PID 4160 (D:\graduate\house\target\classes started by 谢洁芳 in D:\graduate\house)
2019-05-23 15:41:06.507 INFO  --- [SpringApplication.java:675][restartedMain] - No active profile set, falling back to default profiles: default
2019-05-23 15:41:15.553 ERROR --- [DirectJDKLog.java:173][restartedMain] - An incompatible version [1.2.4] of the APR based Apache Tomcat Native library is installed, while Tomcat requires version [1.2.14]
2019-05-23 15:41:16.528 ERROR --- [DirectJDKLog.java:173][restartedMain] - An incompatible version [1.2.4] of the APR based Apache Tomcat Native library is installed, while Tomcat requires version [1.2.14]
2019-05-23 15:41:16.596 ERROR --- [DirectJDKLog.java:173][restartedMain] - An incompatible version [1.2.4] of the APR based Apache Tomcat Native library is installed, while Tomcat requires version [1.2.14]
2019-05-23 15:41:20.429 WARN  --- [TemplateMode.java:150][restartedMain] - [THYMELEAF][restartedMain] Template Mode 'HTML5' is deprecated. Using Template Mode 'HTML' instead.
2019-05-23 15:41:24.708 INFO  --- [StartupInfoLogger.java:59][restartedMain] - Started HouseApplication in 19.483 seconds (JVM running for 22.951)
2019-05-23 15:43:57.962 INFO  --- [StartupInfoLogger.java:50][restartedMain] - Starting HouseApplication on DESKTOP-A42CON3 with PID 4852 (D:\graduate\house\target\classes started by 谢洁芳 in D:\graduate\house)
2019-05-23 15:43:57.973 INFO  --- [SpringApplication.java:675][restartedMain] - No active profile set, falling back to default profiles: default
2019-05-23 15:44:05.030 ERROR --- [DirectJDKLog.java:173][restartedMain] - An incompatible version [1.2.4] of the APR based Apache Tomcat Native library is installed, while Tomcat requires version [1.2.14]
2019-05-23 15:44:05.891 ERROR --- [DirectJDKLog.java:173][restartedMain] - An incompatible version [1.2.4] of the APR based Apache Tomcat Native library is installed, while Tomcat requires version [1.2.14]
2019-05-23 15:44:05.933 ERROR --- [DirectJDKLog.java:173][restartedMain] - An incompatible version [1.2.4] of the APR based Apache Tomcat Native library is installed, while Tomcat requires version [1.2.14]
2019-05-23 15:44:08.500 WARN  --- [TemplateMode.java:150][restartedMain] - [THYMELEAF][restartedMain] Template Mode 'HTML5' is deprecated. Using Template Mode 'HTML' instead.
2019-05-23 15:44:10.238 INFO  --- [StartupInfoLogger.java:59][restartedMain] - Started HouseApplication in 14.623 seconds (JVM running for 21.184)
2019-05-23 15:50:45.825 INFO  --- [StartupInfoLogger.java:50][restartedMain] - Starting HouseApplication on DESKTOP-A42CON3 with PID 16752 (D:\graduate\house\target\classes started by 谢洁芳 in D:\graduate\house)
2019-05-23 15:50:45.848 INFO  --- [SpringApplication.java:675][restartedMain] - No active profile set, falling back to default profiles: default
2019-05-23 15:50:52.616 ERROR --- [DirectJDKLog.java:173][restartedMain] - An incompatible version [1.2.4] of the APR based Apache Tomcat Native library is installed, while Tomcat requires version [1.2.14]
2019-05-23 15:50:53.068 ERROR --- [DirectJDKLog.java:173][restartedMain] - An incompatible version [1.2.4] of the APR based Apache Tomcat Native library is installed, while Tomcat requires version [1.2.14]
2019-05-23 15:50:53.098 ERROR --- [DirectJDKLog.java:173][restartedMain] - An incompatible version [1.2.4] of the APR based Apache Tomcat Native library is installed, while Tomcat requires version [1.2.14]
2019-05-23 15:50:55.087 WARN  --- [TemplateMode.java:150][restartedMain] - [THYMELEAF][restartedMain] Template Mode 'HTML5' is deprecated. Using Template Mode 'HTML' instead.
2019-05-23 15:50:56.071 INFO  --- [StartupInfoLogger.java:59][restartedMain] - Started HouseApplication in 11.923 seconds (JVM running for 15.874)
2019-05-23 15:52:39.745 INFO  --- [StartupInfoLogger.java:50][restartedMain] - Starting HouseApplication on DESKTOP-A42CON3 with PID 3740 (D:\graduate\house\target\classes started by 谢洁芳 in D:\graduate\house)
2019-05-23 15:52:39.774 INFO  --- [SpringApplication.java:675][restartedMain] - No active profile set, falling back to default profiles: default
2019-05-23 15:52:47.286 ERROR --- [DirectJDKLog.java:173][restartedMain] - An incompatible version [1.2.4] of the APR based Apache Tomcat Native library is installed, while Tomcat requires version [1.2.14]
2019-05-23 15:52:48.185 ERROR --- [DirectJDKLog.java:173][restartedMain] - An incompatible version [1.2.4] of the APR based Apache Tomcat Native library is installed, while Tomcat requires version [1.2.14]
2019-05-23 15:52:48.308 ERROR --- [DirectJDKLog.java:173][restartedMain] - An incompatible version [1.2.4] of the APR based Apache Tomcat Native library is installed, while Tomcat requires version [1.2.14]
2019-05-23 15:52:50.990 WARN  --- [TemplateMode.java:150][restartedMain] - [THYMELEAF][restartedMain] Template Mode 'HTML5' is deprecated. Using Template Mode 'HTML' instead.
2019-05-23 15:52:52.130 INFO  --- [StartupInfoLogger.java:59][restartedMain] - Started HouseApplication in 13.846 seconds (JVM running for 18.42)
2019-05-23 15:54:56.326 INFO  --- [StartupInfoLogger.java:50][restartedMain] - Starting HouseApplication on DESKTOP-A42CON3 with PID 216 (D:\graduate\house\target\classes started by 谢洁芳 in D:\graduate\house)
2019-05-23 15:54:56.353 INFO  --- [SpringApplication.java:675][restartedMain] - No active profile set, falling back to default profiles: default
2019-05-23 15:55:07.228 ERROR --- [DirectJDKLog.java:173][restartedMain] - An incompatible version [1.2.4] of the APR based Apache Tomcat Native library is installed, while Tomcat requires version [1.2.14]
2019-05-23 15:55:07.966 ERROR --- [DirectJDKLog.java:173][restartedMain] - An incompatible version [1.2.4] of the APR based Apache Tomcat Native library is installed, while Tomcat requires version [1.2.14]
2019-05-23 15:55:08.005 ERROR --- [DirectJDKLog.java:173][restartedMain] - An incompatible version [1.2.4] of the APR based Apache Tomcat Native library is installed, while Tomcat requires version [1.2.14]
2019-05-23 15:55:11.912 WARN  --- [TemplateMode.java:150][restartedMain] - [THYMELEAF][restartedMain] Template Mode 'HTML5' is deprecated. Using Template Mode 'HTML' instead.
2019-05-23 15:55:13.986 INFO  --- [StartupInfoLogger.java:59][restartedMain] - Started HouseApplication in 19.135 seconds (JVM running for 23.442)
2019-05-23 15:56:48.076 INFO  --- [StartupInfoLogger.java:50][restartedMain] - Starting HouseApplication on DESKTOP-A42CON3 with PID 16672 (D:\graduate\house\target\classes started by 谢洁芳 in D:\graduate\house)
2019-05-23 15:56:48.089 INFO  --- [SpringApplication.java:675][restartedMain] - No active profile set, falling back to default profiles: default
2019-05-23 15:56:55.667 ERROR --- [DirectJDKLog.java:173][restartedMain] - An incompatible version [1.2.4] of the APR based Apache Tomcat Native library is installed, while Tomcat requires version [1.2.14]
2019-05-23 15:56:56.241 ERROR --- [DirectJDKLog.java:173][restartedMain] - An incompatible version [1.2.4] of the APR based Apache Tomcat Native library is installed, while Tomcat requires version [1.2.14]
2019-05-23 15:56:56.268 ERROR --- [DirectJDKLog.java:173][restartedMain] - An incompatible version [1.2.4] of the APR based Apache Tomcat Native library is installed, while Tomcat requires version [1.2.14]
2019-05-23 15:56:59.349 WARN  --- [TemplateMode.java:150][restartedMain] - [THYMELEAF][restartedMain] Template Mode 'HTML5' is deprecated. Using Template Mode 'HTML' instead.
2019-05-23 15:57:01.103 INFO  --- [StartupInfoLogger.java:59][restartedMain] - Started HouseApplication in 14.743 seconds (JVM running for 19.984)
2019-05-23 15:58:07.935 INFO  --- [StartupInfoLogger.java:50][restartedMain] - Starting HouseApplication on DESKTOP-A42CON3 with PID 16632 (D:\graduate\house\target\classes started by 谢洁芳 in D:\graduate\house)
2019-05-23 15:58:07.955 INFO  --- [SpringApplication.java:675][restartedMain] - No active profile set, falling back to default profiles: default
2019-05-23 15:58:16.200 ERROR --- [DirectJDKLog.java:173][restartedMain] - An incompatible version [1.2.4] of the APR based Apache Tomcat Native library is installed, while Tomcat requires version [1.2.14]
2019-05-23 15:58:17.006 ERROR --- [DirectJDKLog.java:173][restartedMain] - An incompatible version [1.2.4] of the APR based Apache Tomcat Native library is installed, while Tomcat requires version [1.2.14]
2019-05-23 15:58:17.063 ERROR --- [DirectJDKLog.java:173][restartedMain] - An incompatible version [1.2.4] of the APR based Apache Tomcat Native library is installed, while Tomcat requires version [1.2.14]
2019-05-23 15:58:21.434 WARN  --- [TemplateMode.java:150][restartedMain] - [THYMELEAF][restartedMain] Template Mode 'HTML5' is deprecated. Using Template Mode 'HTML' instead.
2019-05-23 15:58:24.189 INFO  --- [StartupInfoLogger.java:59][restartedMain] - Started HouseApplication in 17.646 seconds (JVM running for 22.949)
2019-05-23 15:59:47.353 INFO  --- [StartupInfoLogger.java:50][restartedMain] - Starting HouseApplication on DESKTOP-A42CON3 with PID 3008 (D:\graduate\house\target\classes started by 谢洁芳 in D:\graduate\house)
2019-05-23 15:59:47.362 INFO  --- [SpringApplication.java:675][restartedMain] - No active profile set, falling back to default profiles: default
2019-05-23 15:59:57.853 ERROR --- [DirectJDKLog.java:173][restartedMain] - An incompatible version [1.2.4] of the APR based Apache Tomcat Native library is installed, while Tomcat requires version [1.2.14]
2019-05-23 15:59:59.170 ERROR --- [DirectJDKLog.java:173][restartedMain] - An incompatible version [1.2.4] of the APR based Apache Tomcat Native library is installed, while Tomcat requires version [1.2.14]
2019-05-23 15:59:59.216 ERROR --- [DirectJDKLog.java:173][restartedMain] - An incompatible version [1.2.4] of the APR based Apache Tomcat Native library is installed, while Tomcat requires version [1.2.14]
2019-05-23 16:00:02.448 WARN  --- [TemplateMode.java:150][restartedMain] - [THYMELEAF][restartedMain] Template Mode 'HTML5' is deprecated. Using Template Mode 'HTML' instead.
2019-05-23 16:00:04.221 INFO  --- [StartupInfoLogger.java:59][restartedMain] - Started HouseApplication in 18.257 seconds (JVM running for 23.274)
2019-05-23 16:01:10.868 INFO  --- [StartupInfoLogger.java:50][restartedMain] - Starting HouseApplication on DESKTOP-A42CON3 with PID 11496 (D:\graduate\house\target\classes started by 谢洁芳 in D:\graduate\house)
2019-05-23 16:01:10.879 INFO  --- [SpringApplication.java:675][restartedMain] - No active profile set, falling back to default profiles: default
2019-05-23 16:01:18.109 ERROR --- [DirectJDKLog.java:173][restartedMain] - An incompatible version [1.2.4] of the APR based Apache Tomcat Native library is installed, while Tomcat requires version [1.2.14]
2019-05-23 16:01:18.435 ERROR --- [DirectJDKLog.java:173][restartedMain] - An incompatible version [1.2.4] of the APR based Apache Tomcat Native library is installed, while Tomcat requires version [1.2.14]
2019-05-23 16:01:18.453 ERROR --- [DirectJDKLog.java:173][restartedMain] - An incompatible version [1.2.4] of the APR based Apache Tomcat Native library is installed, while Tomcat requires version [1.2.14]
2019-05-23 16:01:24.381 WARN  --- [TemplateMode.java:150][restartedMain] - [THYMELEAF][restartedMain] Template Mode 'HTML5' is deprecated. Using Template Mode 'HTML' instead.
2019-05-23 16:01:27.656 INFO  --- [StartupInfoLogger.java:59][restartedMain] - Started HouseApplication in 18.152 seconds (JVM running for 22.92)
2019-05-23 16:03:16.117 INFO  --- [StartupInfoLogger.java:50][restartedMain] - Starting HouseApplication on DESKTOP-A42CON3 with PID 16392 (D:\graduate\house\target\classes started by 谢洁芳 in D:\graduate\house)
2019-05-23 16:03:16.129 INFO  --- [SpringApplication.java:675][restartedMain] - No active profile set, falling back to default profiles: default
2019-05-23 16:03:24.181 ERROR --- [DirectJDKLog.java:173][restartedMain] - An incompatible version [1.2.4] of the APR based Apache Tomcat Native library is installed, while Tomcat requires version [1.2.14]
2019-05-23 16:03:24.708 ERROR --- [DirectJDKLog.java:173][restartedMain] - An incompatible version [1.2.4] of the APR based Apache Tomcat Native library is installed, while Tomcat requires version [1.2.14]
2019-05-23 16:03:24.735 ERROR --- [DirectJDKLog.java:173][restartedMain] - An incompatible version [1.2.4] of the APR based Apache Tomcat Native library is installed, while Tomcat requires version [1.2.14]
2019-05-23 16:03:27.440 WARN  --- [TemplateMode.java:150][restartedMain] - [THYMELEAF][restartedMain] Template Mode 'HTML5' is deprecated. Using Template Mode 'HTML' instead.
2019-05-23 16:03:28.895 INFO  --- [StartupInfoLogger.java:59][restartedMain] - Started HouseApplication in 14.687 seconds (JVM running for 20.525)
2019-05-23 16:06:22.126 INFO  --- [StartupInfoLogger.java:50][restartedMain] - Starting HouseApplication on DESKTOP-A42CON3 with PID 6576 (D:\graduate\house\target\classes started by 谢洁芳 in D:\graduate\house)
2019-05-23 16:06:22.135 INFO  --- [SpringApplication.java:675][restartedMain] - No active profile set, falling back to default profiles: default
2019-05-23 16:06:32.382 ERROR --- [DirectJDKLog.java:173][restartedMain] - An incompatible version [1.2.4] of the APR based Apache Tomcat Native library is installed, while Tomcat requires version [1.2.14]
2019-05-23 16:06:32.973 ERROR --- [DirectJDKLog.java:173][restartedMain] - An incompatible version [1.2.4] of the APR based Apache Tomcat Native library is installed, while Tomcat requires version [1.2.14]
2019-05-23 16:06:33.004 ERROR --- [DirectJDKLog.java:173][restartedMain] - An incompatible version [1.2.4] of the APR based Apache Tomcat Native library is installed, while Tomcat requires version [1.2.14]
2019-05-23 16:06:35.506 WARN  --- [TemplateMode.java:150][restartedMain] - [THYMELEAF][restartedMain] Template Mode 'HTML5' is deprecated. Using Template Mode 'HTML' instead.
2019-05-23 16:06:36.968 INFO  --- [StartupInfoLogger.java:59][restartedMain] - Started HouseApplication in 16.378 seconds (JVM running for 22.523)
2019-05-23 16:07:52.644 INFO  --- [StartupInfoLogger.java:50][restartedMain] - Starting HouseApplication on DESKTOP-A42CON3 with PID 15948 (D:\graduate\house\target\classes started by 谢洁芳 in D:\graduate\house)
2019-05-23 16:07:52.650 INFO  --- [SpringApplication.java:675][restartedMain] - No active profile set, falling back to default profiles: default
2019-05-23 16:08:02.531 ERROR --- [DirectJDKLog.java:173][restartedMain] - An incompatible version [1.2.4] of the APR based Apache Tomcat Native library is installed, while Tomcat requires version [1.2.14]
2019-05-23 16:08:03.452 ERROR --- [DirectJDKLog.java:173][restartedMain] - An incompatible version [1.2.4] of the APR based Apache Tomcat Native library is installed, while Tomcat requires version [1.2.14]
2019-05-23 16:08:03.491 ERROR --- [DirectJDKLog.java:173][restartedMain] - An incompatible version [1.2.4] of the APR based Apache Tomcat Native library is installed, while Tomcat requires version [1.2.14]
2019-05-23 16:08:06.254 WARN  --- [TemplateMode.java:150][restartedMain] - [THYMELEAF][restartedMain] Template Mode 'HTML5' is deprecated. Using Template Mode 'HTML' instead.
2019-05-23 16:08:07.759 INFO  --- [StartupInfoLogger.java:59][restartedMain] - Started HouseApplication in 16.403 seconds (JVM running for 21.404)
2019-05-23 16:08:53.923 INFO  --- [StartupInfoLogger.java:50][restartedMain] - Starting HouseApplication on DESKTOP-A42CON3 with PID 14940 (D:\graduate\house\target\classes started by 谢洁芳 in D:\graduate\house)
2019-05-23 16:08:53.930 INFO  --- [SpringApplication.java:675][restartedMain] - No active profile set, falling back to default profiles: default
2019-05-23 16:09:04.100 ERROR --- [DirectJDKLog.java:173][restartedMain] - An incompatible version [1.2.4] of the APR based Apache Tomcat Native library is installed, while Tomcat requires version [1.2.14]
2019-05-23 16:09:04.623 ERROR --- [DirectJDKLog.java:173][restartedMain] - An incompatible version [1.2.4] of the APR based Apache Tomcat Native library is installed, while Tomcat requires version [1.2.14]
2019-05-23 16:09:04.672 ERROR --- [DirectJDKLog.java:173][restartedMain] - An incompatible version [1.2.4] of the APR based Apache Tomcat Native library is installed, while Tomcat requires version [1.2.14]
2019-05-23 16:09:07.033 WARN  --- [TemplateMode.java:150][restartedMain] - [THYMELEAF][restartedMain] Template Mode 'HTML5' is deprecated. Using Template Mode 'HTML' instead.
2019-05-23 16:09:10.655 INFO  --- [StartupInfoLogger.java:59][restartedMain] - Started HouseApplication in 18.081 seconds (JVM running for 22.948)
2019-05-23 16:10:29.404 INFO  --- [StartupInfoLogger.java:50][restartedMain] - Starting HouseApplication on DESKTOP-A42CON3 with PID 10968 (D:\graduate\house\target\classes started by 谢洁芳 in D:\graduate\house)
2019-05-23 16:10:29.414 INFO  --- [SpringApplication.java:675][restartedMain] - No active profile set, falling back to default profiles: default
2019-05-23 16:10:39.489 ERROR --- [DirectJDKLog.java:173][restartedMain] - An incompatible version [1.2.4] of the APR based Apache Tomcat Native library is installed, while Tomcat requires version [1.2.14]
2019-05-23 16:10:40.473 ERROR --- [DirectJDKLog.java:173][restartedMain] - An incompatible version [1.2.4] of the APR based Apache Tomcat Native library is installed, while Tomcat requires version [1.2.14]
2019-05-23 16:10:40.527 ERROR --- [DirectJDKLog.java:173][restartedMain] - An incompatible version [1.2.4] of the APR based Apache Tomcat Native library is installed, while Tomcat requires version [1.2.14]
2019-05-23 16:10:43.961 WARN  --- [TemplateMode.java:150][restartedMain] - [THYMELEAF][restartedMain] Template Mode 'HTML5' is deprecated. Using Template Mode 'HTML' instead.
2019-05-23 16:10:45.863 INFO  --- [StartupInfoLogger.java:59][restartedMain] - Started HouseApplication in 18.158 seconds (JVM running for 22.674)
2019-05-23 16:23:46.097 INFO  --- [StartupInfoLogger.java:50][restartedMain] - Starting HouseApplication on DESKTOP-A42CON3 with PID 6528 (D:\graduate\house\target\classes started by 谢洁芳 in D:\graduate\house)
2019-05-23 16:23:46.132 INFO  --- [SpringApplication.java:675][restartedMain] - No active profile set, falling back to default profiles: default
2019-05-23 16:23:55.941 ERROR --- [DirectJDKLog.java:173][restartedMain] - An incompatible version [1.2.4] of the APR based Apache Tomcat Native library is installed, while Tomcat requires version [1.2.14]
2019-05-23 16:23:56.728 ERROR --- [DirectJDKLog.java:173][restartedMain] - An incompatible version [1.2.4] of the APR based Apache Tomcat Native library is installed, while Tomcat requires version [1.2.14]
2019-05-23 16:23:56.764 ERROR --- [DirectJDKLog.java:173][restartedMain] - An incompatible version [1.2.4] of the APR based Apache Tomcat Native library is installed, while Tomcat requires version [1.2.14]
2019-05-23 16:23:59.238 WARN  --- [TemplateMode.java:150][restartedMain] - [THYMELEAF][restartedMain] Template Mode 'HTML5' is deprecated. Using Template Mode 'HTML' instead.
2019-05-23 16:24:00.993 INFO  --- [StartupInfoLogger.java:59][restartedMain] - Started HouseApplication in 16.877 seconds (JVM running for 20.634)
2019-05-23 16:28:52.236 INFO  --- [StartupInfoLogger.java:50][restartedMain] - Starting HouseApplication on DESKTOP-A42CON3 with PID 17240 (D:\graduate\house\target\classes started by 谢洁芳 in D:\graduate\house)
2019-05-23 16:28:52.244 INFO  --- [SpringApplication.java:675][restartedMain] - No active profile set, falling back to default profiles: default
2019-05-23 16:29:02.250 ERROR --- [DirectJDKLog.java:173][restartedMain] - An incompatible version [1.2.4] of the APR based Apache Tomcat Native library is installed, while Tomcat requires version [1.2.14]
2019-05-23 16:29:03.376 ERROR --- [DirectJDKLog.java:173][restartedMain] - An incompatible version [1.2.4] of the APR based Apache Tomcat Native library is installed, while Tomcat requires version [1.2.14]
2019-05-23 16:29:03.510 ERROR --- [DirectJDKLog.java:173][restartedMain] - An incompatible version [1.2.4] of the APR based Apache Tomcat Native library is installed, while Tomcat requires version [1.2.14]
2019-05-23 16:29:06.882 WARN  --- [TemplateMode.java:150][restartedMain] - [THYMELEAF][restartedMain] Template Mode 'HTML5' is deprecated. Using Template Mode 'HTML' instead.
2019-05-23 16:29:09.763 INFO  --- [StartupInfoLogger.java:59][restartedMain] - Started HouseApplication in 20.664 seconds (JVM running for 30.5)
2019-05-23 16:59:37.830 INFO  --- [StartupInfoLogger.java:50][restartedMain] - Starting HouseApplication on DESKTOP-A42CON3 with PID 16572 (D:\graduate\house\target\classes started by 谢洁芳 in D:\graduate\house)
2019-05-23 16:59:37.854 INFO  --- [SpringApplication.java:675][restartedMain] - No active profile set, falling back to default profiles: default
2019-05-23 16:59:53.164 ERROR --- [DirectJDKLog.java:173][restartedMain] - An incompatible version [1.2.4] of the APR based Apache Tomcat Native library is installed, while Tomcat requires version [1.2.14]
2019-05-23 16:59:54.554 ERROR --- [DirectJDKLog.java:173][restartedMain] - An incompatible version [1.2.4] of the APR based Apache Tomcat Native library is installed, while Tomcat requires version [1.2.14]
2019-05-23 16:59:54.623 ERROR --- [DirectJDKLog.java:173][restartedMain] - An incompatible version [1.2.4] of the APR based Apache Tomcat Native library is installed, while Tomcat requires version [1.2.14]
2019-05-23 16:59:58.825 WARN  --- [TemplateMode.java:150][restartedMain] - [THYMELEAF][restartedMain] Template Mode 'HTML5' is deprecated. Using Template Mode 'HTML' instead.
2019-05-23 17:00:01.042 INFO  --- [StartupInfoLogger.java:59][restartedMain] - Started HouseApplication in 26.821 seconds (JVM running for 45.741)
2019-05-23 19:26:44.800 INFO  --- [StartupInfoLogger.java:50][restartedMain] - Starting HouseApplication on DESKTOP-A42CON3 with PID 1168 (D:\graduate\house\target\classes started by 谢洁芳 in D:\graduate\house)
2019-05-23 19:26:44.839 INFO  --- [SpringApplication.java:675][restartedMain] - No active profile set, falling back to default profiles: default
2019-05-23 19:27:24.083 ERROR --- [DirectJDKLog.java:173][restartedMain] - An incompatible version [1.2.4] of the APR based Apache Tomcat Native library is installed, while Tomcat requires version [1.2.14]
2019-05-23 19:27:31.877 ERROR --- [DirectJDKLog.java:173][restartedMain] - An incompatible version [1.2.4] of the APR based Apache Tomcat Native library is installed, while Tomcat requires version [1.2.14]
2019-05-23 19:27:31.990 ERROR --- [DirectJDKLog.java:173][restartedMain] - An incompatible version [1.2.4] of the APR based Apache Tomcat Native library is installed, while Tomcat requires version [1.2.14]
2019-05-23 19:27:36.836 WARN  --- [TemplateMode.java:150][restartedMain] - [THYMELEAF][restartedMain] Template Mode 'HTML5' is deprecated. Using Template Mode 'HTML' instead.
2019-05-23 19:27:41.175 INFO  --- [StartupInfoLogger.java:59][restartedMain] - Started HouseApplication in 60.572 seconds (JVM running for 67.241)
2019-05-23 19:33:20.601 INFO  --- [StartupInfoLogger.java:50][restartedMain] - Starting HouseApplication on DESKTOP-A42CON3 with PID 4676 (D:\graduate\house\target\classes started by 谢洁芳 in D:\graduate\house)
2019-05-23 19:33:20.610 INFO  --- [SpringApplication.java:675][restartedMain] - No active profile set, falling back to default profiles: default
2019-05-23 19:33:27.343 ERROR --- [DirectJDKLog.java:173][restartedMain] - An incompatible version [1.2.4] of the APR based Apache Tomcat Native library is installed, while Tomcat requires version [1.2.14]
2019-05-23 19:33:27.742 ERROR --- [DirectJDKLog.java:173][restartedMain] - An incompatible version [1.2.4] of the APR based Apache Tomcat Native library is installed, while Tomcat requires version [1.2.14]
2019-05-23 19:33:27.765 ERROR --- [DirectJDKLog.java:173][restartedMain] - An incompatible version [1.2.4] of the APR based Apache Tomcat Native library is installed, while Tomcat requires version [1.2.14]
2019-05-23 19:33:29.476 WARN  --- [TemplateMode.java:150][restartedMain] - [THYMELEAF][restartedMain] Template Mode 'HTML5' is deprecated. Using Template Mode 'HTML' instead.
2019-05-23 19:33:30.634 INFO  --- [StartupInfoLogger.java:59][restartedMain] - Started HouseApplication in 11.47 seconds (JVM running for 18.537)
2019-05-23 19:35:50.449 INFO  --- [StartupInfoLogger.java:50][restartedMain] - Starting HouseApplication on DESKTOP-A42CON3 with PID 1388 (D:\graduate\house\target\classes started by 谢洁芳 in D:\graduate\house)
2019-05-23 19:35:50.460 INFO  --- [SpringApplication.java:675][restartedMain] - No active profile set, falling back to default profiles: default
2019-05-23 19:35:57.703 ERROR --- [DirectJDKLog.java:173][restartedMain] - An incompatible version [1.2.4] of the APR based Apache Tomcat Native library is installed, while Tomcat requires version [1.2.14]
2019-05-23 19:35:58.279 ERROR --- [DirectJDKLog.java:173][restartedMain] - An incompatible version [1.2.4] of the APR based Apache Tomcat Native library is installed, while Tomcat requires version [1.2.14]
2019-05-23 19:35:58.320 ERROR --- [DirectJDKLog.java:173][restartedMain] - An incompatible version [1.2.4] of the APR based Apache Tomcat Native library is installed, while Tomcat requires version [1.2.14]
2019-05-23 19:36:00.377 WARN  --- [TemplateMode.java:150][restartedMain] - [THYMELEAF][restartedMain] Template Mode 'HTML5' is deprecated. Using Template Mode 'HTML' instead.
2019-05-23 19:36:01.754 INFO  --- [StartupInfoLogger.java:59][restartedMain] - Started HouseApplication in 12.481 seconds (JVM running for 19.281)
2019-05-23 20:09:35.855 INFO  --- [StartupInfoLogger.java:50][restartedMain] - Starting HouseApplication on DESKTOP-A42CON3 with PID 17372 (D:\graduate\house\target\classes started by 谢洁芳 in D:\graduate\house)
2019-05-23 20:09:35.888 INFO  --- [SpringApplication.java:675][restartedMain] - No active profile set, falling back to default profiles: default
2019-05-23 20:10:07.118 ERROR --- [DirectJDKLog.java:173][restartedMain] - An incompatible version [1.2.4] of the APR based Apache Tomcat Native library is installed, while Tomcat requires version [1.2.14]
2019-05-23 20:10:09.366 ERROR --- [DirectJDKLog.java:173][restartedMain] - An incompatible version [1.2.4] of the APR based Apache Tomcat Native library is installed, while Tomcat requires version [1.2.14]
2019-05-23 20:10:09.419 ERROR --- [DirectJDKLog.java:173][restartedMain] - An incompatible version [1.2.4] of the APR based Apache Tomcat Native library is installed, while Tomcat requires version [1.2.14]
2019-05-23 20:10:15.860 WARN  --- [TemplateMode.java:150][restartedMain] - [THYMELEAF][restartedMain] Template Mode 'HTML5' is deprecated. Using Template Mode 'HTML' instead.
2019-05-23 20:10:19.357 INFO  --- [StartupInfoLogger.java:59][restartedMain] - Started HouseApplication in 46.38 seconds (JVM running for 59.254)
2019-05-23 20:31:34.958 INFO  --- [StartupInfoLogger.java:50][restartedMain] - Starting HouseApplication on DESKTOP-A42CON3 with PID 16720 (D:\graduate\house\target\classes started by 谢洁芳 in D:\graduate\house)
2019-05-23 20:31:35.009 INFO  --- [SpringApplication.java:675][restartedMain] - No active profile set, falling back to default profiles: default
2019-05-23 20:31:41.516 ERROR --- [DirectJDKLog.java:173][restartedMain] - An incompatible version [1.2.4] of the APR based Apache Tomcat Native library is installed, while Tomcat requires version [1.2.14]
2019-05-23 20:31:41.827 ERROR --- [DirectJDKLog.java:173][restartedMain] - An incompatible version [1.2.4] of the APR based Apache Tomcat Native library is installed, while Tomcat requires version [1.2.14]
2019-05-23 20:31:41.857 ERROR --- [DirectJDKLog.java:173][restartedMain] - An incompatible version [1.2.4] of the APR based Apache Tomcat Native library is installed, while Tomcat requires version [1.2.14]
2019-05-23 20:31:43.537 WARN  --- [TemplateMode.java:150][restartedMain] - [THYMELEAF][restartedMain] Template Mode 'HTML5' is deprecated. Using Template Mode 'HTML' instead.
2019-05-23 20:31:44.423 INFO  --- [StartupInfoLogger.java:59][restartedMain] - Started HouseApplication in 10.79 seconds (JVM running for 18.284)
2019-05-23 20:32:06.249 ERROR --- [DirectJDKLog.java:175][http-nio-8888-exec-6] - Servlet.service() for servlet [dispatcherServlet] in context with path [] threw exception [Request processing failed; nested exception is java.lang.IllegalArgumentException: No enum constant com.yuan.house.constants.ResultEnum.haha] with root cause
java.lang.IllegalArgumentException: No enum constant com.yuan.house.constants.ResultEnum.haha
	at java.lang.Enum.valueOf(Enum.java:238)
	at com.yuan.house.constants.ResultEnum.valueOf(ResultEnum.java:6)
	at com.yuan.house.controller.CommonController.showSearch(CommonController.java:195)
	at sun.reflect.NativeMethodAccessorImpl.invoke0(Native Method)
	at sun.reflect.NativeMethodAccessorImpl.invoke(NativeMethodAccessorImpl.java:62)
	at sun.reflect.DelegatingMethodAccessorImpl.invoke(DelegatingMethodAccessorImpl.java:43)
	at java.lang.reflect.Method.invoke(Method.java:497)
	at org.springframework.web.method.support.InvocableHandlerMethod.doInvoke(InvocableHandlerMethod.java:215)
	at org.springframework.web.method.support.InvocableHandlerMethod.invokeForRequest(InvocableHandlerMethod.java:142)
	at org.springframework.web.servlet.mvc.method.annotation.ServletInvocableHandlerMethod.invokeAndHandle(ServletInvocableHandlerMethod.java:102)
	at org.springframework.web.servlet.mvc.method.annotation.RequestMappingHandlerAdapter.invokeHandlerMethod(RequestMappingHandlerAdapter.java:895)
	at org.springframework.web.servlet.mvc.method.annotation.RequestMappingHandlerAdapter.handleInternal(RequestMappingHandlerAdapter.java:800)
	at org.springframework.web.servlet.mvc.method.AbstractHandlerMethodAdapter.handle(AbstractHandlerMethodAdapter.java:87)
	at org.springframework.web.servlet.DispatcherServlet.doDispatch(DispatcherServlet.java:1038)
	at org.springframework.web.servlet.DispatcherServlet.doService(DispatcherServlet.java:942)
	at org.springframework.web.servlet.FrameworkServlet.processRequest(FrameworkServlet.java:998)
	at org.springframework.web.servlet.FrameworkServlet.doPost(FrameworkServlet.java:901)
	at javax.servlet.http.HttpServlet.service(HttpServlet.java:660)
	at org.springframework.web.servlet.FrameworkServlet.service(FrameworkServlet.java:875)
	at javax.servlet.http.HttpServlet.service(HttpServlet.java:741)
	at org.apache.catalina.core.ApplicationFilterChain.internalDoFilter(ApplicationFilterChain.java:231)
	at org.apache.catalina.core.ApplicationFilterChain.doFilter(ApplicationFilterChain.java:166)
	at org.apache.tomcat.websocket.server.WsFilter.doFilter(WsFilter.java:53)
	at org.apache.catalina.core.ApplicationFilterChain.internalDoFilter(ApplicationFilterChain.java:193)
	at org.apache.catalina.core.ApplicationFilterChain.doFilter(ApplicationFilterChain.java:166)
	at org.apache.shiro.web.servlet.ProxiedFilterChain.doFilter(ProxiedFilterChain.java:61)
	at org.apache.shiro.web.servlet.AdviceFilter.executeChain(AdviceFilter.java:108)
	at org.apache.shiro.web.servlet.AdviceFilter.doFilterInternal(AdviceFilter.java:137)
	at org.apache.shiro.web.servlet.OncePerRequestFilter.doFilter(OncePerRequestFilter.java:125)
	at org.apache.shiro.web.servlet.ProxiedFilterChain.doFilter(ProxiedFilterChain.java:66)
	at org.apache.shiro.web.servlet.AbstractShiroFilter.executeChain(AbstractShiroFilter.java:449)
	at org.apache.shiro.web.servlet.AbstractShiroFilter$1.call(AbstractShiroFilter.java:365)
	at org.apache.shiro.subject.support.SubjectCallable.doCall(SubjectCallable.java:90)
	at org.apache.shiro.subject.support.SubjectCallable.call(SubjectCallable.java:83)
	at org.apache.shiro.subject.support.DelegatingSubject.execute(DelegatingSubject.java:387)
	at org.apache.shiro.web.servlet.AbstractShiroFilter.doFilterInternal(AbstractShiroFilter.java:362)
	at org.apache.shiro.web.servlet.OncePerRequestFilter.doFilter(OncePerRequestFilter.java:125)
	at org.apache.catalina.core.ApplicationFilterChain.internalDoFilter(ApplicationFilterChain.java:193)
	at org.apache.catalina.core.ApplicationFilterChain.doFilter(ApplicationFilterChain.java:166)
	at org.springframework.web.servlet.resource.ResourceUrlEncodingFilter.doFilter(ResourceUrlEncodingFilter.java:63)
	at org.apache.catalina.core.ApplicationFilterChain.internalDoFilter(ApplicationFilterChain.java:193)
	at org.apache.catalina.core.ApplicationFilterChain.doFilter(ApplicationFilterChain.java:166)
	at org.springframework.web.filter.RequestContextFilter.doFilterInternal(RequestContextFilter.java:99)
	at org.springframework.web.filter.OncePerRequestFilter.doFilter(OncePerRequestFilter.java:107)
	at org.apache.catalina.core.ApplicationFilterChain.internalDoFilter(ApplicationFilterChain.java:193)
	at org.apache.catalina.core.ApplicationFilterChain.doFilter(ApplicationFilterChain.java:166)
	at org.springframework.web.filter.FormContentFilter.doFilterInternal(FormContentFilter.java:92)
	at org.springframework.web.filter.OncePerRequestFilter.doFilter(OncePerRequestFilter.java:107)
	at org.apache.catalina.core.ApplicationFilterChain.internalDoFilter(ApplicationFilterChain.java:193)
	at org.apache.catalina.core.ApplicationFilterChain.doFilter(ApplicationFilterChain.java:166)
	at org.springframework.web.filter.HiddenHttpMethodFilter.doFilterInternal(HiddenHttpMethodFilter.java:93)
	at org.springframework.web.filter.OncePerRequestFilter.doFilter(OncePerRequestFilter.java:107)
	at org.apache.catalina.core.ApplicationFilterChain.internalDoFilter(ApplicationFilterChain.java:193)
	at org.apache.catalina.core.ApplicationFilterChain.doFilter(ApplicationFilterChain.java:166)
	at org.springframework.web.filter.CharacterEncodingFilter.doFilterInternal(CharacterEncodingFilter.java:200)
	at org.springframework.web.filter.OncePerRequestFilter.doFilter(OncePerRequestFilter.java:107)
	at org.apache.catalina.core.ApplicationFilterChain.internalDoFilter(ApplicationFilterChain.java:193)
	at org.apache.catalina.core.ApplicationFilterChain.doFilter(ApplicationFilterChain.java:166)
	at org.apache.catalina.core.StandardWrapperValve.invoke(StandardWrapperValve.java:199)
	at org.apache.catalina.core.StandardContextValve.invoke(StandardContextValve.java:96)
	at org.apache.catalina.authenticator.AuthenticatorBase.invoke(AuthenticatorBase.java:490)
	at org.apache.catalina.core.StandardHostValve.invoke(StandardHostValve.java:139)
	at org.apache.catalina.valves.ErrorReportValve.invoke(ErrorReportValve.java:92)
	at org.apache.catalina.core.StandardEngineValve.invoke(StandardEngineValve.java:74)
	at org.apache.catalina.connector.CoyoteAdapter.service(CoyoteAdapter.java:343)
	at org.apache.coyote.http11.Http11Processor.service(Http11Processor.java:408)
	at org.apache.coyote.AbstractProcessorLight.process(AbstractProcessorLight.java:66)
	at org.apache.coyote.AbstractProtocol$ConnectionHandler.process(AbstractProtocol.java:770)
	at org.apache.tomcat.util.net.NioEndpoint$SocketProcessor.doRun(NioEndpoint.java:1415)
	at org.apache.tomcat.util.net.SocketProcessorBase.run(SocketProcessorBase.java:49)
	at java.util.concurrent.ThreadPoolExecutor.runWorker(ThreadPoolExecutor.java:1142)
	at java.util.concurrent.ThreadPoolExecutor$Worker.run(ThreadPoolExecutor.java:617)
	at org.apache.tomcat.util.threads.TaskThread$WrappingRunnable.run(TaskThread.java:61)
	at java.lang.Thread.run(Thread.java:745)
2019-05-23 21:24:45.012 INFO  --- [StartupInfoLogger.java:50][restartedMain] - Starting HouseApplication on DESKTOP-A42CON3 with PID 16752 (D:\graduate\house\target\classes started by 谢洁芳 in D:\graduate\house)
2019-05-23 21:24:45.030 INFO  --- [SpringApplication.java:675][restartedMain] - No active profile set, falling back to default profiles: default
2019-05-23 21:25:10.339 ERROR --- [DirectJDKLog.java:173][restartedMain] - An incompatible version [1.2.4] of the APR based Apache Tomcat Native library is installed, while Tomcat requires version [1.2.14]
2019-05-23 21:25:12.713 ERROR --- [DirectJDKLog.java:173][restartedMain] - An incompatible version [1.2.4] of the APR based Apache Tomcat Native library is installed, while Tomcat requires version [1.2.14]
2019-05-23 21:25:12.864 ERROR --- [DirectJDKLog.java:173][restartedMain] - An incompatible version [1.2.4] of the APR based Apache Tomcat Native library is installed, while Tomcat requires version [1.2.14]
2019-05-23 21:25:24.229 WARN  --- [TemplateMode.java:150][restartedMain] - [THYMELEAF][restartedMain] Template Mode 'HTML5' is deprecated. Using Template Mode 'HTML' instead.
2019-05-23 21:25:31.359 INFO  --- [StartupInfoLogger.java:59][restartedMain] - Started HouseApplication in 49.475 seconds (JVM running for 87.796)
2019-05-23 21:26:29.117 WARN  --- [AbstractHandlerExceptionResolver.java:194][http-nio-8888-exec-1] - Resolved [org.springframework.web.bind.MissingServletRequestParameterException: Required String parameter 'city' is not present]
2019-05-23 21:29:15.833 INFO  --- [StartupInfoLogger.java:50][restartedMain] - Starting HouseApplication on DESKTOP-A42CON3 with PID 5596 (D:\graduate\house\target\classes started by 谢洁芳 in D:\graduate\house)
2019-05-23 21:29:15.843 INFO  --- [SpringApplication.java:675][restartedMain] - No active profile set, falling back to default profiles: default
2019-05-23 21:29:24.612 ERROR --- [DirectJDKLog.java:173][restartedMain] - An incompatible version [1.2.4] of the APR based Apache Tomcat Native library is installed, while Tomcat requires version [1.2.14]
2019-05-23 21:29:25.370 ERROR --- [DirectJDKLog.java:173][restartedMain] - An incompatible version [1.2.4] of the APR based Apache Tomcat Native library is installed, while Tomcat requires version [1.2.14]
2019-05-23 21:29:25.415 ERROR --- [DirectJDKLog.java:173][restartedMain] - An incompatible version [1.2.4] of the APR based Apache Tomcat Native library is installed, while Tomcat requires version [1.2.14]
2019-05-23 21:29:28.667 WARN  --- [TemplateMode.java:150][restartedMain] - [THYMELEAF][restartedMain] Template Mode 'HTML5' is deprecated. Using Template Mode 'HTML' instead.
2019-05-23 21:29:33.116 INFO  --- [StartupInfoLogger.java:59][restartedMain] - Started HouseApplication in 18.691 seconds (JVM running for 22.404)
2019-05-23 21:43:36.663 INFO  --- [StartupInfoLogger.java:50][restartedMain] - Starting HouseApplication on DESKTOP-A42CON3 with PID 4720 (D:\graduate\house\target\classes started by 谢洁芳 in D:\graduate\house)
2019-05-23 21:43:36.689 INFO  --- [SpringApplication.java:675][restartedMain] - No active profile set, falling back to default profiles: default
2019-05-23 21:43:55.646 ERROR --- [DirectJDKLog.java:173][restartedMain] - An incompatible version [1.2.4] of the APR based Apache Tomcat Native library is installed, while Tomcat requires version [1.2.14]
2019-05-23 21:43:57.606 ERROR --- [DirectJDKLog.java:173][restartedMain] - An incompatible version [1.2.4] of the APR based Apache Tomcat Native library is installed, while Tomcat requires version [1.2.14]
2019-05-23 21:43:57.689 ERROR --- [DirectJDKLog.java:173][restartedMain] - An incompatible version [1.2.4] of the APR based Apache Tomcat Native library is installed, while Tomcat requires version [1.2.14]
2019-05-23 21:44:08.351 WARN  --- [TemplateMode.java:150][restartedMain] - [THYMELEAF][restartedMain] Template Mode 'HTML5' is deprecated. Using Template Mode 'HTML' instead.
2019-05-23 21:44:19.329 INFO  --- [StartupInfoLogger.java:59][restartedMain] - Started HouseApplication in 47.978 seconds (JVM running for 72.02)
2019-05-23 23:15:16.433 INFO  --- [StartupInfoLogger.java:50][restartedMain] - Starting HouseApplication on DESKTOP-A42CON3 with PID 14448 (D:\graduate\house\target\classes started by 谢洁芳 in D:\graduate\house)
2019-05-23 23:15:16.472 INFO  --- [SpringApplication.java:675][restartedMain] - No active profile set, falling back to default profiles: default
2019-05-23 23:15:41.180 ERROR --- [DirectJDKLog.java:173][restartedMain] - An incompatible version [1.2.4] of the APR based Apache Tomcat Native library is installed, while Tomcat requires version [1.2.14]
2019-05-23 23:15:44.105 ERROR --- [DirectJDKLog.java:173][restartedMain] - An incompatible version [1.2.4] of the APR based Apache Tomcat Native library is installed, while Tomcat requires version [1.2.14]
2019-05-23 23:15:44.218 ERROR --- [DirectJDKLog.java:173][restartedMain] - An incompatible version [1.2.4] of the APR based Apache Tomcat Native library is installed, while Tomcat requires version [1.2.14]
2019-05-23 23:15:51.743 WARN  --- [TemplateMode.java:150][restartedMain] - [THYMELEAF][restartedMain] Template Mode 'HTML5' is deprecated. Using Template Mode 'HTML' instead.
2019-05-23 23:16:00.926 INFO  --- [StartupInfoLogger.java:59][restartedMain] - Started HouseApplication in 53.265 seconds (JVM running for 76.181)
