2019-05-21 10:49:33.586 INFO  --- [StartupInfoLogger.java:50][restartedMain] - Starting HouseApplication on DESKTOP-A42CON3 with PID 4884 (D:\graduate\house\target\classes started by 谢洁芳 in D:\graduate\house)
2019-05-21 10:49:33.618 INFO  --- [SpringApplication.java:675][restartedMain] - No active profile set, falling back to default profiles: default
2019-05-21 10:49:52.095 ERROR --- [DirectJDKLog.java:173][restartedMain] - An incompatible version [1.2.4] of the APR based Apache Tomcat Native library is installed, while Tomcat requires version [1.2.14]
2019-05-21 10:49:54.001 ERROR --- [DirectJDKLog.java:173][restartedMain] - An incompatible version [1.2.4] of the APR based Apache Tomcat Native library is installed, while Tomcat requires version [1.2.14]
2019-05-21 10:49:54.189 ERROR --- [DirectJDKLog.java:173][restartedMain] - An incompatible version [1.2.4] of the APR based Apache Tomcat Native library is installed, while Tomcat requires version [1.2.14]
2019-05-21 10:49:58.657 WARN  --- [TemplateMode.java:150][restartedMain] - [THYMELEAF][restartedMain] Template Mode 'HTML5' is deprecated. Using Template Mode 'HTML' instead.
2019-05-21 10:50:01.643 INFO  --- [StartupInfoLogger.java:59][restartedMain] - Started HouseApplication in 33.963 seconds (JVM running for 131.132)
2019-05-21 10:51:22.293 INFO  --- [HikariDataSource.java:110][http-nio-8888-exec-1] - HikariPool-1 - Starting...
2019-05-21 10:51:27.511 INFO  --- [HikariDataSource.java:123][http-nio-8888-exec-1] - HikariPool-1 - Start completed.
2019-05-21 10:51:27.642 DEBUG --- [BaseJdbcLogger.java:159][http-nio-8888-exec-1] - ==>  Preparing: SELECT user_id, username, password, user_type, status, ctime, utime, head, money, phone FROM user WHERE username = ? AND password = ? AND status = 0; 
2019-05-21 10:51:28.092 DEBUG --- [BaseJdbcLogger.java:159][http-nio-8888-exec-1] - ==> Parameters: 租客1(String), 123456(String)
2019-05-21 10:51:28.686 DEBUG --- [BaseJdbcLogger.java:159][http-nio-8888-exec-1] - <==      Total: 1
2019-05-21 10:51:28.715 DEBUG --- [BaseJdbcLogger.java:159][http-nio-8888-exec-1] - ==>  Preparing: select permission_id, parent_id, name, type, permission_value, url, icon, status from permission where status = 0 and permission_id in ( select permission_id from role_permission where role_id in ( select role_id from user_role where user_id in ( select user_id from user where username = ? ) ) ) order by permission_id asc 
2019-05-21 10:51:28.722 DEBUG --- [BaseJdbcLogger.java:159][http-nio-8888-exec-1] - ==> Parameters: 租客1(String)
2019-05-21 10:51:29.273 DEBUG --- [BaseJdbcLogger.java:159][http-nio-8888-exec-1] - <==      Total: 21
2019-05-21 10:52:20.831 INFO  --- [StartupInfoLogger.java:50][restartedMain] - Starting HouseApplication on DESKTOP-A42CON3 with PID 14484 (D:\graduate\house\target\classes started by 谢洁芳 in D:\graduate\house)
2019-05-21 10:52:20.831 INFO  --- [SpringApplication.java:675][restartedMain] - No active profile set, falling back to default profiles: default
2019-05-21 10:52:28.784 ERROR --- [DirectJDKLog.java:173][restartedMain] - An incompatible version [1.2.4] of the APR based Apache Tomcat Native library is installed, while Tomcat requires version [1.2.14]
2019-05-21 10:52:29.737 ERROR --- [DirectJDKLog.java:173][restartedMain] - An incompatible version [1.2.4] of the APR based Apache Tomcat Native library is installed, while Tomcat requires version [1.2.14]
2019-05-21 10:52:29.784 ERROR --- [DirectJDKLog.java:173][restartedMain] - An incompatible version [1.2.4] of the APR based Apache Tomcat Native library is installed, while Tomcat requires version [1.2.14]
2019-05-21 10:52:32.940 WARN  --- [TemplateMode.java:150][restartedMain] - [THYMELEAF][restartedMain] Template Mode 'HTML5' is deprecated. Using Template Mode 'HTML' instead.
2019-05-21 10:52:34.846 INFO  --- [StartupInfoLogger.java:59][restartedMain] - Started HouseApplication in 15.093 seconds (JVM running for 21.131)
2019-05-21 11:03:19.350 INFO  --- [StartupInfoLogger.java:50][restartedMain] - Starting HouseApplication on DESKTOP-A42CON3 with PID 12456 (D:\graduate\house\target\classes started by 谢洁芳 in D:\graduate\house)
2019-05-21 11:03:19.360 INFO  --- [SpringApplication.java:675][restartedMain] - No active profile set, falling back to default profiles: default
2019-05-21 11:03:26.897 ERROR --- [DirectJDKLog.java:173][restartedMain] - An incompatible version [1.2.4] of the APR based Apache Tomcat Native library is installed, while Tomcat requires version [1.2.14]
2019-05-21 11:03:27.849 ERROR --- [DirectJDKLog.java:173][restartedMain] - An incompatible version [1.2.4] of the APR based Apache Tomcat Native library is installed, while Tomcat requires version [1.2.14]
2019-05-21 11:03:27.888 ERROR --- [DirectJDKLog.java:173][restartedMain] - An incompatible version [1.2.4] of the APR based Apache Tomcat Native library is installed, while Tomcat requires version [1.2.14]
2019-05-21 11:03:30.771 WARN  --- [TemplateMode.java:150][restartedMain] - [THYMELEAF][restartedMain] Template Mode 'HTML5' is deprecated. Using Template Mode 'HTML' instead.
2019-05-21 11:03:32.815 INFO  --- [StartupInfoLogger.java:59][restartedMain] - Started HouseApplication in 14.771 seconds (JVM running for 20.363)
2019-05-21 14:46:25.620 INFO  --- [StartupInfoLogger.java:50][restartedMain] - Starting HouseApplication on DESKTOP-A42CON3 with PID 11028 (D:\graduate\house\target\classes started by 谢洁芳 in D:\graduate\house)
2019-05-21 14:46:25.640 INFO  --- [SpringApplication.java:675][restartedMain] - No active profile set, falling back to default profiles: default
2019-05-21 14:46:39.238 ERROR --- [DirectJDKLog.java:173][restartedMain] - An incompatible version [1.2.4] of the APR based Apache Tomcat Native library is installed, while Tomcat requires version [1.2.14]
2019-05-21 14:46:40.265 ERROR --- [DirectJDKLog.java:173][restartedMain] - An incompatible version [1.2.4] of the APR based Apache Tomcat Native library is installed, while Tomcat requires version [1.2.14]
2019-05-21 14:46:40.326 ERROR --- [DirectJDKLog.java:173][restartedMain] - An incompatible version [1.2.4] of the APR based Apache Tomcat Native library is installed, while Tomcat requires version [1.2.14]
2019-05-21 14:46:44.118 WARN  --- [TemplateMode.java:150][restartedMain] - [THYMELEAF][restartedMain] Template Mode 'HTML5' is deprecated. Using Template Mode 'HTML' instead.
2019-05-21 14:46:45.822 INFO  --- [StartupInfoLogger.java:59][restartedMain] - Started HouseApplication in 22.736 seconds (JVM running for 45.355)
2019-05-21 14:53:12.979 INFO  --- [StartupInfoLogger.java:50][restartedMain] - Starting HouseApplication on DESKTOP-A42CON3 with PID 11900 (D:\graduate\house\target\classes started by 谢洁芳 in D:\graduate\house)
2019-05-21 14:53:12.995 INFO  --- [SpringApplication.java:675][restartedMain] - No active profile set, falling back to default profiles: default
2019-05-21 14:53:19.262 ERROR --- [DirectJDKLog.java:173][restartedMain] - An incompatible version [1.2.4] of the APR based Apache Tomcat Native library is installed, while Tomcat requires version [1.2.14]
2019-05-21 14:53:20.092 ERROR --- [DirectJDKLog.java:173][restartedMain] - An incompatible version [1.2.4] of the APR based Apache Tomcat Native library is installed, while Tomcat requires version [1.2.14]
2019-05-21 14:53:20.130 ERROR --- [DirectJDKLog.java:173][restartedMain] - An incompatible version [1.2.4] of the APR based Apache Tomcat Native library is installed, while Tomcat requires version [1.2.14]
2019-05-21 14:53:23.142 WARN  --- [TemplateMode.java:150][restartedMain] - [THYMELEAF][restartedMain] Template Mode 'HTML5' is deprecated. Using Template Mode 'HTML' instead.
2019-05-21 14:53:25.378 INFO  --- [StartupInfoLogger.java:59][restartedMain] - Started HouseApplication in 13.674 seconds (JVM running for 19.061)
2019-05-21 14:55:18.791 INFO  --- [StartupInfoLogger.java:50][restartedMain] - Starting HouseApplication on DESKTOP-A42CON3 with PID 1780 (D:\graduate\house\target\classes started by 谢洁芳 in D:\graduate\house)
2019-05-21 14:55:18.807 INFO  --- [SpringApplication.java:675][restartedMain] - No active profile set, falling back to default profiles: default
2019-05-21 14:55:26.975 ERROR --- [DirectJDKLog.java:173][restartedMain] - An incompatible version [1.2.4] of the APR based Apache Tomcat Native library is installed, while Tomcat requires version [1.2.14]
2019-05-21 14:55:28.031 ERROR --- [DirectJDKLog.java:173][restartedMain] - An incompatible version [1.2.4] of the APR based Apache Tomcat Native library is installed, while Tomcat requires version [1.2.14]
2019-05-21 14:55:28.094 ERROR --- [DirectJDKLog.java:173][restartedMain] - An incompatible version [1.2.4] of the APR based Apache Tomcat Native library is installed, while Tomcat requires version [1.2.14]
2019-05-21 14:55:31.031 WARN  --- [TemplateMode.java:150][restartedMain] - [THYMELEAF][restartedMain] Template Mode 'HTML5' is deprecated. Using Template Mode 'HTML' instead.
2019-05-21 14:55:33.046 INFO  --- [StartupInfoLogger.java:59][restartedMain] - Started HouseApplication in 15.821 seconds (JVM running for 21.005)
2019-05-21 15:00:37.220 INFO  --- [StartupInfoLogger.java:50][restartedMain] - Starting HouseApplication on DESKTOP-A42CON3 with PID 12844 (D:\graduate\house\target\classes started by 谢洁芳 in D:\graduate\house)
2019-05-21 15:00:37.228 INFO  --- [SpringApplication.java:675][restartedMain] - No active profile set, falling back to default profiles: default
2019-05-21 15:00:45.469 ERROR --- [DirectJDKLog.java:173][restartedMain] - An incompatible version [1.2.4] of the APR based Apache Tomcat Native library is installed, while Tomcat requires version [1.2.14]
2019-05-21 15:00:46.319 ERROR --- [DirectJDKLog.java:173][restartedMain] - An incompatible version [1.2.4] of the APR based Apache Tomcat Native library is installed, while Tomcat requires version [1.2.14]
2019-05-21 15:00:46.359 ERROR --- [DirectJDKLog.java:173][restartedMain] - An incompatible version [1.2.4] of the APR based Apache Tomcat Native library is installed, while Tomcat requires version [1.2.14]
2019-05-21 15:00:49.323 WARN  --- [TemplateMode.java:150][restartedMain] - [THYMELEAF][restartedMain] Template Mode 'HTML5' is deprecated. Using Template Mode 'HTML' instead.
2019-05-21 15:00:51.155 INFO  --- [StartupInfoLogger.java:59][restartedMain] - Started HouseApplication in 15.166 seconds (JVM running for 19.806)
2019-05-21 15:04:18.701 INFO  --- [StartupInfoLogger.java:50][restartedMain] - Starting HouseApplication on DESKTOP-A42CON3 with PID 12036 (D:\graduate\house\target\classes started by 谢洁芳 in D:\graduate\house)
2019-05-21 15:04:18.708 INFO  --- [SpringApplication.java:675][restartedMain] - No active profile set, falling back to default profiles: default
2019-05-21 15:04:30.703 ERROR --- [DirectJDKLog.java:173][restartedMain] - An incompatible version [1.2.4] of the APR based Apache Tomcat Native library is installed, while Tomcat requires version [1.2.14]
2019-05-21 15:04:31.299 ERROR --- [DirectJDKLog.java:173][restartedMain] - An incompatible version [1.2.4] of the APR based Apache Tomcat Native library is installed, while Tomcat requires version [1.2.14]
2019-05-21 15:04:31.332 ERROR --- [DirectJDKLog.java:173][restartedMain] - An incompatible version [1.2.4] of the APR based Apache Tomcat Native library is installed, while Tomcat requires version [1.2.14]
2019-05-21 15:04:33.419 WARN  --- [TemplateMode.java:150][restartedMain] - [THYMELEAF][restartedMain] Template Mode 'HTML5' is deprecated. Using Template Mode 'HTML' instead.
2019-05-21 15:04:34.694 INFO  --- [StartupInfoLogger.java:59][restartedMain] - Started HouseApplication in 17.778 seconds (JVM running for 23.303)
2019-05-21 15:06:53.616 INFO  --- [StartupInfoLogger.java:50][restartedMain] - Starting HouseApplication on DESKTOP-A42CON3 with PID 1888 (D:\graduate\house\target\classes started by 谢洁芳 in D:\graduate\house)
2019-05-21 15:06:53.626 INFO  --- [SpringApplication.java:675][restartedMain] - No active profile set, falling back to default profiles: default
2019-05-21 15:06:59.938 ERROR --- [DirectJDKLog.java:173][restartedMain] - An incompatible version [1.2.4] of the APR based Apache Tomcat Native library is installed, while Tomcat requires version [1.2.14]
2019-05-21 15:07:01.220 ERROR --- [DirectJDKLog.java:173][restartedMain] - An incompatible version [1.2.4] of the APR based Apache Tomcat Native library is installed, while Tomcat requires version [1.2.14]
2019-05-21 15:07:01.314 ERROR --- [DirectJDKLog.java:173][restartedMain] - An incompatible version [1.2.4] of the APR based Apache Tomcat Native library is installed, while Tomcat requires version [1.2.14]
2019-05-21 15:07:06.046 WARN  --- [TemplateMode.java:150][restartedMain] - [THYMELEAF][restartedMain] Template Mode 'HTML5' is deprecated. Using Template Mode 'HTML' instead.
2019-05-21 15:07:08.223 INFO  --- [StartupInfoLogger.java:59][restartedMain] - Started HouseApplication in 15.923 seconds (JVM running for 21.561)
2019-05-21 15:15:42.115 INFO  --- [StartupInfoLogger.java:50][restartedMain] - Starting HouseApplication on DESKTOP-A42CON3 with PID 1668 (D:\graduate\house\target\classes started by 谢洁芳 in D:\graduate\house)
2019-05-21 15:15:42.125 INFO  --- [SpringApplication.java:675][restartedMain] - No active profile set, falling back to default profiles: default
2019-05-21 15:15:51.222 ERROR --- [DirectJDKLog.java:173][restartedMain] - An incompatible version [1.2.4] of the APR based Apache Tomcat Native library is installed, while Tomcat requires version [1.2.14]
2019-05-21 15:15:52.078 ERROR --- [DirectJDKLog.java:173][restartedMain] - An incompatible version [1.2.4] of the APR based Apache Tomcat Native library is installed, while Tomcat requires version [1.2.14]
2019-05-21 15:15:52.147 ERROR --- [DirectJDKLog.java:173][restartedMain] - An incompatible version [1.2.4] of the APR based Apache Tomcat Native library is installed, while Tomcat requires version [1.2.14]
2019-05-21 15:15:54.305 WARN  --- [TemplateMode.java:150][restartedMain] - [THYMELEAF][restartedMain] Template Mode 'HTML5' is deprecated. Using Template Mode 'HTML' instead.
2019-05-21 15:15:56.048 INFO  --- [StartupInfoLogger.java:59][restartedMain] - Started HouseApplication in 15.265 seconds (JVM running for 19.701)
2019-05-21 15:17:58.809 INFO  --- [StartupInfoLogger.java:50][restartedMain] - Starting HouseApplication on DESKTOP-A42CON3 with PID 7128 (D:\graduate\house\target\classes started by 谢洁芳 in D:\graduate\house)
2019-05-21 15:17:58.817 INFO  --- [SpringApplication.java:675][restartedMain] - No active profile set, falling back to default profiles: default
2019-05-21 15:18:08.317 ERROR --- [DirectJDKLog.java:173][restartedMain] - An incompatible version [1.2.4] of the APR based Apache Tomcat Native library is installed, while Tomcat requires version [1.2.14]
2019-05-21 15:18:09.678 ERROR --- [DirectJDKLog.java:173][restartedMain] - An incompatible version [1.2.4] of the APR based Apache Tomcat Native library is installed, while Tomcat requires version [1.2.14]
2019-05-21 15:18:09.740 ERROR --- [DirectJDKLog.java:173][restartedMain] - An incompatible version [1.2.4] of the APR based Apache Tomcat Native library is installed, while Tomcat requires version [1.2.14]
2019-05-21 15:18:13.069 WARN  --- [TemplateMode.java:150][restartedMain] - [THYMELEAF][restartedMain] Template Mode 'HTML5' is deprecated. Using Template Mode 'HTML' instead.
2019-05-21 15:18:14.248 INFO  --- [StartupInfoLogger.java:59][restartedMain] - Started HouseApplication in 16.96 seconds (JVM running for 22.333)
2019-05-21 15:22:30.331 INFO  --- [StartupInfoLogger.java:50][restartedMain] - Starting HouseApplication on DESKTOP-A42CON3 with PID 7488 (D:\graduate\house\target\classes started by 谢洁芳 in D:\graduate\house)
2019-05-21 15:22:30.331 INFO  --- [SpringApplication.java:675][restartedMain] - No active profile set, falling back to default profiles: default
2019-05-21 15:22:37.226 ERROR --- [DirectJDKLog.java:173][restartedMain] - An incompatible version [1.2.4] of the APR based Apache Tomcat Native library is installed, while Tomcat requires version [1.2.14]
2019-05-21 15:22:37.800 ERROR --- [DirectJDKLog.java:173][restartedMain] - An incompatible version [1.2.4] of the APR based Apache Tomcat Native library is installed, while Tomcat requires version [1.2.14]
2019-05-21 15:22:37.832 ERROR --- [DirectJDKLog.java:173][restartedMain] - An incompatible version [1.2.4] of the APR based Apache Tomcat Native library is installed, while Tomcat requires version [1.2.14]
2019-05-21 15:22:40.367 WARN  --- [TemplateMode.java:150][restartedMain] - [THYMELEAF][restartedMain] Template Mode 'HTML5' is deprecated. Using Template Mode 'HTML' instead.
2019-05-21 15:22:43.411 INFO  --- [StartupInfoLogger.java:59][restartedMain] - Started HouseApplication in 14.335 seconds (JVM running for 23.918)
2019-05-21 15:25:40.672 INFO  --- [StartupInfoLogger.java:50][restartedMain] - Starting HouseApplication on DESKTOP-A42CON3 with PID 5224 (D:\graduate\house\target\classes started by 谢洁芳 in D:\graduate\house)
2019-05-21 15:25:40.689 INFO  --- [SpringApplication.java:675][restartedMain] - No active profile set, falling back to default profiles: default
2019-05-21 15:25:48.620 ERROR --- [DirectJDKLog.java:173][restartedMain] - An incompatible version [1.2.4] of the APR based Apache Tomcat Native library is installed, while Tomcat requires version [1.2.14]
2019-05-21 15:25:49.300 ERROR --- [DirectJDKLog.java:173][restartedMain] - An incompatible version [1.2.4] of the APR based Apache Tomcat Native library is installed, while Tomcat requires version [1.2.14]
2019-05-21 15:25:49.331 ERROR --- [DirectJDKLog.java:173][restartedMain] - An incompatible version [1.2.4] of the APR based Apache Tomcat Native library is installed, while Tomcat requires version [1.2.14]
2019-05-21 15:25:52.856 WARN  --- [TemplateMode.java:150][restartedMain] - [THYMELEAF][restartedMain] Template Mode 'HTML5' is deprecated. Using Template Mode 'HTML' instead.
2019-05-21 15:25:54.673 INFO  --- [StartupInfoLogger.java:59][restartedMain] - Started HouseApplication in 15.351 seconds (JVM running for 21.295)
2019-05-21 15:29:01.517 INFO  --- [StartupInfoLogger.java:50][restartedMain] - Starting HouseApplication on DESKTOP-A42CON3 with PID 6100 (D:\graduate\house\target\classes started by 谢洁芳 in D:\graduate\house)
2019-05-21 15:29:01.529 INFO  --- [SpringApplication.java:675][restartedMain] - No active profile set, falling back to default profiles: default
2019-05-21 15:29:10.270 ERROR --- [DirectJDKLog.java:173][restartedMain] - An incompatible version [1.2.4] of the APR based Apache Tomcat Native library is installed, while Tomcat requires version [1.2.14]
2019-05-21 15:29:11.189 ERROR --- [DirectJDKLog.java:173][restartedMain] - An incompatible version [1.2.4] of the APR based Apache Tomcat Native library is installed, while Tomcat requires version [1.2.14]
2019-05-21 15:29:11.264 ERROR --- [DirectJDKLog.java:173][restartedMain] - An incompatible version [1.2.4] of the APR based Apache Tomcat Native library is installed, while Tomcat requires version [1.2.14]
2019-05-21 15:29:13.918 WARN  --- [TemplateMode.java:150][restartedMain] - [THYMELEAF][restartedMain] Template Mode 'HTML5' is deprecated. Using Template Mode 'HTML' instead.
2019-05-21 15:29:16.476 INFO  --- [StartupInfoLogger.java:59][restartedMain] - Started HouseApplication in 16.333 seconds (JVM running for 20.704)
2019-05-21 16:18:19.823 DEBUG --- [ResourceBundleMessageInterpolator.java:89][background-preinit] - Loaded expression factory via original TCCL
2019-05-21 16:18:21.279 INFO  --- [StartupInfoLogger.java:50][restartedMain] - Starting HouseApplication on DESKTOP-A42CON3 with PID 15380 (D:\graduate\house\target\classes started by 谢洁芳 in D:\graduate\house)
2019-05-21 16:18:21.283 INFO  --- [SpringApplication.java:675][restartedMain] - No active profile set, falling back to default profiles: default
2019-05-21 16:18:52.936 ERROR --- [DirectJDKLog.java:173][restartedMain] - An incompatible version [1.2.4] of the APR based Apache Tomcat Native library is installed, while Tomcat requires version [1.2.14]
2019-05-21 16:18:55.424 ERROR --- [DirectJDKLog.java:173][restartedMain] - An incompatible version [1.2.4] of the APR based Apache Tomcat Native library is installed, while Tomcat requires version [1.2.14]
2019-05-21 16:18:55.545 ERROR --- [DirectJDKLog.java:173][restartedMain] - An incompatible version [1.2.4] of the APR based Apache Tomcat Native library is installed, while Tomcat requires version [1.2.14]
2019-05-21 16:19:03.491 WARN  --- [TemplateMode.java:150][restartedMain] - [THYMELEAF][restartedMain] Template Mode 'HTML5' is deprecated. Using Template Mode 'HTML' instead.
2019-05-21 16:19:09.040 INFO  --- [StartupInfoLogger.java:59][restartedMain] - Started HouseApplication in 51.867 seconds (JVM running for 166.515)
2019-05-21 16:23:19.111 INFO  --- [StartupInfoLogger.java:50][restartedMain] - Starting HouseApplication on DESKTOP-A42CON3 with PID 16128 (D:\graduate\house\target\classes started by 谢洁芳 in D:\graduate\house)
2019-05-21 16:23:19.118 INFO  --- [SpringApplication.java:675][restartedMain] - No active profile set, falling back to default profiles: default
2019-05-21 16:23:27.243 ERROR --- [DirectJDKLog.java:173][restartedMain] - An incompatible version [1.2.4] of the APR based Apache Tomcat Native library is installed, while Tomcat requires version [1.2.14]
2019-05-21 16:23:27.993 ERROR --- [DirectJDKLog.java:173][restartedMain] - An incompatible version [1.2.4] of the APR based Apache Tomcat Native library is installed, while Tomcat requires version [1.2.14]
2019-05-21 16:23:28.031 ERROR --- [DirectJDKLog.java:173][restartedMain] - An incompatible version [1.2.4] of the APR based Apache Tomcat Native library is installed, while Tomcat requires version [1.2.14]
2019-05-21 16:23:30.886 WARN  --- [TemplateMode.java:150][restartedMain] - [THYMELEAF][restartedMain] Template Mode 'HTML5' is deprecated. Using Template Mode 'HTML' instead.
2019-05-21 16:23:32.868 INFO  --- [StartupInfoLogger.java:59][restartedMain] - Started HouseApplication in 14.997 seconds (JVM running for 19.223)
2019-05-21 16:34:55.314 INFO  --- [StartupInfoLogger.java:50][restartedMain] - Starting HouseApplication on DESKTOP-A42CON3 with PID 7800 (D:\graduate\house\target\classes started by 谢洁芳 in D:\graduate\house)
2019-05-21 16:34:55.327 INFO  --- [SpringApplication.java:675][restartedMain] - No active profile set, falling back to default profiles: default
2019-05-21 16:35:05.873 ERROR --- [DirectJDKLog.java:173][restartedMain] - An incompatible version [1.2.4] of the APR based Apache Tomcat Native library is installed, while Tomcat requires version [1.2.14]
2019-05-21 16:35:06.772 ERROR --- [DirectJDKLog.java:173][restartedMain] - An incompatible version [1.2.4] of the APR based Apache Tomcat Native library is installed, while Tomcat requires version [1.2.14]
2019-05-21 16:35:06.906 ERROR --- [DirectJDKLog.java:173][restartedMain] - An incompatible version [1.2.4] of the APR based Apache Tomcat Native library is installed, while Tomcat requires version [1.2.14]
2019-05-21 16:35:09.248 WARN  --- [TemplateMode.java:150][restartedMain] - [THYMELEAF][restartedMain] Template Mode 'HTML5' is deprecated. Using Template Mode 'HTML' instead.
2019-05-21 16:35:11.442 INFO  --- [StartupInfoLogger.java:59][restartedMain] - Started HouseApplication in 17.273 seconds (JVM running for 21.932)
2019-05-21 16:37:37.817 INFO  --- [StartupInfoLogger.java:50][restartedMain] - Starting HouseApplication on DESKTOP-A42CON3 with PID 2052 (D:\graduate\house\target\classes started by 谢洁芳 in D:\graduate\house)
2019-05-21 16:37:37.826 INFO  --- [SpringApplication.java:675][restartedMain] - No active profile set, falling back to default profiles: default
2019-05-21 16:37:45.410 ERROR --- [DirectJDKLog.java:173][restartedMain] - An incompatible version [1.2.4] of the APR based Apache Tomcat Native library is installed, while Tomcat requires version [1.2.14]
2019-05-21 16:37:45.786 ERROR --- [DirectJDKLog.java:173][restartedMain] - An incompatible version [1.2.4] of the APR based Apache Tomcat Native library is installed, while Tomcat requires version [1.2.14]
2019-05-21 16:37:45.813 ERROR --- [DirectJDKLog.java:173][restartedMain] - An incompatible version [1.2.4] of the APR based Apache Tomcat Native library is installed, while Tomcat requires version [1.2.14]
2019-05-21 16:37:47.595 WARN  --- [TemplateMode.java:150][restartedMain] - [THYMELEAF][restartedMain] Template Mode 'HTML5' is deprecated. Using Template Mode 'HTML' instead.
2019-05-21 16:37:48.815 INFO  --- [StartupInfoLogger.java:59][restartedMain] - Started HouseApplication in 12.599 seconds (JVM running for 18.075)
2019-05-21 17:23:40.550 INFO  --- [StartupInfoLogger.java:50][restartedMain] - Starting HouseApplication on DESKTOP-A42CON3 with PID 15676 (D:\graduate\house\target\classes started by 谢洁芳 in D:\graduate\house)
2019-05-21 17:23:40.561 INFO  --- [SpringApplication.java:675][restartedMain] - No active profile set, falling back to default profiles: default
2019-05-21 17:23:58.109 ERROR --- [DirectJDKLog.java:173][restartedMain] - An incompatible version [1.2.4] of the APR based Apache Tomcat Native library is installed, while Tomcat requires version [1.2.14]
2019-05-21 17:23:59.123 ERROR --- [DirectJDKLog.java:173][restartedMain] - An incompatible version [1.2.4] of the APR based Apache Tomcat Native library is installed, while Tomcat requires version [1.2.14]
2019-05-21 17:23:59.188 ERROR --- [DirectJDKLog.java:173][restartedMain] - An incompatible version [1.2.4] of the APR based Apache Tomcat Native library is installed, while Tomcat requires version [1.2.14]
2019-05-21 17:24:02.936 WARN  --- [TemplateMode.java:150][restartedMain] - [THYMELEAF][restartedMain] Template Mode 'HTML5' is deprecated. Using Template Mode 'HTML' instead.
2019-05-21 17:24:05.648 INFO  --- [StartupInfoLogger.java:59][restartedMain] - Started HouseApplication in 28.303 seconds (JVM running for 140.379)
