2019-05-13 20:28:55.179 INFO  --- [StartupInfoLogger.java:50][restartedMain] - Starting HouseApplication on DESKTOP-A42CON3 with PID 3328 (D:\graduate\house\target\classes started by 谢洁芳 in D:\graduate\house)
2019-05-13 20:28:55.201 INFO  --- [SpringApplication.java:675][restartedMain] - No active profile set, falling back to default profiles: default
2019-05-13 20:29:28.239 ERROR --- [DirectJDKLog.java:173][restartedMain] - An incompatible version [1.2.4] of the APR based Apache Tomcat Native library is installed, while Tomcat requires version [1.2.14]
2019-05-13 20:29:30.510 ERROR --- [DirectJDKLog.java:173][restartedMain] - An incompatible version [1.2.4] of the APR based Apache Tomcat Native library is installed, while Tomcat requires version [1.2.14]
2019-05-13 20:29:30.590 ERROR --- [DirectJDKLog.java:173][restartedMain] - An incompatible version [1.2.4] of the APR based Apache Tomcat Native library is installed, while Tomcat requires version [1.2.14]
2019-05-13 20:29:37.906 WARN  --- [TemplateMode.java:150][restartedMain] - [THYMELEAF][restartedMain] Template Mode 'HTML5' is deprecated. Using Template Mode 'HTML' instead.
2019-05-13 20:29:41.616 INFO  --- [StartupInfoLogger.java:59][restartedMain] - Started HouseApplication in 51.148 seconds (JVM running for 63.411)
2019-05-13 20:30:51.286 INFO  --- [HikariDataSource.java:110][http-nio-8888-exec-7] - HikariPool-1 - Starting...
2019-05-13 20:30:58.259 INFO  --- [HikariDataSource.java:123][http-nio-8888-exec-7] - HikariPool-1 - Start completed.
2019-05-13 20:30:58.316 DEBUG --- [BaseJdbcLogger.java:159][http-nio-8888-exec-7] - ==>  Preparing: SELECT user_id, username, password, user_type, status, ctime, utime, head, money, phone FROM user WHERE username = ? AND password = ? AND status = 0; 
2019-05-13 20:30:58.728 DEBUG --- [BaseJdbcLogger.java:159][http-nio-8888-exec-7] - ==> Parameters: 租客1(String), 123456(String)
2019-05-13 20:31:00.605 DEBUG --- [BaseJdbcLogger.java:159][http-nio-8888-exec-7] - <==      Total: 1
2019-05-13 20:31:00.659 DEBUG --- [BaseJdbcLogger.java:159][http-nio-8888-exec-7] - ==>  Preparing: select permission_id, parent_id, name, type, permission_value, url, icon, status, orders from permission where status = 0 and permission_id in ( select permission_id from role_permission where role_id in ( select role_id from user_role where user_id in ( select user_id from user where username = ? ) ) ) order by orders asc 
2019-05-13 20:31:00.663 DEBUG --- [BaseJdbcLogger.java:159][http-nio-8888-exec-7] - ==> Parameters: 租客1(String)
2019-05-13 20:31:01.240 DEBUG --- [BaseJdbcLogger.java:159][http-nio-8888-exec-7] - <==      Total: 21
2019-05-13 20:34:34.462 INFO  --- [StartupInfoLogger.java:50][restartedMain] - Starting HouseApplication on DESKTOP-A42CON3 with PID 1336 (D:\graduate\house\target\classes started by 谢洁芳 in D:\graduate\house)
2019-05-13 20:34:34.473 INFO  --- [SpringApplication.java:675][restartedMain] - No active profile set, falling back to default profiles: default
2019-05-13 20:34:41.870 ERROR --- [DirectJDKLog.java:173][restartedMain] - An incompatible version [1.2.4] of the APR based Apache Tomcat Native library is installed, while Tomcat requires version [1.2.14]
2019-05-13 20:34:42.292 ERROR --- [DirectJDKLog.java:173][restartedMain] - An incompatible version [1.2.4] of the APR based Apache Tomcat Native library is installed, while Tomcat requires version [1.2.14]
2019-05-13 20:34:42.320 ERROR --- [DirectJDKLog.java:173][restartedMain] - An incompatible version [1.2.4] of the APR based Apache Tomcat Native library is installed, while Tomcat requires version [1.2.14]
2019-05-13 20:34:44.042 WARN  --- [TemplateMode.java:150][restartedMain] - [THYMELEAF][restartedMain] Template Mode 'HTML5' is deprecated. Using Template Mode 'HTML' instead.
2019-05-13 20:34:47.944 INFO  --- [StartupInfoLogger.java:59][restartedMain] - Started HouseApplication in 15.328 seconds (JVM running for 23.146)
2019-05-13 20:36:10.478 INFO  --- [HikariDataSource.java:110][http-nio-8888-exec-4] - HikariPool-1 - Starting...
2019-05-13 20:36:12.443 INFO  --- [HikariDataSource.java:123][http-nio-8888-exec-4] - HikariPool-1 - Start completed.
2019-05-13 20:36:12.524 DEBUG --- [BaseJdbcLogger.java:159][http-nio-8888-exec-4] - ==>  Preparing: SELECT user_id, username, password, user_type, status, ctime, utime, head, money, phone FROM user WHERE username = ? AND password = ? AND status = 0; 
2019-05-13 20:36:12.910 DEBUG --- [BaseJdbcLogger.java:159][http-nio-8888-exec-4] - ==> Parameters: 租客1(String), 123456(String)
2019-05-13 20:36:13.054 DEBUG --- [BaseJdbcLogger.java:159][http-nio-8888-exec-4] - <==      Total: 1
2019-05-13 20:36:13.089 DEBUG --- [BaseJdbcLogger.java:159][http-nio-8888-exec-4] - ==>  Preparing: select permission_id, parent_id, name, type, permission_value, url, icon, status, orders from permission where status = 0 and permission_id in ( select permission_id from role_permission where role_id in ( select role_id from user_role where user_id in ( select user_id from user where username = ? ) ) ) order by orders asc 
2019-05-13 20:36:13.091 DEBUG --- [BaseJdbcLogger.java:159][http-nio-8888-exec-4] - ==> Parameters: 租客1(String)
2019-05-13 20:36:13.282 DEBUG --- [BaseJdbcLogger.java:159][http-nio-8888-exec-4] - <==      Total: 21
2019-05-13 21:09:17.773 INFO  --- [StartupInfoLogger.java:50][restartedMain] - Starting HouseApplication on DESKTOP-A42CON3 with PID 12724 (D:\graduate\house\target\classes started by 谢洁芳 in D:\graduate\house)
2019-05-13 21:09:17.783 INFO  --- [SpringApplication.java:675][restartedMain] - No active profile set, falling back to default profiles: default
2019-05-13 21:09:29.793 ERROR --- [DirectJDKLog.java:173][restartedMain] - An incompatible version [1.2.4] of the APR based Apache Tomcat Native library is installed, while Tomcat requires version [1.2.14]
2019-05-13 21:09:30.434 ERROR --- [DirectJDKLog.java:173][restartedMain] - An incompatible version [1.2.4] of the APR based Apache Tomcat Native library is installed, while Tomcat requires version [1.2.14]
2019-05-13 21:09:30.465 ERROR --- [DirectJDKLog.java:173][restartedMain] - An incompatible version [1.2.4] of the APR based Apache Tomcat Native library is installed, while Tomcat requires version [1.2.14]
2019-05-13 21:09:33.023 WARN  --- [TemplateMode.java:150][restartedMain] - [THYMELEAF][restartedMain] Template Mode 'HTML5' is deprecated. Using Template Mode 'HTML' instead.
2019-05-13 21:09:34.750 INFO  --- [StartupInfoLogger.java:59][restartedMain] - Started HouseApplication in 18.751 seconds (JVM running for 24.188)
2019-05-13 21:10:28.738 INFO  --- [HikariDataSource.java:110][http-nio-8888-exec-6] - HikariPool-1 - Starting...
2019-05-13 21:10:30.206 INFO  --- [HikariDataSource.java:123][http-nio-8888-exec-6] - HikariPool-1 - Start completed.
2019-05-13 21:10:30.243 DEBUG --- [BaseJdbcLogger.java:159][http-nio-8888-exec-6] - ==>  Preparing: SELECT user_id, username, password, user_type, status, ctime, utime, head, money, phone FROM user WHERE username = ? AND password = ? AND status = 0; 
2019-05-13 21:10:30.645 DEBUG --- [BaseJdbcLogger.java:159][http-nio-8888-exec-6] - ==> Parameters: 租客1(String), 123456(String)
2019-05-13 21:10:30.836 DEBUG --- [BaseJdbcLogger.java:159][http-nio-8888-exec-6] - <==      Total: 1
2019-05-13 21:10:30.896 DEBUG --- [BaseJdbcLogger.java:159][http-nio-8888-exec-6] - ==>  Preparing: select permission_id, parent_id, name, type, permission_value, url, icon, status, orders from permission where status = 0 and permission_id in ( select permission_id from role_permission where role_id in ( select role_id from user_role where user_id in ( select user_id from user where username = ? ) ) ) order by orders asc 
2019-05-13 21:10:30.925 DEBUG --- [BaseJdbcLogger.java:159][http-nio-8888-exec-6] - ==> Parameters: 租客1(String)
2019-05-13 21:10:31.041 DEBUG --- [BaseJdbcLogger.java:159][http-nio-8888-exec-6] - <==      Total: 21
2019-05-13 21:14:14.491 INFO  --- [StartupInfoLogger.java:50][restartedMain] - Starting HouseApplication on DESKTOP-A42CON3 with PID 15804 (D:\graduate\house\target\classes started by 谢洁芳 in D:\graduate\house)
2019-05-13 21:14:14.499 INFO  --- [SpringApplication.java:675][restartedMain] - No active profile set, falling back to default profiles: default
2019-05-13 21:14:24.654 ERROR --- [DirectJDKLog.java:173][restartedMain] - An incompatible version [1.2.4] of the APR based Apache Tomcat Native library is installed, while Tomcat requires version [1.2.14]
2019-05-13 21:14:25.664 ERROR --- [DirectJDKLog.java:173][restartedMain] - An incompatible version [1.2.4] of the APR based Apache Tomcat Native library is installed, while Tomcat requires version [1.2.14]
2019-05-13 21:14:25.753 ERROR --- [DirectJDKLog.java:173][restartedMain] - An incompatible version [1.2.4] of the APR based Apache Tomcat Native library is installed, while Tomcat requires version [1.2.14]
2019-05-13 21:14:28.415 WARN  --- [TemplateMode.java:150][restartedMain] - [THYMELEAF][restartedMain] Template Mode 'HTML5' is deprecated. Using Template Mode 'HTML' instead.
2019-05-13 21:14:29.829 INFO  --- [StartupInfoLogger.java:59][restartedMain] - Started HouseApplication in 17.197 seconds (JVM running for 23.173)
2019-05-13 21:15:13.467 INFO  --- [HikariDataSource.java:110][http-nio-8888-exec-6] - HikariPool-1 - Starting...
2019-05-13 21:15:14.548 INFO  --- [HikariDataSource.java:123][http-nio-8888-exec-6] - HikariPool-1 - Start completed.
2019-05-13 21:15:14.576 DEBUG --- [BaseJdbcLogger.java:159][http-nio-8888-exec-6] - ==>  Preparing: SELECT user_id, username, password, user_type, status, ctime, utime, head, money, phone FROM user WHERE username = ? AND password = ? AND status = 0; 
2019-05-13 21:15:14.714 DEBUG --- [BaseJdbcLogger.java:159][http-nio-8888-exec-6] - ==> Parameters: 租客1(String), 123456(String)
2019-05-13 21:15:14.924 DEBUG --- [BaseJdbcLogger.java:159][http-nio-8888-exec-6] - <==      Total: 1
2019-05-13 21:15:14.968 DEBUG --- [BaseJdbcLogger.java:159][http-nio-8888-exec-6] - ==>  Preparing: select permission_id, parent_id, name, type, permission_value, url, icon, status, orders from permission where status = 0 and permission_id in ( select permission_id from role_permission where role_id in ( select role_id from user_role where user_id in ( select user_id from user where username = ? ) ) ) order by orders asc 
2019-05-13 21:15:14.969 DEBUG --- [BaseJdbcLogger.java:159][http-nio-8888-exec-6] - ==> Parameters: 租客1(String)
2019-05-13 21:15:15.019 DEBUG --- [BaseJdbcLogger.java:159][http-nio-8888-exec-6] - <==      Total: 21
2019-05-13 21:18:28.163 INFO  --- [StartupInfoLogger.java:50][restartedMain] - Starting HouseApplication on DESKTOP-A42CON3 with PID 5968 (D:\graduate\house\target\classes started by 谢洁芳 in D:\graduate\house)
2019-05-13 21:18:28.198 INFO  --- [SpringApplication.java:675][restartedMain] - No active profile set, falling back to default profiles: default
2019-05-13 21:18:36.772 ERROR --- [DirectJDKLog.java:173][restartedMain] - An incompatible version [1.2.4] of the APR based Apache Tomcat Native library is installed, while Tomcat requires version [1.2.14]
2019-05-13 21:18:37.413 ERROR --- [DirectJDKLog.java:173][restartedMain] - An incompatible version [1.2.4] of the APR based Apache Tomcat Native library is installed, while Tomcat requires version [1.2.14]
2019-05-13 21:18:37.468 ERROR --- [DirectJDKLog.java:173][restartedMain] - An incompatible version [1.2.4] of the APR based Apache Tomcat Native library is installed, while Tomcat requires version [1.2.14]
2019-05-13 21:18:42.613 WARN  --- [TemplateMode.java:150][restartedMain] - [THYMELEAF][restartedMain] Template Mode 'HTML5' is deprecated. Using Template Mode 'HTML' instead.
2019-05-13 21:18:45.986 INFO  --- [StartupInfoLogger.java:59][restartedMain] - Started HouseApplication in 19.471 seconds (JVM running for 27.768)
2019-05-13 21:28:24.230 INFO  --- [StartupInfoLogger.java:50][restartedMain] - Starting HouseApplication on DESKTOP-A42CON3 with PID 15076 (D:\graduate\house\target\classes started by 谢洁芳 in D:\graduate\house)
2019-05-13 21:28:24.242 INFO  --- [SpringApplication.java:675][restartedMain] - No active profile set, falling back to default profiles: default
2019-05-13 21:28:34.101 ERROR --- [DirectJDKLog.java:173][restartedMain] - An incompatible version [1.2.4] of the APR based Apache Tomcat Native library is installed, while Tomcat requires version [1.2.14]
2019-05-13 21:28:34.497 ERROR --- [DirectJDKLog.java:173][restartedMain] - An incompatible version [1.2.4] of the APR based Apache Tomcat Native library is installed, while Tomcat requires version [1.2.14]
2019-05-13 21:28:34.520 ERROR --- [DirectJDKLog.java:173][restartedMain] - An incompatible version [1.2.4] of the APR based Apache Tomcat Native library is installed, while Tomcat requires version [1.2.14]
2019-05-13 21:28:41.329 WARN  --- [TemplateMode.java:150][restartedMain] - [THYMELEAF][restartedMain] Template Mode 'HTML5' is deprecated. Using Template Mode 'HTML' instead.
2019-05-13 21:28:43.373 INFO  --- [StartupInfoLogger.java:59][restartedMain] - Started HouseApplication in 22.154 seconds (JVM running for 27.038)
2019-05-13 21:30:19.436 INFO  --- [HikariDataSource.java:110][http-nio-8888-exec-7] - HikariPool-1 - Starting...
2019-05-13 21:30:26.560 INFO  --- [HikariDataSource.java:123][http-nio-8888-exec-7] - HikariPool-1 - Start completed.
2019-05-13 21:30:26.750 DEBUG --- [BaseJdbcLogger.java:159][http-nio-8888-exec-7] - ==>  Preparing: SELECT user_id, username, password, user_type, status, ctime, utime, head, money, phone FROM user WHERE username = ? AND password = ? AND status = 0; 
2019-05-13 21:30:27.217 DEBUG --- [BaseJdbcLogger.java:159][http-nio-8888-exec-7] - ==> Parameters: 租客1(String), 123456(String)
2019-05-13 21:30:29.799 DEBUG --- [BaseJdbcLogger.java:159][http-nio-8888-exec-7] - <==      Total: 1
2019-05-13 21:30:29.964 DEBUG --- [BaseJdbcLogger.java:159][http-nio-8888-exec-7] - ==>  Preparing: select permission_id, parent_id, name, type, permission_value, url, icon, status, orders from permission where status = 0 and permission_id in ( select permission_id from role_permission where role_id in ( select role_id from user_role where user_id in ( select user_id from user where username = ? ) ) ) order by orders asc 
2019-05-13 21:30:29.966 DEBUG --- [BaseJdbcLogger.java:159][http-nio-8888-exec-7] - ==> Parameters: 租客1(String)
2019-05-13 21:30:30.660 DEBUG --- [BaseJdbcLogger.java:159][http-nio-8888-exec-7] - <==      Total: 21
2019-05-13 21:51:01.358 INFO  --- [StartupInfoLogger.java:50][restartedMain] - Starting HouseApplication on DESKTOP-A42CON3 with PID 17328 (D:\graduate\house\target\classes started by 谢洁芳 in D:\graduate\house)
2019-05-13 21:51:01.370 INFO  --- [SpringApplication.java:675][restartedMain] - No active profile set, falling back to default profiles: default
2019-05-13 21:51:40.756 ERROR --- [DirectJDKLog.java:173][restartedMain] - An incompatible version [1.2.4] of the APR based Apache Tomcat Native library is installed, while Tomcat requires version [1.2.14]
2019-05-13 21:51:41.974 ERROR --- [DirectJDKLog.java:173][restartedMain] - An incompatible version [1.2.4] of the APR based Apache Tomcat Native library is installed, while Tomcat requires version [1.2.14]
2019-05-13 21:51:42.022 ERROR --- [DirectJDKLog.java:173][restartedMain] - An incompatible version [1.2.4] of the APR based Apache Tomcat Native library is installed, while Tomcat requires version [1.2.14]
2019-05-13 21:51:48.043 WARN  --- [TemplateMode.java:150][restartedMain] - [THYMELEAF][restartedMain] Template Mode 'HTML5' is deprecated. Using Template Mode 'HTML' instead.
2019-05-13 21:51:52.868 INFO  --- [StartupInfoLogger.java:59][restartedMain] - Started HouseApplication in 63.625 seconds (JVM running for 80.656)
2019-05-13 21:55:56.990 INFO  --- [HikariDataSource.java:110][http-nio-8888-exec-6] - HikariPool-1 - Starting...
2019-05-13 21:55:58.167 INFO  --- [HikariDataSource.java:123][http-nio-8888-exec-6] - HikariPool-1 - Start completed.
2019-05-13 21:55:58.222 DEBUG --- [BaseJdbcLogger.java:159][http-nio-8888-exec-6] - ==>  Preparing: SELECT user_id, username, password, user_type, status, ctime, utime, head, money, phone FROM user WHERE username = ? AND password = ? AND status = 0; 
2019-05-13 21:55:58.662 DEBUG --- [BaseJdbcLogger.java:159][http-nio-8888-exec-6] - ==> Parameters: 租客1(String), 123456(String)
2019-05-13 21:55:59.168 DEBUG --- [BaseJdbcLogger.java:159][http-nio-8888-exec-6] - <==      Total: 1
2019-05-13 21:55:59.222 DEBUG --- [BaseJdbcLogger.java:159][http-nio-8888-exec-6] - ==>  Preparing: select permission_id, parent_id, name, type, permission_value, url, icon, status, orders from permission where status = 0 and permission_id in ( select permission_id from role_permission where role_id in ( select role_id from user_role where user_id in ( select user_id from user where username = ? ) ) ) order by orders asc 
2019-05-13 21:55:59.239 DEBUG --- [BaseJdbcLogger.java:159][http-nio-8888-exec-6] - ==> Parameters: 租客1(String)
2019-05-13 21:55:59.625 DEBUG --- [BaseJdbcLogger.java:159][http-nio-8888-exec-6] - <==      Total: 21
2019-05-13 21:58:56.715 INFO  --- [StartupInfoLogger.java:50][restartedMain] - Starting HouseApplication on DESKTOP-A42CON3 with PID 15308 (D:\graduate\house\target\classes started by 谢洁芳 in D:\graduate\house)
2019-05-13 21:58:56.726 INFO  --- [SpringApplication.java:675][restartedMain] - No active profile set, falling back to default profiles: default
2019-05-13 21:59:38.863 ERROR --- [DirectJDKLog.java:173][restartedMain] - An incompatible version [1.2.4] of the APR based Apache Tomcat Native library is installed, while Tomcat requires version [1.2.14]
2019-05-13 21:59:41.470 ERROR --- [DirectJDKLog.java:173][restartedMain] - An incompatible version [1.2.4] of the APR based Apache Tomcat Native library is installed, while Tomcat requires version [1.2.14]
2019-05-13 21:59:41.528 ERROR --- [DirectJDKLog.java:173][restartedMain] - An incompatible version [1.2.4] of the APR based Apache Tomcat Native library is installed, while Tomcat requires version [1.2.14]
2019-05-13 21:59:44.868 WARN  --- [TemplateMode.java:150][restartedMain] - [THYMELEAF][restartedMain] Template Mode 'HTML5' is deprecated. Using Template Mode 'HTML' instead.
2019-05-13 21:59:46.919 INFO  --- [StartupInfoLogger.java:59][restartedMain] - Started HouseApplication in 61.245 seconds (JVM running for 69.361)
2019-05-13 22:02:20.364 INFO  --- [HikariDataSource.java:110][http-nio-8888-exec-6] - HikariPool-1 - Starting...
2019-05-13 22:02:21.699 INFO  --- [HikariDataSource.java:123][http-nio-8888-exec-6] - HikariPool-1 - Start completed.
2019-05-13 22:02:21.759 DEBUG --- [BaseJdbcLogger.java:159][http-nio-8888-exec-6] - ==>  Preparing: SELECT user_id, username, password, user_type, status, ctime, utime, head, money, phone FROM user WHERE username = ? AND password = ? AND status = 0; 
2019-05-13 22:02:22.078 DEBUG --- [BaseJdbcLogger.java:159][http-nio-8888-exec-6] - ==> Parameters: 租客1(String), 123456(String)
2019-05-13 22:02:22.252 DEBUG --- [BaseJdbcLogger.java:159][http-nio-8888-exec-6] - <==      Total: 1
2019-05-13 22:02:22.291 DEBUG --- [BaseJdbcLogger.java:159][http-nio-8888-exec-6] - ==>  Preparing: select permission_id, parent_id, name, type, permission_value, url, icon, status, orders from permission where status = 0 and permission_id in ( select permission_id from role_permission where role_id in ( select role_id from user_role where user_id in ( select user_id from user where username = ? ) ) ) order by orders asc 
2019-05-13 22:02:22.293 DEBUG --- [BaseJdbcLogger.java:159][http-nio-8888-exec-6] - ==> Parameters: 租客1(String)
2019-05-13 22:02:22.346 DEBUG --- [BaseJdbcLogger.java:159][http-nio-8888-exec-6] - <==      Total: 21
2019-05-13 22:04:15.512 INFO  --- [StartupInfoLogger.java:50][restartedMain] - Starting HouseApplication on DESKTOP-A42CON3 with PID 2104 (D:\graduate\house\target\classes started by 谢洁芳 in D:\graduate\house)
2019-05-13 22:04:15.523 INFO  --- [SpringApplication.java:675][restartedMain] - No active profile set, falling back to default profiles: default
2019-05-13 22:04:26.481 ERROR --- [DirectJDKLog.java:173][restartedMain] - An incompatible version [1.2.4] of the APR based Apache Tomcat Native library is installed, while Tomcat requires version [1.2.14]
2019-05-13 22:04:27.579 ERROR --- [DirectJDKLog.java:173][restartedMain] - An incompatible version [1.2.4] of the APR based Apache Tomcat Native library is installed, while Tomcat requires version [1.2.14]
2019-05-13 22:04:27.639 ERROR --- [DirectJDKLog.java:173][restartedMain] - An incompatible version [1.2.4] of the APR based Apache Tomcat Native library is installed, while Tomcat requires version [1.2.14]
2019-05-13 22:04:33.259 WARN  --- [TemplateMode.java:150][restartedMain] - [THYMELEAF][restartedMain] Template Mode 'HTML5' is deprecated. Using Template Mode 'HTML' instead.
2019-05-13 22:04:35.104 INFO  --- [StartupInfoLogger.java:59][restartedMain] - Started HouseApplication in 21.15 seconds (JVM running for 25.777)
2019-05-13 22:05:05.565 INFO  --- [HikariDataSource.java:110][http-nio-8888-exec-6] - HikariPool-1 - Starting...
2019-05-13 22:05:06.255 INFO  --- [HikariDataSource.java:123][http-nio-8888-exec-6] - HikariPool-1 - Start completed.
2019-05-13 22:05:06.280 DEBUG --- [BaseJdbcLogger.java:159][http-nio-8888-exec-6] - ==>  Preparing: SELECT user_id, username, password, user_type, status, ctime, utime, head, money, phone FROM user WHERE username = ? AND password = ? AND status = 0; 
2019-05-13 22:05:06.399 DEBUG --- [BaseJdbcLogger.java:159][http-nio-8888-exec-6] - ==> Parameters: 租客1(String), 123456(String)
2019-05-13 22:05:06.570 DEBUG --- [BaseJdbcLogger.java:159][http-nio-8888-exec-6] - <==      Total: 1
2019-05-13 22:05:06.596 DEBUG --- [BaseJdbcLogger.java:159][http-nio-8888-exec-6] - ==>  Preparing: select permission_id, parent_id, name, type, permission_value, url, icon, status, orders from permission where status = 0 and permission_id in ( select permission_id from role_permission where role_id in ( select role_id from user_role where user_id in ( select user_id from user where username = ? ) ) ) order by orders asc 
2019-05-13 22:05:06.603 DEBUG --- [BaseJdbcLogger.java:159][http-nio-8888-exec-6] - ==> Parameters: 租客1(String)
2019-05-13 22:05:06.631 DEBUG --- [BaseJdbcLogger.java:159][http-nio-8888-exec-6] - <==      Total: 21
2019-05-13 22:07:46.147 INFO  --- [StartupInfoLogger.java:50][restartedMain] - Starting HouseApplication on DESKTOP-A42CON3 with PID 1268 (D:\graduate\house\target\classes started by 谢洁芳 in D:\graduate\house)
2019-05-13 22:07:46.265 INFO  --- [SpringApplication.java:675][restartedMain] - No active profile set, falling back to default profiles: default
2019-05-13 22:07:54.774 ERROR --- [DirectJDKLog.java:173][restartedMain] - An incompatible version [1.2.4] of the APR based Apache Tomcat Native library is installed, while Tomcat requires version [1.2.14]
2019-05-13 22:07:56.024 ERROR --- [DirectJDKLog.java:173][restartedMain] - An incompatible version [1.2.4] of the APR based Apache Tomcat Native library is installed, while Tomcat requires version [1.2.14]
2019-05-13 22:07:56.098 ERROR --- [DirectJDKLog.java:173][restartedMain] - An incompatible version [1.2.4] of the APR based Apache Tomcat Native library is installed, while Tomcat requires version [1.2.14]
2019-05-13 22:07:59.525 WARN  --- [TemplateMode.java:150][restartedMain] - [THYMELEAF][restartedMain] Template Mode 'HTML5' is deprecated. Using Template Mode 'HTML' instead.
2019-05-13 22:08:01.233 INFO  --- [StartupInfoLogger.java:59][restartedMain] - Started HouseApplication in 16.563 seconds (JVM running for 20.589)
2019-05-13 22:09:57.219 INFO  --- [HikariDataSource.java:110][http-nio-8888-exec-4] - HikariPool-1 - Starting...
2019-05-13 22:09:58.144 INFO  --- [HikariDataSource.java:123][http-nio-8888-exec-4] - HikariPool-1 - Start completed.
2019-05-13 22:09:58.235 DEBUG --- [BaseJdbcLogger.java:159][http-nio-8888-exec-4] - ==>  Preparing: SELECT user_id, username, password, user_type, status, ctime, utime, head, money, phone FROM user WHERE username = ? AND password = ? AND status = 0; 
2019-05-13 22:09:58.749 DEBUG --- [BaseJdbcLogger.java:159][http-nio-8888-exec-4] - ==> Parameters: 租客1(String), 123456(String)
2019-05-13 22:09:58.952 DEBUG --- [BaseJdbcLogger.java:159][http-nio-8888-exec-4] - <==      Total: 1
2019-05-13 22:09:58.987 DEBUG --- [BaseJdbcLogger.java:159][http-nio-8888-exec-4] - ==>  Preparing: select permission_id, parent_id, name, type, permission_value, url, icon, status, orders from permission where status = 0 and permission_id in ( select permission_id from role_permission where role_id in ( select role_id from user_role where user_id in ( select user_id from user where username = ? ) ) ) order by orders asc 
2019-05-13 22:09:58.994 DEBUG --- [BaseJdbcLogger.java:159][http-nio-8888-exec-4] - ==> Parameters: 租客1(String)
2019-05-13 22:09:59.051 DEBUG --- [BaseJdbcLogger.java:159][http-nio-8888-exec-4] - <==      Total: 21
2019-05-13 22:39:24.633 INFO  --- [StartupInfoLogger.java:50][restartedMain] - Starting HouseApplication on DESKTOP-A42CON3 with PID 13136 (D:\graduate\house\target\classes started by 谢洁芳 in D:\graduate\house)
2019-05-13 22:39:24.675 INFO  --- [SpringApplication.java:675][restartedMain] - No active profile set, falling back to default profiles: default
2019-05-13 22:39:48.288 ERROR --- [DirectJDKLog.java:173][restartedMain] - An incompatible version [1.2.4] of the APR based Apache Tomcat Native library is installed, while Tomcat requires version [1.2.14]
2019-05-13 22:39:49.607 ERROR --- [DirectJDKLog.java:173][restartedMain] - An incompatible version [1.2.4] of the APR based Apache Tomcat Native library is installed, while Tomcat requires version [1.2.14]
2019-05-13 22:39:49.745 ERROR --- [DirectJDKLog.java:173][restartedMain] - An incompatible version [1.2.4] of the APR based Apache Tomcat Native library is installed, while Tomcat requires version [1.2.14]
2019-05-13 22:39:53.271 WARN  --- [TemplateMode.java:150][restartedMain] - [THYMELEAF][restartedMain] Template Mode 'HTML5' is deprecated. Using Template Mode 'HTML' instead.
2019-05-13 22:39:56.180 INFO  --- [StartupInfoLogger.java:59][restartedMain] - Started HouseApplication in 56.197 seconds (JVM running for 82.035)
2019-05-13 22:41:33.603 INFO  --- [HikariDataSource.java:110][http-nio-8888-exec-7] - HikariPool-1 - Starting...
2019-05-13 22:41:35.355 INFO  --- [HikariDataSource.java:123][http-nio-8888-exec-7] - HikariPool-1 - Start completed.
2019-05-13 22:41:35.381 DEBUG --- [BaseJdbcLogger.java:159][http-nio-8888-exec-7] - ==>  Preparing: SELECT user_id, username, password, user_type, status, ctime, utime, head, money, phone FROM user WHERE username = ? AND password = ? AND status = 0; 
2019-05-13 22:41:35.511 DEBUG --- [BaseJdbcLogger.java:159][http-nio-8888-exec-7] - ==> Parameters: 租客1(String), 123456(String)
2019-05-13 22:41:36.496 DEBUG --- [BaseJdbcLogger.java:159][http-nio-8888-exec-7] - <==      Total: 1
2019-05-13 22:41:36.515 DEBUG --- [BaseJdbcLogger.java:159][http-nio-8888-exec-7] - ==>  Preparing: select permission_id, parent_id, name, type, permission_value, url, icon, status, orders from permission where status = 0 and permission_id in ( select permission_id from role_permission where role_id in ( select role_id from user_role where user_id in ( select user_id from user where username = ? ) ) ) order by orders asc 
2019-05-13 22:41:36.526 DEBUG --- [BaseJdbcLogger.java:159][http-nio-8888-exec-7] - ==> Parameters: 租客1(String)
2019-05-13 22:41:36.727 DEBUG --- [BaseJdbcLogger.java:159][http-nio-8888-exec-7] - <==      Total: 21
2019-05-13 22:50:40.497 INFO  --- [StartupInfoLogger.java:50][restartedMain] - Starting HouseApplication on DESKTOP-A42CON3 with PID 16988 (D:\graduate\house\target\classes started by 谢洁芳 in D:\graduate\house)
2019-05-13 22:50:40.536 INFO  --- [SpringApplication.java:675][restartedMain] - No active profile set, falling back to default profiles: default
2019-05-13 22:51:25.294 ERROR --- [DirectJDKLog.java:173][restartedMain] - An incompatible version [1.2.4] of the APR based Apache Tomcat Native library is installed, while Tomcat requires version [1.2.14]
2019-05-13 22:51:26.437 ERROR --- [DirectJDKLog.java:173][restartedMain] - An incompatible version [1.2.4] of the APR based Apache Tomcat Native library is installed, while Tomcat requires version [1.2.14]
2019-05-13 22:51:26.494 ERROR --- [DirectJDKLog.java:173][restartedMain] - An incompatible version [1.2.4] of the APR based Apache Tomcat Native library is installed, while Tomcat requires version [1.2.14]
2019-05-13 22:51:35.989 WARN  --- [TemplateMode.java:150][restartedMain] - [THYMELEAF][restartedMain] Template Mode 'HTML5' is deprecated. Using Template Mode 'HTML' instead.
2019-05-13 22:51:41.038 INFO  --- [StartupInfoLogger.java:59][restartedMain] - Started HouseApplication in 67.484 seconds (JVM running for 76.977)
2019-05-13 22:52:16.803 INFO  --- [HikariDataSource.java:110][http-nio-8888-exec-6] - HikariPool-1 - Starting...
2019-05-13 22:52:18.157 INFO  --- [HikariDataSource.java:123][http-nio-8888-exec-6] - HikariPool-1 - Start completed.
2019-05-13 22:52:18.185 DEBUG --- [BaseJdbcLogger.java:159][http-nio-8888-exec-6] - ==>  Preparing: SELECT user_id, username, password, user_type, status, ctime, utime, head, money, phone FROM user WHERE username = ? AND password = ? AND status = 0; 
2019-05-13 22:52:18.408 DEBUG --- [BaseJdbcLogger.java:159][http-nio-8888-exec-6] - ==> Parameters: 租客1(String), 123456(String)
2019-05-13 22:52:18.698 DEBUG --- [BaseJdbcLogger.java:159][http-nio-8888-exec-6] - <==      Total: 1
2019-05-13 22:52:18.745 DEBUG --- [BaseJdbcLogger.java:159][http-nio-8888-exec-6] - ==>  Preparing: select permission_id, parent_id, name, type, permission_value, url, icon, status, orders from permission where status = 0 and permission_id in ( select permission_id from role_permission where role_id in ( select role_id from user_role where user_id in ( select user_id from user where username = ? ) ) ) order by orders asc 
2019-05-13 22:52:18.747 DEBUG --- [BaseJdbcLogger.java:159][http-nio-8888-exec-6] - ==> Parameters: 租客1(String)
2019-05-13 22:52:18.875 DEBUG --- [BaseJdbcLogger.java:159][http-nio-8888-exec-6] - <==      Total: 21
