2019-04-04 19:43:51.320 INFO  --- [StartupInfoLogger.java:50][restartedMain] - Starting HouseApplication on DESKTOP-A42CON3 with PID 2892 (D:\graduate\house\target\classes started by 谢洁芳 in D:\graduate\house)
2019-04-04 19:43:51.401 INFO  --- [SpringApplication.java:675][restartedMain] - No active profile set, falling back to default profiles: default
2019-04-04 19:43:57.136 ERROR --- [DirectJDKLog.java:173][restartedMain] - An incompatible version [1.2.4] of the APR based Apache Tomcat Native library is installed, while Tomcat requires version [1.2.14]
2019-04-04 19:43:58.031 ERROR --- [DirectJDKLog.java:173][restartedMain] - An incompatible version [1.2.4] of the APR based Apache Tomcat Native library is installed, while Tomcat requires version [1.2.14]
2019-04-04 19:43:58.098 ERROR --- [DirectJDKLog.java:173][restartedMain] - An incompatible version [1.2.4] of the APR based Apache Tomcat Native library is installed, while Tomcat requires version [1.2.14]
2019-04-04 19:44:01.633 INFO  --- [StartupInfoLogger.java:59][restartedMain] - Started HouseApplication in 12.768 seconds (JVM running for 23.523)
2019-04-04 19:45:07.153 WARN  --- [AbstractHandlerExceptionResolver.java:194][http-nio-8888-exec-1] - Resolved [org.springframework.web.HttpRequestMethodNotSupportedException: Request method 'GET' not supported]
2019-04-04 20:02:29.388 DEBUG --- [ResourceBundleMessageInterpolator.java:89][background-preinit] - Loaded expression factory via original TCCL
2019-04-04 20:02:30.689 INFO  --- [StartupInfoLogger.java:50][restartedMain] - Starting HouseApplication on DESKTOP-A42CON3 with PID 10100 (D:\graduate\house\target\classes started by 谢洁芳 in D:\graduate\house)
2019-04-04 20:02:30.692 INFO  --- [SpringApplication.java:675][restartedMain] - No active profile set, falling back to default profiles: default
2019-04-04 20:02:41.324 ERROR --- [DirectJDKLog.java:173][restartedMain] - An incompatible version [1.2.4] of the APR based Apache Tomcat Native library is installed, while Tomcat requires version [1.2.14]
2019-04-04 20:02:42.231 ERROR --- [DirectJDKLog.java:173][restartedMain] - An incompatible version [1.2.4] of the APR based Apache Tomcat Native library is installed, while Tomcat requires version [1.2.14]
2019-04-04 20:02:42.287 ERROR --- [DirectJDKLog.java:173][restartedMain] - An incompatible version [1.2.4] of the APR based Apache Tomcat Native library is installed, while Tomcat requires version [1.2.14]
2019-04-04 20:02:47.188 INFO  --- [StartupInfoLogger.java:59][restartedMain] - Started HouseApplication in 20.134 seconds (JVM running for 27.004)
2019-04-04 20:02:58.993 WARN  --- [AbstractHandlerExceptionResolver.java:194][http-nio-8888-exec-1] - Resolved [org.springframework.web.HttpRequestMethodNotSupportedException: Request method 'GET' not supported]
2019-04-04 20:03:13.466 WARN  --- [AbstractHandlerExceptionResolver.java:194][http-nio-8888-exec-6] - Resolved [org.springframework.web.HttpRequestMethodNotSupportedException: Request method 'GET' not supported]
2019-04-04 20:03:49.381 INFO  --- [StartupInfoLogger.java:50][restartedMain] - Starting HouseApplication on DESKTOP-A42CON3 with PID 11036 (D:\graduate\house\target\classes started by 谢洁芳 in D:\graduate\house)
2019-04-04 20:03:49.388 INFO  --- [SpringApplication.java:675][restartedMain] - No active profile set, falling back to default profiles: default
2019-04-04 20:03:52.478 ERROR --- [DirectJDKLog.java:173][restartedMain] - An incompatible version [1.2.4] of the APR based Apache Tomcat Native library is installed, while Tomcat requires version [1.2.14]
2019-04-04 20:03:52.747 ERROR --- [DirectJDKLog.java:173][restartedMain] - An incompatible version [1.2.4] of the APR based Apache Tomcat Native library is installed, while Tomcat requires version [1.2.14]
2019-04-04 20:03:52.763 ERROR --- [DirectJDKLog.java:173][restartedMain] - An incompatible version [1.2.4] of the APR based Apache Tomcat Native library is installed, while Tomcat requires version [1.2.14]
2019-04-04 20:03:54.429 INFO  --- [StartupInfoLogger.java:59][restartedMain] - Started HouseApplication in 5.913 seconds (JVM running for 9.158)
2019-04-04 20:04:02.209 WARN  --- [AbstractHandlerExceptionResolver.java:194][http-nio-8888-exec-1] - Resolved [org.springframework.web.HttpRequestMethodNotSupportedException: Request method 'GET' not supported]
2019-04-04 20:06:23.621 INFO  --- [StartupInfoLogger.java:50][restartedMain] - Starting HouseApplication on DESKTOP-A42CON3 with PID 10556 (D:\graduate\house\target\classes started by 谢洁芳 in D:\graduate\house)
2019-04-04 20:06:23.630 INFO  --- [SpringApplication.java:675][restartedMain] - No active profile set, falling back to default profiles: default
2019-04-04 20:06:26.518 ERROR --- [DirectJDKLog.java:173][restartedMain] - An incompatible version [1.2.4] of the APR based Apache Tomcat Native library is installed, while Tomcat requires version [1.2.14]
2019-04-04 20:06:26.792 ERROR --- [DirectJDKLog.java:173][restartedMain] - An incompatible version [1.2.4] of the APR based Apache Tomcat Native library is installed, while Tomcat requires version [1.2.14]
2019-04-04 20:06:26.809 ERROR --- [DirectJDKLog.java:173][restartedMain] - An incompatible version [1.2.4] of the APR based Apache Tomcat Native library is installed, while Tomcat requires version [1.2.14]
2019-04-04 20:06:29.275 INFO  --- [StartupInfoLogger.java:59][restartedMain] - Started HouseApplication in 6.575 seconds (JVM running for 9.751)
2019-04-04 20:06:36.723 WARN  --- [AbstractHandlerExceptionResolver.java:194][http-nio-8888-exec-1] - Resolved [org.springframework.web.HttpRequestMethodNotSupportedException: Request method 'GET' not supported]
2019-04-04 20:11:59.015 INFO  --- [StartupInfoLogger.java:50][restartedMain] - Starting HouseApplication on DESKTOP-A42CON3 with PID 980 (D:\graduate\house\target\classes started by 谢洁芳 in D:\graduate\house)
2019-04-04 20:11:59.023 INFO  --- [SpringApplication.java:675][restartedMain] - No active profile set, falling back to default profiles: default
2019-04-04 20:12:01.646 ERROR --- [DirectJDKLog.java:173][restartedMain] - An incompatible version [1.2.4] of the APR based Apache Tomcat Native library is installed, while Tomcat requires version [1.2.14]
2019-04-04 20:12:01.949 ERROR --- [DirectJDKLog.java:173][restartedMain] - An incompatible version [1.2.4] of the APR based Apache Tomcat Native library is installed, while Tomcat requires version [1.2.14]
2019-04-04 20:12:01.967 ERROR --- [DirectJDKLog.java:173][restartedMain] - An incompatible version [1.2.4] of the APR based Apache Tomcat Native library is installed, while Tomcat requires version [1.2.14]
2019-04-04 20:12:04.314 INFO  --- [StartupInfoLogger.java:59][restartedMain] - Started HouseApplication in 6.15 seconds (JVM running for 9.834)
2019-04-04 20:12:44.558 WARN  --- [AbstractHandlerExceptionResolver.java:194][http-nio-8888-exec-1] - Resolved [org.springframework.web.HttpRequestMethodNotSupportedException: Request method 'GET' not supported]
2019-04-04 20:38:40.906 INFO  --- [StartupInfoLogger.java:50][restartedMain] - Starting HouseApplication on DESKTOP-A42CON3 with PID 3576 (D:\graduate\house\target\classes started by 谢洁芳 in D:\graduate\house)
2019-04-04 20:38:40.918 INFO  --- [SpringApplication.java:675][restartedMain] - No active profile set, falling back to default profiles: default
2019-04-04 20:38:44.806 ERROR --- [DirectJDKLog.java:173][restartedMain] - An incompatible version [1.2.4] of the APR based Apache Tomcat Native library is installed, while Tomcat requires version [1.2.14]
2019-04-04 20:38:45.177 ERROR --- [DirectJDKLog.java:173][restartedMain] - An incompatible version [1.2.4] of the APR based Apache Tomcat Native library is installed, while Tomcat requires version [1.2.14]
2019-04-04 20:38:45.192 ERROR --- [DirectJDKLog.java:173][restartedMain] - An incompatible version [1.2.4] of the APR based Apache Tomcat Native library is installed, while Tomcat requires version [1.2.14]
2019-04-04 20:38:47.162 INFO  --- [StartupInfoLogger.java:59][restartedMain] - Started HouseApplication in 7.207 seconds (JVM running for 11.809)
2019-04-04 20:39:02.920 WARN  --- [AbstractHandlerExceptionResolver.java:194][http-nio-8888-exec-1] - Resolved [org.springframework.web.HttpRequestMethodNotSupportedException: Request method 'GET' not supported]
2019-04-04 21:27:33.346 INFO  --- [StartupInfoLogger.java:50][restartedMain] - Starting HouseApplication on DESKTOP-A42CON3 with PID 1172 (D:\graduate\house\target\classes started by 谢洁芳 in D:\graduate\house)
2019-04-04 21:27:33.355 INFO  --- [SpringApplication.java:675][restartedMain] - No active profile set, falling back to default profiles: default
2019-04-04 21:27:36.934 ERROR --- [DirectJDKLog.java:173][restartedMain] - An incompatible version [1.2.4] of the APR based Apache Tomcat Native library is installed, while Tomcat requires version [1.2.14]
2019-04-04 21:27:37.643 ERROR --- [DirectJDKLog.java:173][restartedMain] - An incompatible version [1.2.4] of the APR based Apache Tomcat Native library is installed, while Tomcat requires version [1.2.14]
2019-04-04 21:27:37.707 ERROR --- [DirectJDKLog.java:173][restartedMain] - An incompatible version [1.2.4] of the APR based Apache Tomcat Native library is installed, while Tomcat requires version [1.2.14]
2019-04-04 21:27:42.814 INFO  --- [StartupInfoLogger.java:59][restartedMain] - Started HouseApplication in 10.546 seconds (JVM running for 14.204)
2019-04-04 21:28:01.409 WARN  --- [AbstractHandlerExceptionResolver.java:194][http-nio-8888-exec-1] - Resolved [org.springframework.web.HttpRequestMethodNotSupportedException: Request method 'GET' not supported]
