2019-04-25 12:21:29.981 INFO  --- [StartupInfoLogger.java:50][restartedMain] - Starting HouseApplication on DESKTOP-A42CON3 with PID 2268 (D:\graduate\house\target\classes started by 谢洁芳 in D:\graduate\house)
2019-04-25 12:21:30.005 INFO  --- [SpringApplication.java:675][restartedMain] - No active profile set, falling back to default profiles: default
2019-04-25 12:21:52.745 ERROR --- [DirectJDKLog.java:173][restartedMain] - An incompatible version [1.2.4] of the APR based Apache Tomcat Native library is installed, while Tomcat requires version [1.2.14]
2019-04-25 12:21:53.944 ERROR --- [DirectJDKLog.java:173][restartedMain] - An incompatible version [1.2.4] of the APR based Apache Tomcat Native library is installed, while Tomcat requires version [1.2.14]
2019-04-25 12:21:54.034 ERROR --- [DirectJDKLog.java:173][restartedMain] - An incompatible version [1.2.4] of the APR based Apache Tomcat Native library is installed, while Tomcat requires version [1.2.14]
2019-04-25 12:21:58.612 WARN  --- [TemplateMode.java:150][restartedMain] - [THYMELEAF][restartedMain] Template Mode 'HTML5' is deprecated. Using Template Mode 'HTML' instead.
2019-04-25 12:22:00.451 WARN  --- [AbstractApplicationContext.java:554][restartedMain] - Exception encountered during context initialization - cancelling refresh attempt: org.springframework.beans.factory.BeanCreationException: Error creating bean with name 'gsonBuilder' defined in class path resource [org/springframework/boot/autoconfigure/gson/GsonAutoConfiguration.class]: Bean instantiation via factory method failed; nested exception is org.springframework.beans.BeanInstantiationException: Failed to instantiate [com.google.gson.GsonBuilder]: Factory method 'gsonBuilder' threw exception; nested exception is java.lang.NoSuchMethodError: com.google.gson.GsonBuilder.setLenient()Lcom/google/gson/GsonBuilder;
2019-04-25 12:22:00.602 ERROR --- [LoggingFailureAnalysisReporter.java:42][restartedMain] - 

***************************
APPLICATION FAILED TO START
***************************

Description:

An attempt was made to call the method com.google.gson.GsonBuilder.setLenient()Lcom/google/gson/GsonBuilder; but it does not exist. Its class, com.google.gson.GsonBuilder, is available from the following locations:

    jar:file:/C:/Users/%e8%b0%a2%e6%b4%81%e8%8a%b3/.m2/repository/com/google/code/gson/gson/2.2.4/gson-2.2.4.jar!/com/google/gson/GsonBuilder.class

It was loaded from the following location:

    file:/C:/Users/%e8%b0%a2%e6%b4%81%e8%8a%b3/.m2/repository/com/google/code/gson/gson/2.2.4/gson-2.2.4.jar


Action:

Correct the classpath of your application so that it contains a single, compatible version of com.google.gson.GsonBuilder

2019-04-25 14:13:39.976 INFO  --- [StartupInfoLogger.java:50][restartedMain] - Starting HouseApplication on DESKTOP-A42CON3 with PID 4020 (D:\graduate\house\target\classes started by 谢洁芳 in D:\graduate\house)
2019-04-25 14:13:40.127 INFO  --- [SpringApplication.java:675][restartedMain] - No active profile set, falling back to default profiles: default
2019-04-25 14:14:25.792 ERROR --- [DirectJDKLog.java:173][restartedMain] - An incompatible version [1.2.4] of the APR based Apache Tomcat Native library is installed, while Tomcat requires version [1.2.14]
2019-04-25 14:14:27.485 ERROR --- [DirectJDKLog.java:173][restartedMain] - An incompatible version [1.2.4] of the APR based Apache Tomcat Native library is installed, while Tomcat requires version [1.2.14]
2019-04-25 14:14:27.597 ERROR --- [DirectJDKLog.java:173][restartedMain] - An incompatible version [1.2.4] of the APR based Apache Tomcat Native library is installed, while Tomcat requires version [1.2.14]
2019-04-25 14:14:33.370 WARN  --- [TemplateMode.java:150][restartedMain] - [THYMELEAF][restartedMain] Template Mode 'HTML5' is deprecated. Using Template Mode 'HTML' instead.
2019-04-25 14:14:37.039 INFO  --- [StartupInfoLogger.java:59][restartedMain] - Started HouseApplication in 64.602 seconds (JVM running for 77.342)
2019-04-25 14:21:47.978 INFO  --- [StartupInfoLogger.java:50][restartedMain] - Starting HouseApplication on DESKTOP-A42CON3 with PID 12596 (D:\graduate\house\target\classes started by 谢洁芳 in D:\graduate\house)
2019-04-25 14:21:47.996 INFO  --- [SpringApplication.java:675][restartedMain] - No active profile set, falling back to default profiles: default
2019-04-25 14:22:04.025 ERROR --- [DirectJDKLog.java:173][restartedMain] - An incompatible version [1.2.4] of the APR based Apache Tomcat Native library is installed, while Tomcat requires version [1.2.14]
2019-04-25 14:22:06.801 ERROR --- [DirectJDKLog.java:173][restartedMain] - An incompatible version [1.2.4] of the APR based Apache Tomcat Native library is installed, while Tomcat requires version [1.2.14]
2019-04-25 14:22:07.133 ERROR --- [DirectJDKLog.java:173][restartedMain] - An incompatible version [1.2.4] of the APR based Apache Tomcat Native library is installed, while Tomcat requires version [1.2.14]
2019-04-25 14:22:14.117 WARN  --- [TemplateMode.java:150][restartedMain] - [THYMELEAF][restartedMain] Template Mode 'HTML5' is deprecated. Using Template Mode 'HTML' instead.
2019-04-25 14:22:16.126 INFO  --- [StartupInfoLogger.java:59][restartedMain] - Started HouseApplication in 30.731 seconds (JVM running for 34.876)
2019-04-25 15:56:32.768 INFO  --- [StartupInfoLogger.java:50][restartedMain] - Starting HouseApplication on DESKTOP-A42CON3 with PID 13612 (D:\graduate\house\target\classes started by 谢洁芳 in D:\graduate\house)
2019-04-25 15:56:32.844 INFO  --- [SpringApplication.java:675][restartedMain] - No active profile set, falling back to default profiles: default
2019-04-25 15:57:48.133 ERROR --- [DirectJDKLog.java:173][restartedMain] - An incompatible version [1.2.4] of the APR based Apache Tomcat Native library is installed, while Tomcat requires version [1.2.14]
2019-04-25 15:57:49.556 ERROR --- [DirectJDKLog.java:173][restartedMain] - An incompatible version [1.2.4] of the APR based Apache Tomcat Native library is installed, while Tomcat requires version [1.2.14]
2019-04-25 15:57:49.659 ERROR --- [DirectJDKLog.java:173][restartedMain] - An incompatible version [1.2.4] of the APR based Apache Tomcat Native library is installed, while Tomcat requires version [1.2.14]
2019-04-25 15:57:55.943 WARN  --- [TemplateMode.java:150][restartedMain] - [THYMELEAF][restartedMain] Template Mode 'HTML5' is deprecated. Using Template Mode 'HTML' instead.
2019-04-25 15:57:58.389 INFO  --- [StartupInfoLogger.java:59][restartedMain] - Started HouseApplication in 102.825 seconds (JVM running for 134.818)
2019-04-25 16:37:07.534 INFO  --- [StartupInfoLogger.java:50][restartedMain] - Starting HouseApplication on DESKTOP-A42CON3 with PID 5372 (D:\graduate\house\target\classes started by 谢洁芳 in D:\graduate\house)
2019-04-25 16:37:07.568 INFO  --- [SpringApplication.java:675][restartedMain] - No active profile set, falling back to default profiles: default
2019-04-25 16:38:12.970 ERROR --- [DirectJDKLog.java:173][restartedMain] - An incompatible version [1.2.4] of the APR based Apache Tomcat Native library is installed, while Tomcat requires version [1.2.14]
2019-04-25 16:38:14.217 ERROR --- [DirectJDKLog.java:173][restartedMain] - An incompatible version [1.2.4] of the APR based Apache Tomcat Native library is installed, while Tomcat requires version [1.2.14]
2019-04-25 16:38:14.346 ERROR --- [DirectJDKLog.java:173][restartedMain] - An incompatible version [1.2.4] of the APR based Apache Tomcat Native library is installed, while Tomcat requires version [1.2.14]
2019-04-25 16:38:20.884 WARN  --- [TemplateMode.java:150][restartedMain] - [THYMELEAF][restartedMain] Template Mode 'HTML5' is deprecated. Using Template Mode 'HTML' instead.
2019-04-25 16:38:25.908 INFO  --- [StartupInfoLogger.java:59][restartedMain] - Started HouseApplication in 91.186 seconds (JVM running for 139.628)
2019-04-25 16:43:08.343 INFO  --- [StartupInfoLogger.java:50][restartedMain] - Starting HouseApplication on DESKTOP-A42CON3 with PID 15344 (D:\graduate\house\target\classes started by 谢洁芳 in D:\graduate\house)
2019-04-25 16:43:08.378 INFO  --- [SpringApplication.java:675][restartedMain] - No active profile set, falling back to default profiles: default
2019-04-25 16:43:21.258 ERROR --- [DirectJDKLog.java:173][restartedMain] - An incompatible version [1.2.4] of the APR based Apache Tomcat Native library is installed, while Tomcat requires version [1.2.14]
2019-04-25 16:43:22.155 ERROR --- [DirectJDKLog.java:173][restartedMain] - An incompatible version [1.2.4] of the APR based Apache Tomcat Native library is installed, while Tomcat requires version [1.2.14]
2019-04-25 16:43:22.228 ERROR --- [DirectJDKLog.java:173][restartedMain] - An incompatible version [1.2.4] of the APR based Apache Tomcat Native library is installed, while Tomcat requires version [1.2.14]
2019-04-25 16:43:26.255 WARN  --- [TemplateMode.java:150][restartedMain] - [THYMELEAF][restartedMain] Template Mode 'HTML5' is deprecated. Using Template Mode 'HTML' instead.
2019-04-25 16:43:29.001 INFO  --- [StartupInfoLogger.java:59][restartedMain] - Started HouseApplication in 23.876 seconds (JVM running for 30.184)
2019-04-25 16:50:15.352 INFO  --- [StartupInfoLogger.java:50][restartedMain] - Starting HouseApplication on DESKTOP-A42CON3 with PID 15464 (D:\graduate\house\target\classes started by 谢洁芳 in D:\graduate\house)
2019-04-25 16:50:15.367 INFO  --- [SpringApplication.java:675][restartedMain] - No active profile set, falling back to default profiles: default
2019-04-25 16:50:32.406 ERROR --- [DirectJDKLog.java:173][restartedMain] - An incompatible version [1.2.4] of the APR based Apache Tomcat Native library is installed, while Tomcat requires version [1.2.14]
2019-04-25 16:50:33.337 ERROR --- [DirectJDKLog.java:173][restartedMain] - An incompatible version [1.2.4] of the APR based Apache Tomcat Native library is installed, while Tomcat requires version [1.2.14]
2019-04-25 16:50:33.411 ERROR --- [DirectJDKLog.java:173][restartedMain] - An incompatible version [1.2.4] of the APR based Apache Tomcat Native library is installed, while Tomcat requires version [1.2.14]
2019-04-25 16:50:37.453 WARN  --- [TemplateMode.java:150][restartedMain] - [THYMELEAF][restartedMain] Template Mode 'HTML5' is deprecated. Using Template Mode 'HTML' instead.
2019-04-25 16:50:40.038 INFO  --- [StartupInfoLogger.java:59][restartedMain] - Started HouseApplication in 27.643 seconds (JVM running for 31.081)
2019-04-25 18:18:13.996 INFO  --- [StartupInfoLogger.java:50][restartedMain] - Starting HouseApplication on DESKTOP-A42CON3 with PID 7140 (D:\graduate\house\target\classes started by 谢洁芳 in D:\graduate\house)
2019-04-25 18:18:14.006 INFO  --- [SpringApplication.java:675][restartedMain] - No active profile set, falling back to default profiles: default
2019-04-25 18:18:42.715 ERROR --- [DirectJDKLog.java:173][restartedMain] - An incompatible version [1.2.4] of the APR based Apache Tomcat Native library is installed, while Tomcat requires version [1.2.14]
2019-04-25 18:18:44.413 ERROR --- [DirectJDKLog.java:173][restartedMain] - An incompatible version [1.2.4] of the APR based Apache Tomcat Native library is installed, while Tomcat requires version [1.2.14]
2019-04-25 18:18:44.504 ERROR --- [DirectJDKLog.java:173][restartedMain] - An incompatible version [1.2.4] of the APR based Apache Tomcat Native library is installed, while Tomcat requires version [1.2.14]
2019-04-25 18:18:51.681 WARN  --- [TemplateMode.java:150][restartedMain] - [THYMELEAF][restartedMain] Template Mode 'HTML5' is deprecated. Using Template Mode 'HTML' instead.
2019-04-25 18:18:55.051 INFO  --- [StartupInfoLogger.java:59][restartedMain] - Started HouseApplication in 49.195 seconds (JVM running for 69.172)
2019-04-25 18:22:46.203 INFO  --- [StartupInfoLogger.java:50][restartedMain] - Starting HouseApplication on DESKTOP-A42CON3 with PID 744 (D:\graduate\house\target\classes started by 谢洁芳 in D:\graduate\house)
2019-04-25 18:22:46.233 INFO  --- [SpringApplication.java:675][restartedMain] - No active profile set, falling back to default profiles: default
2019-04-25 18:23:10.068 ERROR --- [DirectJDKLog.java:173][restartedMain] - An incompatible version [1.2.4] of the APR based Apache Tomcat Native library is installed, while Tomcat requires version [1.2.14]
2019-04-25 18:23:12.190 ERROR --- [DirectJDKLog.java:173][restartedMain] - An incompatible version [1.2.4] of the APR based Apache Tomcat Native library is installed, while Tomcat requires version [1.2.14]
2019-04-25 18:23:12.298 ERROR --- [DirectJDKLog.java:173][restartedMain] - An incompatible version [1.2.4] of the APR based Apache Tomcat Native library is installed, while Tomcat requires version [1.2.14]
2019-04-25 18:23:18.050 WARN  --- [TemplateMode.java:150][restartedMain] - [THYMELEAF][restartedMain] Template Mode 'HTML5' is deprecated. Using Template Mode 'HTML' instead.
2019-04-25 18:23:20.474 INFO  --- [StartupInfoLogger.java:59][restartedMain] - Started HouseApplication in 38.354 seconds (JVM running for 44.205)
2019-04-25 18:31:11.384 INFO  --- [StartupInfoLogger.java:50][restartedMain] - Starting HouseApplication on DESKTOP-A42CON3 with PID 8336 (D:\graduate\house\target\classes started by 谢洁芳 in D:\graduate\house)
2019-04-25 18:31:11.395 INFO  --- [SpringApplication.java:675][restartedMain] - No active profile set, falling back to default profiles: default
2019-04-25 18:31:28.578 ERROR --- [DirectJDKLog.java:173][restartedMain] - An incompatible version [1.2.4] of the APR based Apache Tomcat Native library is installed, while Tomcat requires version [1.2.14]
2019-04-25 18:31:29.243 ERROR --- [DirectJDKLog.java:173][restartedMain] - An incompatible version [1.2.4] of the APR based Apache Tomcat Native library is installed, while Tomcat requires version [1.2.14]
2019-04-25 18:31:29.318 ERROR --- [DirectJDKLog.java:173][restartedMain] - An incompatible version [1.2.4] of the APR based Apache Tomcat Native library is installed, while Tomcat requires version [1.2.14]
2019-04-25 18:31:31.946 WARN  --- [TemplateMode.java:150][restartedMain] - [THYMELEAF][restartedMain] Template Mode 'HTML5' is deprecated. Using Template Mode 'HTML' instead.
2019-04-25 18:31:34.246 INFO  --- [StartupInfoLogger.java:59][restartedMain] - Started HouseApplication in 24.931 seconds (JVM running for 28.148)
2019-04-25 18:34:17.684 INFO  --- [StartupInfoLogger.java:50][restartedMain] - Starting HouseApplication on DESKTOP-A42CON3 with PID 8128 (D:\graduate\house\target\classes started by 谢洁芳 in D:\graduate\house)
2019-04-25 18:34:17.697 INFO  --- [SpringApplication.java:675][restartedMain] - No active profile set, falling back to default profiles: default
2019-04-25 18:34:29.165 ERROR --- [DirectJDKLog.java:173][restartedMain] - An incompatible version [1.2.4] of the APR based Apache Tomcat Native library is installed, while Tomcat requires version [1.2.14]
2019-04-25 18:34:30.094 ERROR --- [DirectJDKLog.java:173][restartedMain] - An incompatible version [1.2.4] of the APR based Apache Tomcat Native library is installed, while Tomcat requires version [1.2.14]
2019-04-25 18:34:30.171 ERROR --- [DirectJDKLog.java:173][restartedMain] - An incompatible version [1.2.4] of the APR based Apache Tomcat Native library is installed, while Tomcat requires version [1.2.14]
2019-04-25 18:34:32.520 WARN  --- [TemplateMode.java:150][restartedMain] - [THYMELEAF][restartedMain] Template Mode 'HTML5' is deprecated. Using Template Mode 'HTML' instead.
2019-04-25 18:34:33.756 INFO  --- [StartupInfoLogger.java:59][restartedMain] - Started HouseApplication in 18.089 seconds (JVM running for 22.242)
2019-04-25 18:40:47.248 INFO  --- [StartupInfoLogger.java:50][restartedMain] - Starting HouseApplication on DESKTOP-A42CON3 with PID 11508 (D:\graduate\house\target\classes started by 谢洁芳 in D:\graduate\house)
2019-04-25 18:40:47.257 INFO  --- [SpringApplication.java:675][restartedMain] - No active profile set, falling back to default profiles: default
2019-04-25 18:41:00.308 ERROR --- [DirectJDKLog.java:173][restartedMain] - An incompatible version [1.2.4] of the APR based Apache Tomcat Native library is installed, while Tomcat requires version [1.2.14]
2019-04-25 18:41:01.330 ERROR --- [DirectJDKLog.java:173][restartedMain] - An incompatible version [1.2.4] of the APR based Apache Tomcat Native library is installed, while Tomcat requires version [1.2.14]
2019-04-25 18:41:01.424 ERROR --- [DirectJDKLog.java:173][restartedMain] - An incompatible version [1.2.4] of the APR based Apache Tomcat Native library is installed, while Tomcat requires version [1.2.14]
2019-04-25 18:41:03.779 WARN  --- [TemplateMode.java:150][restartedMain] - [THYMELEAF][restartedMain] Template Mode 'HTML5' is deprecated. Using Template Mode 'HTML' instead.
2019-04-25 18:41:04.876 INFO  --- [StartupInfoLogger.java:59][restartedMain] - Started HouseApplication in 19.512 seconds (JVM running for 23.001)
2019-04-25 18:57:55.691 INFO  --- [StartupInfoLogger.java:50][restartedMain] - Starting HouseApplication on DESKTOP-A42CON3 with PID 7196 (D:\graduate\house\target\classes started by 谢洁芳 in D:\graduate\house)
2019-04-25 18:57:55.702 INFO  --- [SpringApplication.java:675][restartedMain] - No active profile set, falling back to default profiles: default
2019-04-25 18:58:06.792 ERROR --- [DirectJDKLog.java:173][restartedMain] - An incompatible version [1.2.4] of the APR based Apache Tomcat Native library is installed, while Tomcat requires version [1.2.14]
2019-04-25 18:58:07.452 ERROR --- [DirectJDKLog.java:173][restartedMain] - An incompatible version [1.2.4] of the APR based Apache Tomcat Native library is installed, while Tomcat requires version [1.2.14]
2019-04-25 18:58:07.502 ERROR --- [DirectJDKLog.java:173][restartedMain] - An incompatible version [1.2.4] of the APR based Apache Tomcat Native library is installed, while Tomcat requires version [1.2.14]
2019-04-25 18:58:10.182 WARN  --- [TemplateMode.java:150][restartedMain] - [THYMELEAF][restartedMain] Template Mode 'HTML5' is deprecated. Using Template Mode 'HTML' instead.
2019-04-25 18:58:11.893 INFO  --- [StartupInfoLogger.java:59][restartedMain] - Started HouseApplication in 18.65 seconds (JVM running for 23.205)
2019-04-25 19:12:51.735 INFO  --- [StartupInfoLogger.java:50][restartedMain] - Starting HouseApplication on DESKTOP-A42CON3 with PID 1192 (D:\graduate\house\target\classes started by 谢洁芳 in D:\graduate\house)
2019-04-25 19:12:51.752 INFO  --- [SpringApplication.java:675][restartedMain] - No active profile set, falling back to default profiles: default
2019-04-25 19:13:06.334 ERROR --- [DirectJDKLog.java:173][restartedMain] - An incompatible version [1.2.4] of the APR based Apache Tomcat Native library is installed, while Tomcat requires version [1.2.14]
2019-04-25 19:13:07.373 ERROR --- [DirectJDKLog.java:173][restartedMain] - An incompatible version [1.2.4] of the APR based Apache Tomcat Native library is installed, while Tomcat requires version [1.2.14]
2019-04-25 19:13:07.442 ERROR --- [DirectJDKLog.java:173][restartedMain] - An incompatible version [1.2.4] of the APR based Apache Tomcat Native library is installed, while Tomcat requires version [1.2.14]
2019-04-25 19:13:10.842 WARN  --- [TemplateMode.java:150][restartedMain] - [THYMELEAF][restartedMain] Template Mode 'HTML5' is deprecated. Using Template Mode 'HTML' instead.
2019-04-25 19:13:13.334 INFO  --- [StartupInfoLogger.java:59][restartedMain] - Started HouseApplication in 24.226 seconds (JVM running for 27.048)
2019-04-25 20:56:17.218 INFO  --- [StartupInfoLogger.java:50][restartedMain] - Starting HouseApplication on DESKTOP-A42CON3 with PID 7348 (D:\graduate\house\target\classes started by 谢洁芳 in D:\graduate\house)
2019-04-25 20:56:17.257 INFO  --- [SpringApplication.java:675][restartedMain] - No active profile set, falling back to default profiles: default
2019-04-25 20:56:41.968 ERROR --- [DirectJDKLog.java:173][restartedMain] - An incompatible version [1.2.4] of the APR based Apache Tomcat Native library is installed, while Tomcat requires version [1.2.14]
2019-04-25 20:56:43.375 ERROR --- [DirectJDKLog.java:173][restartedMain] - An incompatible version [1.2.4] of the APR based Apache Tomcat Native library is installed, while Tomcat requires version [1.2.14]
2019-04-25 20:56:43.505 ERROR --- [DirectJDKLog.java:173][restartedMain] - An incompatible version [1.2.4] of the APR based Apache Tomcat Native library is installed, while Tomcat requires version [1.2.14]
2019-04-25 20:56:48.706 WARN  --- [TemplateMode.java:150][restartedMain] - [THYMELEAF][restartedMain] Template Mode 'HTML5' is deprecated. Using Template Mode 'HTML' instead.
2019-04-25 20:56:51.451 INFO  --- [StartupInfoLogger.java:59][restartedMain] - Started HouseApplication in 43.071 seconds (JVM running for 53.767)
2019-04-25 21:22:48.357 INFO  --- [StartupInfoLogger.java:50][restartedMain] - Starting HouseApplication on DESKTOP-A42CON3 with PID 18024 (D:\graduate\house\target\classes started by 谢洁芳 in D:\graduate\house)
2019-04-25 21:22:48.374 INFO  --- [SpringApplication.java:675][restartedMain] - No active profile set, falling back to default profiles: default
2019-04-25 21:23:21.040 ERROR --- [DirectJDKLog.java:173][restartedMain] - An incompatible version [1.2.4] of the APR based Apache Tomcat Native library is installed, while Tomcat requires version [1.2.14]
2019-04-25 21:23:24.529 ERROR --- [DirectJDKLog.java:173][restartedMain] - An incompatible version [1.2.4] of the APR based Apache Tomcat Native library is installed, while Tomcat requires version [1.2.14]
2019-04-25 21:23:24.725 ERROR --- [DirectJDKLog.java:173][restartedMain] - An incompatible version [1.2.4] of the APR based Apache Tomcat Native library is installed, while Tomcat requires version [1.2.14]
2019-04-25 21:23:32.426 WARN  --- [TemplateMode.java:150][restartedMain] - [THYMELEAF][restartedMain] Template Mode 'HTML5' is deprecated. Using Template Mode 'HTML' instead.
2019-04-25 21:23:39.982 INFO  --- [StartupInfoLogger.java:59][restartedMain] - Started HouseApplication in 61.525 seconds (JVM running for 86.494)
2019-04-25 21:38:05.843 INFO  --- [StartupInfoLogger.java:50][restartedMain] - Starting HouseApplication on DESKTOP-A42CON3 with PID 10992 (D:\graduate\house\target\classes started by 谢洁芳 in D:\graduate\house)
2019-04-25 21:38:05.893 INFO  --- [SpringApplication.java:675][restartedMain] - No active profile set, falling back to default profiles: default
2019-04-25 21:38:42.379 ERROR --- [DirectJDKLog.java:173][restartedMain] - An incompatible version [1.2.4] of the APR based Apache Tomcat Native library is installed, while Tomcat requires version [1.2.14]
2019-04-25 21:38:43.639 ERROR --- [DirectJDKLog.java:173][restartedMain] - An incompatible version [1.2.4] of the APR based Apache Tomcat Native library is installed, while Tomcat requires version [1.2.14]
2019-04-25 21:38:43.777 ERROR --- [DirectJDKLog.java:173][restartedMain] - An incompatible version [1.2.4] of the APR based Apache Tomcat Native library is installed, while Tomcat requires version [1.2.14]
2019-04-25 21:38:47.909 WARN  --- [TemplateMode.java:150][restartedMain] - [THYMELEAF][restartedMain] Template Mode 'HTML5' is deprecated. Using Template Mode 'HTML' instead.
2019-04-25 21:38:50.724 INFO  --- [StartupInfoLogger.java:59][restartedMain] - Started HouseApplication in 46.812 seconds (JVM running for 51.52)
2019-04-25 21:52:17.045 INFO  --- [StartupInfoLogger.java:50][restartedMain] - Starting HouseApplication on DESKTOP-A42CON3 with PID 16884 (D:\graduate\house\target\classes started by 谢洁芳 in D:\graduate\house)
2019-04-25 21:52:17.061 INFO  --- [SpringApplication.java:675][restartedMain] - No active profile set, falling back to default profiles: default
2019-04-25 21:52:47.957 ERROR --- [DirectJDKLog.java:173][restartedMain] - An incompatible version [1.2.4] of the APR based Apache Tomcat Native library is installed, while Tomcat requires version [1.2.14]
2019-04-25 21:52:49.693 ERROR --- [DirectJDKLog.java:173][restartedMain] - An incompatible version [1.2.4] of the APR based Apache Tomcat Native library is installed, while Tomcat requires version [1.2.14]
2019-04-25 21:52:49.825 ERROR --- [DirectJDKLog.java:173][restartedMain] - An incompatible version [1.2.4] of the APR based Apache Tomcat Native library is installed, while Tomcat requires version [1.2.14]
2019-04-25 21:52:55.432 WARN  --- [TemplateMode.java:150][restartedMain] - [THYMELEAF][restartedMain] Template Mode 'HTML5' is deprecated. Using Template Mode 'HTML' instead.
2019-04-25 21:52:58.447 INFO  --- [StartupInfoLogger.java:59][restartedMain] - Started HouseApplication in 44.239 seconds (JVM running for 48.618)
2019-04-25 21:55:13.634 INFO  --- [StartupInfoLogger.java:50][restartedMain] - Starting HouseApplication on DESKTOP-A42CON3 with PID 15144 (D:\graduate\house\target\classes started by 谢洁芳 in D:\graduate\house)
2019-04-25 21:55:13.667 INFO  --- [SpringApplication.java:675][restartedMain] - No active profile set, falling back to default profiles: default
2019-04-25 21:55:27.847 ERROR --- [DirectJDKLog.java:173][restartedMain] - An incompatible version [1.2.4] of the APR based Apache Tomcat Native library is installed, while Tomcat requires version [1.2.14]
2019-04-25 21:55:28.554 ERROR --- [DirectJDKLog.java:173][restartedMain] - An incompatible version [1.2.4] of the APR based Apache Tomcat Native library is installed, while Tomcat requires version [1.2.14]
2019-04-25 21:55:28.612 ERROR --- [DirectJDKLog.java:173][restartedMain] - An incompatible version [1.2.4] of the APR based Apache Tomcat Native library is installed, while Tomcat requires version [1.2.14]
2019-04-25 21:55:31.236 WARN  --- [TemplateMode.java:150][restartedMain] - [THYMELEAF][restartedMain] Template Mode 'HTML5' is deprecated. Using Template Mode 'HTML' instead.
2019-04-25 21:55:32.620 INFO  --- [StartupInfoLogger.java:59][restartedMain] - Started HouseApplication in 21.827 seconds (JVM running for 25.129)
2019-04-25 21:59:15.448 INFO  --- [StartupInfoLogger.java:50][restartedMain] - Starting HouseApplication on DESKTOP-A42CON3 with PID 18080 (D:\graduate\house\target\classes started by 谢洁芳 in D:\graduate\house)
2019-04-25 21:59:15.474 INFO  --- [SpringApplication.java:675][restartedMain] - No active profile set, falling back to default profiles: default
2019-04-25 21:59:32.773 ERROR --- [DirectJDKLog.java:173][restartedMain] - An incompatible version [1.2.4] of the APR based Apache Tomcat Native library is installed, while Tomcat requires version [1.2.14]
2019-04-25 21:59:33.614 ERROR --- [DirectJDKLog.java:173][restartedMain] - An incompatible version [1.2.4] of the APR based Apache Tomcat Native library is installed, while Tomcat requires version [1.2.14]
2019-04-25 21:59:33.724 ERROR --- [DirectJDKLog.java:173][restartedMain] - An incompatible version [1.2.4] of the APR based Apache Tomcat Native library is installed, while Tomcat requires version [1.2.14]
2019-04-25 21:59:36.310 WARN  --- [TemplateMode.java:150][restartedMain] - [THYMELEAF][restartedMain] Template Mode 'HTML5' is deprecated. Using Template Mode 'HTML' instead.
2019-04-25 21:59:37.784 INFO  --- [StartupInfoLogger.java:59][restartedMain] - Started HouseApplication in 25.183 seconds (JVM running for 27.969)
2019-04-25 22:09:09.385 INFO  --- [StartupInfoLogger.java:50][restartedMain] - Starting HouseApplication on DESKTOP-A42CON3 with PID 16284 (D:\graduate\house\target\classes started by 谢洁芳 in D:\graduate\house)
2019-04-25 22:09:09.402 INFO  --- [SpringApplication.java:675][restartedMain] - No active profile set, falling back to default profiles: default
2019-04-25 22:09:32.147 ERROR --- [DirectJDKLog.java:173][restartedMain] - An incompatible version [1.2.4] of the APR based Apache Tomcat Native library is installed, while Tomcat requires version [1.2.14]
2019-04-25 22:09:33.466 ERROR --- [DirectJDKLog.java:173][restartedMain] - An incompatible version [1.2.4] of the APR based Apache Tomcat Native library is installed, while Tomcat requires version [1.2.14]
2019-04-25 22:09:33.546 ERROR --- [DirectJDKLog.java:173][restartedMain] - An incompatible version [1.2.4] of the APR based Apache Tomcat Native library is installed, while Tomcat requires version [1.2.14]
2019-04-25 22:09:40.082 WARN  --- [TemplateMode.java:150][restartedMain] - [THYMELEAF][restartedMain] Template Mode 'HTML5' is deprecated. Using Template Mode 'HTML' instead.
2019-04-25 22:09:43.234 INFO  --- [StartupInfoLogger.java:59][restartedMain] - Started HouseApplication in 36.907 seconds (JVM running for 42.328)
2019-04-25 22:13:40.735 INFO  --- [StartupInfoLogger.java:50][restartedMain] - Starting HouseApplication on DESKTOP-A42CON3 with PID 4620 (D:\graduate\house\target\classes started by 谢洁芳 in D:\graduate\house)
2019-04-25 22:13:40.804 INFO  --- [SpringApplication.java:675][restartedMain] - No active profile set, falling back to default profiles: default
2019-04-25 22:13:52.340 ERROR --- [DirectJDKLog.java:173][restartedMain] - An incompatible version [1.2.4] of the APR based Apache Tomcat Native library is installed, while Tomcat requires version [1.2.14]
2019-04-25 22:13:52.982 ERROR --- [DirectJDKLog.java:173][restartedMain] - An incompatible version [1.2.4] of the APR based Apache Tomcat Native library is installed, while Tomcat requires version [1.2.14]
2019-04-25 22:13:53.018 ERROR --- [DirectJDKLog.java:173][restartedMain] - An incompatible version [1.2.4] of the APR based Apache Tomcat Native library is installed, while Tomcat requires version [1.2.14]
2019-04-25 22:13:55.588 WARN  --- [TemplateMode.java:150][restartedMain] - [THYMELEAF][restartedMain] Template Mode 'HTML5' is deprecated. Using Template Mode 'HTML' instead.
2019-04-25 22:13:57.099 INFO  --- [StartupInfoLogger.java:59][restartedMain] - Started HouseApplication in 19.54 seconds (JVM running for 22.796)
2019-04-25 22:36:25.267 INFO  --- [StartupInfoLogger.java:50][restartedMain] - Starting HouseApplication on DESKTOP-A42CON3 with PID 15200 (D:\graduate\house\target\classes started by 谢洁芳 in D:\graduate\house)
2019-04-25 22:36:25.306 INFO  --- [SpringApplication.java:675][restartedMain] - No active profile set, falling back to default profiles: default
2019-04-25 22:36:58.170 ERROR --- [DirectJDKLog.java:173][restartedMain] - An incompatible version [1.2.4] of the APR based Apache Tomcat Native library is installed, while Tomcat requires version [1.2.14]
2019-04-25 22:37:01.389 ERROR --- [DirectJDKLog.java:173][restartedMain] - An incompatible version [1.2.4] of the APR based Apache Tomcat Native library is installed, while Tomcat requires version [1.2.14]
2019-04-25 22:37:01.920 ERROR --- [DirectJDKLog.java:173][restartedMain] - An incompatible version [1.2.4] of the APR based Apache Tomcat Native library is installed, while Tomcat requires version [1.2.14]
2019-04-25 22:37:08.491 WARN  --- [TemplateMode.java:150][restartedMain] - [THYMELEAF][restartedMain] Template Mode 'HTML5' is deprecated. Using Template Mode 'HTML' instead.
2019-04-25 22:37:10.874 INFO  --- [StartupInfoLogger.java:59][restartedMain] - Started HouseApplication in 58.885 seconds (JVM running for 74.209)
2019-04-25 22:47:22.805 INFO  --- [StartupInfoLogger.java:50][restartedMain] - Starting HouseApplication on DESKTOP-A42CON3 with PID 19176 (D:\graduate\house\target\classes started by 谢洁芳 in D:\graduate\house)
2019-04-25 22:47:22.831 INFO  --- [SpringApplication.java:675][restartedMain] - No active profile set, falling back to default profiles: default
2019-04-25 22:48:07.799 ERROR --- [DirectJDKLog.java:173][restartedMain] - An incompatible version [1.2.4] of the APR based Apache Tomcat Native library is installed, while Tomcat requires version [1.2.14]
2019-04-25 22:48:11.821 ERROR --- [DirectJDKLog.java:173][restartedMain] - An incompatible version [1.2.4] of the APR based Apache Tomcat Native library is installed, while Tomcat requires version [1.2.14]
2019-04-25 22:48:12.077 ERROR --- [DirectJDKLog.java:173][restartedMain] - An incompatible version [1.2.4] of the APR based Apache Tomcat Native library is installed, while Tomcat requires version [1.2.14]
2019-04-25 22:48:21.199 WARN  --- [TemplateMode.java:150][restartedMain] - [THYMELEAF][restartedMain] Template Mode 'HTML5' is deprecated. Using Template Mode 'HTML' instead.
2019-04-25 22:48:28.629 INFO  --- [StartupInfoLogger.java:59][restartedMain] - Started HouseApplication in 67.707 seconds (JVM running for 73.871)
2019-04-25 22:51:29.250 INFO  --- [StartupInfoLogger.java:50][restartedMain] - Starting HouseApplication on DESKTOP-A42CON3 with PID 15312 (D:\graduate\house\target\classes started by 谢洁芳 in D:\graduate\house)
2019-04-25 22:51:29.258 INFO  --- [SpringApplication.java:675][restartedMain] - No active profile set, falling back to default profiles: default
2019-04-25 22:51:41.380 ERROR --- [DirectJDKLog.java:173][restartedMain] - An incompatible version [1.2.4] of the APR based Apache Tomcat Native library is installed, while Tomcat requires version [1.2.14]
2019-04-25 22:51:42.381 ERROR --- [DirectJDKLog.java:173][restartedMain] - An incompatible version [1.2.4] of the APR based Apache Tomcat Native library is installed, while Tomcat requires version [1.2.14]
2019-04-25 22:51:42.450 ERROR --- [DirectJDKLog.java:173][restartedMain] - An incompatible version [1.2.4] of the APR based Apache Tomcat Native library is installed, while Tomcat requires version [1.2.14]
2019-04-25 22:51:45.754 WARN  --- [TemplateMode.java:150][restartedMain] - [THYMELEAF][restartedMain] Template Mode 'HTML5' is deprecated. Using Template Mode 'HTML' instead.
2019-04-25 22:51:47.254 INFO  --- [StartupInfoLogger.java:59][restartedMain] - Started HouseApplication in 20.452 seconds (JVM running for 24.217)
2019-04-25 22:56:14.831 INFO  --- [StartupInfoLogger.java:50][restartedMain] - Starting HouseApplication on DESKTOP-A42CON3 with PID 19124 (D:\graduate\house\target\classes started by 谢洁芳 in D:\graduate\house)
2019-04-25 22:56:14.848 INFO  --- [SpringApplication.java:675][restartedMain] - No active profile set, falling back to default profiles: default
2019-04-25 22:56:27.921 ERROR --- [DirectJDKLog.java:173][restartedMain] - An incompatible version [1.2.4] of the APR based Apache Tomcat Native library is installed, while Tomcat requires version [1.2.14]
2019-04-25 22:56:28.718 ERROR --- [DirectJDKLog.java:173][restartedMain] - An incompatible version [1.2.4] of the APR based Apache Tomcat Native library is installed, while Tomcat requires version [1.2.14]
2019-04-25 22:56:28.783 ERROR --- [DirectJDKLog.java:173][restartedMain] - An incompatible version [1.2.4] of the APR based Apache Tomcat Native library is installed, while Tomcat requires version [1.2.14]
2019-04-25 22:56:32.254 WARN  --- [TemplateMode.java:150][restartedMain] - [THYMELEAF][restartedMain] Template Mode 'HTML5' is deprecated. Using Template Mode 'HTML' instead.
2019-04-25 22:56:34.821 INFO  --- [StartupInfoLogger.java:59][restartedMain] - Started HouseApplication in 22.914 seconds (JVM running for 27.382)
2019-04-25 23:00:33.725 INFO  --- [StartupInfoLogger.java:50][restartedMain] - Starting HouseApplication on DESKTOP-A42CON3 with PID 18852 (D:\graduate\house\target\classes started by 谢洁芳 in D:\graduate\house)
2019-04-25 23:00:33.878 INFO  --- [SpringApplication.java:675][restartedMain] - No active profile set, falling back to default profiles: default
2019-04-25 23:00:48.949 ERROR --- [DirectJDKLog.java:173][restartedMain] - An incompatible version [1.2.4] of the APR based Apache Tomcat Native library is installed, while Tomcat requires version [1.2.14]
2019-04-25 23:00:49.781 ERROR --- [DirectJDKLog.java:173][restartedMain] - An incompatible version [1.2.4] of the APR based Apache Tomcat Native library is installed, while Tomcat requires version [1.2.14]
2019-04-25 23:00:49.889 ERROR --- [DirectJDKLog.java:173][restartedMain] - An incompatible version [1.2.4] of the APR based Apache Tomcat Native library is installed, while Tomcat requires version [1.2.14]
2019-04-25 23:00:53.481 WARN  --- [TemplateMode.java:150][restartedMain] - [THYMELEAF][restartedMain] Template Mode 'HTML5' is deprecated. Using Template Mode 'HTML' instead.
2019-04-25 23:00:55.874 INFO  --- [StartupInfoLogger.java:59][restartedMain] - Started HouseApplication in 24.524 seconds (JVM running for 29.581)
2019-04-25 23:04:44.784 INFO  --- [StartupInfoLogger.java:50][restartedMain] - Starting HouseApplication on DESKTOP-A42CON3 with PID 18016 (D:\graduate\house\target\classes started by 谢洁芳 in D:\graduate\house)
2019-04-25 23:04:44.804 INFO  --- [SpringApplication.java:675][restartedMain] - No active profile set, falling back to default profiles: default
2019-04-25 23:04:59.315 ERROR --- [DirectJDKLog.java:173][restartedMain] - An incompatible version [1.2.4] of the APR based Apache Tomcat Native library is installed, while Tomcat requires version [1.2.14]
2019-04-25 23:05:00.032 ERROR --- [DirectJDKLog.java:173][restartedMain] - An incompatible version [1.2.4] of the APR based Apache Tomcat Native library is installed, while Tomcat requires version [1.2.14]
2019-04-25 23:05:00.097 ERROR --- [DirectJDKLog.java:173][restartedMain] - An incompatible version [1.2.4] of the APR based Apache Tomcat Native library is installed, while Tomcat requires version [1.2.14]
2019-04-25 23:05:02.572 WARN  --- [TemplateMode.java:150][restartedMain] - [THYMELEAF][restartedMain] Template Mode 'HTML5' is deprecated. Using Template Mode 'HTML' instead.
2019-04-25 23:05:03.962 INFO  --- [StartupInfoLogger.java:59][restartedMain] - Started HouseApplication in 21.994 seconds (JVM running for 25.981)
2019-04-25 23:07:38.603 INFO  --- [StartupInfoLogger.java:50][restartedMain] - Starting HouseApplication on DESKTOP-A42CON3 with PID 6776 (D:\graduate\house\target\classes started by 谢洁芳 in D:\graduate\house)
2019-04-25 23:07:38.614 INFO  --- [SpringApplication.java:675][restartedMain] - No active profile set, falling back to default profiles: default
2019-04-25 23:07:52.479 ERROR --- [DirectJDKLog.java:173][restartedMain] - An incompatible version [1.2.4] of the APR based Apache Tomcat Native library is installed, while Tomcat requires version [1.2.14]
2019-04-25 23:07:53.399 ERROR --- [DirectJDKLog.java:173][restartedMain] - An incompatible version [1.2.4] of the APR based Apache Tomcat Native library is installed, while Tomcat requires version [1.2.14]
2019-04-25 23:07:53.460 ERROR --- [DirectJDKLog.java:173][restartedMain] - An incompatible version [1.2.4] of the APR based Apache Tomcat Native library is installed, while Tomcat requires version [1.2.14]
2019-04-25 23:07:55.490 WARN  --- [TemplateMode.java:150][restartedMain] - [THYMELEAF][restartedMain] Template Mode 'HTML5' is deprecated. Using Template Mode 'HTML' instead.
2019-04-25 23:07:56.933 INFO  --- [StartupInfoLogger.java:59][restartedMain] - Started HouseApplication in 20.474 seconds (JVM running for 24.309)
2019-04-25 23:11:43.299 INFO  --- [StartupInfoLogger.java:50][restartedMain] - Starting HouseApplication on DESKTOP-A42CON3 with PID 11484 (D:\graduate\house\target\classes started by 谢洁芳 in D:\graduate\house)
2019-04-25 23:11:43.310 INFO  --- [SpringApplication.java:675][restartedMain] - No active profile set, falling back to default profiles: default
2019-04-25 23:11:55.425 ERROR --- [DirectJDKLog.java:173][restartedMain] - An incompatible version [1.2.4] of the APR based Apache Tomcat Native library is installed, while Tomcat requires version [1.2.14]
2019-04-25 23:11:56.038 ERROR --- [DirectJDKLog.java:173][restartedMain] - An incompatible version [1.2.4] of the APR based Apache Tomcat Native library is installed, while Tomcat requires version [1.2.14]
2019-04-25 23:11:56.089 ERROR --- [DirectJDKLog.java:173][restartedMain] - An incompatible version [1.2.4] of the APR based Apache Tomcat Native library is installed, while Tomcat requires version [1.2.14]
2019-04-25 23:11:59.180 WARN  --- [TemplateMode.java:150][restartedMain] - [THYMELEAF][restartedMain] Template Mode 'HTML5' is deprecated. Using Template Mode 'HTML' instead.
2019-04-25 23:12:01.145 INFO  --- [StartupInfoLogger.java:59][restartedMain] - Started HouseApplication in 20.479 seconds (JVM running for 25.462)
2019-04-25 23:13:57.215 INFO  --- [StartupInfoLogger.java:50][restartedMain] - Starting HouseApplication on DESKTOP-A42CON3 with PID 12100 (D:\graduate\house\target\classes started by 谢洁芳 in D:\graduate\house)
2019-04-25 23:13:57.242 INFO  --- [SpringApplication.java:675][restartedMain] - No active profile set, falling back to default profiles: default
2019-04-25 23:14:10.885 ERROR --- [DirectJDKLog.java:173][restartedMain] - An incompatible version [1.2.4] of the APR based Apache Tomcat Native library is installed, while Tomcat requires version [1.2.14]
2019-04-25 23:14:11.796 ERROR --- [DirectJDKLog.java:173][restartedMain] - An incompatible version [1.2.4] of the APR based Apache Tomcat Native library is installed, while Tomcat requires version [1.2.14]
2019-04-25 23:14:11.898 ERROR --- [DirectJDKLog.java:173][restartedMain] - An incompatible version [1.2.4] of the APR based Apache Tomcat Native library is installed, while Tomcat requires version [1.2.14]
2019-04-25 23:14:15.095 WARN  --- [TemplateMode.java:150][restartedMain] - [THYMELEAF][restartedMain] Template Mode 'HTML5' is deprecated. Using Template Mode 'HTML' instead.
2019-04-25 23:14:16.989 INFO  --- [StartupInfoLogger.java:59][restartedMain] - Started HouseApplication in 22.376 seconds (JVM running for 26.72)
2019-04-25 23:16:02.304 INFO  --- [StartupInfoLogger.java:50][restartedMain] - Starting HouseApplication on DESKTOP-A42CON3 with PID 17240 (D:\graduate\house\target\classes started by 谢洁芳 in D:\graduate\house)
2019-04-25 23:16:02.318 INFO  --- [SpringApplication.java:675][restartedMain] - No active profile set, falling back to default profiles: default
2019-04-25 23:16:13.933 ERROR --- [DirectJDKLog.java:173][restartedMain] - An incompatible version [1.2.4] of the APR based Apache Tomcat Native library is installed, while Tomcat requires version [1.2.14]
2019-04-25 23:16:14.932 ERROR --- [DirectJDKLog.java:173][restartedMain] - An incompatible version [1.2.4] of the APR based Apache Tomcat Native library is installed, while Tomcat requires version [1.2.14]
2019-04-25 23:16:15.037 ERROR --- [DirectJDKLog.java:173][restartedMain] - An incompatible version [1.2.4] of the APR based Apache Tomcat Native library is installed, while Tomcat requires version [1.2.14]
2019-04-25 23:16:18.005 WARN  --- [TemplateMode.java:150][restartedMain] - [THYMELEAF][restartedMain] Template Mode 'HTML5' is deprecated. Using Template Mode 'HTML' instead.
2019-04-25 23:16:19.405 INFO  --- [StartupInfoLogger.java:59][restartedMain] - Started HouseApplication in 19.558 seconds (JVM running for 23.357)
2019-04-25 23:18:21.009 INFO  --- [StartupInfoLogger.java:50][restartedMain] - Starting HouseApplication on DESKTOP-A42CON3 with PID 10656 (D:\graduate\house\target\classes started by 谢洁芳 in D:\graduate\house)
2019-04-25 23:18:21.023 INFO  --- [SpringApplication.java:675][restartedMain] - No active profile set, falling back to default profiles: default
2019-04-25 23:18:35.342 ERROR --- [DirectJDKLog.java:173][restartedMain] - An incompatible version [1.2.4] of the APR based Apache Tomcat Native library is installed, while Tomcat requires version [1.2.14]
2019-04-25 23:18:36.581 ERROR --- [DirectJDKLog.java:173][restartedMain] - An incompatible version [1.2.4] of the APR based Apache Tomcat Native library is installed, while Tomcat requires version [1.2.14]
2019-04-25 23:18:36.654 ERROR --- [DirectJDKLog.java:173][restartedMain] - An incompatible version [1.2.4] of the APR based Apache Tomcat Native library is installed, while Tomcat requires version [1.2.14]
2019-04-25 23:18:39.245 WARN  --- [TemplateMode.java:150][restartedMain] - [THYMELEAF][restartedMain] Template Mode 'HTML5' is deprecated. Using Template Mode 'HTML' instead.
2019-04-25 23:18:40.541 INFO  --- [StartupInfoLogger.java:59][restartedMain] - Started HouseApplication in 22.413 seconds (JVM running for 26.143)
2019-04-25 23:20:24.408 INFO  --- [StartupInfoLogger.java:50][restartedMain] - Starting HouseApplication on DESKTOP-A42CON3 with PID 16676 (D:\graduate\house\target\classes started by 谢洁芳 in D:\graduate\house)
2019-04-25 23:20:24.416 INFO  --- [SpringApplication.java:675][restartedMain] - No active profile set, falling back to default profiles: default
2019-04-25 23:20:33.923 ERROR --- [DirectJDKLog.java:173][restartedMain] - An incompatible version [1.2.4] of the APR based Apache Tomcat Native library is installed, while Tomcat requires version [1.2.14]
2019-04-25 23:20:34.532 ERROR --- [DirectJDKLog.java:173][restartedMain] - An incompatible version [1.2.4] of the APR based Apache Tomcat Native library is installed, while Tomcat requires version [1.2.14]
2019-04-25 23:20:34.588 ERROR --- [DirectJDKLog.java:173][restartedMain] - An incompatible version [1.2.4] of the APR based Apache Tomcat Native library is installed, while Tomcat requires version [1.2.14]
2019-04-25 23:20:36.673 WARN  --- [TemplateMode.java:150][restartedMain] - [THYMELEAF][restartedMain] Template Mode 'HTML5' is deprecated. Using Template Mode 'HTML' instead.
2019-04-25 23:20:38.015 INFO  --- [StartupInfoLogger.java:59][restartedMain] - Started HouseApplication in 16.126 seconds (JVM running for 19.944)
2019-04-25 23:22:11.062 INFO  --- [StartupInfoLogger.java:50][restartedMain] - Starting HouseApplication on DESKTOP-A42CON3 with PID 1896 (D:\graduate\house\target\classes started by 谢洁芳 in D:\graduate\house)
2019-04-25 23:22:11.077 INFO  --- [SpringApplication.java:675][restartedMain] - No active profile set, falling back to default profiles: default
2019-04-25 23:22:18.860 ERROR --- [DirectJDKLog.java:173][restartedMain] - An incompatible version [1.2.4] of the APR based Apache Tomcat Native library is installed, while Tomcat requires version [1.2.14]
2019-04-25 23:22:19.337 ERROR --- [DirectJDKLog.java:173][restartedMain] - An incompatible version [1.2.4] of the APR based Apache Tomcat Native library is installed, while Tomcat requires version [1.2.14]
2019-04-25 23:22:19.389 ERROR --- [DirectJDKLog.java:173][restartedMain] - An incompatible version [1.2.4] of the APR based Apache Tomcat Native library is installed, while Tomcat requires version [1.2.14]
2019-04-25 23:22:21.450 WARN  --- [TemplateMode.java:150][restartedMain] - [THYMELEAF][restartedMain] Template Mode 'HTML5' is deprecated. Using Template Mode 'HTML' instead.
2019-04-25 23:22:22.660 INFO  --- [StartupInfoLogger.java:59][restartedMain] - Started HouseApplication in 13.587 seconds (JVM running for 16.567)
2019-04-25 23:24:23.777 INFO  --- [StartupInfoLogger.java:50][restartedMain] - Starting HouseApplication on DESKTOP-A42CON3 with PID 18488 (D:\graduate\house\target\classes started by 谢洁芳 in D:\graduate\house)
2019-04-25 23:24:23.790 INFO  --- [SpringApplication.java:675][restartedMain] - No active profile set, falling back to default profiles: default
2019-04-25 23:24:33.125 ERROR --- [DirectJDKLog.java:173][restartedMain] - An incompatible version [1.2.4] of the APR based Apache Tomcat Native library is installed, while Tomcat requires version [1.2.14]
2019-04-25 23:24:33.593 ERROR --- [DirectJDKLog.java:173][restartedMain] - An incompatible version [1.2.4] of the APR based Apache Tomcat Native library is installed, while Tomcat requires version [1.2.14]
2019-04-25 23:24:33.622 ERROR --- [DirectJDKLog.java:173][restartedMain] - An incompatible version [1.2.4] of the APR based Apache Tomcat Native library is installed, while Tomcat requires version [1.2.14]
2019-04-25 23:24:35.584 WARN  --- [TemplateMode.java:150][restartedMain] - [THYMELEAF][restartedMain] Template Mode 'HTML5' is deprecated. Using Template Mode 'HTML' instead.
2019-04-25 23:24:36.728 INFO  --- [StartupInfoLogger.java:59][restartedMain] - Started HouseApplication in 16.061 seconds (JVM running for 20.87)
2019-04-25 23:25:58.784 INFO  --- [StartupInfoLogger.java:50][restartedMain] - Starting HouseApplication on DESKTOP-A42CON3 with PID 19424 (D:\graduate\house\target\classes started by 谢洁芳 in D:\graduate\house)
2019-04-25 23:25:58.802 INFO  --- [SpringApplication.java:675][restartedMain] - No active profile set, falling back to default profiles: default
2019-04-25 23:26:09.718 ERROR --- [DirectJDKLog.java:173][restartedMain] - An incompatible version [1.2.4] of the APR based Apache Tomcat Native library is installed, while Tomcat requires version [1.2.14]
2019-04-25 23:26:10.697 ERROR --- [DirectJDKLog.java:173][restartedMain] - An incompatible version [1.2.4] of the APR based Apache Tomcat Native library is installed, while Tomcat requires version [1.2.14]
2019-04-25 23:26:10.818 ERROR --- [DirectJDKLog.java:173][restartedMain] - An incompatible version [1.2.4] of the APR based Apache Tomcat Native library is installed, while Tomcat requires version [1.2.14]
2019-04-25 23:26:16.246 WARN  --- [TemplateMode.java:150][restartedMain] - [THYMELEAF][restartedMain] Template Mode 'HTML5' is deprecated. Using Template Mode 'HTML' instead.
2019-04-25 23:26:18.717 INFO  --- [StartupInfoLogger.java:59][restartedMain] - Started HouseApplication in 22.125 seconds (JVM running for 26.524)
2019-04-25 23:27:31.198 INFO  --- [StartupInfoLogger.java:50][restartedMain] - Starting HouseApplication on DESKTOP-A42CON3 with PID 17560 (D:\graduate\house\target\classes started by 谢洁芳 in D:\graduate\house)
2019-04-25 23:27:31.208 INFO  --- [SpringApplication.java:675][restartedMain] - No active profile set, falling back to default profiles: default
2019-04-25 23:27:42.863 ERROR --- [DirectJDKLog.java:173][restartedMain] - An incompatible version [1.2.4] of the APR based Apache Tomcat Native library is installed, while Tomcat requires version [1.2.14]
2019-04-25 23:27:44.115 ERROR --- [DirectJDKLog.java:173][restartedMain] - An incompatible version [1.2.4] of the APR based Apache Tomcat Native library is installed, while Tomcat requires version [1.2.14]
2019-04-25 23:27:44.173 ERROR --- [DirectJDKLog.java:173][restartedMain] - An incompatible version [1.2.4] of the APR based Apache Tomcat Native library is installed, while Tomcat requires version [1.2.14]
2019-04-25 23:27:47.308 WARN  --- [TemplateMode.java:150][restartedMain] - [THYMELEAF][restartedMain] Template Mode 'HTML5' is deprecated. Using Template Mode 'HTML' instead.
2019-04-25 23:27:48.824 INFO  --- [StartupInfoLogger.java:59][restartedMain] - Started HouseApplication in 20.143 seconds (JVM running for 24.594)
