2019-04-29 10:58:27.589 INFO  --- [StartupInfoLogger.java:50][restartedMain] - Starting HouseApplication on DESKTOP-A42CON3 with PID 1908 (D:\graduate\house\target\classes started by 谢洁芳 in D:\graduate\house)
2019-04-29 10:58:27.619 INFO  --- [SpringApplication.java:675][restartedMain] - No active profile set, falling back to default profiles: default
2019-04-29 10:59:05.216 ERROR --- [DirectJDKLog.java:173][restartedMain] - An incompatible version [1.2.4] of the APR based Apache Tomcat Native library is installed, while Tomcat requires version [1.2.14]
2019-04-29 10:59:12.477 ERROR --- [DirectJDKLog.java:173][restartedMain] - An incompatible version [1.2.4] of the APR based Apache Tomcat Native library is installed, while Tomcat requires version [1.2.14]
2019-04-29 10:59:12.765 ERROR --- [DirectJDKLog.java:173][restartedMain] - An incompatible version [1.2.4] of the APR based Apache Tomcat Native library is installed, while Tomcat requires version [1.2.14]
2019-04-29 10:59:18.632 WARN  --- [TemplateMode.java:150][restartedMain] - [THYMELEAF][restartedMain] Template Mode 'HTML5' is deprecated. Using Template Mode 'HTML' instead.
2019-04-29 10:59:20.646 INFO  --- [StartupInfoLogger.java:59][restartedMain] - Started HouseApplication in 61.157 seconds (JVM running for 87.158)
2019-04-29 11:05:18.538 INFO  --- [StartupInfoLogger.java:50][restartedMain] - Starting HouseApplication on DESKTOP-A42CON3 with PID 5880 (D:\graduate\house\target\classes started by 谢洁芳 in D:\graduate\house)
2019-04-29 11:05:18.553 INFO  --- [SpringApplication.java:675][restartedMain] - No active profile set, falling back to default profiles: default
2019-04-29 11:05:32.009 ERROR --- [DirectJDKLog.java:173][restartedMain] - An incompatible version [1.2.4] of the APR based Apache Tomcat Native library is installed, while Tomcat requires version [1.2.14]
2019-04-29 11:05:32.603 ERROR --- [DirectJDKLog.java:173][restartedMain] - An incompatible version [1.2.4] of the APR based Apache Tomcat Native library is installed, while Tomcat requires version [1.2.14]
2019-04-29 11:05:32.674 ERROR --- [DirectJDKLog.java:173][restartedMain] - An incompatible version [1.2.4] of the APR based Apache Tomcat Native library is installed, while Tomcat requires version [1.2.14]
2019-04-29 11:05:34.984 WARN  --- [TemplateMode.java:150][restartedMain] - [THYMELEAF][restartedMain] Template Mode 'HTML5' is deprecated. Using Template Mode 'HTML' instead.
2019-04-29 11:05:36.664 INFO  --- [StartupInfoLogger.java:59][restartedMain] - Started HouseApplication in 20.575 seconds (JVM running for 25.018)
2019-04-29 14:57:00.437 INFO  --- [StartupInfoLogger.java:50][restartedMain] - Starting HouseApplication on DESKTOP-A42CON3 with PID 13124 (D:\graduate\house\target\classes started by 谢洁芳 in D:\graduate\house)
2019-04-29 14:57:00.451 INFO  --- [SpringApplication.java:675][restartedMain] - No active profile set, falling back to default profiles: default
2019-04-29 14:57:32.867 ERROR --- [DirectJDKLog.java:173][restartedMain] - An incompatible version [1.2.4] of the APR based Apache Tomcat Native library is installed, while Tomcat requires version [1.2.14]
2019-04-29 14:57:37.849 ERROR --- [DirectJDKLog.java:173][restartedMain] - An incompatible version [1.2.4] of the APR based Apache Tomcat Native library is installed, while Tomcat requires version [1.2.14]
2019-04-29 14:57:38.651 ERROR --- [DirectJDKLog.java:173][restartedMain] - An incompatible version [1.2.4] of the APR based Apache Tomcat Native library is installed, while Tomcat requires version [1.2.14]
2019-04-29 14:57:47.754 WARN  --- [TemplateMode.java:150][restartedMain] - [THYMELEAF][restartedMain] Template Mode 'HTML5' is deprecated. Using Template Mode 'HTML' instead.
2019-04-29 14:57:49.931 INFO  --- [StartupInfoLogger.java:59][restartedMain] - Started HouseApplication in 53.394 seconds (JVM running for 60.038)
2019-04-29 15:02:23.308 INFO  --- [HikariDataSource.java:110][http-nio-8888-exec-6] - HikariPool-1 - Starting...
2019-04-29 15:02:25.986 INFO  --- [HikariDataSource.java:123][http-nio-8888-exec-6] - HikariPool-1 - Start completed.
2019-04-29 15:02:26.129 DEBUG --- [BaseJdbcLogger.java:159][http-nio-8888-exec-6] - ==>  Preparing: SELECT user_id, username, password, user_type, status, ctime, utime, head, money, phone FROM user WHERE username = ? AND password = ? AND status = 0; 
2019-04-29 15:02:26.713 DEBUG --- [BaseJdbcLogger.java:159][http-nio-8888-exec-6] - ==> Parameters: 房东(String), 123456(String)
2019-04-29 15:02:27.588 DEBUG --- [BaseJdbcLogger.java:159][http-nio-8888-exec-6] - <==      Total: 1
2019-04-29 15:02:27.745 DEBUG --- [BaseJdbcLogger.java:159][http-nio-8888-exec-6] - ==>  Preparing: select permission_id, parent_id, name, type, permission_value, url, icon, status, orders from permission where status = 0 and permission_id in ( select permission_id from role_permission where role_id in ( select role_id from user_role where user_id in ( select user_id from user where username = ? ) ) ) order by orders asc 
2019-04-29 15:02:27.762 DEBUG --- [BaseJdbcLogger.java:159][http-nio-8888-exec-6] - ==> Parameters: 房东(String)
2019-04-29 15:02:27.996 DEBUG --- [BaseJdbcLogger.java:159][http-nio-8888-exec-6] - <==      Total: 20
2019-04-29 20:05:50.090 INFO  --- [StartupInfoLogger.java:50][restartedMain] - Starting HouseApplication on DESKTOP-A42CON3 with PID 17244 (D:\graduate\house\target\classes started by 谢洁芳 in D:\graduate\house)
2019-04-29 20:05:50.146 INFO  --- [SpringApplication.java:675][restartedMain] - No active profile set, falling back to default profiles: default
2019-04-29 20:06:25.573 ERROR --- [DirectJDKLog.java:173][restartedMain] - An incompatible version [1.2.4] of the APR based Apache Tomcat Native library is installed, while Tomcat requires version [1.2.14]
2019-04-29 20:06:28.934 ERROR --- [DirectJDKLog.java:173][restartedMain] - An incompatible version [1.2.4] of the APR based Apache Tomcat Native library is installed, while Tomcat requires version [1.2.14]
2019-04-29 20:06:29.171 ERROR --- [DirectJDKLog.java:173][restartedMain] - An incompatible version [1.2.4] of the APR based Apache Tomcat Native library is installed, while Tomcat requires version [1.2.14]
2019-04-29 20:06:39.460 WARN  --- [TemplateMode.java:150][restartedMain] - [THYMELEAF][restartedMain] Template Mode 'HTML5' is deprecated. Using Template Mode 'HTML' instead.
2019-04-29 20:06:42.758 INFO  --- [StartupInfoLogger.java:59][restartedMain] - Started HouseApplication in 59.653 seconds (JVM running for 65.744)
2019-04-29 20:16:52.669 INFO  --- [HikariDataSource.java:110][http-nio-8888-exec-3] - HikariPool-1 - Starting...
2019-04-29 20:17:00.257 INFO  --- [HikariDataSource.java:123][http-nio-8888-exec-3] - HikariPool-1 - Start completed.
2019-04-29 20:17:00.568 DEBUG --- [BaseJdbcLogger.java:159][http-nio-8888-exec-3] - ==>  Preparing: SELECT user_id, username, password, user_type, status, ctime, utime, head, money, phone FROM user WHERE username = ? AND password = ? AND status = 0; 
2019-04-29 20:17:01.654 DEBUG --- [BaseJdbcLogger.java:159][http-nio-8888-exec-3] - ==> Parameters: 房东1(String), 123456(String)
2019-04-29 20:17:02.569 DEBUG --- [BaseJdbcLogger.java:159][http-nio-8888-exec-3] - <==      Total: 1
2019-04-29 20:17:02.915 DEBUG --- [BaseJdbcLogger.java:159][http-nio-8888-exec-3] - ==>  Preparing: select permission_id, parent_id, name, type, permission_value, url, icon, status, orders from permission where status = 0 and permission_id in ( select permission_id from role_permission where role_id in ( select role_id from user_role where user_id in ( select user_id from user where username = ? ) ) ) order by orders asc 
2019-04-29 20:17:02.921 DEBUG --- [BaseJdbcLogger.java:159][http-nio-8888-exec-3] - ==> Parameters: 房东1(String)
2019-04-29 20:17:03.849 DEBUG --- [BaseJdbcLogger.java:159][http-nio-8888-exec-3] - <==      Total: 20
