2019-06-06 09:11:06.684 INFO  --- [StartupInfoLogger.java:50][restartedMain] - Starting HouseApplication on DESKTOP-A42CON3 with PID 14456 (D:\graduate\house\target\classes started by 谢洁芳 in D:\graduate\house)
2019-06-06 09:11:06.718 INFO  --- [SpringApplication.java:675][restartedMain] - No active profile set, falling back to default profiles: default
2019-06-06 09:12:17.920 ERROR --- [DirectJDKLog.java:173][restartedMain] - An incompatible version [1.2.4] of the APR based Apache Tomcat Native library is installed, while Tomcat requires version [1.2.14]
2019-06-06 09:12:19.420 ERROR --- [DirectJDKLog.java:173][restartedMain] - An incompatible version [1.2.4] of the APR based Apache Tomcat Native library is installed, while Tomcat requires version [1.2.14]
2019-06-06 09:12:19.607 ERROR --- [DirectJDKLog.java:173][restartedMain] - An incompatible version [1.2.4] of the APR based Apache Tomcat Native library is installed, while Tomcat requires version [1.2.14]
2019-06-06 09:13:44.213 WARN  --- [TemplateMode.java:150][restartedMain] - [THYMELEAF][restartedMain] Template Mode 'HTML5' is deprecated. Using Template Mode 'HTML' instead.
2019-06-06 09:13:48.044 INFO  --- [StartupInfoLogger.java:59][restartedMain] - Started HouseApplication in 176.61 seconds (JVM running for 219.92)
2019-06-06 09:15:14.197 INFO  --- [HikariDataSource.java:110][http-nio-8888-exec-6] - HikariPool-1 - Starting...
2019-06-06 09:15:15.996 INFO  --- [HikariDataSource.java:123][http-nio-8888-exec-6] - HikariPool-1 - Start completed.
2019-06-06 09:16:29.011 INFO  --- [LoggerUtil.java:30][http-nio-8888-exec-5] - permission的值为:[user:delete, cart:create, comment:create, house:read, user:update, contract:create, money:create, comment:update, comment:read, money:update, cart:update, user:create, cart:delete, contract:update, contract:read, user:read, comment:delete, cart:read, money:read, contract:delete, money:delete]
2019-06-06 09:16:30.313 INFO  --- [Slf4JLogger.java:101][http-nio-8888-exec-5] - Starting without optional epoll library
2019-06-06 09:16:30.323 INFO  --- [Slf4JLogger.java:101][http-nio-8888-exec-5] - Starting without optional kqueue library
2019-06-06 09:16:34.823 INFO  --- [LoggerUtil.java:34][http-nio-8888-exec-5] - redis缓存中不存在contracts_tenant_12_number_1_sta_1
2019-06-06 09:16:35.796 INFO  --- [LoggerUtil.java:34][http-nio-8888-exec-5] - redis缓存中添加contracts_tenant_12_number_1_sta_1
2019-06-06 09:16:35.811 INFO  --- [LoggerUtil.java:34][http-nio-8888-exec-5] - redis缓存中不存在house_1
2019-06-06 09:16:35.942 INFO  --- [LoggerUtil.java:34][http-nio-8888-exec-5] - redis缓存中添加house_1
2019-06-06 09:16:35.954 INFO  --- [LoggerUtil.java:34][http-nio-8888-exec-5] - redis缓存中不存在user_house_1
2019-06-06 09:16:35.984 INFO  --- [LoggerUtil.java:34][http-nio-8888-exec-5] - redis缓存中添加user_house_1
2019-06-06 09:16:35.992 INFO  --- [LoggerUtil.java:34][http-nio-8888-exec-5] - redis缓存中不存在user_12
2019-06-06 09:16:36.019 INFO  --- [LoggerUtil.java:34][http-nio-8888-exec-5] - redis缓存中添加user_12
2019-06-06 09:39:38.501 INFO  --- [StartupInfoLogger.java:50][restartedMain] - Starting HouseApplication on DESKTOP-A42CON3 with PID 4828 (D:\graduate\house\target\classes started by 谢洁芳 in D:\graduate\house)
2019-06-06 09:39:38.532 INFO  --- [SpringApplication.java:675][restartedMain] - No active profile set, falling back to default profiles: default
2019-06-06 09:40:03.147 ERROR --- [DirectJDKLog.java:173][restartedMain] - An incompatible version [1.2.4] of the APR based Apache Tomcat Native library is installed, while Tomcat requires version [1.2.14]
2019-06-06 09:40:05.163 ERROR --- [DirectJDKLog.java:173][restartedMain] - An incompatible version [1.2.4] of the APR based Apache Tomcat Native library is installed, while Tomcat requires version [1.2.14]
2019-06-06 09:40:05.319 ERROR --- [DirectJDKLog.java:173][restartedMain] - An incompatible version [1.2.4] of the APR based Apache Tomcat Native library is installed, while Tomcat requires version [1.2.14]
2019-06-06 09:40:13.287 WARN  --- [TemplateMode.java:150][restartedMain] - [THYMELEAF][restartedMain] Template Mode 'HTML5' is deprecated. Using Template Mode 'HTML' instead.
2019-06-06 09:40:19.584 INFO  --- [StartupInfoLogger.java:59][restartedMain] - Started HouseApplication in 44.068 seconds (JVM running for 154.505)
2019-06-06 09:42:04.521 INFO  --- [HikariDataSource.java:110][http-nio-8888-exec-4] - HikariPool-1 - Starting...
2019-06-06 09:42:05.244 INFO  --- [HikariDataSource.java:123][http-nio-8888-exec-4] - HikariPool-1 - Start completed.
2019-06-06 09:42:26.444 INFO  --- [LoggerUtil.java:30][http-nio-8888-exec-6] - permission的值为:[user:delete, cart:create, comment:create, house:read, user:update, contract:create, money:create, comment:update, comment:read, money:update, cart:update, user:create, cart:delete, contract:update, contract:read, user:read, comment:delete, cart:read, money:read, contract:delete, money:delete]
2019-06-06 09:42:27.424 INFO  --- [Slf4JLogger.java:101][http-nio-8888-exec-6] - Starting without optional epoll library
2019-06-06 09:42:27.434 INFO  --- [Slf4JLogger.java:101][http-nio-8888-exec-6] - Starting without optional kqueue library
2019-06-06 09:42:30.165 INFO  --- [LoggerUtil.java:34][http-nio-8888-exec-6] - redis缓存中不存在contracts_tenant_12_number_1_sta_1
2019-06-06 09:42:32.271 INFO  --- [LoggerUtil.java:34][http-nio-8888-exec-6] - redis缓存中添加contracts_tenant_12_number_1_sta_1
2019-06-06 09:42:32.279 INFO  --- [LoggerUtil.java:34][http-nio-8888-exec-6] - redis缓存中不存在house_1
2019-06-06 09:42:33.169 INFO  --- [LoggerUtil.java:34][http-nio-8888-exec-6] - redis缓存中添加house_1
2019-06-06 09:42:33.178 INFO  --- [LoggerUtil.java:34][http-nio-8888-exec-6] - redis缓存中不存在user_house_1
2019-06-06 09:42:33.204 INFO  --- [LoggerUtil.java:34][http-nio-8888-exec-6] - redis缓存中添加user_house_1
2019-06-06 09:42:33.213 INFO  --- [LoggerUtil.java:34][http-nio-8888-exec-6] - redis缓存中不存在user_12
2019-06-06 09:42:33.240 INFO  --- [LoggerUtil.java:34][http-nio-8888-exec-6] - redis缓存中添加user_12
2019-06-06 09:53:33.584 INFO  --- [StartupInfoLogger.java:50][restartedMain] - Starting HouseApplication on DESKTOP-A42CON3 with PID 15188 (D:\graduate\house\target\classes started by 谢洁芳 in D:\graduate\house)
2019-06-06 09:53:33.591 INFO  --- [SpringApplication.java:675][restartedMain] - No active profile set, falling back to default profiles: default
2019-06-06 09:53:43.390 ERROR --- [DirectJDKLog.java:173][restartedMain] - An incompatible version [1.2.4] of the APR based Apache Tomcat Native library is installed, while Tomcat requires version [1.2.14]
2019-06-06 09:53:44.505 ERROR --- [DirectJDKLog.java:173][restartedMain] - An incompatible version [1.2.4] of the APR based Apache Tomcat Native library is installed, while Tomcat requires version [1.2.14]
2019-06-06 09:53:44.577 ERROR --- [DirectJDKLog.java:173][restartedMain] - An incompatible version [1.2.4] of the APR based Apache Tomcat Native library is installed, while Tomcat requires version [1.2.14]
2019-06-06 09:53:49.827 WARN  --- [TemplateMode.java:150][restartedMain] - [THYMELEAF][restartedMain] Template Mode 'HTML5' is deprecated. Using Template Mode 'HTML' instead.
2019-06-06 09:53:51.863 INFO  --- [StartupInfoLogger.java:59][restartedMain] - Started HouseApplication in 19.837 seconds (JVM running for 25.609)
2019-06-06 09:56:55.744 INFO  --- [HikariDataSource.java:110][http-nio-8888-exec-6] - HikariPool-1 - Starting...
2019-06-06 09:56:56.828 INFO  --- [HikariDataSource.java:123][http-nio-8888-exec-6] - HikariPool-1 - Start completed.
2019-06-06 09:57:00.016 INFO  --- [LoggerUtil.java:30][http-nio-8888-exec-7] - permission的值为:[user:delete, cart:create, comment:create, house:read, user:update, contract:create, money:create, comment:update, comment:read, money:update, cart:update, user:create, cart:delete, contract:update, contract:read, user:read, comment:delete, cart:read, money:read, contract:delete, money:delete]
2019-06-06 09:57:00.594 INFO  --- [Slf4JLogger.java:101][http-nio-8888-exec-7] - Starting without optional epoll library
2019-06-06 09:57:00.603 INFO  --- [Slf4JLogger.java:101][http-nio-8888-exec-7] - Starting without optional kqueue library
2019-06-06 09:57:04.511 INFO  --- [LoggerUtil.java:34][http-nio-8888-exec-7] - redis缓存中不存在contracts_tenant_12_number_1_sta_1
2019-06-06 09:57:05.127 INFO  --- [LoggerUtil.java:34][http-nio-8888-exec-7] - redis缓存中添加contracts_tenant_12_number_1_sta_1
2019-06-06 09:57:05.138 INFO  --- [LoggerUtil.java:34][http-nio-8888-exec-7] - redis缓存中不存在house_1
2019-06-06 09:57:05.211 INFO  --- [LoggerUtil.java:34][http-nio-8888-exec-7] - redis缓存中添加house_1
2019-06-06 09:57:05.222 INFO  --- [LoggerUtil.java:34][http-nio-8888-exec-7] - redis缓存中不存在user_house_1
2019-06-06 09:57:05.319 INFO  --- [LoggerUtil.java:34][http-nio-8888-exec-7] - redis缓存中添加user_house_1
2019-06-06 09:57:05.326 INFO  --- [LoggerUtil.java:34][http-nio-8888-exec-7] - redis缓存中不存在user_12
2019-06-06 09:57:05.346 INFO  --- [LoggerUtil.java:34][http-nio-8888-exec-7] - redis缓存中添加user_12
2019-06-06 09:58:03.904 INFO  --- [LoggerUtil.java:30][http-nio-8888-exec-10] - permission的值为:[user:delete, cart:create, comment:create, house:read, user:update, contract:create, money:create, comment:update, comment:read, money:update, cart:update, user:create, cart:delete, contract:update, contract:read, user:read, comment:delete, cart:read, money:read, contract:delete, money:delete]
2019-06-06 09:58:03.917 INFO  --- [LoggerUtil.java:34][http-nio-8888-exec-10] - redis缓存中不存在contracts_tenant_12_number_1_sta_1
2019-06-06 09:58:03.965 INFO  --- [LoggerUtil.java:34][http-nio-8888-exec-10] - redis缓存中添加contracts_tenant_12_number_1_sta_1
2019-06-06 09:58:03.972 INFO  --- [LoggerUtil.java:34][http-nio-8888-exec-10] - redis缓存中不存在house_1
2019-06-06 09:58:04.001 INFO  --- [LoggerUtil.java:34][http-nio-8888-exec-10] - redis缓存中添加house_1
2019-06-06 09:58:04.010 INFO  --- [LoggerUtil.java:34][http-nio-8888-exec-10] - redis缓存中不存在user_house_1
2019-06-06 09:58:04.047 INFO  --- [LoggerUtil.java:34][http-nio-8888-exec-10] - redis缓存中添加user_house_1
2019-06-06 09:58:04.055 INFO  --- [LoggerUtil.java:34][http-nio-8888-exec-10] - redis缓存中不存在user_12
2019-06-06 09:58:04.077 INFO  --- [LoggerUtil.java:34][http-nio-8888-exec-10] - redis缓存中添加user_12
2019-06-06 10:02:26.375 INFO  --- [StartupInfoLogger.java:50][restartedMain] - Starting HouseApplication on DESKTOP-A42CON3 with PID 412 (D:\graduate\house\target\classes started by 谢洁芳 in D:\graduate\house)
2019-06-06 10:02:26.390 INFO  --- [SpringApplication.java:675][restartedMain] - No active profile set, falling back to default profiles: default
2019-06-06 10:02:33.187 ERROR --- [DirectJDKLog.java:173][restartedMain] - An incompatible version [1.2.4] of the APR based Apache Tomcat Native library is installed, while Tomcat requires version [1.2.14]
2019-06-06 10:02:33.877 ERROR --- [DirectJDKLog.java:173][restartedMain] - An incompatible version [1.2.4] of the APR based Apache Tomcat Native library is installed, while Tomcat requires version [1.2.14]
2019-06-06 10:02:33.908 ERROR --- [DirectJDKLog.java:173][restartedMain] - An incompatible version [1.2.4] of the APR based Apache Tomcat Native library is installed, while Tomcat requires version [1.2.14]
2019-06-06 10:02:36.386 WARN  --- [TemplateMode.java:150][restartedMain] - [THYMELEAF][restartedMain] Template Mode 'HTML5' is deprecated. Using Template Mode 'HTML' instead.
2019-06-06 10:02:40.526 INFO  --- [StartupInfoLogger.java:59][restartedMain] - Started HouseApplication in 16.12 seconds (JVM running for 20.666)
2019-06-06 10:04:00.680 INFO  --- [HikariDataSource.java:110][http-nio-8888-exec-3] - HikariPool-1 - Starting...
2019-06-06 10:04:01.876 INFO  --- [HikariDataSource.java:123][http-nio-8888-exec-3] - HikariPool-1 - Start completed.
2019-06-06 10:04:15.723 INFO  --- [LoggerUtil.java:30][http-nio-8888-exec-1] - permission的值为:[user:delete, cart:create, comment:create, house:read, user:update, contract:create, money:create, comment:update, comment:read, money:update, cart:update, user:create, cart:delete, contract:update, contract:read, user:read, comment:delete, cart:read, money:read, contract:delete, money:delete]
2019-06-06 10:04:16.522 INFO  --- [Slf4JLogger.java:101][http-nio-8888-exec-1] - Starting without optional epoll library
2019-06-06 10:04:16.530 INFO  --- [Slf4JLogger.java:101][http-nio-8888-exec-1] - Starting without optional kqueue library
2019-06-06 10:04:20.502 INFO  --- [LoggerUtil.java:34][http-nio-8888-exec-1] - redis缓存中不存在contracts_tenant_12_number_1_sta_1
2019-06-06 10:04:20.888 INFO  --- [LoggerUtil.java:34][http-nio-8888-exec-1] - redis缓存中添加contracts_tenant_12_number_1_sta_1
2019-06-06 10:04:20.957 INFO  --- [LoggerUtil.java:34][http-nio-8888-exec-1] - redis缓存中不存在house_1
2019-06-06 10:04:21.039 INFO  --- [LoggerUtil.java:34][http-nio-8888-exec-1] - redis缓存中添加house_1
2019-06-06 10:04:21.057 INFO  --- [LoggerUtil.java:34][http-nio-8888-exec-1] - redis缓存中不存在user_house_1
2019-06-06 10:04:21.087 INFO  --- [LoggerUtil.java:34][http-nio-8888-exec-1] - redis缓存中添加user_house_1
2019-06-06 10:04:21.095 INFO  --- [LoggerUtil.java:34][http-nio-8888-exec-1] - redis缓存中不存在user_12
2019-06-06 10:04:21.113 INFO  --- [LoggerUtil.java:34][http-nio-8888-exec-1] - redis缓存中添加user_12
2019-06-06 10:06:00.315 INFO  --- [StartupInfoLogger.java:50][restartedMain] - Starting HouseApplication on DESKTOP-A42CON3 with PID 14036 (D:\graduate\house\target\classes started by 谢洁芳 in D:\graduate\house)
2019-06-06 10:06:00.324 INFO  --- [SpringApplication.java:675][restartedMain] - No active profile set, falling back to default profiles: default
2019-06-06 10:06:10.163 ERROR --- [DirectJDKLog.java:173][restartedMain] - An incompatible version [1.2.4] of the APR based Apache Tomcat Native library is installed, while Tomcat requires version [1.2.14]
2019-06-06 10:06:10.934 ERROR --- [DirectJDKLog.java:173][restartedMain] - An incompatible version [1.2.4] of the APR based Apache Tomcat Native library is installed, while Tomcat requires version [1.2.14]
2019-06-06 10:06:10.977 ERROR --- [DirectJDKLog.java:173][restartedMain] - An incompatible version [1.2.4] of the APR based Apache Tomcat Native library is installed, while Tomcat requires version [1.2.14]
2019-06-06 10:06:14.487 WARN  --- [TemplateMode.java:150][restartedMain] - [THYMELEAF][restartedMain] Template Mode 'HTML5' is deprecated. Using Template Mode 'HTML' instead.
2019-06-06 10:06:16.280 INFO  --- [StartupInfoLogger.java:59][restartedMain] - Started HouseApplication in 17.751 seconds (JVM running for 22.862)
2019-06-06 10:07:33.019 INFO  --- [HikariDataSource.java:110][http-nio-8888-exec-6] - HikariPool-1 - Starting...
2019-06-06 10:07:34.146 INFO  --- [HikariDataSource.java:123][http-nio-8888-exec-6] - HikariPool-1 - Start completed.
2019-06-06 10:07:37.036 INFO  --- [LoggerUtil.java:30][http-nio-8888-exec-7] - permission的值为:[user:delete, cart:create, comment:create, house:read, user:update, contract:create, money:create, comment:update, comment:read, money:update, cart:update, user:create, cart:delete, contract:update, contract:read, user:read, comment:delete, cart:read, money:read, contract:delete, money:delete]
2019-06-06 10:07:37.876 INFO  --- [Slf4JLogger.java:101][http-nio-8888-exec-7] - Starting without optional epoll library
2019-06-06 10:07:37.888 INFO  --- [Slf4JLogger.java:101][http-nio-8888-exec-7] - Starting without optional kqueue library
2019-06-06 10:07:41.431 INFO  --- [LoggerUtil.java:34][http-nio-8888-exec-7] - redis缓存中不存在contracts_tenant_12_number_1_sta_1
2019-06-06 10:07:41.650 INFO  --- [LoggerUtil.java:34][http-nio-8888-exec-7] - redis缓存中添加contracts_tenant_12_number_1_sta_1
2019-06-06 10:07:41.658 INFO  --- [LoggerUtil.java:34][http-nio-8888-exec-7] - redis缓存中不存在house_1
2019-06-06 10:07:41.686 INFO  --- [LoggerUtil.java:34][http-nio-8888-exec-7] - redis缓存中添加house_1
2019-06-06 10:07:41.690 INFO  --- [LoggerUtil.java:34][http-nio-8888-exec-7] - redis缓存中不存在user_house_1
2019-06-06 10:07:42.105 INFO  --- [LoggerUtil.java:34][http-nio-8888-exec-7] - redis缓存中添加user_house_1
2019-06-06 10:07:42.109 INFO  --- [LoggerUtil.java:34][http-nio-8888-exec-7] - redis缓存中不存在user_12
2019-06-06 10:07:42.122 INFO  --- [LoggerUtil.java:34][http-nio-8888-exec-7] - redis缓存中添加user_12
2019-06-06 10:07:51.321 INFO  --- [LoggerUtil.java:30][http-nio-8888-exec-10] - permission的值为:[user:delete, cart:create, comment:create, house:read, user:update, contract:create, money:create, comment:update, comment:read, money:update, cart:update, user:create, cart:delete, contract:update, contract:read, user:read, comment:delete, cart:read, money:read, contract:delete, money:delete]
2019-06-06 10:07:51.335 INFO  --- [LoggerUtil.java:34][http-nio-8888-exec-10] - redis缓存中存在contracts_tenant_12_number_1_sta_1
2019-06-06 10:07:51.365 INFO  --- [LoggerUtil.java:34][http-nio-8888-exec-10] - redis缓存中存在house_1
2019-06-06 10:07:51.377 INFO  --- [LoggerUtil.java:34][http-nio-8888-exec-10] - redis缓存中存在user_house_1
2019-06-06 10:07:51.390 INFO  --- [LoggerUtil.java:34][http-nio-8888-exec-10] - redis缓存中存在user_12
2019-06-06 10:07:51.534 INFO  --- [LoggerUtil.java:30][http-nio-8888-exec-1] - permission的值为:[user:delete, cart:create, comment:create, house:read, user:update, contract:create, money:create, comment:update, comment:read, money:update, cart:update, user:create, cart:delete, contract:update, contract:read, user:read, comment:delete, cart:read, money:read, contract:delete, money:delete]
2019-06-06 10:07:51.545 INFO  --- [LoggerUtil.java:34][http-nio-8888-exec-1] - redis缓存中存在contracts_tenant_12_number_1_sta_1
2019-06-06 10:07:51.576 INFO  --- [LoggerUtil.java:34][http-nio-8888-exec-1] - redis缓存中存在house_1
2019-06-06 10:07:51.589 INFO  --- [LoggerUtil.java:34][http-nio-8888-exec-1] - redis缓存中存在user_house_1
2019-06-06 10:07:51.603 INFO  --- [LoggerUtil.java:34][http-nio-8888-exec-1] - redis缓存中存在user_12
2019-06-06 10:07:51.864 INFO  --- [LoggerUtil.java:30][http-nio-8888-exec-2] - permission的值为:[user:delete, cart:create, comment:create, house:read, user:update, contract:create, money:create, comment:update, comment:read, money:update, cart:update, user:create, cart:delete, contract:update, contract:read, user:read, comment:delete, cart:read, money:read, contract:delete, money:delete]
2019-06-06 10:07:51.874 INFO  --- [LoggerUtil.java:34][http-nio-8888-exec-2] - redis缓存中不存在contracts_tenant_12_number_1_sta_1
2019-06-06 10:07:51.927 INFO  --- [LoggerUtil.java:34][http-nio-8888-exec-2] - redis缓存中添加contracts_tenant_12_number_1_sta_1
2019-06-06 10:07:51.933 INFO  --- [LoggerUtil.java:34][http-nio-8888-exec-2] - redis缓存中不存在house_1
2019-06-06 10:07:51.983 INFO  --- [LoggerUtil.java:34][http-nio-8888-exec-2] - redis缓存中添加house_1
2019-06-06 10:07:51.991 INFO  --- [LoggerUtil.java:34][http-nio-8888-exec-2] - redis缓存中存在user_house_1
2019-06-06 10:07:52.016 INFO  --- [LoggerUtil.java:34][http-nio-8888-exec-2] - redis缓存中存在user_12
2019-06-06 10:14:08.575 INFO  --- [StartupInfoLogger.java:50][restartedMain] - Starting HouseApplication on DESKTOP-A42CON3 with PID 6076 (D:\graduate\house\target\classes started by 谢洁芳 in D:\graduate\house)
2019-06-06 10:14:08.590 INFO  --- [SpringApplication.java:675][restartedMain] - No active profile set, falling back to default profiles: default
2019-06-06 10:14:16.871 ERROR --- [DirectJDKLog.java:173][restartedMain] - An incompatible version [1.2.4] of the APR based Apache Tomcat Native library is installed, while Tomcat requires version [1.2.14]
2019-06-06 10:14:17.746 ERROR --- [DirectJDKLog.java:173][restartedMain] - An incompatible version [1.2.4] of the APR based Apache Tomcat Native library is installed, while Tomcat requires version [1.2.14]
2019-06-06 10:14:17.793 ERROR --- [DirectJDKLog.java:173][restartedMain] - An incompatible version [1.2.4] of the APR based Apache Tomcat Native library is installed, while Tomcat requires version [1.2.14]
2019-06-06 10:14:21.719 WARN  --- [TemplateMode.java:150][restartedMain] - [THYMELEAF][restartedMain] Template Mode 'HTML5' is deprecated. Using Template Mode 'HTML' instead.
2019-06-06 10:14:23.891 INFO  --- [StartupInfoLogger.java:59][restartedMain] - Started HouseApplication in 16.629 seconds (JVM running for 21.161)
2019-06-06 10:15:18.449 INFO  --- [HikariDataSource.java:110][http-nio-8888-exec-9] - HikariPool-1 - Starting...
2019-06-06 10:15:19.784 INFO  --- [HikariDataSource.java:123][http-nio-8888-exec-9] - HikariPool-1 - Start completed.
2019-06-06 10:15:32.458 INFO  --- [LoggerUtil.java:30][http-nio-8888-exec-1] - permission的值为:[user:delete, cart:create, comment:create, house:read, user:update, contract:create, money:create, comment:update, comment:read, money:update, cart:update, user:create, cart:delete, contract:update, contract:read, user:read, comment:delete, cart:read, money:read, contract:delete, money:delete]
2019-06-06 10:15:32.984 INFO  --- [Slf4JLogger.java:101][http-nio-8888-exec-1] - Starting without optional epoll library
2019-06-06 10:15:32.992 INFO  --- [Slf4JLogger.java:101][http-nio-8888-exec-1] - Starting without optional kqueue library
2019-06-06 10:15:35.472 INFO  --- [LoggerUtil.java:34][http-nio-8888-exec-1] - redis缓存中不存在contracts_tenant_12_number_1_sta_1
2019-06-06 10:15:35.647 INFO  --- [LoggerUtil.java:34][http-nio-8888-exec-1] - redis缓存中添加contracts_tenant_12_number_1_sta_1
2019-06-06 10:15:35.654 INFO  --- [LoggerUtil.java:34][http-nio-8888-exec-1] - redis缓存中不存在house_1
2019-06-06 10:15:35.687 INFO  --- [LoggerUtil.java:34][http-nio-8888-exec-1] - redis缓存中添加house_1
2019-06-06 10:15:35.696 INFO  --- [LoggerUtil.java:34][http-nio-8888-exec-1] - redis缓存中不存在user_house_1
2019-06-06 10:15:35.714 INFO  --- [LoggerUtil.java:34][http-nio-8888-exec-1] - redis缓存中添加user_house_1
2019-06-06 10:15:35.721 INFO  --- [LoggerUtil.java:34][http-nio-8888-exec-1] - redis缓存中不存在user_12
2019-06-06 10:15:35.736 INFO  --- [LoggerUtil.java:34][http-nio-8888-exec-1] - redis缓存中添加user_12
2019-06-06 10:15:45.549 INFO  --- [LoggerUtil.java:30][http-nio-8888-exec-4] - permission的值为:[user:delete, cart:create, comment:create, house:read, user:update, contract:create, money:create, comment:update, comment:read, money:update, cart:update, user:create, cart:delete, contract:update, contract:read, user:read, comment:delete, cart:read, money:read, contract:delete, money:delete]
2019-06-06 10:15:45.563 INFO  --- [LoggerUtil.java:34][http-nio-8888-exec-4] - redis缓存中存在contracts_tenant_12_number_1_sta_1
2019-06-06 10:15:45.612 INFO  --- [LoggerUtil.java:34][http-nio-8888-exec-4] - redis缓存中存在house_1
2019-06-06 10:15:45.635 INFO  --- [LoggerUtil.java:34][http-nio-8888-exec-4] - redis缓存中存在user_house_1
2019-06-06 10:15:45.662 INFO  --- [LoggerUtil.java:34][http-nio-8888-exec-4] - redis缓存中存在user_12
2019-06-06 10:15:45.842 INFO  --- [LoggerUtil.java:30][http-nio-8888-exec-5] - permission的值为:[user:delete, cart:create, comment:create, house:read, user:update, contract:create, money:create, comment:update, comment:read, money:update, cart:update, user:create, cart:delete, contract:update, contract:read, user:read, comment:delete, cart:read, money:read, contract:delete, money:delete]
2019-06-06 10:15:45.855 INFO  --- [LoggerUtil.java:34][http-nio-8888-exec-5] - redis缓存中不存在contracts_tenant_12_number_1_sta_1
2019-06-06 10:15:45.977 INFO  --- [LoggerUtil.java:34][http-nio-8888-exec-5] - redis缓存中添加contracts_tenant_12_number_1_sta_1
2019-06-06 10:15:46.004 INFO  --- [LoggerUtil.java:34][http-nio-8888-exec-5] - redis缓存中不存在house_1
2019-06-06 10:15:46.164 INFO  --- [LoggerUtil.java:34][http-nio-8888-exec-5] - redis缓存中添加house_1
2019-06-06 10:15:46.176 INFO  --- [LoggerUtil.java:34][http-nio-8888-exec-5] - redis缓存中不存在user_house_1
2019-06-06 10:15:46.322 INFO  --- [LoggerUtil.java:30][http-nio-8888-exec-7] - permission的值为:[user:delete, cart:create, comment:create, house:read, user:update, contract:create, money:create, comment:update, comment:read, money:update, cart:update, user:create, cart:delete, contract:update, contract:read, user:read, comment:delete, cart:read, money:read, contract:delete, money:delete]
2019-06-06 10:15:46.615 INFO  --- [LoggerUtil.java:34][http-nio-8888-exec-5] - redis缓存中添加user_house_1
2019-06-06 10:15:46.616 INFO  --- [LoggerUtil.java:34][http-nio-8888-exec-7] - redis缓存中存在contracts_tenant_12_number_1_sta_1
2019-06-06 10:15:46.629 INFO  --- [LoggerUtil.java:34][http-nio-8888-exec-5] - redis缓存中不存在user_12
2019-06-06 10:15:46.651 INFO  --- [LoggerUtil.java:34][http-nio-8888-exec-7] - redis缓存中存在house_1
2019-06-06 10:15:46.667 INFO  --- [LoggerUtil.java:34][http-nio-8888-exec-5] - redis缓存中添加user_12
2019-06-06 10:15:46.677 INFO  --- [LoggerUtil.java:34][http-nio-8888-exec-7] - redis缓存中存在user_house_1
2019-06-06 10:15:46.717 INFO  --- [LoggerUtil.java:34][http-nio-8888-exec-7] - redis缓存中存在user_12
2019-06-06 10:15:49.157 INFO  --- [LoggerUtil.java:30][http-nio-8888-exec-5] - permission的值为:[user:delete, cart:create, comment:create, house:read, user:update, contract:create, money:create, comment:update, comment:read, money:update, cart:update, user:create, cart:delete, contract:update, contract:read, user:read, comment:delete, cart:read, money:read, contract:delete, money:delete]
2019-06-06 10:15:49.170 INFO  --- [LoggerUtil.java:34][http-nio-8888-exec-5] - redis缓存中存在contracts_tenant_12_number_1_sta_1
2019-06-06 10:15:49.186 INFO  --- [LoggerUtil.java:34][http-nio-8888-exec-5] - redis缓存中存在house_1
2019-06-06 10:15:49.201 INFO  --- [LoggerUtil.java:34][http-nio-8888-exec-5] - redis缓存中存在user_house_1
2019-06-06 10:15:49.219 INFO  --- [LoggerUtil.java:34][http-nio-8888-exec-5] - redis缓存中存在user_12
2019-06-06 10:18:26.464 INFO  --- [StartupInfoLogger.java:50][restartedMain] - Starting HouseApplication on DESKTOP-A42CON3 with PID 15496 (D:\graduate\house\target\classes started by 谢洁芳 in D:\graduate\house)
2019-06-06 10:18:26.480 INFO  --- [SpringApplication.java:675][restartedMain] - No active profile set, falling back to default profiles: default
2019-06-06 10:18:32.667 ERROR --- [DirectJDKLog.java:173][restartedMain] - An incompatible version [1.2.4] of the APR based Apache Tomcat Native library is installed, while Tomcat requires version [1.2.14]
2019-06-06 10:18:33.339 ERROR --- [DirectJDKLog.java:173][restartedMain] - An incompatible version [1.2.4] of the APR based Apache Tomcat Native library is installed, while Tomcat requires version [1.2.14]
2019-06-06 10:18:33.386 ERROR --- [DirectJDKLog.java:173][restartedMain] - An incompatible version [1.2.4] of the APR based Apache Tomcat Native library is installed, while Tomcat requires version [1.2.14]
2019-06-06 10:18:36.526 WARN  --- [TemplateMode.java:150][restartedMain] - [THYMELEAF][restartedMain] Template Mode 'HTML5' is deprecated. Using Template Mode 'HTML' instead.
2019-06-06 10:18:38.402 INFO  --- [StartupInfoLogger.java:59][restartedMain] - Started HouseApplication in 13.11 seconds (JVM running for 17.645)
2019-06-06 10:19:35.684 INFO  --- [HikariDataSource.java:110][http-nio-8888-exec-7] - HikariPool-1 - Starting...
2019-06-06 10:19:36.603 INFO  --- [HikariDataSource.java:123][http-nio-8888-exec-7] - HikariPool-1 - Start completed.
2019-06-06 10:19:39.166 INFO  --- [LoggerUtil.java:30][http-nio-8888-exec-8] - permission的值为:[user:delete, cart:create, comment:create, house:read, user:update, contract:create, money:create, comment:update, comment:read, money:update, cart:update, user:create, cart:delete, contract:update, contract:read, user:read, comment:delete, cart:read, money:read, contract:delete, money:delete]
2019-06-06 10:19:39.650 INFO  --- [Slf4JLogger.java:101][http-nio-8888-exec-8] - Starting without optional epoll library
2019-06-06 10:19:39.659 INFO  --- [Slf4JLogger.java:101][http-nio-8888-exec-8] - Starting without optional kqueue library
2019-06-06 10:19:41.882 INFO  --- [LoggerUtil.java:34][http-nio-8888-exec-8] - redis缓存中不存在contracts_tenant_12_number_1_sta_1
2019-06-06 10:19:42.079 INFO  --- [LoggerUtil.java:34][http-nio-8888-exec-8] - redis缓存中添加contracts_tenant_12_number_1_sta_1
2019-06-06 10:19:42.086 INFO  --- [LoggerUtil.java:34][http-nio-8888-exec-8] - redis缓存中不存在house_1
2019-06-06 10:19:42.113 INFO  --- [LoggerUtil.java:34][http-nio-8888-exec-8] - redis缓存中添加house_1
2019-06-06 10:19:42.119 INFO  --- [LoggerUtil.java:34][http-nio-8888-exec-8] - redis缓存中不存在user_house_1
2019-06-06 10:19:42.136 INFO  --- [LoggerUtil.java:34][http-nio-8888-exec-8] - redis缓存中添加user_house_1
2019-06-06 10:19:42.144 INFO  --- [LoggerUtil.java:34][http-nio-8888-exec-8] - redis缓存中不存在user_12
2019-06-06 10:19:42.158 INFO  --- [LoggerUtil.java:34][http-nio-8888-exec-8] - redis缓存中添加user_12
2019-06-06 10:20:04.582 INFO  --- [LoggerUtil.java:30][http-nio-8888-exec-1] - permission的值为:[user:delete, cart:create, comment:create, house:read, user:update, contract:create, money:create, comment:update, comment:read, money:update, cart:update, user:create, cart:delete, contract:update, contract:read, user:read, comment:delete, cart:read, money:read, contract:delete, money:delete]
2019-06-06 10:20:04.617 INFO  --- [LoggerUtil.java:34][http-nio-8888-exec-1] - redis缓存中不存在contracts_tenant_12_number_1_sta_1
2019-06-06 10:20:04.702 INFO  --- [LoggerUtil.java:34][http-nio-8888-exec-1] - redis缓存中添加contracts_tenant_12_number_1_sta_1
2019-06-06 10:20:04.716 INFO  --- [LoggerUtil.java:34][http-nio-8888-exec-1] - redis缓存中不存在house_1
2019-06-06 10:20:04.760 INFO  --- [LoggerUtil.java:30][http-nio-8888-exec-2] - permission的值为:[user:delete, cart:create, comment:create, house:read, user:update, contract:create, money:create, comment:update, comment:read, money:update, cart:update, user:create, cart:delete, contract:update, contract:read, user:read, comment:delete, cart:read, money:read, contract:delete, money:delete]
2019-06-06 10:20:04.775 INFO  --- [LoggerUtil.java:34][http-nio-8888-exec-1] - redis缓存中添加house_1
2019-06-06 10:20:04.775 INFO  --- [LoggerUtil.java:34][http-nio-8888-exec-2] - redis缓存中存在contracts_tenant_12_number_1_sta_1
2019-06-06 10:20:04.785 INFO  --- [LoggerUtil.java:34][http-nio-8888-exec-1] - redis缓存中不存在user_house_1
2019-06-06 10:20:04.818 INFO  --- [LoggerUtil.java:34][http-nio-8888-exec-1] - redis缓存中添加user_house_1
2019-06-06 10:20:04.834 INFO  --- [LoggerUtil.java:34][http-nio-8888-exec-2] - redis缓存中存在house_1
2019-06-06 10:20:04.833 INFO  --- [LoggerUtil.java:34][http-nio-8888-exec-1] - redis缓存中不存在user_12
2019-06-06 10:20:04.858 INFO  --- [LoggerUtil.java:34][http-nio-8888-exec-2] - redis缓存中存在user_house_1
2019-06-06 10:20:04.886 INFO  --- [LoggerUtil.java:34][http-nio-8888-exec-1] - redis缓存中添加user_12
2019-06-06 10:20:04.896 INFO  --- [LoggerUtil.java:34][http-nio-8888-exec-2] - redis缓存中存在user_12
2019-06-06 10:20:04.943 INFO  --- [LoggerUtil.java:30][http-nio-8888-exec-3] - permission的值为:[user:delete, cart:create, comment:create, house:read, user:update, contract:create, money:create, comment:update, comment:read, money:update, cart:update, user:create, cart:delete, contract:update, contract:read, user:read, comment:delete, cart:read, money:read, contract:delete, money:delete]
2019-06-06 10:20:04.955 INFO  --- [LoggerUtil.java:34][http-nio-8888-exec-3] - redis缓存中存在contracts_tenant_12_number_1_sta_1
2019-06-06 10:20:04.977 INFO  --- [LoggerUtil.java:34][http-nio-8888-exec-3] - redis缓存中存在house_1
2019-06-06 10:20:05.002 INFO  --- [LoggerUtil.java:34][http-nio-8888-exec-3] - redis缓存中存在user_house_1
2019-06-06 10:20:05.031 INFO  --- [LoggerUtil.java:34][http-nio-8888-exec-3] - redis缓存中存在user_12
2019-06-06 10:20:05.125 INFO  --- [LoggerUtil.java:30][http-nio-8888-exec-4] - permission的值为:[user:delete, cart:create, comment:create, house:read, user:update, contract:create, money:create, comment:update, comment:read, money:update, cart:update, user:create, cart:delete, contract:update, contract:read, user:read, comment:delete, cart:read, money:read, contract:delete, money:delete]
2019-06-06 10:20:05.146 INFO  --- [LoggerUtil.java:34][http-nio-8888-exec-4] - redis缓存中存在contracts_tenant_12_number_1_sta_1
2019-06-06 10:20:05.173 INFO  --- [LoggerUtil.java:34][http-nio-8888-exec-4] - redis缓存中存在house_1
2019-06-06 10:20:05.193 INFO  --- [LoggerUtil.java:34][http-nio-8888-exec-4] - redis缓存中存在user_house_1
2019-06-06 10:20:05.218 INFO  --- [LoggerUtil.java:34][http-nio-8888-exec-4] - redis缓存中存在user_12
2019-06-06 10:20:41.138 INFO  --- [StartupInfoLogger.java:50][restartedMain] - Starting HouseApplication on DESKTOP-A42CON3 with PID 4792 (D:\graduate\house\target\classes started by 谢洁芳 in D:\graduate\house)
2019-06-06 10:20:41.138 INFO  --- [SpringApplication.java:675][restartedMain] - No active profile set, falling back to default profiles: default
2019-06-06 10:20:47.575 ERROR --- [DirectJDKLog.java:173][restartedMain] - An incompatible version [1.2.4] of the APR based Apache Tomcat Native library is installed, while Tomcat requires version [1.2.14]
2019-06-06 10:20:48.138 ERROR --- [DirectJDKLog.java:173][restartedMain] - An incompatible version [1.2.4] of the APR based Apache Tomcat Native library is installed, while Tomcat requires version [1.2.14]
2019-06-06 10:20:48.169 ERROR --- [DirectJDKLog.java:173][restartedMain] - An incompatible version [1.2.4] of the APR based Apache Tomcat Native library is installed, while Tomcat requires version [1.2.14]
2019-06-06 10:20:50.842 WARN  --- [TemplateMode.java:150][restartedMain] - [THYMELEAF][restartedMain] Template Mode 'HTML5' is deprecated. Using Template Mode 'HTML' instead.
2019-06-06 10:20:52.291 INFO  --- [StartupInfoLogger.java:59][restartedMain] - Started HouseApplication in 12.37 seconds (JVM running for 16.62)
2019-06-06 10:21:29.000 INFO  --- [HikariDataSource.java:110][http-nio-8888-exec-8] - HikariPool-1 - Starting...
2019-06-06 10:21:30.078 INFO  --- [HikariDataSource.java:123][http-nio-8888-exec-8] - HikariPool-1 - Start completed.
2019-06-06 10:21:54.445 INFO  --- [LoggerUtil.java:30][http-nio-8888-exec-9] - permission的值为:[user:delete, cart:create, comment:create, house:read, user:update, contract:create, money:create, comment:update, comment:read, money:update, cart:update, user:create, cart:delete, contract:update, contract:read, user:read, comment:delete, cart:read, money:read, contract:delete, money:delete]
2019-06-06 10:21:55.286 INFO  --- [Slf4JLogger.java:101][http-nio-8888-exec-9] - Starting without optional epoll library
2019-06-06 10:21:55.294 INFO  --- [Slf4JLogger.java:101][http-nio-8888-exec-9] - Starting without optional kqueue library
2019-06-06 10:21:58.228 INFO  --- [LoggerUtil.java:34][http-nio-8888-exec-9] - redis缓存中不存在contracts_tenant_12_number_1_sta_1
2019-06-06 10:21:58.472 INFO  --- [LoggerUtil.java:34][http-nio-8888-exec-9] - redis缓存中添加contracts_tenant_12_number_1_sta_1
2019-06-06 10:21:58.478 INFO  --- [LoggerUtil.java:34][http-nio-8888-exec-9] - redis缓存中不存在house_1
2019-06-06 10:21:58.510 INFO  --- [LoggerUtil.java:34][http-nio-8888-exec-9] - redis缓存中添加house_1
2019-06-06 10:21:58.517 INFO  --- [LoggerUtil.java:34][http-nio-8888-exec-9] - redis缓存中不存在user_house_1
2019-06-06 10:21:58.563 INFO  --- [LoggerUtil.java:34][http-nio-8888-exec-9] - redis缓存中添加user_house_1
2019-06-06 10:21:58.569 INFO  --- [LoggerUtil.java:34][http-nio-8888-exec-9] - redis缓存中不存在user_12
2019-06-06 10:21:58.585 INFO  --- [LoggerUtil.java:34][http-nio-8888-exec-9] - redis缓存中添加user_12
2019-06-06 10:25:14.319 INFO  --- [StartupInfoLogger.java:50][restartedMain] - Starting HouseApplication on DESKTOP-A42CON3 with PID 3756 (D:\graduate\house\target\classes started by 谢洁芳 in D:\graduate\house)
2019-06-06 10:25:14.335 INFO  --- [SpringApplication.java:675][restartedMain] - No active profile set, falling back to default profiles: default
2019-06-06 10:25:23.603 ERROR --- [DirectJDKLog.java:173][restartedMain] - An incompatible version [1.2.4] of the APR based Apache Tomcat Native library is installed, while Tomcat requires version [1.2.14]
2019-06-06 10:25:24.472 ERROR --- [DirectJDKLog.java:173][restartedMain] - An incompatible version [1.2.4] of the APR based Apache Tomcat Native library is installed, while Tomcat requires version [1.2.14]
2019-06-06 10:25:24.519 ERROR --- [DirectJDKLog.java:173][restartedMain] - An incompatible version [1.2.4] of the APR based Apache Tomcat Native library is installed, while Tomcat requires version [1.2.14]
2019-06-06 10:25:29.276 WARN  --- [TemplateMode.java:150][restartedMain] - [THYMELEAF][restartedMain] Template Mode 'HTML5' is deprecated. Using Template Mode 'HTML' instead.
2019-06-06 10:25:31.489 INFO  --- [StartupInfoLogger.java:59][restartedMain] - Started HouseApplication in 18.711 seconds (JVM running for 23.61)
2019-06-06 10:26:35.550 INFO  --- [HikariDataSource.java:110][http-nio-8888-exec-6] - HikariPool-1 - Starting...
2019-06-06 10:26:36.039 INFO  --- [HikariDataSource.java:123][http-nio-8888-exec-6] - HikariPool-1 - Start completed.
2019-06-06 10:26:38.221 INFO  --- [LoggerUtil.java:30][http-nio-8888-exec-7] - permission的值为:[user:delete, cart:create, comment:create, house:read, user:update, contract:create, money:create, comment:update, comment:read, money:update, cart:update, user:create, cart:delete, contract:update, contract:read, user:read, comment:delete, cart:read, money:read, contract:delete, money:delete]
2019-06-06 10:26:38.540 INFO  --- [Slf4JLogger.java:101][http-nio-8888-exec-7] - Starting without optional epoll library
2019-06-06 10:26:38.544 INFO  --- [Slf4JLogger.java:101][http-nio-8888-exec-7] - Starting without optional kqueue library
2019-06-06 10:26:40.337 INFO  --- [LoggerUtil.java:34][http-nio-8888-exec-7] - redis缓存中不存在contracts_tenant_12_number_1_sta_1
2019-06-06 10:26:40.474 INFO  --- [LoggerUtil.java:34][http-nio-8888-exec-7] - redis缓存中添加contracts_tenant_12_number_1_sta_1
2019-06-06 10:26:40.478 INFO  --- [LoggerUtil.java:34][http-nio-8888-exec-7] - redis缓存中不存在house_1
2019-06-06 10:26:40.494 INFO  --- [LoggerUtil.java:34][http-nio-8888-exec-7] - redis缓存中添加house_1
2019-06-06 10:26:40.497 INFO  --- [LoggerUtil.java:34][http-nio-8888-exec-7] - redis缓存中不存在user_house_1
2019-06-06 10:26:40.506 INFO  --- [LoggerUtil.java:34][http-nio-8888-exec-7] - redis缓存中添加user_house_1
2019-06-06 10:26:40.509 INFO  --- [LoggerUtil.java:34][http-nio-8888-exec-7] - redis缓存中不存在user_12
2019-06-06 10:26:40.518 INFO  --- [LoggerUtil.java:34][http-nio-8888-exec-7] - redis缓存中添加user_12
2019-06-06 10:27:17.222 INFO  --- [StartupInfoLogger.java:50][restartedMain] - Starting HouseApplication on DESKTOP-A42CON3 with PID 2444 (D:\graduate\house\target\classes started by 谢洁芳 in D:\graduate\house)
2019-06-06 10:27:17.222 INFO  --- [SpringApplication.java:675][restartedMain] - No active profile set, falling back to default profiles: default
2019-06-06 10:27:24.644 ERROR --- [DirectJDKLog.java:173][restartedMain] - An incompatible version [1.2.4] of the APR based Apache Tomcat Native library is installed, while Tomcat requires version [1.2.14]
2019-06-06 10:27:25.347 ERROR --- [DirectJDKLog.java:173][restartedMain] - An incompatible version [1.2.4] of the APR based Apache Tomcat Native library is installed, while Tomcat requires version [1.2.14]
2019-06-06 10:27:25.378 ERROR --- [DirectJDKLog.java:173][restartedMain] - An incompatible version [1.2.4] of the APR based Apache Tomcat Native library is installed, while Tomcat requires version [1.2.14]
2019-06-06 10:27:28.503 WARN  --- [TemplateMode.java:150][restartedMain] - [THYMELEAF][restartedMain] Template Mode 'HTML5' is deprecated. Using Template Mode 'HTML' instead.
2019-06-06 10:27:30.315 INFO  --- [StartupInfoLogger.java:59][restartedMain] - Started HouseApplication in 14.5 seconds (JVM running for 18.085)
2019-06-06 10:28:23.529 INFO  --- [HikariDataSource.java:110][http-nio-8888-exec-5] - HikariPool-1 - Starting...
2019-06-06 10:28:24.188 INFO  --- [HikariDataSource.java:123][http-nio-8888-exec-5] - HikariPool-1 - Start completed.
2019-06-06 10:28:47.492 INFO  --- [LoggerUtil.java:30][http-nio-8888-exec-9] - permission的值为:[user:delete, cart:create, comment:create, house:read, user:update, contract:create, money:create, comment:update, comment:read, money:update, cart:update, user:create, cart:delete, contract:update, contract:read, user:read, comment:delete, cart:read, money:read, contract:delete, money:delete]
2019-06-06 10:28:48.075 INFO  --- [Slf4JLogger.java:101][http-nio-8888-exec-9] - Starting without optional epoll library
2019-06-06 10:28:48.083 INFO  --- [Slf4JLogger.java:101][http-nio-8888-exec-9] - Starting without optional kqueue library
2019-06-06 10:28:51.669 INFO  --- [LoggerUtil.java:34][http-nio-8888-exec-9] - redis缓存中不存在contracts_tenant_12_number_1_sta_1
2019-06-06 10:28:51.904 INFO  --- [LoggerUtil.java:34][http-nio-8888-exec-9] - redis缓存中添加contracts_tenant_12_number_1_sta_1
2019-06-06 10:28:51.910 INFO  --- [LoggerUtil.java:34][http-nio-8888-exec-9] - redis缓存中不存在house_1
2019-06-06 10:28:51.950 INFO  --- [LoggerUtil.java:34][http-nio-8888-exec-9] - redis缓存中添加house_1
2019-06-06 10:28:51.958 INFO  --- [LoggerUtil.java:34][http-nio-8888-exec-9] - redis缓存中不存在user_house_1
2019-06-06 10:28:51.980 INFO  --- [LoggerUtil.java:34][http-nio-8888-exec-9] - redis缓存中添加user_house_1
2019-06-06 10:28:51.988 INFO  --- [LoggerUtil.java:34][http-nio-8888-exec-9] - redis缓存中不存在user_12
2019-06-06 10:28:52.195 INFO  --- [LoggerUtil.java:34][http-nio-8888-exec-9] - redis缓存中添加user_12
2019-06-06 10:29:57.037 INFO  --- [StartupInfoLogger.java:50][restartedMain] - Starting HouseApplication on DESKTOP-A42CON3 with PID 13256 (D:\graduate\house\target\classes started by 谢洁芳 in D:\graduate\house)
2019-06-06 10:29:57.053 INFO  --- [SpringApplication.java:675][restartedMain] - No active profile set, falling back to default profiles: default
2019-06-06 10:30:04.193 ERROR --- [DirectJDKLog.java:173][restartedMain] - An incompatible version [1.2.4] of the APR based Apache Tomcat Native library is installed, while Tomcat requires version [1.2.14]
2019-06-06 10:30:04.849 ERROR --- [DirectJDKLog.java:173][restartedMain] - An incompatible version [1.2.4] of the APR based Apache Tomcat Native library is installed, while Tomcat requires version [1.2.14]
2019-06-06 10:30:04.896 ERROR --- [DirectJDKLog.java:173][restartedMain] - An incompatible version [1.2.4] of the APR based Apache Tomcat Native library is installed, while Tomcat requires version [1.2.14]
2019-06-06 10:30:07.820 WARN  --- [TemplateMode.java:150][restartedMain] - [THYMELEAF][restartedMain] Template Mode 'HTML5' is deprecated. Using Template Mode 'HTML' instead.
2019-06-06 10:30:09.648 INFO  --- [StartupInfoLogger.java:59][restartedMain] - Started HouseApplication in 14.033 seconds (JVM running for 18.194)
2019-06-06 10:31:00.143 INFO  --- [HikariDataSource.java:110][http-nio-8888-exec-8] - HikariPool-1 - Starting...
2019-06-06 10:31:01.056 INFO  --- [HikariDataSource.java:123][http-nio-8888-exec-8] - HikariPool-1 - Start completed.
2019-06-06 10:31:11.523 INFO  --- [LoggerUtil.java:30][http-nio-8888-exec-10] - permission的值为:[user:delete, cart:create, comment:create, house:read, user:update, contract:create, money:create, comment:update, comment:read, money:update, cart:update, user:create, cart:delete, contract:update, contract:read, user:read, comment:delete, cart:read, money:read, contract:delete, money:delete]
2019-06-06 10:31:12.065 INFO  --- [Slf4JLogger.java:101][http-nio-8888-exec-10] - Starting without optional epoll library
2019-06-06 10:31:12.083 INFO  --- [Slf4JLogger.java:101][http-nio-8888-exec-10] - Starting without optional kqueue library
2019-06-06 10:31:15.697 INFO  --- [LoggerUtil.java:34][http-nio-8888-exec-10] - redis缓存中不存在contracts_tenant_12_number_1_sta_1
2019-06-06 10:31:15.974 INFO  --- [LoggerUtil.java:34][http-nio-8888-exec-10] - redis缓存中添加contracts_tenant_12_number_1_sta_1
2019-06-06 10:31:15.981 INFO  --- [LoggerUtil.java:34][http-nio-8888-exec-10] - redis缓存中不存在house_1
2019-06-06 10:31:16.055 INFO  --- [LoggerUtil.java:34][http-nio-8888-exec-10] - redis缓存中添加house_1
2019-06-06 10:31:16.062 INFO  --- [LoggerUtil.java:34][http-nio-8888-exec-10] - redis缓存中不存在user_house_1
2019-06-06 10:31:16.090 INFO  --- [LoggerUtil.java:34][http-nio-8888-exec-10] - redis缓存中添加user_house_1
2019-06-06 10:31:16.097 INFO  --- [LoggerUtil.java:34][http-nio-8888-exec-10] - redis缓存中不存在user_12
2019-06-06 10:31:16.115 INFO  --- [LoggerUtil.java:34][http-nio-8888-exec-10] - redis缓存中添加user_12
2019-06-06 10:38:58.990 INFO  --- [StartupInfoLogger.java:50][restartedMain] - Starting HouseApplication on DESKTOP-A42CON3 with PID 7940 (D:\graduate\house\target\classes started by 谢洁芳 in D:\graduate\house)
2019-06-06 10:38:59.004 INFO  --- [SpringApplication.java:675][restartedMain] - No active profile set, falling back to default profiles: default
2019-06-06 10:39:06.635 ERROR --- [DirectJDKLog.java:173][restartedMain] - An incompatible version [1.2.4] of the APR based Apache Tomcat Native library is installed, while Tomcat requires version [1.2.14]
2019-06-06 10:39:07.221 ERROR --- [DirectJDKLog.java:173][restartedMain] - An incompatible version [1.2.4] of the APR based Apache Tomcat Native library is installed, while Tomcat requires version [1.2.14]
2019-06-06 10:39:07.280 ERROR --- [DirectJDKLog.java:173][restartedMain] - An incompatible version [1.2.4] of the APR based Apache Tomcat Native library is installed, while Tomcat requires version [1.2.14]
2019-06-06 10:39:11.704 WARN  --- [TemplateMode.java:150][restartedMain] - [THYMELEAF][restartedMain] Template Mode 'HTML5' is deprecated. Using Template Mode 'HTML' instead.
2019-06-06 10:39:13.069 INFO  --- [StartupInfoLogger.java:59][restartedMain] - Started HouseApplication in 15.564 seconds (JVM running for 20.72)
2019-06-06 10:40:22.120 INFO  --- [HikariDataSource.java:110][http-nio-8888-exec-7] - HikariPool-1 - Starting...
2019-06-06 10:40:22.841 INFO  --- [HikariDataSource.java:123][http-nio-8888-exec-7] - HikariPool-1 - Start completed.
2019-06-06 10:40:26.722 INFO  --- [LoggerUtil.java:30][http-nio-8888-exec-10] - permission的值为:[user:delete, cart:create, comment:create, house:read, user:update, contract:create, money:create, comment:update, comment:read, money:update, cart:update, user:create, cart:delete, contract:update, contract:read, user:read, comment:delete, cart:read, money:read, contract:delete, money:delete]
2019-06-06 10:40:27.131 INFO  --- [Slf4JLogger.java:101][http-nio-8888-exec-10] - Starting without optional epoll library
2019-06-06 10:40:27.135 INFO  --- [Slf4JLogger.java:101][http-nio-8888-exec-10] - Starting without optional kqueue library
2019-06-06 10:40:28.981 INFO  --- [LoggerUtil.java:34][http-nio-8888-exec-10] - redis缓存中不存在contracts_tenant_12_number_1_sta_1
2019-06-06 10:40:29.104 INFO  --- [LoggerUtil.java:34][http-nio-8888-exec-10] - redis缓存中添加contracts_tenant_12_number_1_sta_1
2019-06-06 10:40:29.113 INFO  --- [LoggerUtil.java:34][http-nio-8888-exec-10] - redis缓存中不存在house_1
2019-06-06 10:40:29.135 INFO  --- [LoggerUtil.java:34][http-nio-8888-exec-10] - redis缓存中添加house_1
2019-06-06 10:40:29.141 INFO  --- [LoggerUtil.java:34][http-nio-8888-exec-10] - redis缓存中不存在user_house_1
2019-06-06 10:40:29.156 INFO  --- [LoggerUtil.java:34][http-nio-8888-exec-10] - redis缓存中添加user_house_1
2019-06-06 10:40:29.159 INFO  --- [LoggerUtil.java:34][http-nio-8888-exec-10] - redis缓存中不存在user_12
2019-06-06 10:40:29.171 INFO  --- [LoggerUtil.java:34][http-nio-8888-exec-10] - redis缓存中添加user_12
2019-06-06 10:46:57.274 INFO  --- [StartupInfoLogger.java:50][restartedMain] - Starting HouseApplication on DESKTOP-A42CON3 with PID 12400 (D:\graduate\house\target\classes started by 谢洁芳 in D:\graduate\house)
2019-06-06 10:46:57.274 INFO  --- [SpringApplication.java:675][restartedMain] - No active profile set, falling back to default profiles: default
2019-06-06 10:47:04.716 ERROR --- [DirectJDKLog.java:173][restartedMain] - An incompatible version [1.2.4] of the APR based Apache Tomcat Native library is installed, while Tomcat requires version [1.2.14]
2019-06-06 10:47:05.275 ERROR --- [DirectJDKLog.java:173][restartedMain] - An incompatible version [1.2.4] of the APR based Apache Tomcat Native library is installed, while Tomcat requires version [1.2.14]
2019-06-06 10:47:05.305 ERROR --- [DirectJDKLog.java:173][restartedMain] - An incompatible version [1.2.4] of the APR based Apache Tomcat Native library is installed, while Tomcat requires version [1.2.14]
2019-06-06 10:47:07.496 WARN  --- [TemplateMode.java:150][restartedMain] - [THYMELEAF][restartedMain] Template Mode 'HTML5' is deprecated. Using Template Mode 'HTML' instead.
2019-06-06 10:47:09.250 INFO  --- [StartupInfoLogger.java:59][restartedMain] - Started HouseApplication in 13.662 seconds (JVM running for 19.456)
2019-06-06 10:47:56.290 INFO  --- [HikariDataSource.java:110][http-nio-8888-exec-6] - HikariPool-1 - Starting...
2019-06-06 10:47:57.275 INFO  --- [HikariDataSource.java:123][http-nio-8888-exec-6] - HikariPool-1 - Start completed.
2019-06-06 10:48:00.520 INFO  --- [LoggerUtil.java:30][http-nio-8888-exec-7] - permission的值为:[user:delete, cart:create, comment:create, house:read, user:update, contract:create, money:create, comment:update, comment:read, money:update, cart:update, user:create, cart:delete, contract:update, contract:read, user:read, comment:delete, cart:read, money:read, contract:delete, money:delete]
2019-06-06 10:48:01.186 INFO  --- [Slf4JLogger.java:101][http-nio-8888-exec-7] - Starting without optional epoll library
2019-06-06 10:48:01.195 INFO  --- [Slf4JLogger.java:101][http-nio-8888-exec-7] - Starting without optional kqueue library
2019-06-06 10:48:05.102 INFO  --- [LoggerUtil.java:34][http-nio-8888-exec-7] - redis缓存中不存在contracts_tenant_12_number_1_sta_1
2019-06-06 10:48:05.309 INFO  --- [LoggerUtil.java:34][http-nio-8888-exec-7] - redis缓存中添加contracts_tenant_12_number_1_sta_1
2019-06-06 10:48:05.318 INFO  --- [LoggerUtil.java:34][http-nio-8888-exec-7] - redis缓存中不存在house_1
2019-06-06 10:48:05.359 INFO  --- [LoggerUtil.java:34][http-nio-8888-exec-7] - redis缓存中添加house_1
2019-06-06 10:48:05.367 INFO  --- [LoggerUtil.java:34][http-nio-8888-exec-7] - redis缓存中不存在user_house_1
2019-06-06 10:48:05.391 INFO  --- [LoggerUtil.java:34][http-nio-8888-exec-7] - redis缓存中添加user_house_1
2019-06-06 10:48:05.399 INFO  --- [LoggerUtil.java:34][http-nio-8888-exec-7] - redis缓存中不存在user_12
2019-06-06 10:48:05.423 INFO  --- [LoggerUtil.java:34][http-nio-8888-exec-7] - redis缓存中添加user_12
2019-06-06 10:49:55.300 INFO  --- [StartupInfoLogger.java:50][restartedMain] - Starting HouseApplication on DESKTOP-A42CON3 with PID 15464 (D:\graduate\house\target\classes started by 谢洁芳 in D:\graduate\house)
2019-06-06 10:49:55.316 INFO  --- [SpringApplication.java:675][restartedMain] - No active profile set, falling back to default profiles: default
2019-06-06 10:50:02.263 ERROR --- [DirectJDKLog.java:173][restartedMain] - An incompatible version [1.2.4] of the APR based Apache Tomcat Native library is installed, while Tomcat requires version [1.2.14]
2019-06-06 10:50:03.141 ERROR --- [DirectJDKLog.java:173][restartedMain] - An incompatible version [1.2.4] of the APR based Apache Tomcat Native library is installed, while Tomcat requires version [1.2.14]
2019-06-06 10:50:03.184 ERROR --- [DirectJDKLog.java:173][restartedMain] - An incompatible version [1.2.4] of the APR based Apache Tomcat Native library is installed, while Tomcat requires version [1.2.14]
2019-06-06 10:50:06.355 WARN  --- [TemplateMode.java:150][restartedMain] - [THYMELEAF][restartedMain] Template Mode 'HTML5' is deprecated. Using Template Mode 'HTML' instead.
2019-06-06 10:50:08.523 INFO  --- [StartupInfoLogger.java:59][restartedMain] - Started HouseApplication in 14.671 seconds (JVM running for 19.156)
2019-06-06 10:51:03.249 INFO  --- [HikariDataSource.java:110][http-nio-8888-exec-6] - HikariPool-1 - Starting...
2019-06-06 10:51:03.834 INFO  --- [HikariDataSource.java:123][http-nio-8888-exec-6] - HikariPool-1 - Start completed.
2019-06-06 10:51:06.308 INFO  --- [LoggerUtil.java:30][http-nio-8888-exec-7] - permission的值为:[user:delete, cart:create, comment:create, house:read, user:update, contract:create, money:create, comment:update, comment:read, money:update, cart:update, user:create, cart:delete, contract:update, contract:read, user:read, comment:delete, cart:read, money:read, contract:delete, money:delete]
2019-06-06 10:51:06.864 INFO  --- [Slf4JLogger.java:101][http-nio-8888-exec-7] - Starting without optional epoll library
2019-06-06 10:51:06.870 INFO  --- [Slf4JLogger.java:101][http-nio-8888-exec-7] - Starting without optional kqueue library
2019-06-06 10:51:10.318 INFO  --- [LoggerUtil.java:34][http-nio-8888-exec-7] - redis缓存中不存在contracts_tenant_12_number_1_sta_1
2019-06-06 10:51:10.609 INFO  --- [LoggerUtil.java:34][http-nio-8888-exec-7] - redis缓存中添加contracts_tenant_12_number_1_sta_1
2019-06-06 10:51:10.620 INFO  --- [LoggerUtil.java:34][http-nio-8888-exec-7] - redis缓存中不存在house_1
2019-06-06 10:51:10.663 INFO  --- [LoggerUtil.java:34][http-nio-8888-exec-7] - redis缓存中添加house_1
2019-06-06 10:51:10.671 INFO  --- [LoggerUtil.java:34][http-nio-8888-exec-7] - redis缓存中不存在user_house_1
2019-06-06 10:51:10.695 INFO  --- [LoggerUtil.java:34][http-nio-8888-exec-7] - redis缓存中添加user_house_1
2019-06-06 10:51:10.701 INFO  --- [LoggerUtil.java:34][http-nio-8888-exec-7] - redis缓存中不存在user_12
2019-06-06 10:51:10.723 INFO  --- [LoggerUtil.java:34][http-nio-8888-exec-7] - redis缓存中添加user_12
2019-06-06 10:52:37.449 INFO  --- [StartupInfoLogger.java:50][restartedMain] - Starting HouseApplication on DESKTOP-A42CON3 with PID 1232 (D:\graduate\house\target\classes started by 谢洁芳 in D:\graduate\house)
2019-06-06 10:52:37.464 INFO  --- [SpringApplication.java:675][restartedMain] - No active profile set, falling back to default profiles: default
2019-06-06 10:52:45.370 ERROR --- [DirectJDKLog.java:173][restartedMain] - An incompatible version [1.2.4] of the APR based Apache Tomcat Native library is installed, while Tomcat requires version [1.2.14]
2019-06-06 10:52:46.526 ERROR --- [DirectJDKLog.java:173][restartedMain] - An incompatible version [1.2.4] of the APR based Apache Tomcat Native library is installed, while Tomcat requires version [1.2.14]
2019-06-06 10:52:46.669 ERROR --- [DirectJDKLog.java:173][restartedMain] - An incompatible version [1.2.4] of the APR based Apache Tomcat Native library is installed, while Tomcat requires version [1.2.14]
2019-06-06 10:52:50.528 WARN  --- [TemplateMode.java:150][restartedMain] - [THYMELEAF][restartedMain] Template Mode 'HTML5' is deprecated. Using Template Mode 'HTML' instead.
2019-06-06 10:52:53.577 INFO  --- [StartupInfoLogger.java:59][restartedMain] - Started HouseApplication in 17.659 seconds (JVM running for 23.005)
2019-06-06 10:53:17.939 INFO  --- [HikariDataSource.java:110][http-nio-8888-exec-7] - HikariPool-1 - Starting...
2019-06-06 10:53:18.561 INFO  --- [HikariDataSource.java:123][http-nio-8888-exec-7] - HikariPool-1 - Start completed.
2019-06-06 10:53:21.605 INFO  --- [LoggerUtil.java:30][http-nio-8888-exec-10] - permission的值为:[user:delete, cart:create, comment:create, house:read, user:update, contract:create, money:create, comment:update, comment:read, money:update, cart:update, user:create, cart:delete, contract:update, contract:read, user:read, comment:delete, cart:read, money:read, contract:delete, money:delete]
2019-06-06 10:53:22.696 INFO  --- [Slf4JLogger.java:101][http-nio-8888-exec-10] - Starting without optional epoll library
2019-06-06 10:53:22.723 INFO  --- [Slf4JLogger.java:101][http-nio-8888-exec-10] - Starting without optional kqueue library
2019-06-06 10:53:26.169 INFO  --- [LoggerUtil.java:34][http-nio-8888-exec-10] - redis缓存中不存在contracts_tenant_12_number_1_sta_1
2019-06-06 10:53:26.424 INFO  --- [LoggerUtil.java:34][http-nio-8888-exec-10] - redis缓存中添加contracts_tenant_12_number_1_sta_1
2019-06-06 10:53:26.430 INFO  --- [LoggerUtil.java:34][http-nio-8888-exec-10] - redis缓存中不存在house_1
2019-06-06 10:53:26.467 INFO  --- [LoggerUtil.java:34][http-nio-8888-exec-10] - redis缓存中添加house_1
2019-06-06 10:53:26.470 INFO  --- [LoggerUtil.java:34][http-nio-8888-exec-10] - redis缓存中不存在user_house_1
2019-06-06 10:53:26.868 INFO  --- [LoggerUtil.java:34][http-nio-8888-exec-10] - redis缓存中添加user_house_1
2019-06-06 10:53:26.871 INFO  --- [LoggerUtil.java:34][http-nio-8888-exec-10] - redis缓存中不存在user_12
2019-06-06 10:53:26.884 INFO  --- [LoggerUtil.java:34][http-nio-8888-exec-10] - redis缓存中添加user_12
2019-06-06 10:54:27.982 INFO  --- [StartupInfoLogger.java:50][restartedMain] - Starting HouseApplication on DESKTOP-A42CON3 with PID 12660 (D:\graduate\house\target\classes started by 谢洁芳 in D:\graduate\house)
2019-06-06 10:54:27.998 INFO  --- [SpringApplication.java:675][restartedMain] - No active profile set, falling back to default profiles: default
2019-06-06 10:54:34.562 ERROR --- [DirectJDKLog.java:173][restartedMain] - An incompatible version [1.2.4] of the APR based Apache Tomcat Native library is installed, while Tomcat requires version [1.2.14]
2019-06-06 10:54:35.595 ERROR --- [DirectJDKLog.java:173][restartedMain] - An incompatible version [1.2.4] of the APR based Apache Tomcat Native library is installed, while Tomcat requires version [1.2.14]
2019-06-06 10:54:35.649 ERROR --- [DirectJDKLog.java:173][restartedMain] - An incompatible version [1.2.4] of the APR based Apache Tomcat Native library is installed, while Tomcat requires version [1.2.14]
2019-06-06 10:54:40.662 WARN  --- [TemplateMode.java:150][restartedMain] - [THYMELEAF][restartedMain] Template Mode 'HTML5' is deprecated. Using Template Mode 'HTML' instead.
2019-06-06 10:54:42.656 INFO  --- [StartupInfoLogger.java:59][restartedMain] - Started HouseApplication in 15.876 seconds (JVM running for 20.506)
2019-06-06 10:55:04.045 INFO  --- [HikariDataSource.java:110][http-nio-8888-exec-6] - HikariPool-1 - Starting...
2019-06-06 10:55:05.088 INFO  --- [HikariDataSource.java:123][http-nio-8888-exec-6] - HikariPool-1 - Start completed.
2019-06-06 10:55:07.848 INFO  --- [LoggerUtil.java:30][http-nio-8888-exec-7] - permission的值为:[user:delete, cart:create, comment:create, house:read, user:update, contract:create, money:create, comment:update, comment:read, money:update, cart:update, user:create, cart:delete, contract:update, contract:read, user:read, comment:delete, cart:read, money:read, contract:delete, money:delete]
2019-06-06 10:55:08.606 INFO  --- [Slf4JLogger.java:101][http-nio-8888-exec-7] - Starting without optional epoll library
2019-06-06 10:55:08.618 INFO  --- [Slf4JLogger.java:101][http-nio-8888-exec-7] - Starting without optional kqueue library
2019-06-06 10:55:11.860 INFO  --- [LoggerUtil.java:34][http-nio-8888-exec-7] - redis缓存中不存在contracts_tenant_12_number_1_sta_1
2019-06-06 10:55:12.050 INFO  --- [LoggerUtil.java:34][http-nio-8888-exec-7] - redis缓存中添加contracts_tenant_12_number_1_sta_1
2019-06-06 10:55:12.056 INFO  --- [LoggerUtil.java:34][http-nio-8888-exec-7] - redis缓存中不存在house_1
2019-06-06 10:55:12.094 INFO  --- [LoggerUtil.java:34][http-nio-8888-exec-7] - redis缓存中添加house_1
2019-06-06 10:55:12.102 INFO  --- [LoggerUtil.java:34][http-nio-8888-exec-7] - redis缓存中不存在user_house_1
2019-06-06 10:55:12.123 INFO  --- [LoggerUtil.java:34][http-nio-8888-exec-7] - redis缓存中添加user_house_1
2019-06-06 10:55:12.131 INFO  --- [LoggerUtil.java:34][http-nio-8888-exec-7] - redis缓存中不存在user_12
2019-06-06 10:55:12.151 INFO  --- [LoggerUtil.java:34][http-nio-8888-exec-7] - redis缓存中添加user_12
2019-06-06 10:59:27.924 INFO  --- [StartupInfoLogger.java:50][restartedMain] - Starting HouseApplication on DESKTOP-A42CON3 with PID 10604 (D:\graduate\house\target\classes started by 谢洁芳 in D:\graduate\house)
2019-06-06 10:59:27.924 INFO  --- [SpringApplication.java:675][restartedMain] - No active profile set, falling back to default profiles: default
2019-06-06 10:59:35.548 ERROR --- [DirectJDKLog.java:173][restartedMain] - An incompatible version [1.2.4] of the APR based Apache Tomcat Native library is installed, while Tomcat requires version [1.2.14]
2019-06-06 10:59:36.220 ERROR --- [DirectJDKLog.java:173][restartedMain] - An incompatible version [1.2.4] of the APR based Apache Tomcat Native library is installed, while Tomcat requires version [1.2.14]
2019-06-06 10:59:36.251 ERROR --- [DirectJDKLog.java:173][restartedMain] - An incompatible version [1.2.4] of the APR based Apache Tomcat Native library is installed, while Tomcat requires version [1.2.14]
2019-06-06 10:59:39.298 WARN  --- [TemplateMode.java:150][restartedMain] - [THYMELEAF][restartedMain] Template Mode 'HTML5' is deprecated. Using Template Mode 'HTML' instead.
2019-06-06 10:59:41.318 INFO  --- [StartupInfoLogger.java:59][restartedMain] - Started HouseApplication in 14.847 seconds (JVM running for 19.189)
2019-06-06 11:00:04.300 INFO  --- [HikariDataSource.java:110][http-nio-8888-exec-7] - HikariPool-1 - Starting...
2019-06-06 11:00:04.839 INFO  --- [HikariDataSource.java:123][http-nio-8888-exec-7] - HikariPool-1 - Start completed.
2019-06-06 11:00:09.680 INFO  --- [LoggerUtil.java:30][http-nio-8888-exec-8] - permission的值为:[user:delete, cart:create, comment:create, house:read, user:update, contract:create, money:create, comment:update, comment:read, money:update, cart:update, user:create, cart:delete, contract:update, contract:read, user:read, comment:delete, cart:read, money:read, contract:delete, money:delete]
2019-06-06 11:00:10.226 INFO  --- [Slf4JLogger.java:101][http-nio-8888-exec-8] - Starting without optional epoll library
2019-06-06 11:00:10.229 INFO  --- [Slf4JLogger.java:101][http-nio-8888-exec-8] - Starting without optional kqueue library
2019-06-06 11:00:11.893 INFO  --- [LoggerUtil.java:34][http-nio-8888-exec-8] - redis缓存中不存在contracts_tenant_12_number_1_sta_1
2019-06-06 11:00:12.656 INFO  --- [LoggerUtil.java:34][http-nio-8888-exec-8] - redis缓存中添加contracts_tenant_12_number_1_sta_1
2019-06-06 11:00:12.662 INFO  --- [LoggerUtil.java:34][http-nio-8888-exec-8] - redis缓存中不存在house_1
2019-06-06 11:00:12.690 INFO  --- [LoggerUtil.java:34][http-nio-8888-exec-8] - redis缓存中添加house_1
2019-06-06 11:00:12.696 INFO  --- [LoggerUtil.java:34][http-nio-8888-exec-8] - redis缓存中不存在user_house_1
2019-06-06 11:00:12.714 INFO  --- [LoggerUtil.java:34][http-nio-8888-exec-8] - redis缓存中添加user_house_1
2019-06-06 11:00:12.720 INFO  --- [LoggerUtil.java:34][http-nio-8888-exec-8] - redis缓存中不存在user_12
2019-06-06 11:00:12.733 INFO  --- [LoggerUtil.java:34][http-nio-8888-exec-8] - redis缓存中添加user_12
2019-06-06 11:01:26.449 INFO  --- [StartupInfoLogger.java:50][restartedMain] - Starting HouseApplication on DESKTOP-A42CON3 with PID 15160 (D:\graduate\house\target\classes started by 谢洁芳 in D:\graduate\house)
2019-06-06 11:01:26.464 INFO  --- [SpringApplication.java:675][restartedMain] - No active profile set, falling back to default profiles: default
2019-06-06 11:01:36.301 ERROR --- [DirectJDKLog.java:173][restartedMain] - An incompatible version [1.2.4] of the APR based Apache Tomcat Native library is installed, while Tomcat requires version [1.2.14]
2019-06-06 11:01:37.104 ERROR --- [DirectJDKLog.java:173][restartedMain] - An incompatible version [1.2.4] of the APR based Apache Tomcat Native library is installed, while Tomcat requires version [1.2.14]
2019-06-06 11:01:37.158 ERROR --- [DirectJDKLog.java:173][restartedMain] - An incompatible version [1.2.4] of the APR based Apache Tomcat Native library is installed, while Tomcat requires version [1.2.14]
2019-06-06 11:01:42.447 WARN  --- [TemplateMode.java:150][restartedMain] - [THYMELEAF][restartedMain] Template Mode 'HTML5' is deprecated. Using Template Mode 'HTML' instead.
2019-06-06 11:01:44.769 INFO  --- [StartupInfoLogger.java:59][restartedMain] - Started HouseApplication in 19.695 seconds (JVM running for 24.842)
2019-06-06 11:02:01.735 INFO  --- [HikariDataSource.java:110][http-nio-8888-exec-6] - HikariPool-1 - Starting...
2019-06-06 11:02:02.257 INFO  --- [HikariDataSource.java:123][http-nio-8888-exec-6] - HikariPool-1 - Start completed.
2019-06-06 11:02:05.050 INFO  --- [LoggerUtil.java:30][http-nio-8888-exec-7] - permission的值为:[user:delete, cart:create, comment:create, house:read, user:update, contract:create, money:create, comment:update, comment:read, money:update, cart:update, user:create, cart:delete, contract:update, contract:read, user:read, comment:delete, cart:read, money:read, contract:delete, money:delete]
2019-06-06 11:02:05.653 INFO  --- [Slf4JLogger.java:101][http-nio-8888-exec-7] - Starting without optional epoll library
2019-06-06 11:02:05.659 INFO  --- [Slf4JLogger.java:101][http-nio-8888-exec-7] - Starting without optional kqueue library
2019-06-06 11:02:08.195 INFO  --- [LoggerUtil.java:34][http-nio-8888-exec-7] - redis缓存中不存在contracts_tenant_12_number_1_sta_1
2019-06-06 11:02:08.781 INFO  --- [LoggerUtil.java:34][http-nio-8888-exec-7] - redis缓存中添加contracts_tenant_12_number_1_sta_1
2019-06-06 11:02:08.794 INFO  --- [LoggerUtil.java:34][http-nio-8888-exec-7] - redis缓存中不存在house_1
2019-06-06 11:02:08.870 INFO  --- [LoggerUtil.java:34][http-nio-8888-exec-7] - redis缓存中添加house_1
2019-06-06 11:02:08.889 INFO  --- [LoggerUtil.java:34][http-nio-8888-exec-7] - redis缓存中不存在user_house_1
2019-06-06 11:02:08.929 INFO  --- [LoggerUtil.java:34][http-nio-8888-exec-7] - redis缓存中添加user_house_1
2019-06-06 11:02:08.945 INFO  --- [LoggerUtil.java:34][http-nio-8888-exec-7] - redis缓存中不存在user_12
2019-06-06 11:02:08.979 INFO  --- [LoggerUtil.java:34][http-nio-8888-exec-7] - redis缓存中添加user_12
2019-06-06 11:06:43.881 INFO  --- [StartupInfoLogger.java:50][restartedMain] - Starting HouseApplication on DESKTOP-A42CON3 with PID 11456 (D:\graduate\house\target\classes started by 谢洁芳 in D:\graduate\house)
2019-06-06 11:06:43.897 INFO  --- [SpringApplication.java:675][restartedMain] - No active profile set, falling back to default profiles: default
2019-06-06 11:06:50.879 ERROR --- [DirectJDKLog.java:173][restartedMain] - An incompatible version [1.2.4] of the APR based Apache Tomcat Native library is installed, while Tomcat requires version [1.2.14]
2019-06-06 11:06:51.270 ERROR --- [DirectJDKLog.java:173][restartedMain] - An incompatible version [1.2.4] of the APR based Apache Tomcat Native library is installed, while Tomcat requires version [1.2.14]
2019-06-06 11:06:51.301 ERROR --- [DirectJDKLog.java:173][restartedMain] - An incompatible version [1.2.4] of the APR based Apache Tomcat Native library is installed, while Tomcat requires version [1.2.14]
2019-06-06 11:06:53.473 WARN  --- [TemplateMode.java:150][restartedMain] - [THYMELEAF][restartedMain] Template Mode 'HTML5' is deprecated. Using Template Mode 'HTML' instead.
2019-06-06 11:06:54.692 INFO  --- [StartupInfoLogger.java:59][restartedMain] - Started HouseApplication in 11.983 seconds (JVM running for 16.491)
2019-06-06 11:07:17.333 INFO  --- [HikariDataSource.java:110][http-nio-8888-exec-7] - HikariPool-1 - Starting...
2019-06-06 11:07:18.353 INFO  --- [HikariDataSource.java:123][http-nio-8888-exec-7] - HikariPool-1 - Start completed.
2019-06-06 11:07:21.632 INFO  --- [LoggerUtil.java:30][http-nio-8888-exec-8] - permission的值为:[user:delete, cart:create, comment:create, house:read, user:update, contract:create, money:create, comment:update, comment:read, money:update, cart:update, user:create, cart:delete, contract:update, contract:read, user:read, comment:delete, cart:read, money:read, contract:delete, money:delete]
2019-06-06 11:07:22.140 INFO  --- [Slf4JLogger.java:101][http-nio-8888-exec-8] - Starting without optional epoll library
2019-06-06 11:07:22.146 INFO  --- [Slf4JLogger.java:101][http-nio-8888-exec-8] - Starting without optional kqueue library
2019-06-06 11:07:24.382 INFO  --- [LoggerUtil.java:34][http-nio-8888-exec-8] - redis缓存中不存在contracts_tenant_12_number_1_sta_1
2019-06-06 11:07:24.525 INFO  --- [LoggerUtil.java:34][http-nio-8888-exec-8] - redis缓存中添加contracts_tenant_12_number_1_sta_1
2019-06-06 11:07:24.534 INFO  --- [LoggerUtil.java:34][http-nio-8888-exec-8] - redis缓存中不存在house_1
2019-06-06 11:07:24.558 INFO  --- [LoggerUtil.java:34][http-nio-8888-exec-8] - redis缓存中添加house_1
2019-06-06 11:07:24.564 INFO  --- [LoggerUtil.java:34][http-nio-8888-exec-8] - redis缓存中不存在user_house_1
2019-06-06 11:07:24.575 INFO  --- [LoggerUtil.java:34][http-nio-8888-exec-8] - redis缓存中添加user_house_1
2019-06-06 11:07:24.581 INFO  --- [LoggerUtil.java:34][http-nio-8888-exec-8] - redis缓存中不存在user_12
2019-06-06 11:07:24.593 INFO  --- [LoggerUtil.java:34][http-nio-8888-exec-8] - redis缓存中添加user_12
2019-06-06 11:09:17.071 INFO  --- [StartupInfoLogger.java:50][restartedMain] - Starting HouseApplication on DESKTOP-A42CON3 with PID 2376 (D:\graduate\house\target\classes started by 谢洁芳 in D:\graduate\house)
2019-06-06 11:09:17.081 INFO  --- [SpringApplication.java:675][restartedMain] - No active profile set, falling back to default profiles: default
2019-06-06 11:09:26.391 ERROR --- [DirectJDKLog.java:173][restartedMain] - An incompatible version [1.2.4] of the APR based Apache Tomcat Native library is installed, while Tomcat requires version [1.2.14]
2019-06-06 11:09:26.781 ERROR --- [DirectJDKLog.java:173][restartedMain] - An incompatible version [1.2.4] of the APR based Apache Tomcat Native library is installed, while Tomcat requires version [1.2.14]
2019-06-06 11:09:26.812 ERROR --- [DirectJDKLog.java:173][restartedMain] - An incompatible version [1.2.4] of the APR based Apache Tomcat Native library is installed, while Tomcat requires version [1.2.14]
2019-06-06 11:09:28.790 WARN  --- [TemplateMode.java:150][restartedMain] - [THYMELEAF][restartedMain] Template Mode 'HTML5' is deprecated. Using Template Mode 'HTML' instead.
2019-06-06 11:09:29.799 INFO  --- [StartupInfoLogger.java:59][restartedMain] - Started HouseApplication in 14.426 seconds (JVM running for 20.17)
2019-06-06 11:09:43.577 INFO  --- [HikariDataSource.java:110][http-nio-8888-exec-9] - HikariPool-1 - Starting...
2019-06-06 11:09:44.401 INFO  --- [HikariDataSource.java:123][http-nio-8888-exec-9] - HikariPool-1 - Start completed.
2019-06-06 11:09:46.740 INFO  --- [LoggerUtil.java:30][http-nio-8888-exec-10] - permission的值为:[user:delete, cart:create, comment:create, house:read, user:update, contract:create, money:create, comment:update, comment:read, money:update, cart:update, user:create, cart:delete, contract:update, contract:read, user:read, comment:delete, cart:read, money:read, contract:delete, money:delete]
2019-06-06 11:09:47.509 INFO  --- [Slf4JLogger.java:101][http-nio-8888-exec-10] - Starting without optional epoll library
2019-06-06 11:09:47.519 INFO  --- [Slf4JLogger.java:101][http-nio-8888-exec-10] - Starting without optional kqueue library
2019-06-06 11:09:51.272 INFO  --- [LoggerUtil.java:34][http-nio-8888-exec-10] - redis缓存中不存在contracts_tenant_12_number_1_sta_1
2019-06-06 11:09:51.564 INFO  --- [LoggerUtil.java:34][http-nio-8888-exec-10] - redis缓存中添加contracts_tenant_12_number_1_sta_1
2019-06-06 11:09:51.576 INFO  --- [LoggerUtil.java:34][http-nio-8888-exec-10] - redis缓存中不存在house_1
2019-06-06 11:09:51.618 INFO  --- [LoggerUtil.java:34][http-nio-8888-exec-10] - redis缓存中添加house_1
2019-06-06 11:09:51.626 INFO  --- [LoggerUtil.java:34][http-nio-8888-exec-10] - redis缓存中不存在user_house_1
2019-06-06 11:09:51.656 INFO  --- [LoggerUtil.java:34][http-nio-8888-exec-10] - redis缓存中添加user_house_1
2019-06-06 11:09:51.665 INFO  --- [LoggerUtil.java:34][http-nio-8888-exec-10] - redis缓存中不存在user_12
2019-06-06 11:09:51.918 INFO  --- [LoggerUtil.java:34][http-nio-8888-exec-10] - redis缓存中添加user_12
2019-06-06 11:12:13.932 INFO  --- [StartupInfoLogger.java:50][restartedMain] - Starting HouseApplication on DESKTOP-A42CON3 with PID 7308 (D:\graduate\house\target\classes started by 谢洁芳 in D:\graduate\house)
2019-06-06 11:12:13.995 INFO  --- [SpringApplication.java:675][restartedMain] - No active profile set, falling back to default profiles: default
2019-06-06 11:12:21.924 ERROR --- [DirectJDKLog.java:173][restartedMain] - An incompatible version [1.2.4] of the APR based Apache Tomcat Native library is installed, while Tomcat requires version [1.2.14]
2019-06-06 11:12:22.631 ERROR --- [DirectJDKLog.java:173][restartedMain] - An incompatible version [1.2.4] of the APR based Apache Tomcat Native library is installed, while Tomcat requires version [1.2.14]
2019-06-06 11:12:22.693 ERROR --- [DirectJDKLog.java:173][restartedMain] - An incompatible version [1.2.4] of the APR based Apache Tomcat Native library is installed, while Tomcat requires version [1.2.14]
2019-06-06 11:12:28.065 WARN  --- [TemplateMode.java:150][restartedMain] - [THYMELEAF][restartedMain] Template Mode 'HTML5' is deprecated. Using Template Mode 'HTML' instead.
2019-06-06 11:12:29.811 INFO  --- [StartupInfoLogger.java:59][restartedMain] - Started HouseApplication in 17.158 seconds (JVM running for 21.659)
2019-06-06 11:12:44.924 INFO  --- [HikariDataSource.java:110][http-nio-8888-exec-7] - HikariPool-1 - Starting...
2019-06-06 11:12:45.824 INFO  --- [HikariDataSource.java:123][http-nio-8888-exec-7] - HikariPool-1 - Start completed.
2019-06-06 11:12:47.869 INFO  --- [LoggerUtil.java:30][http-nio-8888-exec-8] - permission的值为:[user:delete, cart:create, comment:create, house:read, user:update, contract:create, money:create, comment:update, comment:read, money:update, cart:update, user:create, cart:delete, contract:update, contract:read, user:read, comment:delete, cart:read, money:read, contract:delete, money:delete]
2019-06-06 11:12:48.801 INFO  --- [Slf4JLogger.java:101][http-nio-8888-exec-8] - Starting without optional epoll library
2019-06-06 11:12:48.815 INFO  --- [Slf4JLogger.java:101][http-nio-8888-exec-8] - Starting without optional kqueue library
2019-06-06 11:12:52.062 INFO  --- [LoggerUtil.java:34][http-nio-8888-exec-8] - redis缓存中不存在contracts_tenant_12_number_1_sta_1
2019-06-06 11:12:52.299 INFO  --- [LoggerUtil.java:34][http-nio-8888-exec-8] - redis缓存中添加contracts_tenant_12_number_1_sta_1
2019-06-06 11:12:52.306 INFO  --- [LoggerUtil.java:34][http-nio-8888-exec-8] - redis缓存中不存在house_1
2019-06-06 11:12:52.345 INFO  --- [LoggerUtil.java:34][http-nio-8888-exec-8] - redis缓存中添加house_1
2019-06-06 11:12:52.352 INFO  --- [LoggerUtil.java:34][http-nio-8888-exec-8] - redis缓存中不存在user_house_1
2019-06-06 11:12:52.371 INFO  --- [LoggerUtil.java:34][http-nio-8888-exec-8] - redis缓存中添加user_house_1
2019-06-06 11:12:52.379 INFO  --- [LoggerUtil.java:34][http-nio-8888-exec-8] - redis缓存中不存在user_12
2019-06-06 11:12:52.400 INFO  --- [LoggerUtil.java:34][http-nio-8888-exec-8] - redis缓存中添加user_12
2019-06-06 11:16:01.241 INFO  --- [StartupInfoLogger.java:50][restartedMain] - Starting HouseApplication on DESKTOP-A42CON3 with PID 13748 (D:\graduate\house\target\classes started by 谢洁芳 in D:\graduate\house)
2019-06-06 11:16:01.251 INFO  --- [SpringApplication.java:675][restartedMain] - No active profile set, falling back to default profiles: default
2019-06-06 11:16:09.935 ERROR --- [DirectJDKLog.java:173][restartedMain] - An incompatible version [1.2.4] of the APR based Apache Tomcat Native library is installed, while Tomcat requires version [1.2.14]
2019-06-06 11:16:10.449 ERROR --- [DirectJDKLog.java:173][restartedMain] - An incompatible version [1.2.4] of the APR based Apache Tomcat Native library is installed, while Tomcat requires version [1.2.14]
2019-06-06 11:16:10.480 ERROR --- [DirectJDKLog.java:173][restartedMain] - An incompatible version [1.2.4] of the APR based Apache Tomcat Native library is installed, while Tomcat requires version [1.2.14]
2019-06-06 11:16:12.584 WARN  --- [TemplateMode.java:150][restartedMain] - [THYMELEAF][restartedMain] Template Mode 'HTML5' is deprecated. Using Template Mode 'HTML' instead.
2019-06-06 11:16:13.881 INFO  --- [StartupInfoLogger.java:59][restartedMain] - Started HouseApplication in 14.604 seconds (JVM running for 19.734)
2019-06-06 11:17:16.528 INFO  --- [HikariDataSource.java:110][http-nio-8888-exec-6] - HikariPool-1 - Starting...
2019-06-06 11:17:17.568 INFO  --- [HikariDataSource.java:123][http-nio-8888-exec-6] - HikariPool-1 - Start completed.
2019-06-06 11:17:51.154 INFO  --- [LoggerUtil.java:30][http-nio-8888-exec-8] - permission的值为:[user:delete, cart:create, comment:create, house:read, user:update, contract:create, money:create, comment:update, comment:read, money:update, cart:update, user:create, cart:delete, contract:update, contract:read, user:read, comment:delete, cart:read, money:read, contract:delete, money:delete]
2019-06-06 11:17:52.201 INFO  --- [Slf4JLogger.java:101][http-nio-8888-exec-8] - Starting without optional epoll library
2019-06-06 11:17:52.221 INFO  --- [Slf4JLogger.java:101][http-nio-8888-exec-8] - Starting without optional kqueue library
2019-06-06 11:17:56.043 INFO  --- [LoggerUtil.java:34][http-nio-8888-exec-8] - redis缓存中不存在contracts_tenant_12_number_1_sta_1
2019-06-06 11:17:56.392 INFO  --- [LoggerUtil.java:34][http-nio-8888-exec-8] - redis缓存中添加contracts_tenant_12_number_1_sta_1
2019-06-06 11:17:56.401 INFO  --- [LoggerUtil.java:34][http-nio-8888-exec-8] - redis缓存中不存在house_1
2019-06-06 11:17:56.440 INFO  --- [LoggerUtil.java:34][http-nio-8888-exec-8] - redis缓存中添加house_1
2019-06-06 11:17:56.448 INFO  --- [LoggerUtil.java:34][http-nio-8888-exec-8] - redis缓存中不存在user_house_1
2019-06-06 11:17:56.466 INFO  --- [LoggerUtil.java:34][http-nio-8888-exec-8] - redis缓存中添加user_house_1
2019-06-06 11:17:56.473 INFO  --- [LoggerUtil.java:34][http-nio-8888-exec-8] - redis缓存中不存在user_12
2019-06-06 11:17:56.490 INFO  --- [LoggerUtil.java:34][http-nio-8888-exec-8] - redis缓存中添加user_12
2019-06-06 14:30:17.983 INFO  --- [StartupInfoLogger.java:50][restartedMain] - Starting HouseApplication on DESKTOP-A42CON3 with PID 7720 (D:\graduate\house\target\classes started by 谢洁芳 in D:\graduate\house)
2019-06-06 14:30:18.010 INFO  --- [SpringApplication.java:675][restartedMain] - No active profile set, falling back to default profiles: default
2019-06-06 14:30:51.839 ERROR --- [DirectJDKLog.java:173][restartedMain] - An incompatible version [1.2.4] of the APR based Apache Tomcat Native library is installed, while Tomcat requires version [1.2.14]
2019-06-06 14:30:53.181 ERROR --- [DirectJDKLog.java:173][restartedMain] - An incompatible version [1.2.4] of the APR based Apache Tomcat Native library is installed, while Tomcat requires version [1.2.14]
2019-06-06 14:30:53.255 ERROR --- [DirectJDKLog.java:173][restartedMain] - An incompatible version [1.2.4] of the APR based Apache Tomcat Native library is installed, while Tomcat requires version [1.2.14]
2019-06-06 14:31:00.534 WARN  --- [TemplateMode.java:150][restartedMain] - [THYMELEAF][restartedMain] Template Mode 'HTML5' is deprecated. Using Template Mode 'HTML' instead.
2019-06-06 14:31:04.057 INFO  --- [StartupInfoLogger.java:59][restartedMain] - Started HouseApplication in 51.969 seconds (JVM running for 87.56)
2019-06-06 14:32:16.293 INFO  --- [HikariDataSource.java:110][http-nio-8888-exec-7] - HikariPool-1 - Starting...
2019-06-06 14:32:17.636 INFO  --- [HikariDataSource.java:123][http-nio-8888-exec-7] - HikariPool-1 - Start completed.
2019-06-06 14:32:35.995 INFO  --- [LoggerUtil.java:30][http-nio-8888-exec-9] - permission的值为:[user:delete, cart:create, comment:create, house:read, user:update, contract:create, money:create, comment:update, comment:read, money:update, cart:update, user:create, cart:delete, contract:update, contract:read, user:read, comment:delete, cart:read, money:read, contract:delete, money:delete]
2019-06-06 14:32:36.650 INFO  --- [Slf4JLogger.java:101][http-nio-8888-exec-9] - Starting without optional epoll library
2019-06-06 14:32:36.654 INFO  --- [Slf4JLogger.java:101][http-nio-8888-exec-9] - Starting without optional kqueue library
2019-06-06 14:32:39.487 INFO  --- [LoggerUtil.java:34][http-nio-8888-exec-9] - redis缓存中不存在contracts_tenant_12_number_1_sta_1
2019-06-06 14:32:39.920 INFO  --- [LoggerUtil.java:34][http-nio-8888-exec-9] - redis缓存中添加contracts_tenant_12_number_1_sta_1
2019-06-06 14:32:39.924 INFO  --- [LoggerUtil.java:34][http-nio-8888-exec-9] - redis缓存中不存在house_1
2019-06-06 14:32:39.981 INFO  --- [LoggerUtil.java:34][http-nio-8888-exec-9] - redis缓存中添加house_1
2019-06-06 14:32:39.985 INFO  --- [LoggerUtil.java:34][http-nio-8888-exec-9] - redis缓存中不存在user_house_1
2019-06-06 14:32:40.939 INFO  --- [LoggerUtil.java:34][http-nio-8888-exec-9] - redis缓存中添加user_house_1
2019-06-06 14:32:40.942 INFO  --- [LoggerUtil.java:34][http-nio-8888-exec-9] - redis缓存中不存在user_12
2019-06-06 14:32:40.958 INFO  --- [LoggerUtil.java:34][http-nio-8888-exec-9] - redis缓存中添加user_12
2019-06-06 17:02:55.832 INFO  --- [StartupInfoLogger.java:50][restartedMain] - Starting HouseApplication on DESKTOP-A42CON3 with PID 14580 (D:\graduate\house\target\classes started by 谢洁芳 in D:\graduate\house)
2019-06-06 17:02:55.860 INFO  --- [SpringApplication.java:675][restartedMain] - No active profile set, falling back to default profiles: default
2019-06-06 18:12:20.479 INFO  --- [StartupInfoLogger.java:50][restartedMain] - Starting HouseApplication on DESKTOP-A42CON3 with PID 10252 (D:\graduate\house\target\classes started by 谢洁芳 in D:\graduate\house)
2019-06-06 18:12:20.505 INFO  --- [SpringApplication.java:675][restartedMain] - No active profile set, falling back to default profiles: default
2019-06-06 18:13:06.144 ERROR --- [DirectJDKLog.java:173][restartedMain] - An incompatible version [1.2.4] of the APR based Apache Tomcat Native library is installed, while Tomcat requires version [1.2.14]
2019-06-06 18:13:08.381 ERROR --- [DirectJDKLog.java:173][restartedMain] - An incompatible version [1.2.4] of the APR based Apache Tomcat Native library is installed, while Tomcat requires version [1.2.14]
2019-06-06 18:13:08.467 ERROR --- [DirectJDKLog.java:173][restartedMain] - An incompatible version [1.2.4] of the APR based Apache Tomcat Native library is installed, while Tomcat requires version [1.2.14]
2019-06-06 18:13:20.641 WARN  --- [TemplateMode.java:150][restartedMain] - [THYMELEAF][restartedMain] Template Mode 'HTML5' is deprecated. Using Template Mode 'HTML' instead.
2019-06-06 18:13:25.887 INFO  --- [StartupInfoLogger.java:59][restartedMain] - Started HouseApplication in 69.583 seconds (JVM running for 114.85)
2019-06-06 18:14:30.594 INFO  --- [HikariDataSource.java:110][http-nio-8888-exec-6] - HikariPool-1 - Starting...
2019-06-06 18:14:34.200 INFO  --- [HikariDataSource.java:123][http-nio-8888-exec-6] - HikariPool-1 - Start completed.
2019-06-06 18:14:55.524 INFO  --- [LoggerUtil.java:30][http-nio-8888-exec-3] - permission的值为:[user:delete, cart:create, comment:create, house:read, user:update, contract:create, money:create, comment:update, comment:read, money:update, cart:update, user:create, cart:delete, contract:update, contract:read, user:read, comment:delete, cart:read, money:read, contract:delete, money:delete]
2019-06-06 18:14:56.984 INFO  --- [Slf4JLogger.java:101][http-nio-8888-exec-3] - Starting without optional epoll library
2019-06-06 18:14:57.000 INFO  --- [Slf4JLogger.java:101][http-nio-8888-exec-3] - Starting without optional kqueue library
2019-06-06 18:15:01.923 INFO  --- [LoggerUtil.java:34][http-nio-8888-exec-3] - redis缓存中不存在contracts_tenant_12_number_1_sta_2
2019-06-06 18:15:02.467 INFO  --- [LoggerUtil.java:34][http-nio-8888-exec-3] - redis缓存中添加contracts_tenant_12_number_1_sta_2
2019-06-06 18:15:08.398 INFO  --- [LoggerUtil.java:30][http-nio-8888-exec-5] - permission的值为:[user:delete, cart:create, comment:create, house:read, user:update, contract:create, money:create, comment:update, comment:read, money:update, cart:update, user:create, cart:delete, contract:update, contract:read, user:read, comment:delete, cart:read, money:read, contract:delete, money:delete]
2019-06-06 18:15:08.414 INFO  --- [LoggerUtil.java:34][http-nio-8888-exec-5] - redis缓存中不存在contracts_tenant_12_number_1_sta_1
2019-06-06 18:15:08.547 INFO  --- [LoggerUtil.java:34][http-nio-8888-exec-5] - redis缓存中添加contracts_tenant_12_number_1_sta_1
2019-06-06 18:15:08.555 INFO  --- [LoggerUtil.java:34][http-nio-8888-exec-5] - redis缓存中不存在house_1
2019-06-06 18:15:08.645 INFO  --- [LoggerUtil.java:34][http-nio-8888-exec-5] - redis缓存中添加house_1
2019-06-06 18:15:08.656 INFO  --- [LoggerUtil.java:34][http-nio-8888-exec-5] - redis缓存中不存在user_house_1
2019-06-06 18:15:08.695 INFO  --- [LoggerUtil.java:34][http-nio-8888-exec-5] - redis缓存中添加user_house_1
2019-06-06 18:15:08.703 INFO  --- [LoggerUtil.java:34][http-nio-8888-exec-5] - redis缓存中不存在user_12
2019-06-06 18:15:08.735 INFO  --- [LoggerUtil.java:34][http-nio-8888-exec-5] - redis缓存中添加user_12
2019-06-06 18:16:53.245 INFO  --- [LoggerUtil.java:30][http-nio-8888-exec-2] - permission的值为:[user:delete, cart:create, comment:create, house:read, user:update, contract:create, money:create, comment:update, comment:read, money:update, cart:update, user:create, cart:delete, contract:update, contract:read, user:read, comment:delete, cart:read, money:read, contract:delete, money:delete]
2019-06-06 18:21:58.048 INFO  --- [StartupInfoLogger.java:50][restartedMain] - Starting HouseApplication on DESKTOP-A42CON3 with PID 13036 (D:\graduate\house\target\classes started by 谢洁芳 in D:\graduate\house)
2019-06-06 18:21:58.069 INFO  --- [SpringApplication.java:675][restartedMain] - No active profile set, falling back to default profiles: default
2019-06-06 18:22:06.356 ERROR --- [DirectJDKLog.java:173][restartedMain] - An incompatible version [1.2.4] of the APR based Apache Tomcat Native library is installed, while Tomcat requires version [1.2.14]
2019-06-06 18:22:07.087 ERROR --- [DirectJDKLog.java:173][restartedMain] - An incompatible version [1.2.4] of the APR based Apache Tomcat Native library is installed, while Tomcat requires version [1.2.14]
2019-06-06 18:22:07.133 ERROR --- [DirectJDKLog.java:173][restartedMain] - An incompatible version [1.2.4] of the APR based Apache Tomcat Native library is installed, while Tomcat requires version [1.2.14]
2019-06-06 18:22:10.812 WARN  --- [TemplateMode.java:150][restartedMain] - [THYMELEAF][restartedMain] Template Mode 'HTML5' is deprecated. Using Template Mode 'HTML' instead.
2019-06-06 18:22:13.181 INFO  --- [StartupInfoLogger.java:59][restartedMain] - Started HouseApplication in 16.473 seconds (JVM running for 22.583)
2019-06-06 18:23:40.192 INFO  --- [HikariDataSource.java:110][http-nio-8888-exec-6] - HikariPool-1 - Starting...
2019-06-06 18:23:41.132 INFO  --- [HikariDataSource.java:123][http-nio-8888-exec-6] - HikariPool-1 - Start completed.
2019-06-06 18:23:44.175 INFO  --- [LoggerUtil.java:30][http-nio-8888-exec-7] - permission的值为:[user:delete, cart:create, comment:create, house:read, user:update, contract:create, money:create, comment:update, comment:read, money:update, cart:update, user:create, cart:delete, contract:update, contract:read, user:read, comment:delete, cart:read, money:read, contract:delete, money:delete]
2019-06-06 18:23:44.835 INFO  --- [Slf4JLogger.java:101][http-nio-8888-exec-7] - Starting without optional epoll library
2019-06-06 18:23:44.843 INFO  --- [Slf4JLogger.java:101][http-nio-8888-exec-7] - Starting without optional kqueue library
2019-06-06 18:23:47.494 INFO  --- [LoggerUtil.java:34][http-nio-8888-exec-7] - redis缓存中不存在contracts_tenant_12_number_1_sta_1
2019-06-06 18:23:47.739 INFO  --- [LoggerUtil.java:34][http-nio-8888-exec-7] - redis缓存中添加contracts_tenant_12_number_1_sta_1
2019-06-06 18:23:47.744 INFO  --- [LoggerUtil.java:34][http-nio-8888-exec-7] - redis缓存中不存在house_1
2019-06-06 18:23:47.766 INFO  --- [LoggerUtil.java:34][http-nio-8888-exec-7] - redis缓存中添加house_1
2019-06-06 18:23:47.769 INFO  --- [LoggerUtil.java:34][http-nio-8888-exec-7] - redis缓存中不存在user_house_1
2019-06-06 18:23:47.808 INFO  --- [LoggerUtil.java:34][http-nio-8888-exec-7] - redis缓存中添加user_house_1
2019-06-06 18:23:47.812 INFO  --- [LoggerUtil.java:34][http-nio-8888-exec-7] - redis缓存中不存在user_12
2019-06-06 18:23:47.831 INFO  --- [LoggerUtil.java:34][http-nio-8888-exec-7] - redis缓存中添加user_12
2019-06-06 18:33:50.731 INFO  --- [StartupInfoLogger.java:50][restartedMain] - Starting HouseApplication on DESKTOP-A42CON3 with PID 7264 (D:\graduate\house\target\classes started by 谢洁芳 in D:\graduate\house)
2019-06-06 18:33:50.740 INFO  --- [SpringApplication.java:675][restartedMain] - No active profile set, falling back to default profiles: default
2019-06-06 18:34:02.278 ERROR --- [DirectJDKLog.java:173][restartedMain] - An incompatible version [1.2.4] of the APR based Apache Tomcat Native library is installed, while Tomcat requires version [1.2.14]
2019-06-06 18:34:03.013 ERROR --- [DirectJDKLog.java:173][restartedMain] - An incompatible version [1.2.4] of the APR based Apache Tomcat Native library is installed, while Tomcat requires version [1.2.14]
2019-06-06 18:34:03.080 ERROR --- [DirectJDKLog.java:173][restartedMain] - An incompatible version [1.2.4] of the APR based Apache Tomcat Native library is installed, while Tomcat requires version [1.2.14]
2019-06-06 18:34:06.526 WARN  --- [TemplateMode.java:150][restartedMain] - [THYMELEAF][restartedMain] Template Mode 'HTML5' is deprecated. Using Template Mode 'HTML' instead.
2019-06-06 18:34:08.126 INFO  --- [StartupInfoLogger.java:59][restartedMain] - Started HouseApplication in 19.64 seconds (JVM running for 24.621)
2019-06-06 18:34:42.246 INFO  --- [HikariDataSource.java:110][http-nio-8888-exec-7] - HikariPool-1 - Starting...
2019-06-06 18:34:42.700 INFO  --- [HikariDataSource.java:123][http-nio-8888-exec-7] - HikariPool-1 - Start completed.
2019-06-06 18:34:52.368 INFO  --- [LoggerUtil.java:30][http-nio-8888-exec-9] - permission的值为:[user:delete, cart:create, comment:create, house:read, user:update, contract:create, money:create, comment:update, comment:read, money:update, cart:update, user:create, cart:delete, contract:update, contract:read, user:read, comment:delete, cart:read, money:read, contract:delete, money:delete]
2019-06-06 18:34:52.643 INFO  --- [Slf4JLogger.java:101][http-nio-8888-exec-9] - Starting without optional epoll library
2019-06-06 18:34:52.648 INFO  --- [Slf4JLogger.java:101][http-nio-8888-exec-9] - Starting without optional kqueue library
2019-06-06 18:34:54.437 INFO  --- [LoggerUtil.java:34][http-nio-8888-exec-9] - redis缓存中不存在contracts_tenant_12_number_1_sta_1
2019-06-06 18:34:54.580 INFO  --- [LoggerUtil.java:34][http-nio-8888-exec-9] - redis缓存中添加contracts_tenant_12_number_1_sta_1
2019-06-06 18:34:54.585 INFO  --- [LoggerUtil.java:34][http-nio-8888-exec-9] - redis缓存中不存在house_1
2019-06-06 18:34:54.610 INFO  --- [LoggerUtil.java:34][http-nio-8888-exec-9] - redis缓存中添加house_1
2019-06-06 18:34:54.616 INFO  --- [LoggerUtil.java:34][http-nio-8888-exec-9] - redis缓存中不存在user_house_1
2019-06-06 18:34:54.630 INFO  --- [LoggerUtil.java:34][http-nio-8888-exec-9] - redis缓存中添加user_house_1
2019-06-06 18:34:54.637 INFO  --- [LoggerUtil.java:34][http-nio-8888-exec-9] - redis缓存中不存在user_12
2019-06-06 18:34:54.646 INFO  --- [LoggerUtil.java:34][http-nio-8888-exec-9] - redis缓存中添加user_12
2019-06-06 18:36:44.666 INFO  --- [StartupInfoLogger.java:50][restartedMain] - Starting HouseApplication on DESKTOP-A42CON3 with PID 6340 (D:\graduate\house\target\classes started by 谢洁芳 in D:\graduate\house)
2019-06-06 18:36:44.686 INFO  --- [SpringApplication.java:675][restartedMain] - No active profile set, falling back to default profiles: default
2019-06-06 18:36:52.812 ERROR --- [DirectJDKLog.java:173][restartedMain] - An incompatible version [1.2.4] of the APR based Apache Tomcat Native library is installed, while Tomcat requires version [1.2.14]
2019-06-06 18:36:53.377 ERROR --- [DirectJDKLog.java:173][restartedMain] - An incompatible version [1.2.4] of the APR based Apache Tomcat Native library is installed, while Tomcat requires version [1.2.14]
2019-06-06 18:36:53.419 ERROR --- [DirectJDKLog.java:173][restartedMain] - An incompatible version [1.2.4] of the APR based Apache Tomcat Native library is installed, while Tomcat requires version [1.2.14]
2019-06-06 18:36:56.380 WARN  --- [TemplateMode.java:150][restartedMain] - [THYMELEAF][restartedMain] Template Mode 'HTML5' is deprecated. Using Template Mode 'HTML' instead.
2019-06-06 18:36:57.820 INFO  --- [StartupInfoLogger.java:59][restartedMain] - Started HouseApplication in 15.11 seconds (JVM running for 21.977)
2019-06-06 18:37:35.247 INFO  --- [HikariDataSource.java:110][http-nio-8888-exec-7] - HikariPool-1 - Starting...
2019-06-06 18:37:36.265 INFO  --- [HikariDataSource.java:123][http-nio-8888-exec-7] - HikariPool-1 - Start completed.
2019-06-06 18:37:39.661 INFO  --- [LoggerUtil.java:30][http-nio-8888-exec-9] - permission的值为:[user:delete, cart:create, comment:create, house:read, user:update, contract:create, money:create, comment:update, comment:read, money:update, cart:update, user:create, cart:delete, contract:update, contract:read, user:read, comment:delete, cart:read, money:read, contract:delete, money:delete]
2019-06-06 18:37:40.292 INFO  --- [Slf4JLogger.java:101][http-nio-8888-exec-9] - Starting without optional epoll library
2019-06-06 18:37:40.297 INFO  --- [Slf4JLogger.java:101][http-nio-8888-exec-9] - Starting without optional kqueue library
2019-06-06 18:37:42.831 INFO  --- [LoggerUtil.java:34][http-nio-8888-exec-9] - redis缓存中不存在contracts_tenant_12_number_1_sta_1
2019-06-06 18:37:43.011 INFO  --- [LoggerUtil.java:34][http-nio-8888-exec-9] - redis缓存中添加contracts_tenant_12_number_1_sta_1
2019-06-06 18:37:43.015 INFO  --- [LoggerUtil.java:34][http-nio-8888-exec-9] - redis缓存中不存在house_1
2019-06-06 18:37:43.038 INFO  --- [LoggerUtil.java:34][http-nio-8888-exec-9] - redis缓存中添加house_1
2019-06-06 18:37:43.044 INFO  --- [LoggerUtil.java:34][http-nio-8888-exec-9] - redis缓存中不存在user_house_1
2019-06-06 18:37:43.083 INFO  --- [LoggerUtil.java:34][http-nio-8888-exec-9] - redis缓存中添加user_house_1
2019-06-06 18:37:43.090 INFO  --- [LoggerUtil.java:34][http-nio-8888-exec-9] - redis缓存中不存在user_12
2019-06-06 18:37:43.099 INFO  --- [LoggerUtil.java:34][http-nio-8888-exec-9] - redis缓存中添加user_12
2019-06-06 18:38:13.008 INFO  --- [LoggerUtil.java:30][http-nio-8888-exec-1] - permission的值为:[user:delete, cart:create, comment:create, house:read, user:update, contract:create, money:create, comment:update, comment:read, money:update, cart:update, user:create, cart:delete, contract:update, contract:read, user:read, comment:delete, cart:read, money:read, contract:delete, money:delete]
2019-06-06 18:38:13.036 INFO  --- [LoggerUtil.java:34][http-nio-8888-exec-1] - redis缓存中不存在contracts_tenant_12_number_1_sta_1
2019-06-06 18:38:13.094 INFO  --- [LoggerUtil.java:34][http-nio-8888-exec-1] - redis缓存中添加contracts_tenant_12_number_1_sta_1
2019-06-06 18:38:13.102 INFO  --- [LoggerUtil.java:34][http-nio-8888-exec-1] - redis缓存中不存在house_1
2019-06-06 18:38:13.719 INFO  --- [LoggerUtil.java:34][http-nio-8888-exec-1] - redis缓存中添加house_1
2019-06-06 18:38:13.729 INFO  --- [LoggerUtil.java:34][http-nio-8888-exec-1] - redis缓存中不存在user_house_1
2019-06-06 18:38:13.757 INFO  --- [LoggerUtil.java:34][http-nio-8888-exec-1] - redis缓存中添加user_house_1
2019-06-06 18:38:13.766 INFO  --- [LoggerUtil.java:34][http-nio-8888-exec-1] - redis缓存中不存在user_12
2019-06-06 18:38:13.792 INFO  --- [LoggerUtil.java:34][http-nio-8888-exec-1] - redis缓存中添加user_12
2019-06-06 18:38:16.056 INFO  --- [LoggerUtil.java:30][http-nio-8888-exec-3] - permission的值为:[user:delete, cart:create, comment:create, house:read, user:update, contract:create, money:create, comment:update, comment:read, money:update, cart:update, user:create, cart:delete, contract:update, contract:read, user:read, comment:delete, cart:read, money:read, contract:delete, money:delete]
2019-06-06 18:38:16.065 INFO  --- [LoggerUtil.java:34][http-nio-8888-exec-3] - redis缓存中存在contracts_tenant_12_number_1_sta_1
2019-06-06 18:38:16.086 INFO  --- [LoggerUtil.java:34][http-nio-8888-exec-3] - redis缓存中存在house_1
2019-06-06 18:38:16.099 INFO  --- [LoggerUtil.java:34][http-nio-8888-exec-3] - redis缓存中存在user_house_1
2019-06-06 18:38:16.113 INFO  --- [LoggerUtil.java:34][http-nio-8888-exec-3] - redis缓存中存在user_12
2019-06-06 18:38:54.078 INFO  --- [LoggerUtil.java:30][http-nio-8888-exec-6] - permission的值为:[user:delete, cart:create, comment:create, house:read, user:update, contract:create, money:create, comment:update, comment:read, money:update, cart:update, user:create, cart:delete, contract:update, contract:read, user:read, comment:delete, cart:read, money:read, contract:delete, money:delete]
