2019-06-02 10:02:01.485 INFO  --- [StartupInfoLogger.java:50][restartedMain] - Starting HouseApplication on DESKTOP-A42CON3 with PID 3008 (D:\graduate\house\target\classes started by 谢洁芳 in D:\graduate\house)
2019-06-02 10:02:01.515 INFO  --- [SpringApplication.java:675][restartedMain] - No active profile set, falling back to default profiles: default
2019-06-02 10:02:55.432 ERROR --- [DirectJDKLog.java:173][restartedMain] - An incompatible version [1.2.4] of the APR based Apache Tomcat Native library is installed, while Tomcat requires version [1.2.14]
2019-06-02 10:02:56.901 ERROR --- [DirectJDKLog.java:173][restartedMain] - An incompatible version [1.2.4] of the APR based Apache Tomcat Native library is installed, while Tomcat requires version [1.2.14]
2019-06-02 10:02:56.988 ERROR --- [DirectJDKLog.java:173][restartedMain] - An incompatible version [1.2.4] of the APR based Apache Tomcat Native library is installed, while Tomcat requires version [1.2.14]
2019-06-02 10:04:46.335 WARN  --- [TemplateMode.java:150][restartedMain] - [THYMELEAF][restartedMain] Template Mode 'HTML5' is deprecated. Using Template Mode 'HTML' instead.
2019-06-02 10:04:53.447 INFO  --- [StartupInfoLogger.java:59][restartedMain] - Started HouseApplication in 177.601 seconds (JVM running for 282.055)
2019-06-02 10:05:55.174 INFO  --- [Slf4JLogger.java:101][http-nio-8888-exec-1] - Starting without optional epoll library
2019-06-02 10:05:55.192 INFO  --- [Slf4JLogger.java:101][http-nio-8888-exec-1] - Starting without optional kqueue library
2019-06-02 10:05:58.153 INFO  --- [LoggerUtil.java:34][http-nio-8888-exec-1] - redis缓存中不存在houses_map_like_北京
2019-06-02 10:05:58.328 INFO  --- [HikariDataSource.java:110][http-nio-8888-exec-1] - HikariPool-1 - Starting...
2019-06-02 10:05:59.652 INFO  --- [HikariDataSource.java:123][http-nio-8888-exec-1] - HikariPool-1 - Start completed.
2019-06-02 10:06:00.405 INFO  --- [LoggerUtil.java:34][http-nio-8888-exec-1] - redis缓存中添加houses_map_like_北京
2019-06-02 10:06:21.417 INFO  --- [LoggerUtil.java:34][http-nio-8888-exec-5] - redis缓存中不存在houses_map_like_长沙市
2019-06-02 10:06:21.515 INFO  --- [LoggerUtil.java:34][http-nio-8888-exec-5] - redis缓存中添加houses_map_like_长沙市
2019-06-02 10:08:49.878 INFO  --- [LoggerUtil.java:30][http-nio-8888-exec-10] - permission的值为:[user:delete, cart:create, comment:create, house:read, user:update, contract:create, money:create, comment:update, comment:read, money:update, cart:update, user:create, cart:delete, contract:update, contract:read, user:read, comment:delete, cart:read, money:read, contract:delete, money:delete]
2019-06-02 10:08:50.052 INFO  --- [LoggerUtil.java:34][http-nio-8888-exec-10] - redis缓存中不存在user_租客1
2019-06-02 10:08:50.099 INFO  --- [LoggerUtil.java:34][http-nio-8888-exec-10] - redis缓存中添加user_租客1
2019-06-02 10:08:59.315 INFO  --- [LoggerUtil.java:30][http-nio-8888-exec-7] - permission的值为:[user:delete, cart:create, comment:create, house:read, user:update, contract:create, money:create, comment:update, comment:read, money:update, cart:update, user:create, cart:delete, contract:update, contract:read, user:read, comment:delete, cart:read, money:read, contract:delete, money:delete]
2019-06-02 10:09:14.324 INFO  --- [LoggerUtil.java:30][http-nio-8888-exec-4] - permission的值为:[user:delete, cart:create, comment:create, house:read, user:update, contract:create, money:create, comment:update, comment:read, money:update, cart:update, user:create, cart:delete, contract:update, contract:read, user:read, comment:delete, cart:read, money:read, contract:delete, money:delete]
2019-06-02 10:41:07.130 INFO  --- [StartupInfoLogger.java:50][restartedMain] - Starting HouseApplication on DESKTOP-A42CON3 with PID 14324 (D:\graduate\house\target\classes started by 谢洁芳 in D:\graduate\house)
2019-06-02 10:41:07.158 INFO  --- [SpringApplication.java:675][restartedMain] - No active profile set, falling back to default profiles: default
2019-06-02 10:41:37.903 ERROR --- [DirectJDKLog.java:173][restartedMain] - An incompatible version [1.2.4] of the APR based Apache Tomcat Native library is installed, while Tomcat requires version [1.2.14]
2019-06-02 10:41:39.859 ERROR --- [DirectJDKLog.java:173][restartedMain] - An incompatible version [1.2.4] of the APR based Apache Tomcat Native library is installed, while Tomcat requires version [1.2.14]
2019-06-02 10:41:39.974 ERROR --- [DirectJDKLog.java:173][restartedMain] - An incompatible version [1.2.4] of the APR based Apache Tomcat Native library is installed, while Tomcat requires version [1.2.14]
2019-06-02 10:41:47.859 WARN  --- [TemplateMode.java:150][restartedMain] - [THYMELEAF][restartedMain] Template Mode 'HTML5' is deprecated. Using Template Mode 'HTML' instead.
2019-06-02 10:41:52.801 INFO  --- [StartupInfoLogger.java:59][restartedMain] - Started HouseApplication in 52.116 seconds (JVM running for 74.448)
2019-06-02 10:42:24.509 INFO  --- [Slf4JLogger.java:101][http-nio-8888-exec-3] - Starting without optional epoll library
2019-06-02 10:42:24.522 INFO  --- [Slf4JLogger.java:101][http-nio-8888-exec-3] - Starting without optional kqueue library
2019-06-02 10:42:27.388 INFO  --- [LoggerUtil.java:34][http-nio-8888-exec-3] - redis缓存中不存在houses_map_like_北京
2019-06-02 10:42:27.500 INFO  --- [HikariDataSource.java:110][http-nio-8888-exec-3] - HikariPool-1 - Starting...
2019-06-02 10:42:28.025 INFO  --- [HikariDataSource.java:123][http-nio-8888-exec-3] - HikariPool-1 - Start completed.
2019-06-02 10:42:28.947 INFO  --- [LoggerUtil.java:34][http-nio-8888-exec-3] - redis缓存中添加houses_map_like_北京
2019-06-02 10:42:55.544 INFO  --- [LoggerUtil.java:34][http-nio-8888-exec-5] - redis缓存中不存在houses_map_like_长沙市
2019-06-02 10:42:55.733 INFO  --- [LoggerUtil.java:34][http-nio-8888-exec-5] - redis缓存中添加houses_map_like_长沙市
2019-06-02 10:43:58.852 INFO  --- [LoggerUtil.java:34][http-nio-8888-exec-8] - redis缓存中不存在houses_map_like_长沙市
2019-06-02 10:43:58.935 INFO  --- [LoggerUtil.java:34][http-nio-8888-exec-8] - redis缓存中添加houses_map_like_长沙市
2019-06-02 10:45:38.218 INFO  --- [LoggerUtil.java:30][http-nio-8888-exec-10] - permission的值为:[user:delete, cart:create, comment:create, house:read, user:update, contract:create, money:create, comment:update, comment:read, money:update, cart:update, user:create, cart:delete, contract:update, contract:read, user:read, comment:delete, cart:read, money:read, contract:delete, money:delete]
2019-06-02 10:45:38.267 INFO  --- [LoggerUtil.java:34][http-nio-8888-exec-10] - redis缓存中不存在user_租客1
2019-06-02 10:45:38.304 INFO  --- [LoggerUtil.java:34][http-nio-8888-exec-10] - redis缓存中添加user_租客1
2019-06-02 10:45:50.175 INFO  --- [LoggerUtil.java:30][http-nio-8888-exec-3] - permission的值为:[user:delete, cart:create, comment:create, house:read, user:update, contract:create, money:create, comment:update, comment:read, money:update, cart:update, user:create, cart:delete, contract:update, contract:read, user:read, comment:delete, cart:read, money:read, contract:delete, money:delete]
2019-06-02 10:55:12.285 INFO  --- [StartupInfoLogger.java:50][restartedMain] - Starting HouseApplication on DESKTOP-A42CON3 with PID 4552 (D:\graduate\house\target\classes started by 谢洁芳 in D:\graduate\house)
2019-06-02 10:55:12.295 INFO  --- [SpringApplication.java:675][restartedMain] - No active profile set, falling back to default profiles: default
2019-06-02 10:55:20.041 ERROR --- [DirectJDKLog.java:173][restartedMain] - An incompatible version [1.2.4] of the APR based Apache Tomcat Native library is installed, while Tomcat requires version [1.2.14]
2019-06-02 10:55:20.703 ERROR --- [DirectJDKLog.java:173][restartedMain] - An incompatible version [1.2.4] of the APR based Apache Tomcat Native library is installed, while Tomcat requires version [1.2.14]
2019-06-02 10:55:20.743 ERROR --- [DirectJDKLog.java:173][restartedMain] - An incompatible version [1.2.4] of the APR based Apache Tomcat Native library is installed, while Tomcat requires version [1.2.14]
2019-06-02 10:55:24.749 WARN  --- [TemplateMode.java:150][restartedMain] - [THYMELEAF][restartedMain] Template Mode 'HTML5' is deprecated. Using Template Mode 'HTML' instead.
2019-06-02 10:55:27.639 INFO  --- [StartupInfoLogger.java:59][restartedMain] - Started HouseApplication in 17.168 seconds (JVM running for 22.963)
2019-06-02 10:56:38.525 INFO  --- [Slf4JLogger.java:101][http-nio-8888-exec-3] - Starting without optional epoll library
2019-06-02 10:56:38.533 INFO  --- [Slf4JLogger.java:101][http-nio-8888-exec-3] - Starting without optional kqueue library
2019-06-02 10:56:40.271 INFO  --- [LoggerUtil.java:34][http-nio-8888-exec-3] - redis缓存中不存在houses_map_like_北京
2019-06-02 10:56:40.335 INFO  --- [HikariDataSource.java:110][http-nio-8888-exec-3] - HikariPool-1 - Starting...
2019-06-02 10:56:41.051 INFO  --- [HikariDataSource.java:123][http-nio-8888-exec-3] - HikariPool-1 - Start completed.
2019-06-02 10:56:41.480 INFO  --- [LoggerUtil.java:34][http-nio-8888-exec-3] - redis缓存中添加houses_map_like_北京
2019-06-02 10:57:18.951 INFO  --- [LoggerUtil.java:34][http-nio-8888-exec-5] - redis缓存中不存在houses_map_like_长沙市
2019-06-02 10:57:19.139 INFO  --- [LoggerUtil.java:34][http-nio-8888-exec-5] - redis缓存中添加houses_map_like_长沙市
2019-06-02 10:58:13.786 INFO  --- [LoggerUtil.java:30][http-nio-8888-exec-2] - permission的值为:[user:delete, cart:create, comment:create, house:read, user:update, contract:create, money:create, comment:update, comment:read, money:update, cart:update, user:create, cart:delete, contract:update, contract:read, user:read, comment:delete, cart:read, money:read, contract:delete, money:delete]
2019-06-02 10:58:13.834 INFO  --- [LoggerUtil.java:34][http-nio-8888-exec-2] - redis缓存中不存在user_租客1
2019-06-02 10:58:13.873 INFO  --- [LoggerUtil.java:34][http-nio-8888-exec-2] - redis缓存中添加user_租客1
2019-06-02 10:58:33.936 INFO  --- [LoggerUtil.java:30][http-nio-8888-exec-5] - permission的值为:[user:delete, cart:create, comment:create, house:read, user:update, contract:create, money:create, comment:update, comment:read, money:update, cart:update, user:create, cart:delete, contract:update, contract:read, user:read, comment:delete, cart:read, money:read, contract:delete, money:delete]
2019-06-02 10:58:53.462 INFO  --- [LoggerUtil.java:30][http-nio-8888-exec-7] - permission的值为:[user:delete, cart:create, comment:create, house:read, user:update, contract:create, money:create, comment:update, comment:read, money:update, cart:update, user:create, cart:delete, contract:update, contract:read, user:read, comment:delete, cart:read, money:read, contract:delete, money:delete]
2019-06-02 10:59:40.281 INFO  --- [LoggerUtil.java:30][http-nio-8888-exec-10] - permission的值为:[user:delete, cart:create, comment:create, house:read, user:update, contract:create, money:create, comment:update, comment:read, money:update, cart:update, user:create, cart:delete, contract:update, contract:read, user:read, comment:delete, cart:read, money:read, contract:delete, money:delete]
2019-06-02 11:10:24.660 INFO  --- [StartupInfoLogger.java:50][restartedMain] - Starting HouseApplication on DESKTOP-A42CON3 with PID 14668 (D:\graduate\house\target\classes started by 谢洁芳 in D:\graduate\house)
2019-06-02 11:10:24.668 INFO  --- [SpringApplication.java:675][restartedMain] - No active profile set, falling back to default profiles: default
2019-06-02 11:10:32.022 ERROR --- [DirectJDKLog.java:173][restartedMain] - An incompatible version [1.2.4] of the APR based Apache Tomcat Native library is installed, while Tomcat requires version [1.2.14]
2019-06-02 11:10:32.408 ERROR --- [DirectJDKLog.java:173][restartedMain] - An incompatible version [1.2.4] of the APR based Apache Tomcat Native library is installed, while Tomcat requires version [1.2.14]
2019-06-02 11:10:32.440 ERROR --- [DirectJDKLog.java:173][restartedMain] - An incompatible version [1.2.4] of the APR based Apache Tomcat Native library is installed, while Tomcat requires version [1.2.14]
2019-06-02 11:10:34.883 WARN  --- [TemplateMode.java:150][restartedMain] - [THYMELEAF][restartedMain] Template Mode 'HTML5' is deprecated. Using Template Mode 'HTML' instead.
2019-06-02 11:10:36.753 INFO  --- [StartupInfoLogger.java:59][restartedMain] - Started HouseApplication in 13.546 seconds (JVM running for 20.057)
2019-06-02 11:11:11.741 INFO  --- [Slf4JLogger.java:101][http-nio-8888-exec-2] - Starting without optional epoll library
2019-06-02 11:11:11.749 INFO  --- [Slf4JLogger.java:101][http-nio-8888-exec-2] - Starting without optional kqueue library
2019-06-02 11:11:14.738 INFO  --- [LoggerUtil.java:34][http-nio-8888-exec-2] - redis缓存中不存在houses_map_like_北京
2019-06-02 11:11:14.822 INFO  --- [HikariDataSource.java:110][http-nio-8888-exec-2] - HikariPool-1 - Starting...
2019-06-02 11:11:15.376 INFO  --- [HikariDataSource.java:123][http-nio-8888-exec-2] - HikariPool-1 - Start completed.
2019-06-02 11:11:15.856 INFO  --- [LoggerUtil.java:34][http-nio-8888-exec-2] - redis缓存中添加houses_map_like_北京
2019-06-02 11:11:45.603 INFO  --- [LoggerUtil.java:30][http-nio-8888-exec-9] - permission的值为:[user:delete, cart:create, comment:create, house:read, user:update, contract:create, money:create, comment:update, comment:read, money:update, cart:update, user:create, cart:delete, contract:update, contract:read, user:read, comment:delete, cart:read, money:read, contract:delete, money:delete]
2019-06-02 11:11:45.625 INFO  --- [LoggerUtil.java:34][http-nio-8888-exec-9] - redis缓存中不存在user_租客1
2019-06-02 11:11:45.667 INFO  --- [LoggerUtil.java:34][http-nio-8888-exec-9] - redis缓存中添加user_租客1
2019-06-02 11:12:06.537 INFO  --- [LoggerUtil.java:30][http-nio-8888-exec-3] - permission的值为:[user:delete, cart:create, comment:create, house:read, user:update, contract:create, money:create, comment:update, comment:read, money:update, cart:update, user:create, cart:delete, contract:update, contract:read, user:read, comment:delete, cart:read, money:read, contract:delete, money:delete]
2019-06-02 11:18:56.545 INFO  --- [StartupInfoLogger.java:50][restartedMain] - Starting HouseApplication on DESKTOP-A42CON3 with PID 1364 (D:\graduate\house\target\classes started by 谢洁芳 in D:\graduate\house)
2019-06-02 11:18:56.555 INFO  --- [SpringApplication.java:675][restartedMain] - No active profile set, falling back to default profiles: default
2019-06-02 11:19:02.390 ERROR --- [DirectJDKLog.java:173][restartedMain] - An incompatible version [1.2.4] of the APR based Apache Tomcat Native library is installed, while Tomcat requires version [1.2.14]
2019-06-02 11:19:02.721 ERROR --- [DirectJDKLog.java:173][restartedMain] - An incompatible version [1.2.4] of the APR based Apache Tomcat Native library is installed, while Tomcat requires version [1.2.14]
2019-06-02 11:19:02.745 ERROR --- [DirectJDKLog.java:173][restartedMain] - An incompatible version [1.2.4] of the APR based Apache Tomcat Native library is installed, while Tomcat requires version [1.2.14]
2019-06-02 11:19:05.615 WARN  --- [TemplateMode.java:150][restartedMain] - [THYMELEAF][restartedMain] Template Mode 'HTML5' is deprecated. Using Template Mode 'HTML' instead.
2019-06-02 11:19:07.452 INFO  --- [StartupInfoLogger.java:59][restartedMain] - Started HouseApplication in 12.206 seconds (JVM running for 17.724)
2019-06-02 11:19:19.803 INFO  --- [Slf4JLogger.java:101][http-nio-8888-exec-2] - Starting without optional epoll library
2019-06-02 11:19:19.813 INFO  --- [Slf4JLogger.java:101][http-nio-8888-exec-2] - Starting without optional kqueue library
2019-06-02 11:19:21.965 INFO  --- [LoggerUtil.java:34][http-nio-8888-exec-2] - redis缓存中不存在houses_map_like_北京
2019-06-02 11:19:22.016 INFO  --- [HikariDataSource.java:110][http-nio-8888-exec-2] - HikariPool-1 - Starting...
2019-06-02 11:19:22.268 INFO  --- [HikariDataSource.java:123][http-nio-8888-exec-2] - HikariPool-1 - Start completed.
2019-06-02 11:19:22.460 INFO  --- [LoggerUtil.java:34][http-nio-8888-exec-2] - redis缓存中添加houses_map_like_北京
2019-06-02 11:19:36.210 INFO  --- [LoggerUtil.java:34][http-nio-8888-exec-6] - redis缓存中不存在houses_map_like_北京
2019-06-02 11:19:36.250 INFO  --- [LoggerUtil.java:34][http-nio-8888-exec-6] - redis缓存中添加houses_map_like_北京
2019-06-02 11:19:50.900 WARN  --- [AbstractAuthenticator.java:216][http-nio-8888-exec-1] - Authentication failed for token submission [org.apache.shiro.authc.UsernamePasswordToken - 租客1, rememberMe=false].  Possible unexpected error? (Typical or expected login exceptions should extend from AuthenticationException).
java.lang.NullPointerException: null
	at com.yuan.house.service.impl.UserServiceImpl.getUser(UserServiceImpl.java:69)
	at com.yuan.house.config.shiro.UserRealm.doGetAuthenticationInfo(UserRealm.java:47)
	at org.apache.shiro.realm.AuthenticatingRealm.getAuthenticationInfo(AuthenticatingRealm.java:571)
	at org.apache.shiro.authc.pam.ModularRealmAuthenticator.doSingleRealmAuthentication(ModularRealmAuthenticator.java:180)
	at org.apache.shiro.authc.pam.ModularRealmAuthenticator.doAuthenticate(ModularRealmAuthenticator.java:267)
	at org.apache.shiro.authc.AbstractAuthenticator.authenticate(AbstractAuthenticator.java:198)
	at org.apache.shiro.mgt.AuthenticatingSecurityManager.authenticate(AuthenticatingSecurityManager.java:106)
	at org.apache.shiro.mgt.DefaultSecurityManager.login(DefaultSecurityManager.java:274)
	at org.apache.shiro.subject.support.DelegatingSubject.login(DelegatingSubject.java:260)
	at com.yuan.house.service.impl.UserServiceImpl.userLogin(UserServiceImpl.java:50)
	at com.yuan.house.controller.CommonController.userLogin(CommonController.java:190)
	at sun.reflect.NativeMethodAccessorImpl.invoke0(Native Method)
	at sun.reflect.NativeMethodAccessorImpl.invoke(NativeMethodAccessorImpl.java:62)
	at sun.reflect.DelegatingMethodAccessorImpl.invoke(DelegatingMethodAccessorImpl.java:43)
	at java.lang.reflect.Method.invoke(Method.java:497)
	at org.springframework.web.method.support.InvocableHandlerMethod.doInvoke(InvocableHandlerMethod.java:215)
	at org.springframework.web.method.support.InvocableHandlerMethod.invokeForRequest(InvocableHandlerMethod.java:142)
	at org.springframework.web.servlet.mvc.method.annotation.ServletInvocableHandlerMethod.invokeAndHandle(ServletInvocableHandlerMethod.java:102)
	at org.springframework.web.servlet.mvc.method.annotation.RequestMappingHandlerAdapter.invokeHandlerMethod(RequestMappingHandlerAdapter.java:895)
	at org.springframework.web.servlet.mvc.method.annotation.RequestMappingHandlerAdapter.handleInternal(RequestMappingHandlerAdapter.java:800)
	at org.springframework.web.servlet.mvc.method.AbstractHandlerMethodAdapter.handle(AbstractHandlerMethodAdapter.java:87)
	at org.springframework.web.servlet.DispatcherServlet.doDispatch(DispatcherServlet.java:1038)
	at org.springframework.web.servlet.DispatcherServlet.doService(DispatcherServlet.java:942)
	at org.springframework.web.servlet.FrameworkServlet.processRequest(FrameworkServlet.java:998)
	at org.springframework.web.servlet.FrameworkServlet.doPost(FrameworkServlet.java:901)
	at javax.servlet.http.HttpServlet.service(HttpServlet.java:660)
	at org.springframework.web.servlet.FrameworkServlet.service(FrameworkServlet.java:875)
	at javax.servlet.http.HttpServlet.service(HttpServlet.java:741)
	at org.apache.catalina.core.ApplicationFilterChain.internalDoFilter(ApplicationFilterChain.java:231)
	at org.apache.catalina.core.ApplicationFilterChain.doFilter(ApplicationFilterChain.java:166)
	at org.apache.tomcat.websocket.server.WsFilter.doFilter(WsFilter.java:53)
	at org.apache.catalina.core.ApplicationFilterChain.internalDoFilter(ApplicationFilterChain.java:193)
	at org.apache.catalina.core.ApplicationFilterChain.doFilter(ApplicationFilterChain.java:166)
	at org.apache.shiro.web.servlet.ProxiedFilterChain.doFilter(ProxiedFilterChain.java:61)
	at org.apache.shiro.web.servlet.AdviceFilter.executeChain(AdviceFilter.java:108)
	at org.apache.shiro.web.servlet.AdviceFilter.doFilterInternal(AdviceFilter.java:137)
	at org.apache.shiro.web.servlet.OncePerRequestFilter.doFilter(OncePerRequestFilter.java:125)
	at org.apache.shiro.web.servlet.ProxiedFilterChain.doFilter(ProxiedFilterChain.java:66)
	at org.apache.shiro.web.servlet.AbstractShiroFilter.executeChain(AbstractShiroFilter.java:449)
	at org.apache.shiro.web.servlet.AbstractShiroFilter$1.call(AbstractShiroFilter.java:365)
	at org.apache.shiro.subject.support.SubjectCallable.doCall(SubjectCallable.java:90)
	at org.apache.shiro.subject.support.SubjectCallable.call(SubjectCallable.java:83)
	at org.apache.shiro.subject.support.DelegatingSubject.execute(DelegatingSubject.java:387)
	at org.apache.shiro.web.servlet.AbstractShiroFilter.doFilterInternal(AbstractShiroFilter.java:362)
	at org.apache.shiro.web.servlet.OncePerRequestFilter.doFilter(OncePerRequestFilter.java:125)
	at org.apache.catalina.core.ApplicationFilterChain.internalDoFilter(ApplicationFilterChain.java:193)
	at org.apache.catalina.core.ApplicationFilterChain.doFilter(ApplicationFilterChain.java:166)
	at org.springframework.web.servlet.resource.ResourceUrlEncodingFilter.doFilter(ResourceUrlEncodingFilter.java:63)
	at org.apache.catalina.core.ApplicationFilterChain.internalDoFilter(ApplicationFilterChain.java:193)
	at org.apache.catalina.core.ApplicationFilterChain.doFilter(ApplicationFilterChain.java:166)
	at org.springframework.web.filter.RequestContextFilter.doFilterInternal(RequestContextFilter.java:99)
	at org.springframework.web.filter.OncePerRequestFilter.doFilter(OncePerRequestFilter.java:107)
	at org.apache.catalina.core.ApplicationFilterChain.internalDoFilter(ApplicationFilterChain.java:193)
	at org.apache.catalina.core.ApplicationFilterChain.doFilter(ApplicationFilterChain.java:166)
	at org.springframework.web.filter.FormContentFilter.doFilterInternal(FormContentFilter.java:92)
	at org.springframework.web.filter.OncePerRequestFilter.doFilter(OncePerRequestFilter.java:107)
	at org.apache.catalina.core.ApplicationFilterChain.internalDoFilter(ApplicationFilterChain.java:193)
	at org.apache.catalina.core.ApplicationFilterChain.doFilter(ApplicationFilterChain.java:166)
	at org.springframework.web.filter.HiddenHttpMethodFilter.doFilterInternal(HiddenHttpMethodFilter.java:93)
	at org.springframework.web.filter.OncePerRequestFilter.doFilter(OncePerRequestFilter.java:107)
	at org.apache.catalina.core.ApplicationFilterChain.internalDoFilter(ApplicationFilterChain.java:193)
	at org.apache.catalina.core.ApplicationFilterChain.doFilter(ApplicationFilterChain.java:166)
	at org.springframework.web.filter.CharacterEncodingFilter.doFilterInternal(CharacterEncodingFilter.java:200)
	at org.springframework.web.filter.OncePerRequestFilter.doFilter(OncePerRequestFilter.java:107)
	at org.apache.catalina.core.ApplicationFilterChain.internalDoFilter(ApplicationFilterChain.java:193)
	at org.apache.catalina.core.ApplicationFilterChain.doFilter(ApplicationFilterChain.java:166)
	at org.apache.catalina.core.StandardWrapperValve.invoke(StandardWrapperValve.java:199)
	at org.apache.catalina.core.StandardContextValve.invoke(StandardContextValve.java:96)
	at org.apache.catalina.authenticator.AuthenticatorBase.invoke(AuthenticatorBase.java:490)
	at org.apache.catalina.core.StandardHostValve.invoke(StandardHostValve.java:139)
	at org.apache.catalina.valves.ErrorReportValve.invoke(ErrorReportValve.java:92)
	at org.apache.catalina.core.StandardEngineValve.invoke(StandardEngineValve.java:74)
	at org.apache.catalina.connector.CoyoteAdapter.service(CoyoteAdapter.java:343)
	at org.apache.coyote.http11.Http11Processor.service(Http11Processor.java:408)
	at org.apache.coyote.AbstractProcessorLight.process(AbstractProcessorLight.java:66)
	at org.apache.coyote.AbstractProtocol$ConnectionHandler.process(AbstractProtocol.java:770)
	at org.apache.tomcat.util.net.NioEndpoint$SocketProcessor.doRun(NioEndpoint.java:1415)
	at org.apache.tomcat.util.net.SocketProcessorBase.run(SocketProcessorBase.java:49)
	at java.util.concurrent.ThreadPoolExecutor.runWorker(ThreadPoolExecutor.java:1142)
	at java.util.concurrent.ThreadPoolExecutor$Worker.run(ThreadPoolExecutor.java:617)
	at org.apache.tomcat.util.threads.TaskThread$WrappingRunnable.run(TaskThread.java:61)
	at java.lang.Thread.run(Thread.java:745)
2019-06-02 11:19:50.918 ERROR --- [LoggerUtil.java:47][http-nio-8888-exec-1] - 用户登录异常：
org.apache.shiro.authc.AuthenticationException: Authentication failed for token submission [org.apache.shiro.authc.UsernamePasswordToken - 租客1, rememberMe=false].  Possible unexpected error? (Typical or expected login exceptions should extend from AuthenticationException).
	at org.apache.shiro.authc.AbstractAuthenticator.authenticate(AbstractAuthenticator.java:214)
	at org.apache.shiro.mgt.AuthenticatingSecurityManager.authenticate(AuthenticatingSecurityManager.java:106)
	at org.apache.shiro.mgt.DefaultSecurityManager.login(DefaultSecurityManager.java:274)
	at org.apache.shiro.subject.support.DelegatingSubject.login(DelegatingSubject.java:260)
	at com.yuan.house.service.impl.UserServiceImpl.userLogin(UserServiceImpl.java:50)
	at com.yuan.house.controller.CommonController.userLogin(CommonController.java:190)
	at sun.reflect.NativeMethodAccessorImpl.invoke0(Native Method)
	at sun.reflect.NativeMethodAccessorImpl.invoke(NativeMethodAccessorImpl.java:62)
	at sun.reflect.DelegatingMethodAccessorImpl.invoke(DelegatingMethodAccessorImpl.java:43)
	at java.lang.reflect.Method.invoke(Method.java:497)
	at org.springframework.web.method.support.InvocableHandlerMethod.doInvoke(InvocableHandlerMethod.java:215)
	at org.springframework.web.method.support.InvocableHandlerMethod.invokeForRequest(InvocableHandlerMethod.java:142)
	at org.springframework.web.servlet.mvc.method.annotation.ServletInvocableHandlerMethod.invokeAndHandle(ServletInvocableHandlerMethod.java:102)
	at org.springframework.web.servlet.mvc.method.annotation.RequestMappingHandlerAdapter.invokeHandlerMethod(RequestMappingHandlerAdapter.java:895)
	at org.springframework.web.servlet.mvc.method.annotation.RequestMappingHandlerAdapter.handleInternal(RequestMappingHandlerAdapter.java:800)
	at org.springframework.web.servlet.mvc.method.AbstractHandlerMethodAdapter.handle(AbstractHandlerMethodAdapter.java:87)
	at org.springframework.web.servlet.DispatcherServlet.doDispatch(DispatcherServlet.java:1038)
	at org.springframework.web.servlet.DispatcherServlet.doService(DispatcherServlet.java:942)
	at org.springframework.web.servlet.FrameworkServlet.processRequest(FrameworkServlet.java:998)
	at org.springframework.web.servlet.FrameworkServlet.doPost(FrameworkServlet.java:901)
	at javax.servlet.http.HttpServlet.service(HttpServlet.java:660)
	at org.springframework.web.servlet.FrameworkServlet.service(FrameworkServlet.java:875)
	at javax.servlet.http.HttpServlet.service(HttpServlet.java:741)
	at org.apache.catalina.core.ApplicationFilterChain.internalDoFilter(ApplicationFilterChain.java:231)
	at org.apache.catalina.core.ApplicationFilterChain.doFilter(ApplicationFilterChain.java:166)
	at org.apache.tomcat.websocket.server.WsFilter.doFilter(WsFilter.java:53)
	at org.apache.catalina.core.ApplicationFilterChain.internalDoFilter(ApplicationFilterChain.java:193)
	at org.apache.catalina.core.ApplicationFilterChain.doFilter(ApplicationFilterChain.java:166)
	at org.apache.shiro.web.servlet.ProxiedFilterChain.doFilter(ProxiedFilterChain.java:61)
	at org.apache.shiro.web.servlet.AdviceFilter.executeChain(AdviceFilter.java:108)
	at org.apache.shiro.web.servlet.AdviceFilter.doFilterInternal(AdviceFilter.java:137)
	at org.apache.shiro.web.servlet.OncePerRequestFilter.doFilter(OncePerRequestFilter.java:125)
	at org.apache.shiro.web.servlet.ProxiedFilterChain.doFilter(ProxiedFilterChain.java:66)
	at org.apache.shiro.web.servlet.AbstractShiroFilter.executeChain(AbstractShiroFilter.java:449)
	at org.apache.shiro.web.servlet.AbstractShiroFilter$1.call(AbstractShiroFilter.java:365)
	at org.apache.shiro.subject.support.SubjectCallable.doCall(SubjectCallable.java:90)
	at org.apache.shiro.subject.support.SubjectCallable.call(SubjectCallable.java:83)
	at org.apache.shiro.subject.support.DelegatingSubject.execute(DelegatingSubject.java:387)
	at org.apache.shiro.web.servlet.AbstractShiroFilter.doFilterInternal(AbstractShiroFilter.java:362)
	at org.apache.shiro.web.servlet.OncePerRequestFilter.doFilter(OncePerRequestFilter.java:125)
	at org.apache.catalina.core.ApplicationFilterChain.internalDoFilter(ApplicationFilterChain.java:193)
	at org.apache.catalina.core.ApplicationFilterChain.doFilter(ApplicationFilterChain.java:166)
	at org.springframework.web.servlet.resource.ResourceUrlEncodingFilter.doFilter(ResourceUrlEncodingFilter.java:63)
	at org.apache.catalina.core.ApplicationFilterChain.internalDoFilter(ApplicationFilterChain.java:193)
	at org.apache.catalina.core.ApplicationFilterChain.doFilter(ApplicationFilterChain.java:166)
	at org.springframework.web.filter.RequestContextFilter.doFilterInternal(RequestContextFilter.java:99)
	at org.springframework.web.filter.OncePerRequestFilter.doFilter(OncePerRequestFilter.java:107)
	at org.apache.catalina.core.ApplicationFilterChain.internalDoFilter(ApplicationFilterChain.java:193)
	at org.apache.catalina.core.ApplicationFilterChain.doFilter(ApplicationFilterChain.java:166)
	at org.springframework.web.filter.FormContentFilter.doFilterInternal(FormContentFilter.java:92)
	at org.springframework.web.filter.OncePerRequestFilter.doFilter(OncePerRequestFilter.java:107)
	at org.apache.catalina.core.ApplicationFilterChain.internalDoFilter(ApplicationFilterChain.java:193)
	at org.apache.catalina.core.ApplicationFilterChain.doFilter(ApplicationFilterChain.java:166)
	at org.springframework.web.filter.HiddenHttpMethodFilter.doFilterInternal(HiddenHttpMethodFilter.java:93)
	at org.springframework.web.filter.OncePerRequestFilter.doFilter(OncePerRequestFilter.java:107)
	at org.apache.catalina.core.ApplicationFilterChain.internalDoFilter(ApplicationFilterChain.java:193)
	at org.apache.catalina.core.ApplicationFilterChain.doFilter(ApplicationFilterChain.java:166)
	at org.springframework.web.filter.CharacterEncodingFilter.doFilterInternal(CharacterEncodingFilter.java:200)
	at org.springframework.web.filter.OncePerRequestFilter.doFilter(OncePerRequestFilter.java:107)
	at org.apache.catalina.core.ApplicationFilterChain.internalDoFilter(ApplicationFilterChain.java:193)
	at org.apache.catalina.core.ApplicationFilterChain.doFilter(ApplicationFilterChain.java:166)
	at org.apache.catalina.core.StandardWrapperValve.invoke(StandardWrapperValve.java:199)
	at org.apache.catalina.core.StandardContextValve.invoke(StandardContextValve.java:96)
	at org.apache.catalina.authenticator.AuthenticatorBase.invoke(AuthenticatorBase.java:490)
	at org.apache.catalina.core.StandardHostValve.invoke(StandardHostValve.java:139)
	at org.apache.catalina.valves.ErrorReportValve.invoke(ErrorReportValve.java:92)
	at org.apache.catalina.core.StandardEngineValve.invoke(StandardEngineValve.java:74)
	at org.apache.catalina.connector.CoyoteAdapter.service(CoyoteAdapter.java:343)
	at org.apache.coyote.http11.Http11Processor.service(Http11Processor.java:408)
	at org.apache.coyote.AbstractProcessorLight.process(AbstractProcessorLight.java:66)
	at org.apache.coyote.AbstractProtocol$ConnectionHandler.process(AbstractProtocol.java:770)
	at org.apache.tomcat.util.net.NioEndpoint$SocketProcessor.doRun(NioEndpoint.java:1415)
	at org.apache.tomcat.util.net.SocketProcessorBase.run(SocketProcessorBase.java:49)
	at java.util.concurrent.ThreadPoolExecutor.runWorker(ThreadPoolExecutor.java:1142)
	at java.util.concurrent.ThreadPoolExecutor$Worker.run(ThreadPoolExecutor.java:617)
	at org.apache.tomcat.util.threads.TaskThread$WrappingRunnable.run(TaskThread.java:61)
	at java.lang.Thread.run(Thread.java:745)
Caused by: java.lang.NullPointerException: null
	at com.yuan.house.service.impl.UserServiceImpl.getUser(UserServiceImpl.java:69)
	at com.yuan.house.config.shiro.UserRealm.doGetAuthenticationInfo(UserRealm.java:47)
	at org.apache.shiro.realm.AuthenticatingRealm.getAuthenticationInfo(AuthenticatingRealm.java:571)
	at org.apache.shiro.authc.pam.ModularRealmAuthenticator.doSingleRealmAuthentication(ModularRealmAuthenticator.java:180)
	at org.apache.shiro.authc.pam.ModularRealmAuthenticator.doAuthenticate(ModularRealmAuthenticator.java:267)
	at org.apache.shiro.authc.AbstractAuthenticator.authenticate(AbstractAuthenticator.java:198)
	... 76 common frames omitted
2019-06-02 11:20:10.693 INFO  --- [LoggerUtil.java:30][http-nio-8888-exec-10] - permission的值为:[user:delete, cart:create, comment:create, house:read, user:update, contract:create, money:create, comment:update, comment:read, money:update, cart:update, user:create, cart:delete, contract:update, contract:read, user:read, comment:delete, cart:read, money:read, contract:delete, money:delete]
2019-06-02 11:20:10.719 INFO  --- [LoggerUtil.java:34][http-nio-8888-exec-10] - redis缓存中不存在user_租客1
2019-06-02 11:20:10.741 INFO  --- [LoggerUtil.java:34][http-nio-8888-exec-10] - redis缓存中添加user_租客1
2019-06-02 11:21:59.764 INFO  --- [LoggerUtil.java:30][http-nio-8888-exec-4] - permission的值为:[user:delete, cart:create, comment:create, house:read, user:update, contract:create, money:create, comment:update, comment:read, money:update, cart:update, user:create, cart:delete, contract:update, contract:read, user:read, comment:delete, cart:read, money:read, contract:delete, money:delete]
2019-06-02 11:30:14.804 INFO  --- [StartupInfoLogger.java:50][restartedMain] - Starting HouseApplication on DESKTOP-A42CON3 with PID 9480 (D:\graduate\house\target\classes started by 谢洁芳 in D:\graduate\house)
2019-06-02 11:30:14.812 INFO  --- [SpringApplication.java:675][restartedMain] - No active profile set, falling back to default profiles: default
2019-06-02 11:30:20.097 ERROR --- [DirectJDKLog.java:173][restartedMain] - An incompatible version [1.2.4] of the APR based Apache Tomcat Native library is installed, while Tomcat requires version [1.2.14]
2019-06-02 11:30:20.925 ERROR --- [DirectJDKLog.java:173][restartedMain] - An incompatible version [1.2.4] of the APR based Apache Tomcat Native library is installed, while Tomcat requires version [1.2.14]
2019-06-02 11:30:20.976 ERROR --- [DirectJDKLog.java:173][restartedMain] - An incompatible version [1.2.4] of the APR based Apache Tomcat Native library is installed, while Tomcat requires version [1.2.14]
2019-06-02 11:30:25.225 WARN  --- [TemplateMode.java:150][restartedMain] - [THYMELEAF][restartedMain] Template Mode 'HTML5' is deprecated. Using Template Mode 'HTML' instead.
2019-06-02 11:30:27.405 INFO  --- [StartupInfoLogger.java:59][restartedMain] - Started HouseApplication in 13.69 seconds (JVM running for 18.104)
2019-06-02 11:30:56.661 INFO  --- [HikariDataSource.java:110][http-nio-8888-exec-7] - HikariPool-1 - Starting...
2019-06-02 11:30:57.677 INFO  --- [HikariDataSource.java:123][http-nio-8888-exec-7] - HikariPool-1 - Start completed.
2019-06-02 11:31:04.739 INFO  --- [LoggerUtil.java:30][http-nio-8888-exec-10] - permission的值为:[user:delete, cart:create, comment:create, house:read, user:update, contract:create, money:create, comment:update, comment:read, money:update, cart:update, user:create, cart:delete, contract:update, contract:read, user:read, comment:delete, cart:read, money:read, contract:delete, money:delete]
2019-06-02 11:31:05.473 INFO  --- [Slf4JLogger.java:101][http-nio-8888-exec-10] - Starting without optional epoll library
2019-06-02 11:31:05.485 INFO  --- [Slf4JLogger.java:101][http-nio-8888-exec-10] - Starting without optional kqueue library
2019-06-02 11:31:08.742 INFO  --- [LoggerUtil.java:34][http-nio-8888-exec-10] - redis缓存中不存在user_租客1
2019-06-02 11:31:08.794 INFO  --- [LoggerUtil.java:34][http-nio-8888-exec-10] - redis缓存中添加user_租客1
2019-06-02 11:31:20.108 INFO  --- [LoggerUtil.java:30][http-nio-8888-exec-1] - permission的值为:[user:delete, cart:create, comment:create, house:read, user:update, contract:create, money:create, comment:update, comment:read, money:update, cart:update, user:create, cart:delete, contract:update, contract:read, user:read, comment:delete, cart:read, money:read, contract:delete, money:delete]
2019-06-02 11:45:53.112 INFO  --- [StartupInfoLogger.java:50][restartedMain] - Starting HouseApplication on DESKTOP-A42CON3 with PID 1288 (D:\graduate\house\target\classes started by 谢洁芳 in D:\graduate\house)
2019-06-02 11:45:53.128 INFO  --- [SpringApplication.java:675][restartedMain] - No active profile set, falling back to default profiles: default
2019-06-02 11:46:14.114 ERROR --- [DirectJDKLog.java:173][restartedMain] - An incompatible version [1.2.4] of the APR based Apache Tomcat Native library is installed, while Tomcat requires version [1.2.14]
2019-06-02 11:46:15.292 ERROR --- [DirectJDKLog.java:173][restartedMain] - An incompatible version [1.2.4] of the APR based Apache Tomcat Native library is installed, while Tomcat requires version [1.2.14]
2019-06-02 11:46:15.352 ERROR --- [DirectJDKLog.java:173][restartedMain] - An incompatible version [1.2.4] of the APR based Apache Tomcat Native library is installed, while Tomcat requires version [1.2.14]
2019-06-02 11:46:19.620 WARN  --- [TemplateMode.java:150][restartedMain] - [THYMELEAF][restartedMain] Template Mode 'HTML5' is deprecated. Using Template Mode 'HTML' instead.
2019-06-02 11:46:22.267 INFO  --- [StartupInfoLogger.java:59][restartedMain] - Started HouseApplication in 33.529 seconds (JVM running for 120.551)
2019-06-02 11:47:02.530 INFO  --- [HikariDataSource.java:110][http-nio-8888-exec-5] - HikariPool-1 - Starting...
2019-06-02 11:47:03.490 INFO  --- [HikariDataSource.java:123][http-nio-8888-exec-5] - HikariPool-1 - Start completed.
2019-06-02 11:47:10.576 INFO  --- [LoggerUtil.java:30][http-nio-8888-exec-7] - permission的值为:[user:delete, cart:create, comment:create, house:read, user:update, contract:create, money:create, comment:update, comment:read, money:update, cart:update, user:create, cart:delete, contract:update, contract:read, user:read, comment:delete, cart:read, money:read, contract:delete, money:delete]
2019-06-02 11:47:11.569 INFO  --- [Slf4JLogger.java:101][http-nio-8888-exec-7] - Starting without optional epoll library
2019-06-02 11:47:11.591 INFO  --- [Slf4JLogger.java:101][http-nio-8888-exec-7] - Starting without optional kqueue library
2019-06-02 11:47:15.145 INFO  --- [LoggerUtil.java:34][http-nio-8888-exec-7] - redis缓存中不存在user_租客1
2019-06-02 11:47:15.268 INFO  --- [LoggerUtil.java:34][http-nio-8888-exec-7] - redis缓存中添加user_租客1
2019-06-02 11:49:01.793 INFO  --- [StartupInfoLogger.java:50][restartedMain] - Starting HouseApplication on DESKTOP-A42CON3 with PID 3148 (D:\graduate\house\target\classes started by 谢洁芳 in D:\graduate\house)
2019-06-02 11:49:01.803 INFO  --- [SpringApplication.java:675][restartedMain] - No active profile set, falling back to default profiles: default
2019-06-02 11:49:07.845 ERROR --- [DirectJDKLog.java:173][restartedMain] - An incompatible version [1.2.4] of the APR based Apache Tomcat Native library is installed, while Tomcat requires version [1.2.14]
2019-06-02 11:49:08.591 ERROR --- [DirectJDKLog.java:173][restartedMain] - An incompatible version [1.2.4] of the APR based Apache Tomcat Native library is installed, while Tomcat requires version [1.2.14]
2019-06-02 11:49:08.633 ERROR --- [DirectJDKLog.java:173][restartedMain] - An incompatible version [1.2.4] of the APR based Apache Tomcat Native library is installed, while Tomcat requires version [1.2.14]
2019-06-02 11:49:11.875 WARN  --- [TemplateMode.java:150][restartedMain] - [THYMELEAF][restartedMain] Template Mode 'HTML5' is deprecated. Using Template Mode 'HTML' instead.
2019-06-02 11:49:14.463 INFO  --- [StartupInfoLogger.java:59][restartedMain] - Started HouseApplication in 13.813 seconds (JVM running for 17.988)
2019-06-02 11:50:05.323 INFO  --- [HikariDataSource.java:110][http-nio-8888-exec-8] - HikariPool-1 - Starting...
2019-06-02 11:50:06.407 INFO  --- [HikariDataSource.java:123][http-nio-8888-exec-8] - HikariPool-1 - Start completed.
2019-06-02 11:50:09.755 INFO  --- [LoggerUtil.java:30][http-nio-8888-exec-10] - permission的值为:[user:delete, cart:create, comment:create, house:read, user:update, contract:create, money:create, comment:update, comment:read, money:update, cart:update, user:create, cart:delete, contract:update, contract:read, user:read, comment:delete, cart:read, money:read, contract:delete, money:delete]
2019-06-02 11:50:10.628 INFO  --- [Slf4JLogger.java:101][http-nio-8888-exec-10] - Starting without optional epoll library
2019-06-02 11:50:10.638 INFO  --- [Slf4JLogger.java:101][http-nio-8888-exec-10] - Starting without optional kqueue library
2019-06-02 11:50:14.826 INFO  --- [LoggerUtil.java:34][http-nio-8888-exec-10] - redis缓存中不存在user_租客1
2019-06-02 11:50:14.894 INFO  --- [LoggerUtil.java:34][http-nio-8888-exec-10] - redis缓存中添加user_租客1
2019-06-02 11:52:26.496 INFO  --- [StartupInfoLogger.java:50][restartedMain] - Starting HouseApplication on DESKTOP-A42CON3 with PID 3696 (D:\graduate\house\target\classes started by 谢洁芳 in D:\graduate\house)
2019-06-02 11:52:26.505 INFO  --- [SpringApplication.java:675][restartedMain] - No active profile set, falling back to default profiles: default
2019-06-02 11:52:38.260 ERROR --- [DirectJDKLog.java:173][restartedMain] - An incompatible version [1.2.4] of the APR based Apache Tomcat Native library is installed, while Tomcat requires version [1.2.14]
2019-06-02 11:52:39.636 ERROR --- [DirectJDKLog.java:173][restartedMain] - An incompatible version [1.2.4] of the APR based Apache Tomcat Native library is installed, while Tomcat requires version [1.2.14]
2019-06-02 11:52:39.722 ERROR --- [DirectJDKLog.java:173][restartedMain] - An incompatible version [1.2.4] of the APR based Apache Tomcat Native library is installed, while Tomcat requires version [1.2.14]
2019-06-02 11:52:44.336 WARN  --- [TemplateMode.java:150][restartedMain] - [THYMELEAF][restartedMain] Template Mode 'HTML5' is deprecated. Using Template Mode 'HTML' instead.
2019-06-02 11:52:46.158 INFO  --- [StartupInfoLogger.java:59][restartedMain] - Started HouseApplication in 20.929 seconds (JVM running for 25.984)
2019-06-02 11:53:45.771 INFO  --- [HikariDataSource.java:110][http-nio-8888-exec-6] - HikariPool-1 - Starting...
2019-06-02 11:53:46.600 INFO  --- [HikariDataSource.java:123][http-nio-8888-exec-6] - HikariPool-1 - Start completed.
2019-06-02 11:53:49.782 INFO  --- [LoggerUtil.java:30][http-nio-8888-exec-10] - permission的值为:[user:delete, cart:create, comment:create, house:read, user:update, contract:create, money:create, comment:update, comment:read, money:update, cart:update, user:create, cart:delete, contract:update, contract:read, user:read, comment:delete, cart:read, money:read, contract:delete, money:delete]
2019-06-02 11:53:51.517 INFO  --- [Slf4JLogger.java:101][http-nio-8888-exec-10] - Starting without optional epoll library
2019-06-02 11:53:51.532 INFO  --- [Slf4JLogger.java:101][http-nio-8888-exec-10] - Starting without optional kqueue library
2019-06-02 11:53:54.198 INFO  --- [LoggerUtil.java:34][http-nio-8888-exec-10] - redis缓存中不存在user_租客1
2019-06-02 11:53:54.292 INFO  --- [LoggerUtil.java:34][http-nio-8888-exec-10] - redis缓存中添加user_租客1
2019-06-02 11:54:32.890 INFO  --- [LoggerUtil.java:30][http-nio-8888-exec-3] - permission的值为:[user:delete, cart:create, comment:create, house:read, user:update, contract:create, money:create, comment:update, comment:read, money:update, cart:update, user:create, cart:delete, contract:update, contract:read, user:read, comment:delete, cart:read, money:read, contract:delete, money:delete]
2019-06-02 12:37:35.563 INFO  --- [StartupInfoLogger.java:50][restartedMain] - Starting HouseApplication on DESKTOP-A42CON3 with PID 14344 (D:\graduate\house\target\classes started by 谢洁芳 in D:\graduate\house)
2019-06-02 12:37:35.573 INFO  --- [SpringApplication.java:675][restartedMain] - No active profile set, falling back to default profiles: default
2019-06-02 12:37:57.043 ERROR --- [DirectJDKLog.java:173][restartedMain] - An incompatible version [1.2.4] of the APR based Apache Tomcat Native library is installed, while Tomcat requires version [1.2.14]
2019-06-02 12:37:59.481 ERROR --- [DirectJDKLog.java:173][restartedMain] - An incompatible version [1.2.4] of the APR based Apache Tomcat Native library is installed, while Tomcat requires version [1.2.14]
2019-06-02 12:37:59.545 ERROR --- [DirectJDKLog.java:173][restartedMain] - An incompatible version [1.2.4] of the APR based Apache Tomcat Native library is installed, while Tomcat requires version [1.2.14]
2019-06-02 12:38:05.483 WARN  --- [TemplateMode.java:150][restartedMain] - [THYMELEAF][restartedMain] Template Mode 'HTML5' is deprecated. Using Template Mode 'HTML' instead.
2019-06-02 12:38:07.972 INFO  --- [StartupInfoLogger.java:59][restartedMain] - Started HouseApplication in 33.937 seconds (JVM running for 48.547)
2019-06-02 12:38:30.910 INFO  --- [HikariDataSource.java:110][http-nio-8888-exec-6] - HikariPool-1 - Starting...
2019-06-02 12:38:31.529 INFO  --- [HikariDataSource.java:123][http-nio-8888-exec-6] - HikariPool-1 - Start completed.
2019-06-02 12:38:39.973 INFO  --- [LoggerUtil.java:30][http-nio-8888-exec-9] - permission的值为:[user:delete, cart:create, comment:create, house:read, user:update, contract:create, money:create, comment:update, comment:read, money:update, cart:update, user:create, cart:delete, contract:update, contract:read, user:read, comment:delete, cart:read, money:read, contract:delete, money:delete]
2019-06-02 12:38:40.467 INFO  --- [Slf4JLogger.java:101][http-nio-8888-exec-9] - Starting without optional epoll library
2019-06-02 12:38:40.476 INFO  --- [Slf4JLogger.java:101][http-nio-8888-exec-9] - Starting without optional kqueue library
2019-06-02 12:38:44.386 INFO  --- [LoggerUtil.java:34][http-nio-8888-exec-9] - redis缓存中不存在user_租客1
2019-06-02 12:38:44.464 INFO  --- [LoggerUtil.java:34][http-nio-8888-exec-9] - redis缓存中添加user_租客1
2019-06-02 12:39:20.823 INFO  --- [LoggerUtil.java:30][http-nio-8888-exec-1] - permission的值为:[user:delete, cart:create, comment:create, house:read, user:update, contract:create, money:create, comment:update, comment:read, money:update, cart:update, user:create, cart:delete, contract:update, contract:read, user:read, comment:delete, cart:read, money:read, contract:delete, money:delete]
2019-06-02 12:48:06.882 INFO  --- [StartupInfoLogger.java:50][restartedMain] - Starting HouseApplication on DESKTOP-A42CON3 with PID 10608 (D:\graduate\house\target\classes started by 谢洁芳 in D:\graduate\house)
2019-06-02 12:48:06.896 INFO  --- [SpringApplication.java:675][restartedMain] - No active profile set, falling back to default profiles: default
2019-06-02 12:48:14.260 ERROR --- [DirectJDKLog.java:173][restartedMain] - An incompatible version [1.2.4] of the APR based Apache Tomcat Native library is installed, while Tomcat requires version [1.2.14]
2019-06-02 12:48:15.107 ERROR --- [DirectJDKLog.java:173][restartedMain] - An incompatible version [1.2.4] of the APR based Apache Tomcat Native library is installed, while Tomcat requires version [1.2.14]
2019-06-02 12:48:15.163 ERROR --- [DirectJDKLog.java:173][restartedMain] - An incompatible version [1.2.4] of the APR based Apache Tomcat Native library is installed, while Tomcat requires version [1.2.14]
2019-06-02 12:48:18.756 WARN  --- [TemplateMode.java:150][restartedMain] - [THYMELEAF][restartedMain] Template Mode 'HTML5' is deprecated. Using Template Mode 'HTML' instead.
2019-06-02 12:48:20.738 INFO  --- [StartupInfoLogger.java:59][restartedMain] - Started HouseApplication in 15.618 seconds (JVM running for 21.508)
2019-06-02 12:50:11.368 INFO  --- [HikariDataSource.java:110][http-nio-8888-exec-7] - HikariPool-1 - Starting...
2019-06-02 12:50:12.337 INFO  --- [HikariDataSource.java:123][http-nio-8888-exec-7] - HikariPool-1 - Start completed.
2019-06-02 12:50:40.657 INFO  --- [LoggerUtil.java:30][http-nio-8888-exec-10] - permission的值为:[user:delete, cart:create, comment:create, house:read, user:update, contract:create, money:create, comment:update, comment:read, money:update, cart:update, user:create, cart:delete, contract:update, contract:read, user:read, comment:delete, cart:read, money:read, contract:delete, money:delete]
2019-06-02 12:50:41.124 INFO  --- [Slf4JLogger.java:101][http-nio-8888-exec-10] - Starting without optional epoll library
2019-06-02 12:50:41.129 INFO  --- [Slf4JLogger.java:101][http-nio-8888-exec-10] - Starting without optional kqueue library
2019-06-02 12:50:42.974 INFO  --- [LoggerUtil.java:30][http-nio-8888-exec-1] - permission的值为:[user:delete, cart:create, comment:create, house:read, user:update, contract:create, money:create, comment:update, comment:read, money:update, cart:update, user:create, cart:delete, contract:update, contract:read, user:read, comment:delete, cart:read, money:read, contract:delete, money:delete]
2019-06-02 12:50:43.084 INFO  --- [LoggerUtil.java:34][http-nio-8888-exec-10] - redis缓存中不存在user_租客1
2019-06-02 12:50:43.084 INFO  --- [LoggerUtil.java:34][http-nio-8888-exec-1] - redis缓存中不存在user_租客1
2019-06-02 12:50:43.135 INFO  --- [LoggerUtil.java:34][http-nio-8888-exec-1] - redis缓存中添加user_租客1
2019-06-02 12:50:43.135 INFO  --- [LoggerUtil.java:34][http-nio-8888-exec-10] - redis缓存中添加user_租客1
2019-06-02 12:51:20.213 INFO  --- [LoggerUtil.java:30][http-nio-8888-exec-4] - permission的值为:[user:delete, cart:create, comment:create, house:read, user:update, contract:create, money:create, comment:update, comment:read, money:update, cart:update, user:create, cart:delete, contract:update, contract:read, user:read, comment:delete, cart:read, money:read, contract:delete, money:delete]
2019-06-02 14:13:47.192 INFO  --- [StartupInfoLogger.java:50][restartedMain] - Starting HouseApplication on DESKTOP-A42CON3 with PID 9904 (D:\graduate\house\target\classes started by 谢洁芳 in D:\graduate\house)
2019-06-02 14:13:47.236 INFO  --- [SpringApplication.java:675][restartedMain] - No active profile set, falling back to default profiles: default
2019-06-02 14:14:08.926 ERROR --- [DirectJDKLog.java:173][restartedMain] - An incompatible version [1.2.4] of the APR based Apache Tomcat Native library is installed, while Tomcat requires version [1.2.14]
2019-06-02 14:14:10.203 ERROR --- [DirectJDKLog.java:173][restartedMain] - An incompatible version [1.2.4] of the APR based Apache Tomcat Native library is installed, while Tomcat requires version [1.2.14]
2019-06-02 14:14:10.270 ERROR --- [DirectJDKLog.java:173][restartedMain] - An incompatible version [1.2.4] of the APR based Apache Tomcat Native library is installed, while Tomcat requires version [1.2.14]
2019-06-02 14:14:15.505 WARN  --- [TemplateMode.java:150][restartedMain] - [THYMELEAF][restartedMain] Template Mode 'HTML5' is deprecated. Using Template Mode 'HTML' instead.
2019-06-02 14:14:18.929 INFO  --- [StartupInfoLogger.java:59][restartedMain] - Started HouseApplication in 36.524 seconds (JVM running for 57.429)
2019-06-02 14:15:34.278 INFO  --- [Slf4JLogger.java:101][http-nio-8888-exec-6] - Starting without optional epoll library
2019-06-02 14:15:34.300 INFO  --- [Slf4JLogger.java:101][http-nio-8888-exec-6] - Starting without optional kqueue library
2019-06-02 14:15:36.463 INFO  --- [LoggerUtil.java:34][http-nio-8888-exec-6] - redis缓存中不存在houses_map_like_北京
2019-06-02 14:15:36.581 INFO  --- [HikariDataSource.java:110][http-nio-8888-exec-6] - HikariPool-1 - Starting...
2019-06-02 14:15:37.232 INFO  --- [HikariDataSource.java:123][http-nio-8888-exec-6] - HikariPool-1 - Start completed.
2019-06-02 14:15:37.630 INFO  --- [LoggerUtil.java:34][http-nio-8888-exec-6] - redis缓存中添加houses_map_like_北京
2019-06-02 14:16:06.997 INFO  --- [LoggerUtil.java:34][http-nio-8888-exec-8] - redis缓存中不存在houses_map_like_长沙市
2019-06-02 14:16:07.080 INFO  --- [LoggerUtil.java:34][http-nio-8888-exec-8] - redis缓存中添加houses_map_like_长沙市
2019-06-02 14:17:42.042 INFO  --- [LoggerUtil.java:30][http-nio-8888-exec-9] - permission的值为:[user:delete, cart:create, comment:create, house:read, user:update, contract:create, money:create, comment:update, comment:read, money:update, cart:update, user:create, cart:delete, contract:update, contract:read, user:read, comment:delete, cart:read, money:read, contract:delete, money:delete]
2019-06-02 14:17:42.086 INFO  --- [LoggerUtil.java:34][http-nio-8888-exec-9] - redis缓存中不存在user_租客1
2019-06-02 14:17:42.128 INFO  --- [LoggerUtil.java:34][http-nio-8888-exec-9] - redis缓存中添加user_租客1
2019-06-02 14:17:56.214 INFO  --- [LoggerUtil.java:30][http-nio-8888-exec-1] - permission的值为:[user:delete, cart:create, comment:create, house:read, user:update, contract:create, money:create, comment:update, comment:read, money:update, cart:update, user:create, cart:delete, contract:update, contract:read, user:read, comment:delete, cart:read, money:read, contract:delete, money:delete]
2019-06-02 14:18:16.515 INFO  --- [LoggerUtil.java:34][http-nio-8888-exec-2] - redis缓存中不存在houses_map_like_北京
2019-06-02 14:18:16.535 INFO  --- [LoggerUtil.java:34][http-nio-8888-exec-2] - redis缓存中添加houses_map_like_北京
2019-06-02 14:18:24.227 INFO  --- [LoggerUtil.java:34][http-nio-8888-exec-4] - redis缓存中不存在houses_map_like_长沙市
2019-06-02 14:18:24.272 INFO  --- [LoggerUtil.java:34][http-nio-8888-exec-4] - redis缓存中添加houses_map_like_长沙市
2019-06-02 14:18:30.090 ERROR --- [DirectJDKLog.java:175][http-nio-8888-exec-6] - Servlet.service() for servlet [dispatcherServlet] in context with path [] threw exception [Request processing failed; nested exception is java.lang.IllegalStateException: Optional int parameter 'val' is present but cannot be translated into a null value due to being declared as a primitive type. Consider declaring it as object wrapper for the corresponding primitive type.] with root cause
java.lang.IllegalStateException: Optional int parameter 'val' is present but cannot be translated into a null value due to being declared as a primitive type. Consider declaring it as object wrapper for the corresponding primitive type.
	at org.springframework.web.method.annotation.AbstractNamedValueMethodArgumentResolver.handleNullValue(AbstractNamedValueMethodArgumentResolver.java:245)
	at org.springframework.web.method.annotation.AbstractNamedValueMethodArgumentResolver.resolveArgument(AbstractNamedValueMethodArgumentResolver.java:115)
	at org.springframework.web.method.support.HandlerMethodArgumentResolverComposite.resolveArgument(HandlerMethodArgumentResolverComposite.java:124)
	at org.springframework.web.method.support.InvocableHandlerMethod.getMethodArgumentValues(InvocableHandlerMethod.java:165)
	at org.springframework.web.method.support.InvocableHandlerMethod.invokeForRequest(InvocableHandlerMethod.java:138)
	at org.springframework.web.servlet.mvc.method.annotation.ServletInvocableHandlerMethod.invokeAndHandle(ServletInvocableHandlerMethod.java:102)
	at org.springframework.web.servlet.mvc.method.annotation.RequestMappingHandlerAdapter.invokeHandlerMethod(RequestMappingHandlerAdapter.java:895)
	at org.springframework.web.servlet.mvc.method.annotation.RequestMappingHandlerAdapter.handleInternal(RequestMappingHandlerAdapter.java:800)
	at org.springframework.web.servlet.mvc.method.AbstractHandlerMethodAdapter.handle(AbstractHandlerMethodAdapter.java:87)
	at org.springframework.web.servlet.DispatcherServlet.doDispatch(DispatcherServlet.java:1038)
	at org.springframework.web.servlet.DispatcherServlet.doService(DispatcherServlet.java:942)
	at org.springframework.web.servlet.FrameworkServlet.processRequest(FrameworkServlet.java:998)
	at org.springframework.web.servlet.FrameworkServlet.doPost(FrameworkServlet.java:901)
	at javax.servlet.http.HttpServlet.service(HttpServlet.java:660)
	at org.springframework.web.servlet.FrameworkServlet.service(FrameworkServlet.java:875)
	at javax.servlet.http.HttpServlet.service(HttpServlet.java:741)
	at org.apache.catalina.core.ApplicationFilterChain.internalDoFilter(ApplicationFilterChain.java:231)
	at org.apache.catalina.core.ApplicationFilterChain.doFilter(ApplicationFilterChain.java:166)
	at org.apache.tomcat.websocket.server.WsFilter.doFilter(WsFilter.java:53)
	at org.apache.catalina.core.ApplicationFilterChain.internalDoFilter(ApplicationFilterChain.java:193)
	at org.apache.catalina.core.ApplicationFilterChain.doFilter(ApplicationFilterChain.java:166)
	at org.apache.shiro.web.servlet.ProxiedFilterChain.doFilter(ProxiedFilterChain.java:61)
	at org.apache.shiro.web.servlet.AdviceFilter.executeChain(AdviceFilter.java:108)
	at org.apache.shiro.web.servlet.AdviceFilter.doFilterInternal(AdviceFilter.java:137)
	at org.apache.shiro.web.servlet.OncePerRequestFilter.doFilter(OncePerRequestFilter.java:125)
	at org.apache.shiro.web.servlet.ProxiedFilterChain.doFilter(ProxiedFilterChain.java:66)
	at org.apache.shiro.web.servlet.AbstractShiroFilter.executeChain(AbstractShiroFilter.java:449)
	at org.apache.shiro.web.servlet.AbstractShiroFilter$1.call(AbstractShiroFilter.java:365)
	at org.apache.shiro.subject.support.SubjectCallable.doCall(SubjectCallable.java:90)
	at org.apache.shiro.subject.support.SubjectCallable.call(SubjectCallable.java:83)
	at org.apache.shiro.subject.support.DelegatingSubject.execute(DelegatingSubject.java:387)
	at org.apache.shiro.web.servlet.AbstractShiroFilter.doFilterInternal(AbstractShiroFilter.java:362)
	at org.apache.shiro.web.servlet.OncePerRequestFilter.doFilter(OncePerRequestFilter.java:125)
	at org.apache.catalina.core.ApplicationFilterChain.internalDoFilter(ApplicationFilterChain.java:193)
	at org.apache.catalina.core.ApplicationFilterChain.doFilter(ApplicationFilterChain.java:166)
	at org.springframework.web.servlet.resource.ResourceUrlEncodingFilter.doFilter(ResourceUrlEncodingFilter.java:63)
	at org.apache.catalina.core.ApplicationFilterChain.internalDoFilter(ApplicationFilterChain.java:193)
	at org.apache.catalina.core.ApplicationFilterChain.doFilter(ApplicationFilterChain.java:166)
	at org.springframework.web.filter.RequestContextFilter.doFilterInternal(RequestContextFilter.java:99)
	at org.springframework.web.filter.OncePerRequestFilter.doFilter(OncePerRequestFilter.java:107)
	at org.apache.catalina.core.ApplicationFilterChain.internalDoFilter(ApplicationFilterChain.java:193)
	at org.apache.catalina.core.ApplicationFilterChain.doFilter(ApplicationFilterChain.java:166)
	at org.springframework.web.filter.FormContentFilter.doFilterInternal(FormContentFilter.java:92)
	at org.springframework.web.filter.OncePerRequestFilter.doFilter(OncePerRequestFilter.java:107)
	at org.apache.catalina.core.ApplicationFilterChain.internalDoFilter(ApplicationFilterChain.java:193)
	at org.apache.catalina.core.ApplicationFilterChain.doFilter(ApplicationFilterChain.java:166)
	at org.springframework.web.filter.HiddenHttpMethodFilter.doFilterInternal(HiddenHttpMethodFilter.java:93)
	at org.springframework.web.filter.OncePerRequestFilter.doFilter(OncePerRequestFilter.java:107)
	at org.apache.catalina.core.ApplicationFilterChain.internalDoFilter(ApplicationFilterChain.java:193)
	at org.apache.catalina.core.ApplicationFilterChain.doFilter(ApplicationFilterChain.java:166)
	at org.springframework.web.filter.CharacterEncodingFilter.doFilterInternal(CharacterEncodingFilter.java:200)
	at org.springframework.web.filter.OncePerRequestFilter.doFilter(OncePerRequestFilter.java:107)
	at org.apache.catalina.core.ApplicationFilterChain.internalDoFilter(ApplicationFilterChain.java:193)
	at org.apache.catalina.core.ApplicationFilterChain.doFilter(ApplicationFilterChain.java:166)
	at org.apache.catalina.core.StandardWrapperValve.invoke(StandardWrapperValve.java:199)
	at org.apache.catalina.core.StandardContextValve.invoke(StandardContextValve.java:96)
	at org.apache.catalina.authenticator.AuthenticatorBase.invoke(AuthenticatorBase.java:490)
	at org.apache.catalina.core.StandardHostValve.invoke(StandardHostValve.java:139)
	at org.apache.catalina.valves.ErrorReportValve.invoke(ErrorReportValve.java:92)
	at org.apache.catalina.core.StandardEngineValve.invoke(StandardEngineValve.java:74)
	at org.apache.catalina.connector.CoyoteAdapter.service(CoyoteAdapter.java:343)
	at org.apache.coyote.http11.Http11Processor.service(Http11Processor.java:408)
	at org.apache.coyote.AbstractProcessorLight.process(AbstractProcessorLight.java:66)
	at org.apache.coyote.AbstractProtocol$ConnectionHandler.process(AbstractProtocol.java:770)
	at org.apache.tomcat.util.net.NioEndpoint$SocketProcessor.doRun(NioEndpoint.java:1415)
	at org.apache.tomcat.util.net.SocketProcessorBase.run(SocketProcessorBase.java:49)
	at java.util.concurrent.ThreadPoolExecutor.runWorker(ThreadPoolExecutor.java:1142)
	at java.util.concurrent.ThreadPoolExecutor$Worker.run(ThreadPoolExecutor.java:617)
	at org.apache.tomcat.util.threads.TaskThread$WrappingRunnable.run(TaskThread.java:61)
	at java.lang.Thread.run(Thread.java:745)
2019-06-02 14:18:49.693 ERROR --- [DirectJDKLog.java:175][http-nio-8888-exec-7] - Servlet.service() for servlet [dispatcherServlet] in context with path [] threw exception [Request processing failed; nested exception is java.lang.IllegalStateException: Optional int parameter 'val' is present but cannot be translated into a null value due to being declared as a primitive type. Consider declaring it as object wrapper for the corresponding primitive type.] with root cause
java.lang.IllegalStateException: Optional int parameter 'val' is present but cannot be translated into a null value due to being declared as a primitive type. Consider declaring it as object wrapper for the corresponding primitive type.
	at org.springframework.web.method.annotation.AbstractNamedValueMethodArgumentResolver.handleNullValue(AbstractNamedValueMethodArgumentResolver.java:245)
	at org.springframework.web.method.annotation.AbstractNamedValueMethodArgumentResolver.resolveArgument(AbstractNamedValueMethodArgumentResolver.java:115)
	at org.springframework.web.method.support.HandlerMethodArgumentResolverComposite.resolveArgument(HandlerMethodArgumentResolverComposite.java:124)
	at org.springframework.web.method.support.InvocableHandlerMethod.getMethodArgumentValues(InvocableHandlerMethod.java:165)
	at org.springframework.web.method.support.InvocableHandlerMethod.invokeForRequest(InvocableHandlerMethod.java:138)
	at org.springframework.web.servlet.mvc.method.annotation.ServletInvocableHandlerMethod.invokeAndHandle(ServletInvocableHandlerMethod.java:102)
	at org.springframework.web.servlet.mvc.method.annotation.RequestMappingHandlerAdapter.invokeHandlerMethod(RequestMappingHandlerAdapter.java:895)
	at org.springframework.web.servlet.mvc.method.annotation.RequestMappingHandlerAdapter.handleInternal(RequestMappingHandlerAdapter.java:800)
	at org.springframework.web.servlet.mvc.method.AbstractHandlerMethodAdapter.handle(AbstractHandlerMethodAdapter.java:87)
	at org.springframework.web.servlet.DispatcherServlet.doDispatch(DispatcherServlet.java:1038)
	at org.springframework.web.servlet.DispatcherServlet.doService(DispatcherServlet.java:942)
	at org.springframework.web.servlet.FrameworkServlet.processRequest(FrameworkServlet.java:998)
	at org.springframework.web.servlet.FrameworkServlet.doGet(FrameworkServlet.java:890)
	at javax.servlet.http.HttpServlet.service(HttpServlet.java:634)
	at org.springframework.web.servlet.FrameworkServlet.service(FrameworkServlet.java:875)
	at javax.servlet.http.HttpServlet.service(HttpServlet.java:741)
	at org.apache.catalina.core.ApplicationFilterChain.internalDoFilter(ApplicationFilterChain.java:231)
	at org.apache.catalina.core.ApplicationFilterChain.doFilter(ApplicationFilterChain.java:166)
	at org.apache.tomcat.websocket.server.WsFilter.doFilter(WsFilter.java:53)
	at org.apache.catalina.core.ApplicationFilterChain.internalDoFilter(ApplicationFilterChain.java:193)
	at org.apache.catalina.core.ApplicationFilterChain.doFilter(ApplicationFilterChain.java:166)
	at org.apache.shiro.web.servlet.ProxiedFilterChain.doFilter(ProxiedFilterChain.java:61)
	at org.apache.shiro.web.servlet.AdviceFilter.executeChain(AdviceFilter.java:108)
	at org.apache.shiro.web.servlet.AdviceFilter.doFilterInternal(AdviceFilter.java:137)
	at org.apache.shiro.web.servlet.OncePerRequestFilter.doFilter(OncePerRequestFilter.java:125)
	at org.apache.shiro.web.servlet.ProxiedFilterChain.doFilter(ProxiedFilterChain.java:66)
	at org.apache.shiro.web.servlet.AbstractShiroFilter.executeChain(AbstractShiroFilter.java:449)
	at org.apache.shiro.web.servlet.AbstractShiroFilter$1.call(AbstractShiroFilter.java:365)
	at org.apache.shiro.subject.support.SubjectCallable.doCall(SubjectCallable.java:90)
	at org.apache.shiro.subject.support.SubjectCallable.call(SubjectCallable.java:83)
	at org.apache.shiro.subject.support.DelegatingSubject.execute(DelegatingSubject.java:387)
	at org.apache.shiro.web.servlet.AbstractShiroFilter.doFilterInternal(AbstractShiroFilter.java:362)
	at org.apache.shiro.web.servlet.OncePerRequestFilter.doFilter(OncePerRequestFilter.java:125)
	at org.apache.catalina.core.ApplicationFilterChain.internalDoFilter(ApplicationFilterChain.java:193)
	at org.apache.catalina.core.ApplicationFilterChain.doFilter(ApplicationFilterChain.java:166)
	at org.springframework.web.servlet.resource.ResourceUrlEncodingFilter.doFilter(ResourceUrlEncodingFilter.java:63)
	at org.apache.catalina.core.ApplicationFilterChain.internalDoFilter(ApplicationFilterChain.java:193)
	at org.apache.catalina.core.ApplicationFilterChain.doFilter(ApplicationFilterChain.java:166)
	at org.springframework.web.filter.RequestContextFilter.doFilterInternal(RequestContextFilter.java:99)
	at org.springframework.web.filter.OncePerRequestFilter.doFilter(OncePerRequestFilter.java:107)
	at org.apache.catalina.core.ApplicationFilterChain.internalDoFilter(ApplicationFilterChain.java:193)
	at org.apache.catalina.core.ApplicationFilterChain.doFilter(ApplicationFilterChain.java:166)
	at org.springframework.web.filter.FormContentFilter.doFilterInternal(FormContentFilter.java:92)
	at org.springframework.web.filter.OncePerRequestFilter.doFilter(OncePerRequestFilter.java:107)
	at org.apache.catalina.core.ApplicationFilterChain.internalDoFilter(ApplicationFilterChain.java:193)
	at org.apache.catalina.core.ApplicationFilterChain.doFilter(ApplicationFilterChain.java:166)
	at org.springframework.web.filter.HiddenHttpMethodFilter.doFilterInternal(HiddenHttpMethodFilter.java:93)
	at org.springframework.web.filter.OncePerRequestFilter.doFilter(OncePerRequestFilter.java:107)
	at org.apache.catalina.core.ApplicationFilterChain.internalDoFilter(ApplicationFilterChain.java:193)
	at org.apache.catalina.core.ApplicationFilterChain.doFilter(ApplicationFilterChain.java:166)
	at org.springframework.web.filter.CharacterEncodingFilter.doFilterInternal(CharacterEncodingFilter.java:200)
	at org.springframework.web.filter.OncePerRequestFilter.doFilter(OncePerRequestFilter.java:107)
	at org.apache.catalina.core.ApplicationFilterChain.internalDoFilter(ApplicationFilterChain.java:193)
	at org.apache.catalina.core.ApplicationFilterChain.doFilter(ApplicationFilterChain.java:166)
	at org.apache.catalina.core.StandardWrapperValve.invoke(StandardWrapperValve.java:199)
	at org.apache.catalina.core.StandardContextValve.invoke(StandardContextValve.java:96)
	at org.apache.catalina.authenticator.AuthenticatorBase.invoke(AuthenticatorBase.java:490)
	at org.apache.catalina.core.StandardHostValve.invoke(StandardHostValve.java:139)
	at org.apache.catalina.valves.ErrorReportValve.invoke(ErrorReportValve.java:92)
	at org.apache.catalina.core.StandardEngineValve.invoke(StandardEngineValve.java:74)
	at org.apache.catalina.connector.CoyoteAdapter.service(CoyoteAdapter.java:343)
	at org.apache.coyote.http11.Http11Processor.service(Http11Processor.java:408)
	at org.apache.coyote.AbstractProcessorLight.process(AbstractProcessorLight.java:66)
	at org.apache.coyote.AbstractProtocol$ConnectionHandler.process(AbstractProtocol.java:770)
	at org.apache.tomcat.util.net.NioEndpoint$SocketProcessor.doRun(NioEndpoint.java:1415)
	at org.apache.tomcat.util.net.SocketProcessorBase.run(SocketProcessorBase.java:49)
	at java.util.concurrent.ThreadPoolExecutor.runWorker(ThreadPoolExecutor.java:1142)
	at java.util.concurrent.ThreadPoolExecutor$Worker.run(ThreadPoolExecutor.java:617)
	at org.apache.tomcat.util.threads.TaskThread$WrappingRunnable.run(TaskThread.java:61)
	at java.lang.Thread.run(Thread.java:745)
2019-06-02 14:31:29.703 INFO  --- [StartupInfoLogger.java:50][restartedMain] - Starting HouseApplication on DESKTOP-A42CON3 with PID 9276 (D:\graduate\house\target\classes started by 谢洁芳 in D:\graduate\house)
2019-06-02 14:31:29.711 INFO  --- [SpringApplication.java:675][restartedMain] - No active profile set, falling back to default profiles: default
2019-06-02 14:31:36.237 ERROR --- [DirectJDKLog.java:173][restartedMain] - An incompatible version [1.2.4] of the APR based Apache Tomcat Native library is installed, while Tomcat requires version [1.2.14]
2019-06-02 14:31:36.980 ERROR --- [DirectJDKLog.java:173][restartedMain] - An incompatible version [1.2.4] of the APR based Apache Tomcat Native library is installed, while Tomcat requires version [1.2.14]
2019-06-02 14:31:37.017 ERROR --- [DirectJDKLog.java:173][restartedMain] - An incompatible version [1.2.4] of the APR based Apache Tomcat Native library is installed, while Tomcat requires version [1.2.14]
2019-06-02 14:31:40.271 WARN  --- [TemplateMode.java:150][restartedMain] - [THYMELEAF][restartedMain] Template Mode 'HTML5' is deprecated. Using Template Mode 'HTML' instead.
2019-06-02 14:31:42.202 INFO  --- [StartupInfoLogger.java:59][restartedMain] - Started HouseApplication in 14.052 seconds (JVM running for 19.627)
2019-06-02 14:32:16.300 INFO  --- [Slf4JLogger.java:101][http-nio-8888-exec-2] - Starting without optional epoll library
2019-06-02 14:32:16.313 INFO  --- [Slf4JLogger.java:101][http-nio-8888-exec-2] - Starting without optional kqueue library
2019-06-02 14:32:19.263 INFO  --- [LoggerUtil.java:34][http-nio-8888-exec-2] - redis缓存中不存在houses_map_like_北京
2019-06-02 14:32:19.340 INFO  --- [HikariDataSource.java:110][http-nio-8888-exec-2] - HikariPool-1 - Starting...
2019-06-02 14:32:20.010 INFO  --- [HikariDataSource.java:123][http-nio-8888-exec-2] - HikariPool-1 - Start completed.
2019-06-02 14:32:20.454 INFO  --- [LoggerUtil.java:34][http-nio-8888-exec-2] - redis缓存中添加houses_map_like_北京
2019-06-02 14:32:28.022 INFO  --- [LoggerUtil.java:34][http-nio-8888-exec-5] - redis缓存中不存在houses_map_like_长沙市
2019-06-02 14:32:28.118 INFO  --- [LoggerUtil.java:34][http-nio-8888-exec-5] - redis缓存中添加houses_map_like_长沙市
2019-06-02 14:32:39.256 INFO  --- [LoggerUtil.java:34][http-nio-8888-exec-8] - redis缓存中不存在house_3
2019-06-02 14:32:39.370 INFO  --- [LoggerUtil.java:34][http-nio-8888-exec-8] - redis缓存中添加house_3
2019-06-02 14:34:08.775 INFO  --- [LoggerUtil.java:30][http-nio-8888-exec-6] - permission的值为:[user:delete, cart:create, comment:create, house:read, user:update, contract:create, money:create, comment:update, comment:read, money:update, cart:update, user:create, cart:delete, contract:update, contract:read, user:read, comment:delete, cart:read, money:read, contract:delete, money:delete]
2019-06-02 14:34:08.789 INFO  --- [LoggerUtil.java:34][http-nio-8888-exec-6] - redis缓存中不存在user_租客1
2019-06-02 14:34:08.819 INFO  --- [LoggerUtil.java:34][http-nio-8888-exec-6] - redis缓存中添加user_租客1
2019-06-02 14:34:52.360 INFO  --- [LoggerUtil.java:30][http-nio-8888-exec-1] - permission的值为:[user:delete, cart:create, comment:create, house:read, user:update, contract:create, money:create, comment:update, comment:read, money:update, cart:update, user:create, cart:delete, contract:update, contract:read, user:read, comment:delete, cart:read, money:read, contract:delete, money:delete]
2019-06-02 14:47:21.733 INFO  --- [StartupInfoLogger.java:50][restartedMain] - Starting HouseApplication on DESKTOP-A42CON3 with PID 2596 (D:\graduate\house\target\classes started by 谢洁芳 in D:\graduate\house)
2019-06-02 14:47:21.740 INFO  --- [SpringApplication.java:675][restartedMain] - No active profile set, falling back to default profiles: default
2019-06-02 14:47:28.625 ERROR --- [DirectJDKLog.java:173][restartedMain] - An incompatible version [1.2.4] of the APR based Apache Tomcat Native library is installed, while Tomcat requires version [1.2.14]
2019-06-02 14:47:29.341 ERROR --- [DirectJDKLog.java:173][restartedMain] - An incompatible version [1.2.4] of the APR based Apache Tomcat Native library is installed, while Tomcat requires version [1.2.14]
2019-06-02 14:47:29.377 ERROR --- [DirectJDKLog.java:173][restartedMain] - An incompatible version [1.2.4] of the APR based Apache Tomcat Native library is installed, while Tomcat requires version [1.2.14]
2019-06-02 14:47:32.582 WARN  --- [TemplateMode.java:150][restartedMain] - [THYMELEAF][restartedMain] Template Mode 'HTML5' is deprecated. Using Template Mode 'HTML' instead.
2019-06-02 14:47:34.598 INFO  --- [StartupInfoLogger.java:59][restartedMain] - Started HouseApplication in 14.173 seconds (JVM running for 17.966)
2019-06-02 14:48:02.134 INFO  --- [HikariDataSource.java:110][http-nio-8888-exec-6] - HikariPool-1 - Starting...
2019-06-02 14:48:02.555 INFO  --- [HikariDataSource.java:123][http-nio-8888-exec-6] - HikariPool-1 - Start completed.
2019-06-02 14:48:07.489 INFO  --- [LoggerUtil.java:30][http-nio-8888-exec-8] - permission的值为:[user:delete, cart:create, comment:create, house:read, user:update, contract:create, money:create, comment:update, comment:read, money:update, cart:update, user:create, cart:delete, contract:update, contract:read, user:read, comment:delete, cart:read, money:read, contract:delete, money:delete]
2019-06-02 14:48:08.268 INFO  --- [Slf4JLogger.java:101][http-nio-8888-exec-8] - Starting without optional epoll library
2019-06-02 14:48:08.277 INFO  --- [Slf4JLogger.java:101][http-nio-8888-exec-8] - Starting without optional kqueue library
2019-06-02 14:48:11.622 INFO  --- [LoggerUtil.java:34][http-nio-8888-exec-8] - redis缓存中不存在user_租客1
2019-06-02 14:48:11.671 INFO  --- [LoggerUtil.java:34][http-nio-8888-exec-8] - redis缓存中添加user_租客1
2019-06-02 15:15:51.909 INFO  --- [StartupInfoLogger.java:50][restartedMain] - Starting HouseApplication on DESKTOP-A42CON3 with PID 1388 (D:\graduate\house\target\classes started by 谢洁芳 in D:\graduate\house)
2019-06-02 15:15:51.919 INFO  --- [SpringApplication.java:675][restartedMain] - No active profile set, falling back to default profiles: default
2019-06-02 15:16:00.464 ERROR --- [DirectJDKLog.java:173][restartedMain] - An incompatible version [1.2.4] of the APR based Apache Tomcat Native library is installed, while Tomcat requires version [1.2.14]
2019-06-02 15:16:01.356 ERROR --- [DirectJDKLog.java:173][restartedMain] - An incompatible version [1.2.4] of the APR based Apache Tomcat Native library is installed, while Tomcat requires version [1.2.14]
2019-06-02 15:16:01.395 ERROR --- [DirectJDKLog.java:173][restartedMain] - An incompatible version [1.2.4] of the APR based Apache Tomcat Native library is installed, while Tomcat requires version [1.2.14]
2019-06-02 15:16:04.898 WARN  --- [TemplateMode.java:150][restartedMain] - [THYMELEAF][restartedMain] Template Mode 'HTML5' is deprecated. Using Template Mode 'HTML' instead.
2019-06-02 15:16:09.124 INFO  --- [StartupInfoLogger.java:59][restartedMain] - Started HouseApplication in 19.167 seconds (JVM running for 24.514)
2019-06-02 15:18:23.236 INFO  --- [HikariDataSource.java:110][http-nio-8888-exec-6] - HikariPool-1 - Starting...
2019-06-02 15:18:23.761 INFO  --- [HikariDataSource.java:123][http-nio-8888-exec-6] - HikariPool-1 - Start completed.
2019-06-02 15:18:35.058 INFO  --- [LoggerUtil.java:30][http-nio-8888-exec-10] - permission的值为:[user:delete, cart:create, comment:create, house:read, user:update, contract:create, money:create, comment:update, comment:read, money:update, cart:update, user:create, cart:delete, contract:update, contract:read, user:read, comment:delete, cart:read, money:read, contract:delete, money:delete]
2019-06-02 15:18:36.638 INFO  --- [Slf4JLogger.java:101][http-nio-8888-exec-10] - Starting without optional epoll library
2019-06-02 15:18:36.641 INFO  --- [Slf4JLogger.java:101][http-nio-8888-exec-10] - Starting without optional kqueue library
2019-06-02 15:18:40.687 INFO  --- [LoggerUtil.java:34][http-nio-8888-exec-10] - redis缓存中不存在user_租客1
2019-06-02 15:18:41.669 INFO  --- [LoggerUtil.java:34][http-nio-8888-exec-10] - redis缓存中添加user_租客1
2019-06-02 15:19:03.364 INFO  --- [LoggerUtil.java:30][http-nio-8888-exec-7] - permission的值为:[user:delete, cart:create, comment:create, house:read, user:update, contract:create, money:create, comment:update, comment:read, money:update, cart:update, user:create, cart:delete, contract:update, contract:read, user:read, comment:delete, cart:read, money:read, contract:delete, money:delete]
2019-06-02 15:19:16.231 INFO  --- [LoggerUtil.java:30][http-nio-8888-exec-8] - permission的值为:[user:delete, cart:create, comment:create, house:read, user:update, contract:create, money:create, comment:update, comment:read, money:update, cart:update, user:create, cart:delete, contract:update, contract:read, user:read, comment:delete, cart:read, money:read, contract:delete, money:delete]
2019-06-02 15:19:16.242 INFO  --- [LoggerUtil.java:34][http-nio-8888-exec-8] - redis缓存中不存在user_租客1
2019-06-02 15:19:16.265 INFO  --- [LoggerUtil.java:34][http-nio-8888-exec-8] - redis缓存中添加user_租客1
2019-06-02 16:10:36.291 INFO  --- [StartupInfoLogger.java:50][restartedMain] - Starting HouseApplication on DESKTOP-A42CON3 with PID 5128 (D:\graduate\house\target\classes started by 谢洁芳 in D:\graduate\house)
2019-06-02 16:10:36.312 INFO  --- [SpringApplication.java:675][restartedMain] - No active profile set, falling back to default profiles: default
2019-06-02 16:11:00.288 ERROR --- [DirectJDKLog.java:173][restartedMain] - An incompatible version [1.2.4] of the APR based Apache Tomcat Native library is installed, while Tomcat requires version [1.2.14]
2019-06-02 16:11:01.803 ERROR --- [DirectJDKLog.java:173][restartedMain] - An incompatible version [1.2.4] of the APR based Apache Tomcat Native library is installed, while Tomcat requires version [1.2.14]
2019-06-02 16:11:01.884 ERROR --- [DirectJDKLog.java:173][restartedMain] - An incompatible version [1.2.4] of the APR based Apache Tomcat Native library is installed, while Tomcat requires version [1.2.14]
2019-06-02 16:11:05.966 WARN  --- [TemplateMode.java:150][restartedMain] - [THYMELEAF][restartedMain] Template Mode 'HTML5' is deprecated. Using Template Mode 'HTML' instead.
2019-06-02 16:11:10.545 INFO  --- [StartupInfoLogger.java:59][restartedMain] - Started HouseApplication in 38.086 seconds (JVM running for 118.605)
2019-06-02 16:13:58.195 INFO  --- [HikariDataSource.java:110][http-nio-8888-exec-7] - HikariPool-1 - Starting...
2019-06-02 16:13:59.449 INFO  --- [HikariDataSource.java:123][http-nio-8888-exec-7] - HikariPool-1 - Start completed.
2019-06-02 16:14:07.161 INFO  --- [LoggerUtil.java:30][http-nio-8888-exec-10] - permission的值为:[user:delete, cart:create, comment:create, house:read, user:update, contract:create, money:create, comment:update, comment:read, money:update, cart:update, user:create, cart:delete, contract:update, contract:read, user:read, comment:delete, cart:read, money:read, contract:delete, money:delete]
2019-06-02 16:14:10.626 INFO  --- [Slf4JLogger.java:101][http-nio-8888-exec-10] - Starting without optional epoll library
2019-06-02 16:14:10.636 INFO  --- [Slf4JLogger.java:101][http-nio-8888-exec-10] - Starting without optional kqueue library
2019-06-02 16:14:14.110 INFO  --- [LoggerUtil.java:34][http-nio-8888-exec-10] - redis缓存中不存在user_租客1
2019-06-02 16:14:14.231 INFO  --- [LoggerUtil.java:34][http-nio-8888-exec-10] - redis缓存中添加user_租客1
2019-06-02 16:22:19.498 INFO  --- [StartupInfoLogger.java:50][restartedMain] - Starting HouseApplication on DESKTOP-A42CON3 with PID 14652 (D:\graduate\house\target\classes started by 谢洁芳 in D:\graduate\house)
2019-06-02 16:22:19.505 INFO  --- [SpringApplication.java:675][restartedMain] - No active profile set, falling back to default profiles: default
2019-06-02 16:22:27.004 ERROR --- [DirectJDKLog.java:173][restartedMain] - An incompatible version [1.2.4] of the APR based Apache Tomcat Native library is installed, while Tomcat requires version [1.2.14]
2019-06-02 16:22:27.881 ERROR --- [DirectJDKLog.java:173][restartedMain] - An incompatible version [1.2.4] of the APR based Apache Tomcat Native library is installed, while Tomcat requires version [1.2.14]
2019-06-02 16:22:27.942 ERROR --- [DirectJDKLog.java:173][restartedMain] - An incompatible version [1.2.4] of the APR based Apache Tomcat Native library is installed, while Tomcat requires version [1.2.14]
2019-06-02 16:22:32.001 WARN  --- [TemplateMode.java:150][restartedMain] - [THYMELEAF][restartedMain] Template Mode 'HTML5' is deprecated. Using Template Mode 'HTML' instead.
2019-06-02 16:22:34.656 INFO  --- [StartupInfoLogger.java:59][restartedMain] - Started HouseApplication in 16.247 seconds (JVM running for 23.343)
2019-06-02 16:23:51.599 INFO  --- [HikariDataSource.java:110][http-nio-8888-exec-6] - HikariPool-1 - Starting...
2019-06-02 16:23:58.652 INFO  --- [HikariDataSource.java:123][http-nio-8888-exec-6] - HikariPool-1 - Start completed.
2019-06-02 16:24:03.461 INFO  --- [LoggerUtil.java:30][http-nio-8888-exec-9] - permission的值为:[user:delete, cart:create, comment:create, house:read, user:update, contract:create, money:create, comment:update, comment:read, money:update, cart:update, user:create, cart:delete, contract:update, contract:read, user:read, comment:delete, cart:read, money:read, contract:delete, money:delete]
2019-06-02 16:24:12.839 INFO  --- [Slf4JLogger.java:101][http-nio-8888-exec-9] - Starting without optional epoll library
2019-06-02 16:24:12.866 INFO  --- [Slf4JLogger.java:101][http-nio-8888-exec-9] - Starting without optional kqueue library
2019-06-02 16:24:20.617 INFO  --- [LoggerUtil.java:34][http-nio-8888-exec-9] - redis缓存中不存在houses_collect_houses_12
2019-06-02 16:24:23.419 INFO  --- [LoggerUtil.java:34][http-nio-8888-exec-9] - redis缓存中添加houses_collect_houses_12
2019-06-02 16:24:50.242 INFO  --- [LoggerUtil.java:30][http-nio-8888-exec-3] - permission的值为:[user:delete, cart:create, comment:create, house:read, user:update, contract:create, money:create, comment:update, comment:read, money:update, cart:update, user:create, cart:delete, contract:update, contract:read, user:read, comment:delete, cart:read, money:read, contract:delete, money:delete]
2019-06-02 16:24:50.263 INFO  --- [LoggerUtil.java:34][http-nio-8888-exec-3] - redis缓存中不存在user_租客1
2019-06-02 16:24:50.303 INFO  --- [LoggerUtil.java:34][http-nio-8888-exec-3] - redis缓存中添加user_租客1
2019-06-02 16:32:51.090 INFO  --- [StartupInfoLogger.java:50][restartedMain] - Starting HouseApplication on DESKTOP-A42CON3 with PID 15568 (D:\graduate\house\target\classes started by 谢洁芳 in D:\graduate\house)
2019-06-02 16:32:51.090 INFO  --- [SpringApplication.java:675][restartedMain] - No active profile set, falling back to default profiles: default
2019-06-02 16:33:38.321 ERROR --- [DirectJDKLog.java:173][restartedMain] - An incompatible version [1.2.4] of the APR based Apache Tomcat Native library is installed, while Tomcat requires version [1.2.14]
2019-06-02 16:33:40.071 ERROR --- [DirectJDKLog.java:173][restartedMain] - An incompatible version [1.2.4] of the APR based Apache Tomcat Native library is installed, while Tomcat requires version [1.2.14]
2019-06-02 16:33:40.165 ERROR --- [DirectJDKLog.java:173][restartedMain] - An incompatible version [1.2.4] of the APR based Apache Tomcat Native library is installed, while Tomcat requires version [1.2.14]
2019-06-02 16:33:48.062 WARN  --- [TemplateMode.java:150][restartedMain] - [THYMELEAF][restartedMain] Template Mode 'HTML5' is deprecated. Using Template Mode 'HTML' instead.
2019-06-02 16:33:53.504 INFO  --- [StartupInfoLogger.java:59][restartedMain] - Started HouseApplication in 79.1 seconds (JVM running for 119.929)
2019-06-02 16:36:01.829 INFO  --- [HikariDataSource.java:110][http-nio-8888-exec-7] - HikariPool-1 - Starting...
2019-06-02 16:36:03.603 INFO  --- [HikariDataSource.java:123][http-nio-8888-exec-7] - HikariPool-1 - Start completed.
2019-06-02 16:36:11.609 INFO  --- [LoggerUtil.java:30][http-nio-8888-exec-10] - permission的值为:[user:delete, cart:create, comment:create, house:read, user:update, contract:create, money:create, comment:update, comment:read, money:update, cart:update, user:create, cart:delete, contract:update, contract:read, user:read, comment:delete, cart:read, money:read, contract:delete, money:delete]
2019-06-02 16:36:13.850 INFO  --- [Slf4JLogger.java:101][http-nio-8888-exec-10] - Starting without optional epoll library
2019-06-02 16:36:13.862 INFO  --- [Slf4JLogger.java:101][http-nio-8888-exec-10] - Starting without optional kqueue library
2019-06-02 16:36:20.151 INFO  --- [LoggerUtil.java:34][http-nio-8888-exec-10] - redis缓存中不存在user_租客1
2019-06-02 16:36:20.309 INFO  --- [LoggerUtil.java:34][http-nio-8888-exec-10] - redis缓存中添加user_租客1
2019-06-02 16:36:59.465 INFO  --- [StartupInfoLogger.java:50][restartedMain] - Starting HouseApplication on DESKTOP-A42CON3 with PID 5860 (D:\graduate\house\target\classes started by 谢洁芳 in D:\graduate\house)
2019-06-02 16:36:59.481 INFO  --- [SpringApplication.java:675][restartedMain] - No active profile set, falling back to default profiles: default
2019-06-02 16:37:06.887 ERROR --- [DirectJDKLog.java:173][restartedMain] - An incompatible version [1.2.4] of the APR based Apache Tomcat Native library is installed, while Tomcat requires version [1.2.14]
2019-06-02 16:37:07.543 ERROR --- [DirectJDKLog.java:173][restartedMain] - An incompatible version [1.2.4] of the APR based Apache Tomcat Native library is installed, while Tomcat requires version [1.2.14]
2019-06-02 16:37:07.590 ERROR --- [DirectJDKLog.java:173][restartedMain] - An incompatible version [1.2.4] of the APR based Apache Tomcat Native library is installed, while Tomcat requires version [1.2.14]
2019-06-02 16:37:10.496 WARN  --- [TemplateMode.java:150][restartedMain] - [THYMELEAF][restartedMain] Template Mode 'HTML5' is deprecated. Using Template Mode 'HTML' instead.
2019-06-02 16:37:12.183 INFO  --- [StartupInfoLogger.java:59][restartedMain] - Started HouseApplication in 13.874 seconds (JVM running for 19.776)
2019-06-02 16:38:17.416 INFO  --- [HikariDataSource.java:110][http-nio-8888-exec-4] - HikariPool-1 - Starting...
2019-06-02 16:38:18.337 INFO  --- [HikariDataSource.java:123][http-nio-8888-exec-4] - HikariPool-1 - Start completed.
2019-06-02 16:38:21.429 INFO  --- [LoggerUtil.java:30][http-nio-8888-exec-5] - permission的值为:[user:delete, cart:create, comment:create, house:read, user:update, contract:create, money:create, comment:update, comment:read, money:update, cart:update, user:create, cart:delete, contract:update, contract:read, user:read, comment:delete, cart:read, money:read, contract:delete, money:delete]
2019-06-02 16:38:21.991 INFO  --- [Slf4JLogger.java:101][http-nio-8888-exec-5] - Starting without optional epoll library
2019-06-02 16:38:22.006 INFO  --- [Slf4JLogger.java:101][http-nio-8888-exec-5] - Starting without optional kqueue library
2019-06-02 16:38:25.655 INFO  --- [LoggerUtil.java:34][http-nio-8888-exec-5] - redis缓存中不存在user_租客1
2019-06-02 16:38:25.712 INFO  --- [LoggerUtil.java:34][http-nio-8888-exec-5] - redis缓存中添加user_租客1
2019-06-02 16:55:12.705 INFO  --- [StartupInfoLogger.java:50][restartedMain] - Starting HouseApplication on DESKTOP-A42CON3 with PID 15984 (D:\graduate\house\target\classes started by 谢洁芳 in D:\graduate\house)
2019-06-02 16:55:12.712 INFO  --- [SpringApplication.java:675][restartedMain] - No active profile set, falling back to default profiles: default
2019-06-02 16:55:18.667 ERROR --- [DirectJDKLog.java:173][restartedMain] - An incompatible version [1.2.4] of the APR based Apache Tomcat Native library is installed, while Tomcat requires version [1.2.14]
2019-06-02 16:55:19.514 ERROR --- [DirectJDKLog.java:173][restartedMain] - An incompatible version [1.2.4] of the APR based Apache Tomcat Native library is installed, while Tomcat requires version [1.2.14]
2019-06-02 16:55:19.568 ERROR --- [DirectJDKLog.java:173][restartedMain] - An incompatible version [1.2.4] of the APR based Apache Tomcat Native library is installed, while Tomcat requires version [1.2.14]
2019-06-02 16:55:23.733 WARN  --- [TemplateMode.java:150][restartedMain] - [THYMELEAF][restartedMain] Template Mode 'HTML5' is deprecated. Using Template Mode 'HTML' instead.
2019-06-02 16:55:26.168 INFO  --- [StartupInfoLogger.java:59][restartedMain] - Started HouseApplication in 14.749 seconds (JVM running for 18.392)
2019-06-02 16:56:57.999 INFO  --- [HikariDataSource.java:110][http-nio-8888-exec-5] - HikariPool-1 - Starting...
2019-06-02 16:56:59.372 INFO  --- [HikariDataSource.java:123][http-nio-8888-exec-5] - HikariPool-1 - Start completed.
2019-06-02 16:57:03.165 INFO  --- [LoggerUtil.java:30][http-nio-8888-exec-10] - permission的值为:[user:delete, cart:create, comment:create, house:read, user:update, contract:create, money:create, comment:update, comment:read, money:update, cart:update, user:create, cart:delete, contract:update, contract:read, user:read, comment:delete, cart:read, money:read, contract:delete, money:delete]
2019-06-02 16:57:04.006 INFO  --- [Slf4JLogger.java:101][http-nio-8888-exec-10] - Starting without optional epoll library
2019-06-02 16:57:04.019 INFO  --- [Slf4JLogger.java:101][http-nio-8888-exec-10] - Starting without optional kqueue library
2019-06-02 16:57:07.461 INFO  --- [LoggerUtil.java:34][http-nio-8888-exec-10] - redis缓存中不存在user_租客1
2019-06-02 16:57:07.506 INFO  --- [LoggerUtil.java:34][http-nio-8888-exec-10] - redis缓存中添加user_租客1
2019-06-02 16:57:42.491 INFO  --- [LoggerUtil.java:30][http-nio-8888-exec-7] - 邮件发送成功
2019-06-02 16:58:53.158 INFO  --- [LoggerUtil.java:30][http-nio-8888-exec-7] - permission的值为:[user:delete, cart:create, comment:create, house:read, user:update, contract:create, money:create, comment:update, comment:read, money:update, cart:update, user:create, cart:delete, contract:update, contract:read, user:read, comment:delete, cart:read, money:read, contract:delete, money:delete]
2019-06-02 17:14:19.146 INFO  --- [StartupInfoLogger.java:50][restartedMain] - Starting HouseApplication on DESKTOP-A42CON3 with PID 2180 (D:\graduate\house\target\classes started by 谢洁芳 in D:\graduate\house)
2019-06-02 17:14:19.167 INFO  --- [SpringApplication.java:675][restartedMain] - No active profile set, falling back to default profiles: default
2019-06-02 17:14:37.672 ERROR --- [DirectJDKLog.java:173][restartedMain] - An incompatible version [1.2.4] of the APR based Apache Tomcat Native library is installed, while Tomcat requires version [1.2.14]
2019-06-02 17:14:38.703 ERROR --- [DirectJDKLog.java:173][restartedMain] - An incompatible version [1.2.4] of the APR based Apache Tomcat Native library is installed, while Tomcat requires version [1.2.14]
2019-06-02 17:14:38.746 ERROR --- [DirectJDKLog.java:173][restartedMain] - An incompatible version [1.2.4] of the APR based Apache Tomcat Native library is installed, while Tomcat requires version [1.2.14]
2019-06-02 17:14:42.723 WARN  --- [TemplateMode.java:150][restartedMain] - [THYMELEAF][restartedMain] Template Mode 'HTML5' is deprecated. Using Template Mode 'HTML' instead.
2019-06-02 17:14:45.759 INFO  --- [StartupInfoLogger.java:59][restartedMain] - Started HouseApplication in 29.744 seconds (JVM running for 43.987)
2019-06-02 17:15:43.257 INFO  --- [HikariDataSource.java:110][http-nio-8888-exec-7] - HikariPool-1 - Starting...
2019-06-02 17:15:44.371 INFO  --- [HikariDataSource.java:123][http-nio-8888-exec-7] - HikariPool-1 - Start completed.
2019-06-02 17:15:47.339 INFO  --- [LoggerUtil.java:30][http-nio-8888-exec-9] - permission的值为:[user:delete, cart:create, comment:create, house:read, user:update, contract:create, money:create, comment:update, comment:read, money:update, cart:update, user:create, cart:delete, contract:update, contract:read, user:read, comment:delete, cart:read, money:read, contract:delete, money:delete]
2019-06-02 17:15:47.819 INFO  --- [Slf4JLogger.java:101][http-nio-8888-exec-9] - Starting without optional epoll library
2019-06-02 17:15:47.826 INFO  --- [Slf4JLogger.java:101][http-nio-8888-exec-9] - Starting without optional kqueue library
2019-06-02 17:15:49.894 INFO  --- [LoggerUtil.java:34][http-nio-8888-exec-9] - redis缓存中不存在user_租客1
2019-06-02 17:15:49.953 INFO  --- [LoggerUtil.java:34][http-nio-8888-exec-9] - redis缓存中添加user_租客1
2019-06-02 17:16:30.818 INFO  --- [LoggerUtil.java:30][http-nio-8888-exec-3] - 邮件发送成功
2019-06-02 17:16:46.635 INFO  --- [LoggerUtil.java:30][http-nio-8888-exec-7] - permission的值为:[user:delete, cart:create, comment:create, house:read, user:update, contract:create, money:create, comment:update, comment:read, money:update, cart:update, user:create, cart:delete, contract:update, contract:read, user:read, comment:delete, cart:read, money:read, contract:delete, money:delete]
2019-06-02 17:16:46.883 INFO  --- [LoggerUtil.java:34][http-nio-8888-exec-7] - redis缓存中不存在user_12
2019-06-02 17:16:46.913 INFO  --- [LoggerUtil.java:34][http-nio-8888-exec-7] - redis缓存中添加user_12
2019-06-02 17:19:42.533 INFO  --- [StartupInfoLogger.java:50][restartedMain] - Starting HouseApplication on DESKTOP-A42CON3 with PID 9844 (D:\graduate\house\target\classes started by 谢洁芳 in D:\graduate\house)
2019-06-02 17:19:42.546 INFO  --- [SpringApplication.java:675][restartedMain] - No active profile set, falling back to default profiles: default
2019-06-02 17:19:52.238 ERROR --- [DirectJDKLog.java:173][restartedMain] - An incompatible version [1.2.4] of the APR based Apache Tomcat Native library is installed, while Tomcat requires version [1.2.14]
2019-06-02 17:19:53.294 ERROR --- [DirectJDKLog.java:173][restartedMain] - An incompatible version [1.2.4] of the APR based Apache Tomcat Native library is installed, while Tomcat requires version [1.2.14]
2019-06-02 17:19:53.348 ERROR --- [DirectJDKLog.java:173][restartedMain] - An incompatible version [1.2.4] of the APR based Apache Tomcat Native library is installed, while Tomcat requires version [1.2.14]
2019-06-02 17:19:56.490 WARN  --- [TemplateMode.java:150][restartedMain] - [THYMELEAF][restartedMain] Template Mode 'HTML5' is deprecated. Using Template Mode 'HTML' instead.
2019-06-02 17:19:57.856 INFO  --- [StartupInfoLogger.java:59][restartedMain] - Started HouseApplication in 17.013 seconds (JVM running for 21.728)
2019-06-02 17:20:35.231 INFO  --- [HikariDataSource.java:110][http-nio-8888-exec-6] - HikariPool-1 - Starting...
2019-06-02 17:20:36.417 INFO  --- [HikariDataSource.java:123][http-nio-8888-exec-6] - HikariPool-1 - Start completed.
2019-06-02 17:20:39.182 INFO  --- [LoggerUtil.java:30][http-nio-8888-exec-8] - permission的值为:[user:delete, cart:create, comment:create, house:read, user:update, contract:create, money:create, comment:update, comment:read, money:update, cart:update, user:create, cart:delete, contract:update, contract:read, user:read, comment:delete, cart:read, money:read, contract:delete, money:delete]
2019-06-02 17:20:39.841 INFO  --- [Slf4JLogger.java:101][http-nio-8888-exec-8] - Starting without optional epoll library
2019-06-02 17:20:39.850 INFO  --- [Slf4JLogger.java:101][http-nio-8888-exec-8] - Starting without optional kqueue library
2019-06-02 17:20:43.145 INFO  --- [LoggerUtil.java:34][http-nio-8888-exec-8] - redis缓存中不存在user_租客1
2019-06-02 17:20:43.206 INFO  --- [LoggerUtil.java:34][http-nio-8888-exec-8] - redis缓存中添加user_租客1
2019-06-02 17:21:23.254 INFO  --- [LoggerUtil.java:30][http-nio-8888-exec-1] - 邮件发送成功
2019-06-02 17:21:37.920 INFO  --- [LoggerUtil.java:30][http-nio-8888-exec-5] - permission的值为:[user:delete, cart:create, comment:create, house:read, user:update, contract:create, money:create, comment:update, comment:read, money:update, cart:update, user:create, cart:delete, contract:update, contract:read, user:read, comment:delete, cart:read, money:read, contract:delete, money:delete]
2019-06-02 17:21:38.318 INFO  --- [LoggerUtil.java:34][http-nio-8888-exec-5] - redis缓存中不存在user_12
2019-06-02 17:21:38.346 INFO  --- [LoggerUtil.java:34][http-nio-8888-exec-5] - redis缓存中添加user_12
