2019-06-01 14:15:59.559 INFO  --- [StartupInfoLogger.java:50][restartedMain] - Starting HouseApplication on DESKTOP-A42CON3 with PID 2320 (D:\graduate\house\target\classes started by 谢洁芳 in D:\graduate\house)
2019-06-01 14:15:59.575 INFO  --- [SpringApplication.java:675][restartedMain] - No active profile set, falling back to default profiles: default
2019-06-01 14:16:33.762 ERROR --- [DirectJDKLog.java:173][restartedMain] - An incompatible version [1.2.4] of the APR based Apache Tomcat Native library is installed, while Tomcat requires version [1.2.14]
2019-06-01 14:16:37.840 ERROR --- [DirectJDKLog.java:173][restartedMain] - An incompatible version [1.2.4] of the APR based Apache Tomcat Native library is installed, while Tomcat requires version [1.2.14]
2019-06-01 14:16:37.934 ERROR --- [DirectJDKLog.java:173][restartedMain] - An incompatible version [1.2.4] of the APR based Apache Tomcat Native library is installed, while Tomcat requires version [1.2.14]
2019-06-01 14:16:43.642 WARN  --- [TemplateMode.java:150][restartedMain] - [THYMELEAF][restartedMain] Template Mode 'HTML5' is deprecated. Using Template Mode 'HTML' instead.
2019-06-01 14:16:48.387 INFO  --- [StartupInfoLogger.java:59][restartedMain] - Started HouseApplication in 52.804 seconds (JVM running for 69.637)
2019-06-01 14:18:43.495 INFO  --- [Slf4JLogger.java:101][http-nio-8888-exec-6] - Starting without optional epoll library
2019-06-01 14:18:43.524 INFO  --- [Slf4JLogger.java:101][http-nio-8888-exec-6] - Starting without optional kqueue library
2019-06-01 14:18:46.890 INFO  --- [LoggerUtil.java:34][http-nio-8888-exec-6] - redis缓存中不存在houses_map_like_北京
2019-06-01 14:18:47.276 INFO  --- [HikariDataSource.java:110][http-nio-8888-exec-6] - HikariPool-1 - Starting...
2019-06-01 14:18:48.547 INFO  --- [HikariDataSource.java:123][http-nio-8888-exec-6] - HikariPool-1 - Start completed.
2019-06-01 14:18:50.992 INFO  --- [LoggerUtil.java:34][http-nio-8888-exec-6] - redis缓存中添加houses_map_like_北京
2019-06-01 14:19:38.939 INFO  --- [LoggerUtil.java:34][http-nio-8888-exec-4] - redis缓存中不存在houses_map_like_长沙市
2019-06-01 14:19:39.126 INFO  --- [LoggerUtil.java:34][http-nio-8888-exec-4] - redis缓存中添加houses_map_like_长沙市
2019-06-01 14:26:38.161 INFO  --- [StartupInfoLogger.java:50][restartedMain] - Starting HouseApplication on DESKTOP-A42CON3 with PID 14592 (D:\graduate\house\target\classes started by 谢洁芳 in D:\graduate\house)
2019-06-01 14:26:38.224 INFO  --- [SpringApplication.java:675][restartedMain] - No active profile set, falling back to default profiles: default
2019-06-01 14:26:44.950 ERROR --- [DirectJDKLog.java:173][restartedMain] - An incompatible version [1.2.4] of the APR based Apache Tomcat Native library is installed, while Tomcat requires version [1.2.14]
2019-06-01 14:26:45.825 ERROR --- [DirectJDKLog.java:173][restartedMain] - An incompatible version [1.2.4] of the APR based Apache Tomcat Native library is installed, while Tomcat requires version [1.2.14]
2019-06-01 14:26:45.888 ERROR --- [DirectJDKLog.java:173][restartedMain] - An incompatible version [1.2.4] of the APR based Apache Tomcat Native library is installed, while Tomcat requires version [1.2.14]
2019-06-01 14:26:50.248 WARN  --- [TemplateMode.java:150][restartedMain] - [THYMELEAF][restartedMain] Template Mode 'HTML5' is deprecated. Using Template Mode 'HTML' instead.
2019-06-01 14:26:52.388 INFO  --- [StartupInfoLogger.java:59][restartedMain] - Started HouseApplication in 18.82 seconds (JVM running for 25.042)
2019-06-01 14:28:08.666 INFO  --- [Slf4JLogger.java:101][http-nio-8888-exec-3] - Starting without optional epoll library
2019-06-01 14:28:08.678 INFO  --- [Slf4JLogger.java:101][http-nio-8888-exec-3] - Starting without optional kqueue library
2019-06-01 14:28:11.021 INFO  --- [LoggerUtil.java:34][http-nio-8888-exec-3] - redis缓存中不存在houses_map_like_北京
2019-06-01 14:28:11.100 INFO  --- [HikariDataSource.java:110][http-nio-8888-exec-3] - HikariPool-1 - Starting...
2019-06-01 14:28:11.662 INFO  --- [HikariDataSource.java:123][http-nio-8888-exec-3] - HikariPool-1 - Start completed.
2019-06-01 14:28:13.327 INFO  --- [LoggerUtil.java:34][http-nio-8888-exec-3] - redis缓存中添加houses_map_like_北京
2019-06-01 14:28:37.616 INFO  --- [LoggerUtil.java:34][http-nio-8888-exec-10] - redis缓存中不存在houses_map_like_长沙市
2019-06-01 14:28:37.805 INFO  --- [LoggerUtil.java:34][http-nio-8888-exec-10] - redis缓存中添加houses_map_like_长沙市
2019-06-01 15:01:18.912 INFO  --- [StartupInfoLogger.java:50][restartedMain] - Starting HouseApplication on DESKTOP-A42CON3 with PID 15380 (D:\graduate\house\target\classes started by 谢洁芳 in D:\graduate\house)
2019-06-01 15:01:18.975 INFO  --- [SpringApplication.java:675][restartedMain] - No active profile set, falling back to default profiles: default
2019-06-01 15:01:44.996 ERROR --- [DirectJDKLog.java:173][restartedMain] - An incompatible version [1.2.4] of the APR based Apache Tomcat Native library is installed, while Tomcat requires version [1.2.14]
2019-06-01 15:01:46.090 ERROR --- [DirectJDKLog.java:173][restartedMain] - An incompatible version [1.2.4] of the APR based Apache Tomcat Native library is installed, while Tomcat requires version [1.2.14]
2019-06-01 15:01:46.137 ERROR --- [DirectJDKLog.java:173][restartedMain] - An incompatible version [1.2.4] of the APR based Apache Tomcat Native library is installed, while Tomcat requires version [1.2.14]
2019-06-01 15:01:49.514 WARN  --- [TemplateMode.java:150][restartedMain] - [THYMELEAF][restartedMain] Template Mode 'HTML5' is deprecated. Using Template Mode 'HTML' instead.
2019-06-01 15:01:52.081 INFO  --- [StartupInfoLogger.java:59][restartedMain] - Started HouseApplication in 39.053 seconds (JVM running for 64.477)
2019-06-01 15:03:28.495 INFO  --- [Slf4JLogger.java:101][http-nio-8888-exec-7] - Starting without optional epoll library
2019-06-01 15:03:28.507 INFO  --- [Slf4JLogger.java:101][http-nio-8888-exec-7] - Starting without optional kqueue library
2019-06-01 15:03:31.090 INFO  --- [LoggerUtil.java:34][http-nio-8888-exec-7] - redis缓存中不存在houses_map_like_北京
2019-06-01 15:03:31.206 INFO  --- [HikariDataSource.java:110][http-nio-8888-exec-7] - HikariPool-1 - Starting...
2019-06-01 15:03:32.795 INFO  --- [HikariDataSource.java:123][http-nio-8888-exec-7] - HikariPool-1 - Start completed.
2019-06-01 15:03:34.751 INFO  --- [LoggerUtil.java:34][http-nio-8888-exec-7] - redis缓存中添加houses_map_like_北京
2019-06-01 15:04:02.276 INFO  --- [LoggerUtil.java:34][http-nio-8888-exec-10] - redis缓存中不存在houses_map_like_长沙市
2019-06-01 15:04:02.396 INFO  --- [LoggerUtil.java:34][http-nio-8888-exec-10] - redis缓存中添加houses_map_like_长沙市
2019-06-01 15:07:13.841 INFO  --- [LoggerUtil.java:30][http-nio-8888-exec-7] - permission的值为:[user:delete, cart:create, comment:create, house:read, user:update, contract:create, money:create, comment:update, comment:read, money:update, cart:update, user:create, cart:delete, contract:update, contract:read, user:read, comment:delete, cart:read, money:read, contract:delete, money:delete]
2019-06-01 15:07:13.902 INFO  --- [LoggerUtil.java:34][http-nio-8888-exec-7] - redis缓存中不存在houses_collect_houses_12
2019-06-01 15:07:14.295 INFO  --- [LoggerUtil.java:34][http-nio-8888-exec-7] - redis缓存中添加houses_collect_houses_12
2019-06-01 15:09:24.331 INFO  --- [StartupInfoLogger.java:50][restartedMain] - Starting HouseApplication on DESKTOP-A42CON3 with PID 5072 (D:\graduate\house\target\classes started by 谢洁芳 in D:\graduate\house)
2019-06-01 15:09:24.342 INFO  --- [SpringApplication.java:675][restartedMain] - No active profile set, falling back to default profiles: default
2019-06-01 15:09:31.128 ERROR --- [DirectJDKLog.java:173][restartedMain] - An incompatible version [1.2.4] of the APR based Apache Tomcat Native library is installed, while Tomcat requires version [1.2.14]
2019-06-01 15:09:31.456 ERROR --- [DirectJDKLog.java:173][restartedMain] - An incompatible version [1.2.4] of the APR based Apache Tomcat Native library is installed, while Tomcat requires version [1.2.14]
2019-06-01 15:09:31.472 ERROR --- [DirectJDKLog.java:173][restartedMain] - An incompatible version [1.2.4] of the APR based Apache Tomcat Native library is installed, while Tomcat requires version [1.2.14]
2019-06-01 15:09:33.916 WARN  --- [TemplateMode.java:150][restartedMain] - [THYMELEAF][restartedMain] Template Mode 'HTML5' is deprecated. Using Template Mode 'HTML' instead.
2019-06-01 15:09:35.713 INFO  --- [StartupInfoLogger.java:59][restartedMain] - Started HouseApplication in 13.614 seconds (JVM running for 19.179)
2019-06-01 15:10:36.386 INFO  --- [HikariDataSource.java:110][http-nio-8888-exec-5] - HikariPool-1 - Starting...
2019-06-01 15:10:37.059 INFO  --- [HikariDataSource.java:123][http-nio-8888-exec-5] - HikariPool-1 - Start completed.
2019-06-01 15:10:40.881 INFO  --- [LoggerUtil.java:30][http-nio-8888-exec-4] - permission的值为:[user:delete, cart:create, comment:create, house:read, user:update, contract:create, money:create, comment:update, comment:read, money:update, cart:update, user:create, cart:delete, contract:update, contract:read, user:read, comment:delete, cart:read, money:read, contract:delete, money:delete]
2019-06-01 15:10:41.479 INFO  --- [Slf4JLogger.java:101][http-nio-8888-exec-4] - Starting without optional epoll library
2019-06-01 15:10:41.484 INFO  --- [Slf4JLogger.java:101][http-nio-8888-exec-4] - Starting without optional kqueue library
2019-06-01 15:10:44.861 INFO  --- [LoggerUtil.java:34][http-nio-8888-exec-4] - redis缓存中不存在houses_collect_houses_12
2019-06-01 15:10:45.006 INFO  --- [LoggerUtil.java:34][http-nio-8888-exec-4] - redis缓存中添加houses_collect_houses_12
2019-06-01 15:16:31.225 INFO  --- [StartupInfoLogger.java:50][restartedMain] - Starting HouseApplication on DESKTOP-A42CON3 with PID 10200 (D:\graduate\house\target\classes started by 谢洁芳 in D:\graduate\house)
2019-06-01 15:16:31.225 INFO  --- [SpringApplication.java:675][restartedMain] - No active profile set, falling back to default profiles: default
2019-06-01 15:16:40.786 ERROR --- [DirectJDKLog.java:173][restartedMain] - An incompatible version [1.2.4] of the APR based Apache Tomcat Native library is installed, while Tomcat requires version [1.2.14]
2019-06-01 15:16:41.786 ERROR --- [DirectJDKLog.java:173][restartedMain] - An incompatible version [1.2.4] of the APR based Apache Tomcat Native library is installed, while Tomcat requires version [1.2.14]
2019-06-01 15:16:41.864 ERROR --- [DirectJDKLog.java:173][restartedMain] - An incompatible version [1.2.4] of the APR based Apache Tomcat Native library is installed, while Tomcat requires version [1.2.14]
2019-06-01 15:16:45.788 WARN  --- [TemplateMode.java:150][restartedMain] - [THYMELEAF][restartedMain] Template Mode 'HTML5' is deprecated. Using Template Mode 'HTML' instead.
2019-06-01 15:16:48.679 INFO  --- [StartupInfoLogger.java:59][restartedMain] - Started HouseApplication in 18.594 seconds (JVM running for 21.498)
2019-06-01 15:19:28.315 INFO  --- [HikariDataSource.java:110][http-nio-8888-exec-7] - HikariPool-1 - Starting...
2019-06-01 15:19:29.168 INFO  --- [HikariDataSource.java:123][http-nio-8888-exec-7] - HikariPool-1 - Start completed.
2019-06-01 15:19:32.955 INFO  --- [LoggerUtil.java:30][http-nio-8888-exec-8] - permission的值为:[user:delete, cart:create, comment:create, house:read, user:update, contract:create, money:create, comment:update, comment:read, money:update, cart:update, user:create, cart:delete, contract:update, contract:read, user:read, comment:delete, cart:read, money:read, contract:delete, money:delete]
2019-06-01 15:19:33.789 INFO  --- [Slf4JLogger.java:101][http-nio-8888-exec-8] - Starting without optional epoll library
2019-06-01 15:19:33.801 INFO  --- [Slf4JLogger.java:101][http-nio-8888-exec-8] - Starting without optional kqueue library
2019-06-01 15:19:37.430 INFO  --- [LoggerUtil.java:34][http-nio-8888-exec-8] - redis缓存中不存在houses_collect_houses_12
2019-06-01 15:19:37.509 INFO  --- [LoggerUtil.java:34][http-nio-8888-exec-8] - redis缓存中添加houses_collect_houses_12
2019-06-01 15:22:02.964 INFO  --- [StartupInfoLogger.java:50][restartedMain] - Starting HouseApplication on DESKTOP-A42CON3 with PID 16360 (D:\graduate\house\target\classes started by 谢洁芳 in D:\graduate\house)
2019-06-01 15:22:03.011 INFO  --- [SpringApplication.java:675][restartedMain] - No active profile set, falling back to default profiles: default
2019-06-01 15:22:12.506 ERROR --- [DirectJDKLog.java:173][restartedMain] - An incompatible version [1.2.4] of the APR based Apache Tomcat Native library is installed, while Tomcat requires version [1.2.14]
2019-06-01 15:22:13.256 ERROR --- [DirectJDKLog.java:173][restartedMain] - An incompatible version [1.2.4] of the APR based Apache Tomcat Native library is installed, while Tomcat requires version [1.2.14]
2019-06-01 15:22:13.287 ERROR --- [DirectJDKLog.java:173][restartedMain] - An incompatible version [1.2.4] of the APR based Apache Tomcat Native library is installed, while Tomcat requires version [1.2.14]
2019-06-01 15:22:16.053 WARN  --- [TemplateMode.java:150][restartedMain] - [THYMELEAF][restartedMain] Template Mode 'HTML5' is deprecated. Using Template Mode 'HTML' instead.
2019-06-01 15:22:18.256 INFO  --- [StartupInfoLogger.java:59][restartedMain] - Started HouseApplication in 17.26 seconds (JVM running for 23.272)
2019-06-01 15:23:11.119 INFO  --- [Slf4JLogger.java:101][http-nio-8888-exec-6] - Starting without optional epoll library
2019-06-01 15:23:11.125 INFO  --- [Slf4JLogger.java:101][http-nio-8888-exec-6] - Starting without optional kqueue library
2019-06-01 15:23:12.574 INFO  --- [LoggerUtil.java:34][http-nio-8888-exec-6] - redis缓存中不存在houses_map_like_北京
2019-06-01 15:23:12.629 INFO  --- [HikariDataSource.java:110][http-nio-8888-exec-6] - HikariPool-1 - Starting...
2019-06-01 15:23:12.970 INFO  --- [HikariDataSource.java:123][http-nio-8888-exec-6] - HikariPool-1 - Start completed.
2019-06-01 15:23:13.145 INFO  --- [LoggerUtil.java:34][http-nio-8888-exec-6] - redis缓存中添加houses_map_like_北京
2019-06-01 15:23:26.374 INFO  --- [LoggerUtil.java:34][http-nio-8888-exec-8] - redis缓存中不存在houses_map_like_长沙市
2019-06-01 15:23:26.449 INFO  --- [LoggerUtil.java:34][http-nio-8888-exec-8] - redis缓存中添加houses_map_like_长沙市
2019-06-01 15:24:32.638 INFO  --- [LoggerUtil.java:30][http-nio-8888-exec-5] - permission的值为:[user:delete, cart:create, comment:create, house:read, user:update, contract:create, money:create, comment:update, comment:read, money:update, cart:update, user:create, cart:delete, contract:update, contract:read, user:read, comment:delete, cart:read, money:read, contract:delete, money:delete]
2019-06-01 15:24:32.699 INFO  --- [LoggerUtil.java:34][http-nio-8888-exec-5] - redis缓存中不存在houses_collect_houses_12
2019-06-01 15:24:32.754 INFO  --- [LoggerUtil.java:34][http-nio-8888-exec-5] - redis缓存中添加houses_collect_houses_12
2019-06-01 15:30:24.137 INFO  --- [StartupInfoLogger.java:50][restartedMain] - Starting HouseApplication on DESKTOP-A42CON3 with PID 2612 (D:\graduate\house\target\classes started by 谢洁芳 in D:\graduate\house)
2019-06-01 15:30:24.145 INFO  --- [SpringApplication.java:675][restartedMain] - No active profile set, falling back to default profiles: default
2019-06-01 15:30:32.462 ERROR --- [DirectJDKLog.java:173][restartedMain] - An incompatible version [1.2.4] of the APR based Apache Tomcat Native library is installed, while Tomcat requires version [1.2.14]
2019-06-01 15:30:33.423 ERROR --- [DirectJDKLog.java:173][restartedMain] - An incompatible version [1.2.4] of the APR based Apache Tomcat Native library is installed, while Tomcat requires version [1.2.14]
2019-06-01 15:30:33.482 ERROR --- [DirectJDKLog.java:173][restartedMain] - An incompatible version [1.2.4] of the APR based Apache Tomcat Native library is installed, while Tomcat requires version [1.2.14]
2019-06-01 15:30:39.614 WARN  --- [TemplateMode.java:150][restartedMain] - [THYMELEAF][restartedMain] Template Mode 'HTML5' is deprecated. Using Template Mode 'HTML' instead.
2019-06-01 15:30:41.187 INFO  --- [StartupInfoLogger.java:59][restartedMain] - Started HouseApplication in 18.973 seconds (JVM running for 23.577)
2019-06-01 15:31:13.086 INFO  --- [HikariDataSource.java:110][http-nio-8888-exec-7] - HikariPool-1 - Starting...
2019-06-01 15:31:13.780 INFO  --- [HikariDataSource.java:123][http-nio-8888-exec-7] - HikariPool-1 - Start completed.
2019-06-01 15:31:17.464 INFO  --- [LoggerUtil.java:30][http-nio-8888-exec-6] - permission的值为:[user:delete, cart:create, comment:create, house:read, user:update, contract:create, money:create, comment:update, comment:read, money:update, cart:update, user:create, cart:delete, contract:update, contract:read, user:read, comment:delete, cart:read, money:read, contract:delete, money:delete]
2019-06-01 15:31:17.968 INFO  --- [Slf4JLogger.java:101][http-nio-8888-exec-6] - Starting without optional epoll library
2019-06-01 15:31:17.974 INFO  --- [Slf4JLogger.java:101][http-nio-8888-exec-6] - Starting without optional kqueue library
2019-06-01 15:31:21.204 INFO  --- [LoggerUtil.java:34][http-nio-8888-exec-6] - redis缓存中不存在houses_collect_houses_12
2019-06-01 15:31:21.274 INFO  --- [LoggerUtil.java:34][http-nio-8888-exec-6] - redis缓存中添加houses_collect_houses_12
2019-06-01 15:32:35.177 INFO  --- [StartupInfoLogger.java:50][restartedMain] - Starting HouseApplication on DESKTOP-A42CON3 with PID 4848 (D:\graduate\house\target\classes started by 谢洁芳 in D:\graduate\house)
2019-06-01 15:32:35.208 INFO  --- [SpringApplication.java:675][restartedMain] - No active profile set, falling back to default profiles: default
2019-06-01 15:32:42.842 ERROR --- [DirectJDKLog.java:173][restartedMain] - An incompatible version [1.2.4] of the APR based Apache Tomcat Native library is installed, while Tomcat requires version [1.2.14]
2019-06-01 15:32:43.178 ERROR --- [DirectJDKLog.java:173][restartedMain] - An incompatible version [1.2.4] of the APR based Apache Tomcat Native library is installed, while Tomcat requires version [1.2.14]
2019-06-01 15:32:43.202 ERROR --- [DirectJDKLog.java:173][restartedMain] - An incompatible version [1.2.4] of the APR based Apache Tomcat Native library is installed, while Tomcat requires version [1.2.14]
2019-06-01 15:32:45.068 WARN  --- [TemplateMode.java:150][restartedMain] - [THYMELEAF][restartedMain] Template Mode 'HTML5' is deprecated. Using Template Mode 'HTML' instead.
2019-06-01 15:32:46.499 INFO  --- [StartupInfoLogger.java:59][restartedMain] - Started HouseApplication in 13.114 seconds (JVM running for 19.074)
2019-06-01 15:33:32.431 INFO  --- [HikariDataSource.java:110][http-nio-8888-exec-6] - HikariPool-1 - Starting...
2019-06-01 15:33:33.092 INFO  --- [HikariDataSource.java:123][http-nio-8888-exec-6] - HikariPool-1 - Start completed.
2019-06-01 15:33:35.382 INFO  --- [LoggerUtil.java:30][http-nio-8888-exec-7] - permission的值为:[user:delete, cart:create, comment:create, house:read, user:update, contract:create, money:create, comment:update, comment:read, money:update, cart:update, user:create, cart:delete, contract:update, contract:read, user:read, comment:delete, cart:read, money:read, contract:delete, money:delete]
2019-06-01 15:33:35.681 INFO  --- [Slf4JLogger.java:101][http-nio-8888-exec-7] - Starting without optional epoll library
2019-06-01 15:33:35.686 INFO  --- [Slf4JLogger.java:101][http-nio-8888-exec-7] - Starting without optional kqueue library
2019-06-01 15:33:37.628 INFO  --- [LoggerUtil.java:34][http-nio-8888-exec-7] - redis缓存中不存在houses_collect_houses_12
2019-06-01 15:33:37.694 INFO  --- [LoggerUtil.java:34][http-nio-8888-exec-7] - redis缓存中添加houses_collect_houses_12
2019-06-01 15:34:05.583 INFO  --- [LoggerUtil.java:30][http-nio-8888-exec-9] - permission的值为:[user:delete, cart:create, comment:create, house:read, user:update, contract:create, money:create, comment:update, comment:read, money:update, cart:update, user:create, cart:delete, contract:update, contract:read, user:read, comment:delete, cart:read, money:read, contract:delete, money:delete]
2019-06-01 15:34:05.589 INFO  --- [LoggerUtil.java:30][http-nio-8888-exec-9] - permission的值为:[user:delete, cart:create, comment:create, house:read, user:update, contract:create, money:create, comment:update, comment:read, money:update, cart:update, user:create, cart:delete, contract:update, contract:read, user:read, comment:delete, cart:read, money:read, contract:delete, money:delete]
2019-06-01 15:34:08.961 INFO  --- [LoggerUtil.java:30][http-nio-8888-exec-10] - permission的值为:[user:delete, cart:create, comment:create, house:read, user:update, contract:create, money:create, comment:update, comment:read, money:update, cart:update, user:create, cart:delete, contract:update, contract:read, user:read, comment:delete, cart:read, money:read, contract:delete, money:delete]
2019-06-01 15:34:08.963 INFO  --- [LoggerUtil.java:30][http-nio-8888-exec-10] - permission的值为:[user:delete, cart:create, comment:create, house:read, user:update, contract:create, money:create, comment:update, comment:read, money:update, cart:update, user:create, cart:delete, contract:update, contract:read, user:read, comment:delete, cart:read, money:read, contract:delete, money:delete]
2019-06-01 15:44:22.664 INFO  --- [StartupInfoLogger.java:50][restartedMain] - Starting HouseApplication on DESKTOP-A42CON3 with PID 12656 (D:\graduate\house\target\classes started by 谢洁芳 in D:\graduate\house)
2019-06-01 15:44:22.679 INFO  --- [SpringApplication.java:675][restartedMain] - No active profile set, falling back to default profiles: default
2019-06-01 15:44:49.005 ERROR --- [DirectJDKLog.java:173][restartedMain] - An incompatible version [1.2.4] of the APR based Apache Tomcat Native library is installed, while Tomcat requires version [1.2.14]
2019-06-01 15:44:51.143 ERROR --- [DirectJDKLog.java:173][restartedMain] - An incompatible version [1.2.4] of the APR based Apache Tomcat Native library is installed, while Tomcat requires version [1.2.14]
2019-06-01 15:44:51.205 ERROR --- [DirectJDKLog.java:173][restartedMain] - An incompatible version [1.2.4] of the APR based Apache Tomcat Native library is installed, while Tomcat requires version [1.2.14]
2019-06-01 15:44:58.543 WARN  --- [TemplateMode.java:150][restartedMain] - [THYMELEAF][restartedMain] Template Mode 'HTML5' is deprecated. Using Template Mode 'HTML' instead.
2019-06-01 15:45:01.492 INFO  --- [StartupInfoLogger.java:59][restartedMain] - Started HouseApplication in 40.381 seconds (JVM running for 45.626)
2019-06-01 15:47:09.535 INFO  --- [HikariDataSource.java:110][http-nio-8888-exec-6] - HikariPool-1 - Starting...
2019-06-01 15:47:11.198 INFO  --- [HikariDataSource.java:123][http-nio-8888-exec-6] - HikariPool-1 - Start completed.
2019-06-01 15:47:43.461 INFO  --- [LoggerUtil.java:30][http-nio-8888-exec-8] - permission的值为:[user:delete, cart:create, comment:create, house:read, user:update, contract:create, money:create, comment:update, comment:read, money:update, cart:update, user:create, cart:delete, contract:update, contract:read, user:read, comment:delete, cart:read, money:read, contract:delete, money:delete]
2019-06-01 15:47:44.970 INFO  --- [Slf4JLogger.java:101][http-nio-8888-exec-8] - Starting without optional epoll library
2019-06-01 15:47:44.982 INFO  --- [Slf4JLogger.java:101][http-nio-8888-exec-8] - Starting without optional kqueue library
2019-06-01 15:47:49.913 INFO  --- [LoggerUtil.java:34][http-nio-8888-exec-8] - redis缓存中不存在houses_collect_houses_12
2019-06-01 15:47:50.053 INFO  --- [LoggerUtil.java:34][http-nio-8888-exec-8] - redis缓存中添加houses_collect_houses_12
2019-06-01 15:48:41.211 INFO  --- [LoggerUtil.java:30][http-nio-8888-exec-10] - permission的值为:[user:delete, cart:create, comment:create, house:read, user:update, contract:create, money:create, comment:update, comment:read, money:update, cart:update, user:create, cart:delete, contract:update, contract:read, user:read, comment:delete, cart:read, money:read, contract:delete, money:delete]
2019-06-01 15:48:41.271 INFO  --- [LoggerUtil.java:30][http-nio-8888-exec-10] - permission的值为:[user:delete, cart:create, comment:create, house:read, user:update, contract:create, money:create, comment:update, comment:read, money:update, cart:update, user:create, cart:delete, contract:update, contract:read, user:read, comment:delete, cart:read, money:read, contract:delete, money:delete]
2019-06-01 15:48:46.894 INFO  --- [LoggerUtil.java:30][http-nio-8888-exec-1] - permission的值为:[user:delete, cart:create, comment:create, house:read, user:update, contract:create, money:create, comment:update, comment:read, money:update, cart:update, user:create, cart:delete, contract:update, contract:read, user:read, comment:delete, cart:read, money:read, contract:delete, money:delete]
2019-06-01 15:48:46.897 INFO  --- [LoggerUtil.java:30][http-nio-8888-exec-1] - permission的值为:[user:delete, cart:create, comment:create, house:read, user:update, contract:create, money:create, comment:update, comment:read, money:update, cart:update, user:create, cart:delete, contract:update, contract:read, user:read, comment:delete, cart:read, money:read, contract:delete, money:delete]
2019-06-01 15:48:51.895 INFO  --- [LoggerUtil.java:30][http-nio-8888-exec-2] - permission的值为:[user:delete, cart:create, comment:create, house:read, user:update, contract:create, money:create, comment:update, comment:read, money:update, cart:update, user:create, cart:delete, contract:update, contract:read, user:read, comment:delete, cart:read, money:read, contract:delete, money:delete]
2019-06-01 15:48:51.900 INFO  --- [LoggerUtil.java:30][http-nio-8888-exec-2] - permission的值为:[user:delete, cart:create, comment:create, house:read, user:update, contract:create, money:create, comment:update, comment:read, money:update, cart:update, user:create, cart:delete, contract:update, contract:read, user:read, comment:delete, cart:read, money:read, contract:delete, money:delete]
2019-06-01 15:48:54.335 INFO  --- [LoggerUtil.java:30][http-nio-8888-exec-3] - permission的值为:[user:delete, cart:create, comment:create, house:read, user:update, contract:create, money:create, comment:update, comment:read, money:update, cart:update, user:create, cart:delete, contract:update, contract:read, user:read, comment:delete, cart:read, money:read, contract:delete, money:delete]
2019-06-01 15:48:54.340 INFO  --- [LoggerUtil.java:30][http-nio-8888-exec-3] - permission的值为:[user:delete, cart:create, comment:create, house:read, user:update, contract:create, money:create, comment:update, comment:read, money:update, cart:update, user:create, cart:delete, contract:update, contract:read, user:read, comment:delete, cart:read, money:read, contract:delete, money:delete]
2019-06-01 15:49:15.049 INFO  --- [LoggerUtil.java:30][http-nio-8888-exec-4] - permission的值为:[user:delete, cart:create, comment:create, house:read, user:update, contract:create, money:create, comment:update, comment:read, money:update, cart:update, user:create, cart:delete, contract:update, contract:read, user:read, comment:delete, cart:read, money:read, contract:delete, money:delete]
2019-06-01 15:49:15.052 INFO  --- [LoggerUtil.java:30][http-nio-8888-exec-4] - permission的值为:[user:delete, cart:create, comment:create, house:read, user:update, contract:create, money:create, comment:update, comment:read, money:update, cart:update, user:create, cart:delete, contract:update, contract:read, user:read, comment:delete, cart:read, money:read, contract:delete, money:delete]
2019-06-01 15:49:29.093 INFO  --- [LoggerUtil.java:30][http-nio-8888-exec-5] - permission的值为:[user:delete, cart:create, comment:create, house:read, user:update, contract:create, money:create, comment:update, comment:read, money:update, cart:update, user:create, cart:delete, contract:update, contract:read, user:read, comment:delete, cart:read, money:read, contract:delete, money:delete]
2019-06-01 15:49:29.095 INFO  --- [LoggerUtil.java:30][http-nio-8888-exec-5] - permission的值为:[user:delete, cart:create, comment:create, house:read, user:update, contract:create, money:create, comment:update, comment:read, money:update, cart:update, user:create, cart:delete, contract:update, contract:read, user:read, comment:delete, cart:read, money:read, contract:delete, money:delete]
2019-06-01 16:00:24.751 INFO  --- [StartupInfoLogger.java:50][restartedMain] - Starting HouseApplication on DESKTOP-A42CON3 with PID 12260 (D:\graduate\house\target\classes started by 谢洁芳 in D:\graduate\house)
2019-06-01 16:00:24.758 INFO  --- [SpringApplication.java:675][restartedMain] - No active profile set, falling back to default profiles: default
2019-06-01 16:00:35.670 ERROR --- [DirectJDKLog.java:173][restartedMain] - An incompatible version [1.2.4] of the APR based Apache Tomcat Native library is installed, while Tomcat requires version [1.2.14]
2019-06-01 16:00:36.742 ERROR --- [DirectJDKLog.java:173][restartedMain] - An incompatible version [1.2.4] of the APR based Apache Tomcat Native library is installed, while Tomcat requires version [1.2.14]
2019-06-01 16:00:36.800 ERROR --- [DirectJDKLog.java:173][restartedMain] - An incompatible version [1.2.4] of the APR based Apache Tomcat Native library is installed, while Tomcat requires version [1.2.14]
2019-06-01 16:00:40.740 WARN  --- [TemplateMode.java:150][restartedMain] - [THYMELEAF][restartedMain] Template Mode 'HTML5' is deprecated. Using Template Mode 'HTML' instead.
2019-06-01 16:00:44.611 INFO  --- [StartupInfoLogger.java:59][restartedMain] - Started HouseApplication in 22.286 seconds (JVM running for 31.098)
2019-06-01 16:02:27.044 INFO  --- [HikariDataSource.java:110][http-nio-8888-exec-6] - HikariPool-1 - Starting...
2019-06-01 16:02:27.419 INFO  --- [HikariDataSource.java:123][http-nio-8888-exec-6] - HikariPool-1 - Start completed.
2019-06-01 16:02:39.077 INFO  --- [LoggerUtil.java:30][http-nio-8888-exec-8] - permission的值为:[user:delete, cart:create, comment:create, house:read, user:update, contract:create, money:create, comment:update, comment:read, money:update, cart:update, user:create, cart:delete, contract:update, contract:read, user:read, comment:delete, cart:read, money:read, contract:delete, money:delete]
2019-06-01 16:02:39.822 INFO  --- [Slf4JLogger.java:101][http-nio-8888-exec-8] - Starting without optional epoll library
2019-06-01 16:02:39.832 INFO  --- [Slf4JLogger.java:101][http-nio-8888-exec-8] - Starting without optional kqueue library
2019-06-01 16:02:42.645 INFO  --- [LoggerUtil.java:34][http-nio-8888-exec-8] - redis缓存中不存在houses_collect_houses_12
2019-06-01 16:02:42.725 INFO  --- [LoggerUtil.java:34][http-nio-8888-exec-8] - redis缓存中添加houses_collect_houses_12
2019-06-01 16:02:54.125 INFO  --- [LoggerUtil.java:34][http-nio-8888-exec-1] - redis缓存中不存在houses_like_TenantSearchPOJO(type=0, msg=null, kind=00000, orientation=null, show=money, sx=asc, elevator=-1, cycle=0, area1=0, area2=0, money1=0, money2=0)_number_1
2019-06-01 16:02:55.857 INFO  --- [LoggerUtil.java:34][http-nio-8888-exec-1] - redis缓存中添加houses_like_TenantSearchPOJO(type=0, msg=null, kind=00000, orientation=null, show=money, sx=asc, elevator=-1, cycle=0, area1=0, area2=0, money1=0, money2=0)_number_1
2019-06-01 16:02:55.870 INFO  --- [LoggerUtil.java:34][http-nio-8888-exec-1] - redis缓存中不存在houses_collect_hids_12
2019-06-01 16:02:55.903 INFO  --- [LoggerUtil.java:34][http-nio-8888-exec-1] - redis缓存中添加houses_collect_hids_12
2019-06-01 16:03:01.870 INFO  --- [LoggerUtil.java:30][http-nio-8888-exec-8] - permission的值为:[user:delete, cart:create, comment:create, house:read, user:update, contract:create, money:create, comment:update, comment:read, money:update, cart:update, user:create, cart:delete, contract:update, contract:read, user:read, comment:delete, cart:read, money:read, contract:delete, money:delete]
2019-06-01 16:03:01.871 INFO  --- [LoggerUtil.java:30][http-nio-8888-exec-8] - permission的值为:[user:delete, cart:create, comment:create, house:read, user:update, contract:create, money:create, comment:update, comment:read, money:update, cart:update, user:create, cart:delete, contract:update, contract:read, user:read, comment:delete, cart:read, money:read, contract:delete, money:delete]
2019-06-01 16:03:56.048 INFO  --- [LoggerUtil.java:30][http-nio-8888-exec-9] - permission的值为:[user:delete, cart:create, comment:create, house:read, user:update, contract:create, money:create, comment:update, comment:read, money:update, cart:update, user:create, cart:delete, contract:update, contract:read, user:read, comment:delete, cart:read, money:read, contract:delete, money:delete]
2019-06-01 16:03:56.063 INFO  --- [LoggerUtil.java:34][http-nio-8888-exec-9] - redis缓存中不存在houses_collect_houses_12
2019-06-01 16:03:56.102 INFO  --- [LoggerUtil.java:34][http-nio-8888-exec-9] - redis缓存中添加houses_collect_houses_12
2019-06-01 16:04:09.193 INFO  --- [LoggerUtil.java:30][http-nio-8888-exec-3] - permission的值为:[user:delete, cart:create, comment:create, house:read, user:update, contract:create, money:create, comment:update, comment:read, money:update, cart:update, user:create, cart:delete, contract:update, contract:read, user:read, comment:delete, cart:read, money:read, contract:delete, money:delete]
2019-06-01 16:04:09.222 INFO  --- [LoggerUtil.java:34][http-nio-8888-exec-3] - redis缓存中不存在houses_collect_houses_12
2019-06-01 16:04:09.425 INFO  --- [LoggerUtil.java:34][http-nio-8888-exec-3] - redis缓存中添加houses_collect_houses_12
2019-06-01 16:04:13.427 INFO  --- [LoggerUtil.java:30][http-nio-8888-exec-6] - permission的值为:[user:delete, cart:create, comment:create, house:read, user:update, contract:create, money:create, comment:update, comment:read, money:update, cart:update, user:create, cart:delete, contract:update, contract:read, user:read, comment:delete, cart:read, money:read, contract:delete, money:delete]
2019-06-01 16:04:13.441 INFO  --- [LoggerUtil.java:34][http-nio-8888-exec-6] - redis缓存中存在houses_collect_houses_12
2019-06-01 16:04:14.380 INFO  --- [LoggerUtil.java:30][http-nio-8888-exec-7] - permission的值为:[user:delete, cart:create, comment:create, house:read, user:update, contract:create, money:create, comment:update, comment:read, money:update, cart:update, user:create, cart:delete, contract:update, contract:read, user:read, comment:delete, cart:read, money:read, contract:delete, money:delete]
2019-06-01 16:04:14.411 INFO  --- [LoggerUtil.java:34][http-nio-8888-exec-7] - redis缓存中存在houses_collect_houses_12
2019-06-01 16:04:15.150 INFO  --- [LoggerUtil.java:30][http-nio-8888-exec-8] - permission的值为:[user:delete, cart:create, comment:create, house:read, user:update, contract:create, money:create, comment:update, comment:read, money:update, cart:update, user:create, cart:delete, contract:update, contract:read, user:read, comment:delete, cart:read, money:read, contract:delete, money:delete]
2019-06-01 16:04:15.161 INFO  --- [LoggerUtil.java:34][http-nio-8888-exec-8] - redis缓存中存在houses_collect_houses_12
2019-06-01 16:04:17.623 INFO  --- [LoggerUtil.java:30][http-nio-8888-exec-9] - permission的值为:[user:delete, cart:create, comment:create, house:read, user:update, contract:create, money:create, comment:update, comment:read, money:update, cart:update, user:create, cart:delete, contract:update, contract:read, user:read, comment:delete, cart:read, money:read, contract:delete, money:delete]
2019-06-01 16:04:17.634 INFO  --- [LoggerUtil.java:34][http-nio-8888-exec-9] - redis缓存中存在houses_collect_houses_12
2019-06-01 16:08:58.830 INFO  --- [StartupInfoLogger.java:50][restartedMain] - Starting HouseApplication on DESKTOP-A42CON3 with PID 12664 (D:\graduate\house\target\classes started by 谢洁芳 in D:\graduate\house)
2019-06-01 16:08:58.839 INFO  --- [SpringApplication.java:675][restartedMain] - No active profile set, falling back to default profiles: default
2019-06-01 16:09:05.040 ERROR --- [DirectJDKLog.java:173][restartedMain] - An incompatible version [1.2.4] of the APR based Apache Tomcat Native library is installed, while Tomcat requires version [1.2.14]
2019-06-01 16:09:05.943 ERROR --- [DirectJDKLog.java:173][restartedMain] - An incompatible version [1.2.4] of the APR based Apache Tomcat Native library is installed, while Tomcat requires version [1.2.14]
2019-06-01 16:09:06.054 ERROR --- [DirectJDKLog.java:173][restartedMain] - An incompatible version [1.2.4] of the APR based Apache Tomcat Native library is installed, while Tomcat requires version [1.2.14]
2019-06-01 16:09:11.545 WARN  --- [TemplateMode.java:150][restartedMain] - [THYMELEAF][restartedMain] Template Mode 'HTML5' is deprecated. Using Template Mode 'HTML' instead.
2019-06-01 16:09:13.929 INFO  --- [StartupInfoLogger.java:59][restartedMain] - Started HouseApplication in 17.035 seconds (JVM running for 23.62)
2019-06-01 16:11:05.977 INFO  --- [HikariDataSource.java:110][http-nio-8888-exec-7] - HikariPool-1 - Starting...
2019-06-01 16:11:06.945 INFO  --- [HikariDataSource.java:123][http-nio-8888-exec-7] - HikariPool-1 - Start completed.
2019-06-01 16:11:09.764 INFO  --- [LoggerUtil.java:30][http-nio-8888-exec-8] - permission的值为:[user:delete, cart:create, comment:create, house:read, user:update, contract:create, money:create, comment:update, comment:read, money:update, cart:update, user:create, cart:delete, contract:update, contract:read, user:read, comment:delete, cart:read, money:read, contract:delete, money:delete]
2019-06-01 16:11:10.359 INFO  --- [Slf4JLogger.java:101][http-nio-8888-exec-8] - Starting without optional epoll library
2019-06-01 16:11:10.371 INFO  --- [Slf4JLogger.java:101][http-nio-8888-exec-8] - Starting without optional kqueue library
2019-06-01 16:11:12.382 INFO  --- [LoggerUtil.java:34][http-nio-8888-exec-8] - redis缓存中不存在houses_collect_houses_12
2019-06-01 16:11:12.445 INFO  --- [LoggerUtil.java:34][http-nio-8888-exec-8] - redis缓存中添加houses_collect_houses_12
2019-06-01 16:42:20.859 INFO  --- [StartupInfoLogger.java:50][restartedMain] - Starting HouseApplication on DESKTOP-A42CON3 with PID 16376 (D:\graduate\house\target\classes started by 谢洁芳 in D:\graduate\house)
2019-06-01 16:42:20.868 INFO  --- [SpringApplication.java:675][restartedMain] - No active profile set, falling back to default profiles: default
2019-06-01 16:42:30.784 ERROR --- [DirectJDKLog.java:173][restartedMain] - An incompatible version [1.2.4] of the APR based Apache Tomcat Native library is installed, while Tomcat requires version [1.2.14]
2019-06-01 16:42:32.115 ERROR --- [DirectJDKLog.java:173][restartedMain] - An incompatible version [1.2.4] of the APR based Apache Tomcat Native library is installed, while Tomcat requires version [1.2.14]
2019-06-01 16:42:32.171 ERROR --- [DirectJDKLog.java:173][restartedMain] - An incompatible version [1.2.4] of the APR based Apache Tomcat Native library is installed, while Tomcat requires version [1.2.14]
2019-06-01 16:42:36.890 WARN  --- [TemplateMode.java:150][restartedMain] - [THYMELEAF][restartedMain] Template Mode 'HTML5' is deprecated. Using Template Mode 'HTML' instead.
2019-06-01 16:42:38.464 INFO  --- [StartupInfoLogger.java:59][restartedMain] - Started HouseApplication in 19.4 seconds (JVM running for 24.755)
2019-06-01 16:43:24.428 INFO  --- [HikariDataSource.java:110][http-nio-8888-exec-6] - HikariPool-1 - Starting...
2019-06-01 16:43:25.437 INFO  --- [HikariDataSource.java:123][http-nio-8888-exec-6] - HikariPool-1 - Start completed.
2019-06-01 16:58:46.512 INFO  --- [StartupInfoLogger.java:50][restartedMain] - Starting HouseApplication on DESKTOP-A42CON3 with PID 2236 (D:\graduate\house\target\classes started by 谢洁芳 in D:\graduate\house)
2019-06-01 16:58:46.526 INFO  --- [SpringApplication.java:675][restartedMain] - No active profile set, falling back to default profiles: default
2019-06-01 16:58:56.066 ERROR --- [DirectJDKLog.java:173][restartedMain] - An incompatible version [1.2.4] of the APR based Apache Tomcat Native library is installed, while Tomcat requires version [1.2.14]
2019-06-01 16:58:56.659 ERROR --- [DirectJDKLog.java:173][restartedMain] - An incompatible version [1.2.4] of the APR based Apache Tomcat Native library is installed, while Tomcat requires version [1.2.14]
2019-06-01 16:58:56.696 ERROR --- [DirectJDKLog.java:173][restartedMain] - An incompatible version [1.2.4] of the APR based Apache Tomcat Native library is installed, while Tomcat requires version [1.2.14]
2019-06-01 16:59:00.962 WARN  --- [TemplateMode.java:150][restartedMain] - [THYMELEAF][restartedMain] Template Mode 'HTML5' is deprecated. Using Template Mode 'HTML' instead.
2019-06-01 16:59:02.878 INFO  --- [StartupInfoLogger.java:59][restartedMain] - Started HouseApplication in 17.846 seconds (JVM running for 24.494)
2019-06-01 16:59:36.656 INFO  --- [HikariDataSource.java:110][http-nio-8888-exec-4] - HikariPool-1 - Starting...
2019-06-01 16:59:37.991 INFO  --- [HikariDataSource.java:123][http-nio-8888-exec-4] - HikariPool-1 - Start completed.
2019-06-01 16:59:39.153 ERROR --- [TemplateEngine.java:1136][http-nio-8888-exec-4] - [THYMELEAF][http-nio-8888-exec-4] Exception processing template "tenant/info": An error happened during template parsing (template: "class path resource [templates/tenant/info.html]")
org.thymeleaf.exceptions.TemplateInputException: An error happened during template parsing (template: "class path resource [templates/tenant/info.html]")
	at org.thymeleaf.templateparser.markup.AbstractMarkupTemplateParser.parse(AbstractMarkupTemplateParser.java:241)
	at org.thymeleaf.templateparser.markup.AbstractMarkupTemplateParser.parseStandalone(AbstractMarkupTemplateParser.java:100)
	at org.thymeleaf.engine.TemplateManager.parseAndProcess(TemplateManager.java:666)
	at org.thymeleaf.TemplateEngine.process(TemplateEngine.java:1098)
	at org.thymeleaf.TemplateEngine.process(TemplateEngine.java:1072)
	at org.thymeleaf.spring5.view.ThymeleafView.renderFragment(ThymeleafView.java:362)
	at org.thymeleaf.spring5.view.ThymeleafView.render(ThymeleafView.java:189)
	at org.springframework.web.servlet.DispatcherServlet.render(DispatcherServlet.java:1370)
	at org.springframework.web.servlet.DispatcherServlet.processDispatchResult(DispatcherServlet.java:1116)
	at org.springframework.web.servlet.DispatcherServlet.doDispatch(DispatcherServlet.java:1055)
	at org.springframework.web.servlet.DispatcherServlet.doService(DispatcherServlet.java:942)
	at org.springframework.web.servlet.FrameworkServlet.processRequest(FrameworkServlet.java:998)
	at org.springframework.web.servlet.FrameworkServlet.doPost(FrameworkServlet.java:901)
	at javax.servlet.http.HttpServlet.service(HttpServlet.java:660)
	at org.springframework.web.servlet.FrameworkServlet.service(FrameworkServlet.java:875)
	at javax.servlet.http.HttpServlet.service(HttpServlet.java:741)
	at org.apache.catalina.core.ApplicationFilterChain.internalDoFilter(ApplicationFilterChain.java:231)
	at org.apache.catalina.core.ApplicationFilterChain.doFilter(ApplicationFilterChain.java:166)
	at org.apache.tomcat.websocket.server.WsFilter.doFilter(WsFilter.java:53)
	at org.apache.catalina.core.ApplicationFilterChain.internalDoFilter(ApplicationFilterChain.java:193)
	at org.apache.catalina.core.ApplicationFilterChain.doFilter(ApplicationFilterChain.java:166)
	at org.apache.shiro.web.servlet.ProxiedFilterChain.doFilter(ProxiedFilterChain.java:61)
	at org.apache.shiro.web.servlet.AdviceFilter.executeChain(AdviceFilter.java:108)
	at org.apache.shiro.web.servlet.AdviceFilter.doFilterInternal(AdviceFilter.java:137)
	at org.apache.shiro.web.servlet.OncePerRequestFilter.doFilter(OncePerRequestFilter.java:125)
	at org.apache.shiro.web.servlet.ProxiedFilterChain.doFilter(ProxiedFilterChain.java:66)
	at org.apache.shiro.web.servlet.AbstractShiroFilter.executeChain(AbstractShiroFilter.java:449)
	at org.apache.shiro.web.servlet.AbstractShiroFilter$1.call(AbstractShiroFilter.java:365)
	at org.apache.shiro.subject.support.SubjectCallable.doCall(SubjectCallable.java:90)
	at org.apache.shiro.subject.support.SubjectCallable.call(SubjectCallable.java:83)
	at org.apache.shiro.subject.support.DelegatingSubject.execute(DelegatingSubject.java:387)
	at org.apache.shiro.web.servlet.AbstractShiroFilter.doFilterInternal(AbstractShiroFilter.java:362)
	at org.apache.shiro.web.servlet.OncePerRequestFilter.doFilter(OncePerRequestFilter.java:125)
	at org.apache.catalina.core.ApplicationFilterChain.internalDoFilter(ApplicationFilterChain.java:193)
	at org.apache.catalina.core.ApplicationFilterChain.doFilter(ApplicationFilterChain.java:166)
	at org.springframework.web.servlet.resource.ResourceUrlEncodingFilter.doFilter(ResourceUrlEncodingFilter.java:63)
	at org.apache.catalina.core.ApplicationFilterChain.internalDoFilter(ApplicationFilterChain.java:193)
	at org.apache.catalina.core.ApplicationFilterChain.doFilter(ApplicationFilterChain.java:166)
	at org.springframework.web.filter.RequestContextFilter.doFilterInternal(RequestContextFilter.java:99)
	at org.springframework.web.filter.OncePerRequestFilter.doFilter(OncePerRequestFilter.java:107)
	at org.apache.catalina.core.ApplicationFilterChain.internalDoFilter(ApplicationFilterChain.java:193)
	at org.apache.catalina.core.ApplicationFilterChain.doFilter(ApplicationFilterChain.java:166)
	at org.springframework.web.filter.FormContentFilter.doFilterInternal(FormContentFilter.java:92)
	at org.springframework.web.filter.OncePerRequestFilter.doFilter(OncePerRequestFilter.java:107)
	at org.apache.catalina.core.ApplicationFilterChain.internalDoFilter(ApplicationFilterChain.java:193)
	at org.apache.catalina.core.ApplicationFilterChain.doFilter(ApplicationFilterChain.java:166)
	at org.springframework.web.filter.HiddenHttpMethodFilter.doFilterInternal(HiddenHttpMethodFilter.java:93)
	at org.springframework.web.filter.OncePerRequestFilter.doFilter(OncePerRequestFilter.java:107)
	at org.apache.catalina.core.ApplicationFilterChain.internalDoFilter(ApplicationFilterChain.java:193)
	at org.apache.catalina.core.ApplicationFilterChain.doFilter(ApplicationFilterChain.java:166)
	at org.springframework.web.filter.CharacterEncodingFilter.doFilterInternal(CharacterEncodingFilter.java:200)
	at org.springframework.web.filter.OncePerRequestFilter.doFilter(OncePerRequestFilter.java:107)
	at org.apache.catalina.core.ApplicationFilterChain.internalDoFilter(ApplicationFilterChain.java:193)
	at org.apache.catalina.core.ApplicationFilterChain.doFilter(ApplicationFilterChain.java:166)
	at org.apache.catalina.core.StandardWrapperValve.invoke(StandardWrapperValve.java:199)
	at org.apache.catalina.core.StandardContextValve.invoke(StandardContextValve.java:96)
	at org.apache.catalina.authenticator.AuthenticatorBase.invoke(AuthenticatorBase.java:490)
	at org.apache.catalina.core.StandardHostValve.invoke(StandardHostValve.java:139)
	at org.apache.catalina.valves.ErrorReportValve.invoke(ErrorReportValve.java:92)
	at org.apache.catalina.core.StandardEngineValve.invoke(StandardEngineValve.java:74)
	at org.apache.catalina.connector.CoyoteAdapter.service(CoyoteAdapter.java:343)
	at org.apache.coyote.http11.Http11Processor.service(Http11Processor.java:408)
	at org.apache.coyote.AbstractProcessorLight.process(AbstractProcessorLight.java:66)
	at org.apache.coyote.AbstractProtocol$ConnectionHandler.process(AbstractProtocol.java:770)
	at org.apache.tomcat.util.net.NioEndpoint$SocketProcessor.doRun(NioEndpoint.java:1415)
	at org.apache.tomcat.util.net.SocketProcessorBase.run(SocketProcessorBase.java:49)
	at java.util.concurrent.ThreadPoolExecutor.runWorker(ThreadPoolExecutor.java:1142)
	at java.util.concurrent.ThreadPoolExecutor$Worker.run(ThreadPoolExecutor.java:617)
	at org.apache.tomcat.util.threads.TaskThread$WrappingRunnable.run(TaskThread.java:61)
	at java.lang.Thread.run(Thread.java:745)
Caused by: org.attoparser.ParseException: Exception evaluating SpringEL expression: "tenant/info" (template: "fragments/header" - line 29, col 54)
	at org.attoparser.MarkupParser.parseDocument(MarkupParser.java:393)
	at org.attoparser.MarkupParser.parse(MarkupParser.java:257)
	at org.thymeleaf.templateparser.markup.AbstractMarkupTemplateParser.parse(AbstractMarkupTemplateParser.java:230)
	... 69 common frames omitted
Caused by: org.thymeleaf.exceptions.TemplateProcessingException: Exception evaluating SpringEL expression: "tenant/info" (template: "fragments/header" - line 29, col 54)
	at org.thymeleaf.spring5.expression.SPELVariableExpressionEvaluator.evaluate(SPELVariableExpressionEvaluator.java:290)
	at org.thymeleaf.standard.expression.VariableExpression.executeVariableExpression(VariableExpression.java:166)
	at org.thymeleaf.standard.expression.SimpleExpression.executeSimple(SimpleExpression.java:66)
	at org.thymeleaf.standard.expression.Expression.execute(Expression.java:109)
	at org.thymeleaf.standard.expression.Expression.execute(Expression.java:138)
	at org.thymeleaf.standard.processor.AbstractStandardExpressionAttributeTagProcessor.doProcess(AbstractStandardExpressionAttributeTagProcessor.java:144)
	at org.thymeleaf.processor.element.AbstractAttributeTagProcessor.doProcess(AbstractAttributeTagProcessor.java:74)
	at org.thymeleaf.processor.element.AbstractElementTagProcessor.process(AbstractElementTagProcessor.java:95)
	at org.thymeleaf.util.ProcessorConfigurationUtils$ElementTagProcessorWrapper.process(ProcessorConfigurationUtils.java:633)
	at org.thymeleaf.engine.ProcessorTemplateHandler.handleOpenElement(ProcessorTemplateHandler.java:1314)
	at org.thymeleaf.engine.OpenElementTag.beHandled(OpenElementTag.java:205)
	at org.thymeleaf.engine.Model.process(Model.java:282)
	at org.thymeleaf.engine.ProcessorTemplateHandler.handleOpenElement(ProcessorTemplateHandler.java:1587)
	at org.thymeleaf.engine.TemplateHandlerAdapterMarkupHandler.handleOpenElementEnd(TemplateHandlerAdapterMarkupHandler.java:304)
	at org.thymeleaf.templateparser.markup.InlinedOutputExpressionMarkupHandler$InlineMarkupAdapterPreProcessorHandler.handleOpenElementEnd(InlinedOutputExpressionMarkupHandler.java:278)
	at org.thymeleaf.standard.inline.OutputExpressionInlinePreProcessorHandler.handleOpenElementEnd(OutputExpressionInlinePreProcessorHandler.java:186)
	at org.thymeleaf.templateparser.markup.InlinedOutputExpressionMarkupHandler.handleOpenElementEnd(InlinedOutputExpressionMarkupHandler.java:124)
	at org.attoparser.HtmlElement.handleOpenElementEnd(HtmlElement.java:109)
	at org.attoparser.HtmlMarkupHandler.handleOpenElementEnd(HtmlMarkupHandler.java:297)
	at org.attoparser.MarkupEventProcessorHandler.handleOpenElementEnd(MarkupEventProcessorHandler.java:402)
	at org.attoparser.ParsingElementMarkupUtil.parseOpenElement(ParsingElementMarkupUtil.java:159)
	at org.attoparser.MarkupParser.parseBuffer(MarkupParser.java:710)
	at org.attoparser.MarkupParser.parseDocument(MarkupParser.java:301)
	... 71 common frames omitted
Caused by: org.springframework.expression.spel.SpelEvaluationException: EL1030E: The operator 'DIVIDE' is not supported between objects of type 'null' and 'null'
	at org.springframework.expression.spel.ExpressionState.operate(ExpressionState.java:240)
	at org.springframework.expression.spel.ast.OpDivide.getValueInternal(OpDivide.java:89)
	at org.springframework.expression.spel.ast.SpelNodeImpl.getValue(SpelNodeImpl.java:111)
	at org.springframework.expression.spel.standard.SpelExpression.getValue(SpelExpression.java:328)
	at org.thymeleaf.spring5.expression.SPELVariableExpressionEvaluator.evaluate(SPELVariableExpressionEvaluator.java:263)
	... 93 common frames omitted
2019-06-01 16:59:39.166 ERROR --- [DirectJDKLog.java:175][http-nio-8888-exec-4] - Servlet.service() for servlet [dispatcherServlet] in context with path [] threw exception [Request processing failed; nested exception is org.thymeleaf.exceptions.TemplateInputException: An error happened during template parsing (template: "class path resource [templates/tenant/info.html]")] with root cause
org.springframework.expression.spel.SpelEvaluationException: EL1030E: The operator 'DIVIDE' is not supported between objects of type 'null' and 'null'
	at org.springframework.expression.spel.ExpressionState.operate(ExpressionState.java:240)
	at org.springframework.expression.spel.ast.OpDivide.getValueInternal(OpDivide.java:89)
	at org.springframework.expression.spel.ast.SpelNodeImpl.getValue(SpelNodeImpl.java:111)
	at org.springframework.expression.spel.standard.SpelExpression.getValue(SpelExpression.java:328)
	at org.thymeleaf.spring5.expression.SPELVariableExpressionEvaluator.evaluate(SPELVariableExpressionEvaluator.java:263)
	at org.thymeleaf.standard.expression.VariableExpression.executeVariableExpression(VariableExpression.java:166)
	at org.thymeleaf.standard.expression.SimpleExpression.executeSimple(SimpleExpression.java:66)
	at org.thymeleaf.standard.expression.Expression.execute(Expression.java:109)
	at org.thymeleaf.standard.expression.Expression.execute(Expression.java:138)
	at org.thymeleaf.standard.processor.AbstractStandardExpressionAttributeTagProcessor.doProcess(AbstractStandardExpressionAttributeTagProcessor.java:144)
	at org.thymeleaf.processor.element.AbstractAttributeTagProcessor.doProcess(AbstractAttributeTagProcessor.java:74)
	at org.thymeleaf.processor.element.AbstractElementTagProcessor.process(AbstractElementTagProcessor.java:95)
	at org.thymeleaf.util.ProcessorConfigurationUtils$ElementTagProcessorWrapper.process(ProcessorConfigurationUtils.java:633)
	at org.thymeleaf.engine.ProcessorTemplateHandler.handleOpenElement(ProcessorTemplateHandler.java:1314)
	at org.thymeleaf.engine.OpenElementTag.beHandled(OpenElementTag.java:205)
	at org.thymeleaf.engine.Model.process(Model.java:282)
	at org.thymeleaf.engine.ProcessorTemplateHandler.handleOpenElement(ProcessorTemplateHandler.java:1587)
	at org.thymeleaf.engine.TemplateHandlerAdapterMarkupHandler.handleOpenElementEnd(TemplateHandlerAdapterMarkupHandler.java:304)
	at org.thymeleaf.templateparser.markup.InlinedOutputExpressionMarkupHandler$InlineMarkupAdapterPreProcessorHandler.handleOpenElementEnd(InlinedOutputExpressionMarkupHandler.java:278)
	at org.thymeleaf.standard.inline.OutputExpressionInlinePreProcessorHandler.handleOpenElementEnd(OutputExpressionInlinePreProcessorHandler.java:186)
	at org.thymeleaf.templateparser.markup.InlinedOutputExpressionMarkupHandler.handleOpenElementEnd(InlinedOutputExpressionMarkupHandler.java:124)
	at org.attoparser.HtmlElement.handleOpenElementEnd(HtmlElement.java:109)
	at org.attoparser.HtmlMarkupHandler.handleOpenElementEnd(HtmlMarkupHandler.java:297)
	at org.attoparser.MarkupEventProcessorHandler.handleOpenElementEnd(MarkupEventProcessorHandler.java:402)
	at org.attoparser.ParsingElementMarkupUtil.parseOpenElement(ParsingElementMarkupUtil.java:159)
	at org.attoparser.MarkupParser.parseBuffer(MarkupParser.java:710)
	at org.attoparser.MarkupParser.parseDocument(MarkupParser.java:301)
	at org.attoparser.MarkupParser.parse(MarkupParser.java:257)
	at org.thymeleaf.templateparser.markup.AbstractMarkupTemplateParser.parse(AbstractMarkupTemplateParser.java:230)
	at org.thymeleaf.templateparser.markup.AbstractMarkupTemplateParser.parseStandalone(AbstractMarkupTemplateParser.java:100)
	at org.thymeleaf.engine.TemplateManager.parseAndProcess(TemplateManager.java:666)
	at org.thymeleaf.TemplateEngine.process(TemplateEngine.java:1098)
	at org.thymeleaf.TemplateEngine.process(TemplateEngine.java:1072)
	at org.thymeleaf.spring5.view.ThymeleafView.renderFragment(ThymeleafView.java:362)
	at org.thymeleaf.spring5.view.ThymeleafView.render(ThymeleafView.java:189)
	at org.springframework.web.servlet.DispatcherServlet.render(DispatcherServlet.java:1370)
	at org.springframework.web.servlet.DispatcherServlet.processDispatchResult(DispatcherServlet.java:1116)
	at org.springframework.web.servlet.DispatcherServlet.doDispatch(DispatcherServlet.java:1055)
	at org.springframework.web.servlet.DispatcherServlet.doService(DispatcherServlet.java:942)
	at org.springframework.web.servlet.FrameworkServlet.processRequest(FrameworkServlet.java:998)
	at org.springframework.web.servlet.FrameworkServlet.doPost(FrameworkServlet.java:901)
	at javax.servlet.http.HttpServlet.service(HttpServlet.java:660)
	at org.springframework.web.servlet.FrameworkServlet.service(FrameworkServlet.java:875)
	at javax.servlet.http.HttpServlet.service(HttpServlet.java:741)
	at org.apache.catalina.core.ApplicationFilterChain.internalDoFilter(ApplicationFilterChain.java:231)
	at org.apache.catalina.core.ApplicationFilterChain.doFilter(ApplicationFilterChain.java:166)
	at org.apache.tomcat.websocket.server.WsFilter.doFilter(WsFilter.java:53)
	at org.apache.catalina.core.ApplicationFilterChain.internalDoFilter(ApplicationFilterChain.java:193)
	at org.apache.catalina.core.ApplicationFilterChain.doFilter(ApplicationFilterChain.java:166)
	at org.apache.shiro.web.servlet.ProxiedFilterChain.doFilter(ProxiedFilterChain.java:61)
	at org.apache.shiro.web.servlet.AdviceFilter.executeChain(AdviceFilter.java:108)
	at org.apache.shiro.web.servlet.AdviceFilter.doFilterInternal(AdviceFilter.java:137)
	at org.apache.shiro.web.servlet.OncePerRequestFilter.doFilter(OncePerRequestFilter.java:125)
	at org.apache.shiro.web.servlet.ProxiedFilterChain.doFilter(ProxiedFilterChain.java:66)
	at org.apache.shiro.web.servlet.AbstractShiroFilter.executeChain(AbstractShiroFilter.java:449)
	at org.apache.shiro.web.servlet.AbstractShiroFilter$1.call(AbstractShiroFilter.java:365)
	at org.apache.shiro.subject.support.SubjectCallable.doCall(SubjectCallable.java:90)
	at org.apache.shiro.subject.support.SubjectCallable.call(SubjectCallable.java:83)
	at org.apache.shiro.subject.support.DelegatingSubject.execute(DelegatingSubject.java:387)
	at org.apache.shiro.web.servlet.AbstractShiroFilter.doFilterInternal(AbstractShiroFilter.java:362)
	at org.apache.shiro.web.servlet.OncePerRequestFilter.doFilter(OncePerRequestFilter.java:125)
	at org.apache.catalina.core.ApplicationFilterChain.internalDoFilter(ApplicationFilterChain.java:193)
	at org.apache.catalina.core.ApplicationFilterChain.doFilter(ApplicationFilterChain.java:166)
	at org.springframework.web.servlet.resource.ResourceUrlEncodingFilter.doFilter(ResourceUrlEncodingFilter.java:63)
	at org.apache.catalina.core.ApplicationFilterChain.internalDoFilter(ApplicationFilterChain.java:193)
	at org.apache.catalina.core.ApplicationFilterChain.doFilter(ApplicationFilterChain.java:166)
	at org.springframework.web.filter.RequestContextFilter.doFilterInternal(RequestContextFilter.java:99)
	at org.springframework.web.filter.OncePerRequestFilter.doFilter(OncePerRequestFilter.java:107)
	at org.apache.catalina.core.ApplicationFilterChain.internalDoFilter(ApplicationFilterChain.java:193)
	at org.apache.catalina.core.ApplicationFilterChain.doFilter(ApplicationFilterChain.java:166)
	at org.springframework.web.filter.FormContentFilter.doFilterInternal(FormContentFilter.java:92)
	at org.springframework.web.filter.OncePerRequestFilter.doFilter(OncePerRequestFilter.java:107)
	at org.apache.catalina.core.ApplicationFilterChain.internalDoFilter(ApplicationFilterChain.java:193)
	at org.apache.catalina.core.ApplicationFilterChain.doFilter(ApplicationFilterChain.java:166)
	at org.springframework.web.filter.HiddenHttpMethodFilter.doFilterInternal(HiddenHttpMethodFilter.java:93)
	at org.springframework.web.filter.OncePerRequestFilter.doFilter(OncePerRequestFilter.java:107)
	at org.apache.catalina.core.ApplicationFilterChain.internalDoFilter(ApplicationFilterChain.java:193)
	at org.apache.catalina.core.ApplicationFilterChain.doFilter(ApplicationFilterChain.java:166)
	at org.springframework.web.filter.CharacterEncodingFilter.doFilterInternal(CharacterEncodingFilter.java:200)
	at org.springframework.web.filter.OncePerRequestFilter.doFilter(OncePerRequestFilter.java:107)
	at org.apache.catalina.core.ApplicationFilterChain.internalDoFilter(ApplicationFilterChain.java:193)
	at org.apache.catalina.core.ApplicationFilterChain.doFilter(ApplicationFilterChain.java:166)
	at org.apache.catalina.core.StandardWrapperValve.invoke(StandardWrapperValve.java:199)
	at org.apache.catalina.core.StandardContextValve.invoke(StandardContextValve.java:96)
	at org.apache.catalina.authenticator.AuthenticatorBase.invoke(AuthenticatorBase.java:490)
	at org.apache.catalina.core.StandardHostValve.invoke(StandardHostValve.java:139)
	at org.apache.catalina.valves.ErrorReportValve.invoke(ErrorReportValve.java:92)
	at org.apache.catalina.core.StandardEngineValve.invoke(StandardEngineValve.java:74)
	at org.apache.catalina.connector.CoyoteAdapter.service(CoyoteAdapter.java:343)
	at org.apache.coyote.http11.Http11Processor.service(Http11Processor.java:408)
	at org.apache.coyote.AbstractProcessorLight.process(AbstractProcessorLight.java:66)
	at org.apache.coyote.AbstractProtocol$ConnectionHandler.process(AbstractProtocol.java:770)
	at org.apache.tomcat.util.net.NioEndpoint$SocketProcessor.doRun(NioEndpoint.java:1415)
	at org.apache.tomcat.util.net.SocketProcessorBase.run(SocketProcessorBase.java:49)
	at java.util.concurrent.ThreadPoolExecutor.runWorker(ThreadPoolExecutor.java:1142)
	at java.util.concurrent.ThreadPoolExecutor$Worker.run(ThreadPoolExecutor.java:617)
	at org.apache.tomcat.util.threads.TaskThread$WrappingRunnable.run(TaskThread.java:61)
	at java.lang.Thread.run(Thread.java:745)
2019-06-01 17:03:09.778 INFO  --- [StartupInfoLogger.java:50][restartedMain] - Starting HouseApplication on DESKTOP-A42CON3 with PID 9312 (D:\graduate\house\target\classes started by 谢洁芳 in D:\graduate\house)
2019-06-01 17:03:09.789 INFO  --- [SpringApplication.java:675][restartedMain] - No active profile set, falling back to default profiles: default
2019-06-01 17:03:16.736 ERROR --- [DirectJDKLog.java:173][restartedMain] - An incompatible version [1.2.4] of the APR based Apache Tomcat Native library is installed, while Tomcat requires version [1.2.14]
2019-06-01 17:03:17.401 ERROR --- [DirectJDKLog.java:173][restartedMain] - An incompatible version [1.2.4] of the APR based Apache Tomcat Native library is installed, while Tomcat requires version [1.2.14]
2019-06-01 17:03:17.447 ERROR --- [DirectJDKLog.java:173][restartedMain] - An incompatible version [1.2.4] of the APR based Apache Tomcat Native library is installed, while Tomcat requires version [1.2.14]
2019-06-01 17:03:20.456 WARN  --- [TemplateMode.java:150][restartedMain] - [THYMELEAF][restartedMain] Template Mode 'HTML5' is deprecated. Using Template Mode 'HTML' instead.
2019-06-01 17:03:22.572 INFO  --- [StartupInfoLogger.java:59][restartedMain] - Started HouseApplication in 14.492 seconds (JVM running for 20.259)
2019-06-01 17:09:18.490 INFO  --- [StartupInfoLogger.java:50][restartedMain] - Starting HouseApplication on DESKTOP-A42CON3 with PID 16244 (D:\graduate\house\target\classes started by 谢洁芳 in D:\graduate\house)
2019-06-01 17:09:18.498 INFO  --- [SpringApplication.java:675][restartedMain] - No active profile set, falling back to default profiles: default
2019-06-01 17:09:27.329 ERROR --- [DirectJDKLog.java:173][restartedMain] - An incompatible version [1.2.4] of the APR based Apache Tomcat Native library is installed, while Tomcat requires version [1.2.14]
2019-06-01 17:09:28.016 ERROR --- [DirectJDKLog.java:173][restartedMain] - An incompatible version [1.2.4] of the APR based Apache Tomcat Native library is installed, while Tomcat requires version [1.2.14]
2019-06-01 17:09:28.057 ERROR --- [DirectJDKLog.java:173][restartedMain] - An incompatible version [1.2.4] of the APR based Apache Tomcat Native library is installed, while Tomcat requires version [1.2.14]
2019-06-01 17:09:31.411 WARN  --- [TemplateMode.java:150][restartedMain] - [THYMELEAF][restartedMain] Template Mode 'HTML5' is deprecated. Using Template Mode 'HTML' instead.
2019-06-01 17:09:34.455 INFO  --- [StartupInfoLogger.java:59][restartedMain] - Started HouseApplication in 17.28 seconds (JVM running for 22.689)
2019-06-01 17:10:44.065 INFO  --- [HikariDataSource.java:110][http-nio-8888-exec-5] - HikariPool-1 - Starting...
2019-06-01 17:10:45.350 INFO  --- [HikariDataSource.java:123][http-nio-8888-exec-5] - HikariPool-1 - Start completed.
2019-06-01 17:10:48.266 INFO  --- [LoggerUtil.java:30][http-nio-8888-exec-7] - permission的值为:[user:delete, cart:create, comment:create, house:read, user:update, contract:create, money:create, comment:update, comment:read, money:update, cart:update, user:create, cart:delete, contract:update, contract:read, user:read, comment:delete, cart:read, money:read, contract:delete, money:delete]
2019-06-01 17:10:49.219 INFO  --- [Slf4JLogger.java:101][http-nio-8888-exec-7] - Starting without optional epoll library
2019-06-01 17:10:49.241 INFO  --- [Slf4JLogger.java:101][http-nio-8888-exec-7] - Starting without optional kqueue library
2019-06-01 17:10:54.660 INFO  --- [LoggerUtil.java:34][http-nio-8888-exec-7] - redis缓存中不存在houses_collect_houses_12
2019-06-01 17:10:54.817 INFO  --- [LoggerUtil.java:34][http-nio-8888-exec-7] - redis缓存中添加houses_collect_houses_12
2019-06-01 17:13:30.152 INFO  --- [StartupInfoLogger.java:50][restartedMain] - Starting HouseApplication on DESKTOP-A42CON3 with PID 4276 (D:\graduate\house\target\classes started by 谢洁芳 in D:\graduate\house)
2019-06-01 17:13:30.165 INFO  --- [SpringApplication.java:675][restartedMain] - No active profile set, falling back to default profiles: default
2019-06-01 17:13:36.915 ERROR --- [DirectJDKLog.java:173][restartedMain] - An incompatible version [1.2.4] of the APR based Apache Tomcat Native library is installed, while Tomcat requires version [1.2.14]
2019-06-01 17:13:37.400 ERROR --- [DirectJDKLog.java:173][restartedMain] - An incompatible version [1.2.4] of the APR based Apache Tomcat Native library is installed, while Tomcat requires version [1.2.14]
2019-06-01 17:13:37.444 ERROR --- [DirectJDKLog.java:173][restartedMain] - An incompatible version [1.2.4] of the APR based Apache Tomcat Native library is installed, while Tomcat requires version [1.2.14]
2019-06-01 17:13:39.186 WARN  --- [AbstractApplicationContext.java:554][restartedMain] - Exception encountered during context initialization - cancelling refresh attempt: org.springframework.beans.factory.BeanCreationException: Error creating bean with name 'requestMappingHandlerMapping' defined in class path resource [org/springframework/boot/autoconfigure/web/servlet/WebMvcAutoConfiguration$EnableWebMvcConfiguration.class]: Invocation of init method failed; nested exception is java.lang.IllegalStateException: Ambiguous mapping. Cannot map 'managerController' method 
public org.springframework.web.servlet.ModelAndView com.yuan.house.controller.ManagerController.showManagerInfo(org.springframework.ui.Model)
to {[/info]}: There is already 'landlordController' bean method
public org.springframework.web.servlet.ModelAndView com.yuan.house.controller.LandlordController.showLandlordInfo(org.springframework.ui.Model) mapped.
2019-06-01 17:13:39.316 ERROR --- [SpringApplication.java:858][restartedMain] - Application run failed
org.springframework.beans.factory.BeanCreationException: Error creating bean with name 'requestMappingHandlerMapping' defined in class path resource [org/springframework/boot/autoconfigure/web/servlet/WebMvcAutoConfiguration$EnableWebMvcConfiguration.class]: Invocation of init method failed; nested exception is java.lang.IllegalStateException: Ambiguous mapping. Cannot map 'managerController' method 
public org.springframework.web.servlet.ModelAndView com.yuan.house.controller.ManagerController.showManagerInfo(org.springframework.ui.Model)
to {[/info]}: There is already 'landlordController' bean method
public org.springframework.web.servlet.ModelAndView com.yuan.house.controller.LandlordController.showLandlordInfo(org.springframework.ui.Model) mapped.
	at org.springframework.beans.factory.support.AbstractAutowireCapableBeanFactory.initializeBean(AbstractAutowireCapableBeanFactory.java:1745)
	at org.springframework.beans.factory.support.AbstractAutowireCapableBeanFactory.doCreateBean(AbstractAutowireCapableBeanFactory.java:576)
	at org.springframework.beans.factory.support.AbstractAutowireCapableBeanFactory.createBean(AbstractAutowireCapableBeanFactory.java:498)
	at org.springframework.beans.factory.support.AbstractBeanFactory.lambda$doGetBean$0(AbstractBeanFactory.java:320)
	at org.springframework.beans.factory.support.AbstractBeanFactory$$Lambda$110/1094913566.getObject(Unknown Source)
	at org.springframework.beans.factory.support.DefaultSingletonBeanRegistry.getSingleton(DefaultSingletonBeanRegistry.java:222)
	at org.springframework.beans.factory.support.AbstractBeanFactory.doGetBean(AbstractBeanFactory.java:318)
	at org.springframework.beans.factory.support.AbstractBeanFactory.getBean(AbstractBeanFactory.java:199)
	at org.springframework.beans.factory.support.DefaultListableBeanFactory.preInstantiateSingletons(DefaultListableBeanFactory.java:846)
	at org.springframework.context.support.AbstractApplicationContext.finishBeanFactoryInitialization(AbstractApplicationContext.java:863)
	at org.springframework.context.support.AbstractApplicationContext.refresh(AbstractApplicationContext.java:546)
	at org.springframework.boot.web.servlet.context.ServletWebServerApplicationContext.refresh(ServletWebServerApplicationContext.java:140)
	at org.springframework.boot.SpringApplication.refresh(SpringApplication.java:775)
	at org.springframework.boot.SpringApplication.refreshContext(SpringApplication.java:397)
	at org.springframework.boot.SpringApplication.run(SpringApplication.java:316)
	at org.springframework.boot.SpringApplication.run(SpringApplication.java:1260)
	at org.springframework.boot.SpringApplication.run(SpringApplication.java:1248)
	at com.yuan.house.HouseApplication.main(HouseApplication.java:11)
	at sun.reflect.NativeMethodAccessorImpl.invoke0(Native Method)
	at sun.reflect.NativeMethodAccessorImpl.invoke(NativeMethodAccessorImpl.java:62)
	at sun.reflect.DelegatingMethodAccessorImpl.invoke(DelegatingMethodAccessorImpl.java:43)
	at java.lang.reflect.Method.invoke(Method.java:497)
	at org.springframework.boot.devtools.restart.RestartLauncher.run(RestartLauncher.java:49)
Caused by: java.lang.IllegalStateException: Ambiguous mapping. Cannot map 'managerController' method 
public org.springframework.web.servlet.ModelAndView com.yuan.house.controller.ManagerController.showManagerInfo(org.springframework.ui.Model)
to {[/info]}: There is already 'landlordController' bean method
public org.springframework.web.servlet.ModelAndView com.yuan.house.controller.LandlordController.showLandlordInfo(org.springframework.ui.Model) mapped.
	at org.springframework.web.servlet.handler.AbstractHandlerMethodMapping$MappingRegistry.assertUniqueMethodMapping(AbstractHandlerMethodMapping.java:599)
	at org.springframework.web.servlet.handler.AbstractHandlerMethodMapping$MappingRegistry.register(AbstractHandlerMethodMapping.java:567)
	at org.springframework.web.servlet.handler.AbstractHandlerMethodMapping.registerHandlerMethod(AbstractHandlerMethodMapping.java:294)
	at org.springframework.web.servlet.handler.AbstractHandlerMethodMapping.lambda$detectHandlerMethods$1(AbstractHandlerMethodMapping.java:279)
	at org.springframework.web.servlet.handler.AbstractHandlerMethodMapping$$Lambda$466/2023952712.accept(Unknown Source)
	at java.util.LinkedHashMap.forEach(LinkedHashMap.java:676)
	at org.springframework.web.servlet.handler.AbstractHandlerMethodMapping.detectHandlerMethods(AbstractHandlerMethodMapping.java:277)
	at org.springframework.web.servlet.handler.AbstractHandlerMethodMapping.processCandidateBean(AbstractHandlerMethodMapping.java:249)
	at org.springframework.web.servlet.handler.AbstractHandlerMethodMapping.initHandlerMethods(AbstractHandlerMethodMapping.java:208)
	at org.springframework.web.servlet.handler.AbstractHandlerMethodMapping.afterPropertiesSet(AbstractHandlerMethodMapping.java:196)
	at org.springframework.web.servlet.mvc.method.annotation.RequestMappingHandlerMapping.afterPropertiesSet(RequestMappingHandlerMapping.java:164)
	at org.springframework.beans.factory.support.AbstractAutowireCapableBeanFactory.invokeInitMethods(AbstractAutowireCapableBeanFactory.java:1804)
	at org.springframework.beans.factory.support.AbstractAutowireCapableBeanFactory.initializeBean(AbstractAutowireCapableBeanFactory.java:1741)
	... 22 common frames omitted
2019-06-01 17:15:33.882 INFO  --- [StartupInfoLogger.java:50][restartedMain] - Starting HouseApplication on DESKTOP-A42CON3 with PID 13852 (D:\graduate\house\target\classes started by 谢洁芳 in D:\graduate\house)
2019-06-01 17:15:33.889 INFO  --- [SpringApplication.java:675][restartedMain] - No active profile set, falling back to default profiles: default
2019-06-01 17:15:40.427 ERROR --- [DirectJDKLog.java:173][restartedMain] - An incompatible version [1.2.4] of the APR based Apache Tomcat Native library is installed, while Tomcat requires version [1.2.14]
2019-06-01 17:15:40.763 ERROR --- [DirectJDKLog.java:173][restartedMain] - An incompatible version [1.2.4] of the APR based Apache Tomcat Native library is installed, while Tomcat requires version [1.2.14]
2019-06-01 17:15:40.784 ERROR --- [DirectJDKLog.java:173][restartedMain] - An incompatible version [1.2.4] of the APR based Apache Tomcat Native library is installed, while Tomcat requires version [1.2.14]
2019-06-01 17:15:44.614 WARN  --- [TemplateMode.java:150][restartedMain] - [THYMELEAF][restartedMain] Template Mode 'HTML5' is deprecated. Using Template Mode 'HTML' instead.
2019-06-01 17:15:47.598 INFO  --- [StartupInfoLogger.java:59][restartedMain] - Started HouseApplication in 15.451 seconds (JVM running for 19.034)
2019-06-01 17:16:33.588 INFO  --- [HikariDataSource.java:110][http-nio-8888-exec-7] - HikariPool-1 - Starting...
2019-06-01 17:16:34.179 INFO  --- [HikariDataSource.java:123][http-nio-8888-exec-7] - HikariPool-1 - Start completed.
2019-06-01 17:16:41.769 INFO  --- [LoggerUtil.java:30][http-nio-8888-exec-1] - permission的值为:[user:delete, cart:create, comment:create, house:read, user:update, contract:create, money:create, comment:update, comment:read, money:update, cart:update, user:create, cart:delete, contract:update, contract:read, user:read, comment:delete, cart:read, money:read, contract:delete, money:delete]
2019-06-01 17:16:42.753 INFO  --- [Slf4JLogger.java:101][http-nio-8888-exec-1] - Starting without optional epoll library
2019-06-01 17:16:42.814 INFO  --- [Slf4JLogger.java:101][http-nio-8888-exec-1] - Starting without optional kqueue library
2019-06-01 17:16:46.954 INFO  --- [LoggerUtil.java:34][http-nio-8888-exec-1] - redis缓存中不存在houses_collect_houses_12
2019-06-01 17:16:47.058 INFO  --- [LoggerUtil.java:34][http-nio-8888-exec-1] - redis缓存中添加houses_collect_houses_12
2019-06-01 17:17:01.251 INFO  --- [LoggerUtil.java:34][http-nio-8888-exec-7] - redis缓存中不存在houses_like_TenantSearchPOJO(type=0, msg=null, kind=00000, orientation=null, show=money, sx=asc, elevator=-1, cycle=0, area1=0, area2=0, money1=0, money2=0)_number_1
2019-06-01 17:17:01.872 INFO  --- [LoggerUtil.java:34][http-nio-8888-exec-7] - redis缓存中添加houses_like_TenantSearchPOJO(type=0, msg=null, kind=00000, orientation=null, show=money, sx=asc, elevator=-1, cycle=0, area1=0, area2=0, money1=0, money2=0)_number_1
2019-06-01 17:17:01.881 INFO  --- [LoggerUtil.java:34][http-nio-8888-exec-7] - redis缓存中不存在houses_collect_hids_12
2019-06-01 17:17:01.922 INFO  --- [LoggerUtil.java:34][http-nio-8888-exec-7] - redis缓存中添加houses_collect_hids_12
