2019-06-05 09:28:09.659 INFO  --- [StartupInfoLogger.java:50][restartedMain] - Starting HouseApplication on DESKTOP-A42CON3 with PID 9452 (D:\graduate\house\target\classes started by 谢洁芳 in D:\graduate\house)
2019-06-05 09:28:09.706 INFO  --- [SpringApplication.java:675][restartedMain] - No active profile set, falling back to default profiles: default
2019-06-05 09:28:45.807 ERROR --- [DirectJDKLog.java:173][restartedMain] - An incompatible version [1.2.4] of the APR based Apache Tomcat Native library is installed, while Tomcat requires version [1.2.14]
2019-06-05 09:28:47.275 ERROR --- [DirectJDKLog.java:173][restartedMain] - An incompatible version [1.2.4] of the APR based Apache Tomcat Native library is installed, while Tomcat requires version [1.2.14]
2019-06-05 09:28:47.385 ERROR --- [DirectJDKLog.java:173][restartedMain] - An incompatible version [1.2.4] of the APR based Apache Tomcat Native library is installed, while Tomcat requires version [1.2.14]
2019-06-05 09:28:52.697 WARN  --- [TemplateMode.java:150][restartedMain] - [THYMELEAF][restartedMain] Template Mode 'HTML5' is deprecated. Using Template Mode 'HTML' instead.
2019-06-05 09:28:56.972 INFO  --- [StartupInfoLogger.java:59][restartedMain] - Started HouseApplication in 53.05 seconds (JVM running for 155.554)
2019-06-05 09:34:19.021 INFO  --- [HikariDataSource.java:110][http-nio-8888-exec-8] - HikariPool-1 - Starting...
2019-06-05 09:34:21.031 INFO  --- [HikariDataSource.java:123][http-nio-8888-exec-8] - HikariPool-1 - Start completed.
2019-06-05 09:34:28.536 INFO  --- [LoggerUtil.java:30][http-nio-8888-exec-10] - permission的值为:[user:delete, cart:create, comment:create, house:read, user:update, contract:create, money:create, comment:update, comment:read, money:update, cart:update, user:create, cart:delete, contract:update, contract:read, user:read, comment:delete, cart:read, money:read, contract:delete, money:delete]
2019-06-05 09:34:30.180 INFO  --- [Slf4JLogger.java:101][http-nio-8888-exec-10] - Starting without optional epoll library
2019-06-05 09:34:30.194 INFO  --- [Slf4JLogger.java:101][http-nio-8888-exec-10] - Starting without optional kqueue library
2019-06-05 09:34:33.454 INFO  --- [LoggerUtil.java:34][http-nio-8888-exec-10] - redis缓存中不存在contracts_tenant_12_number_1_sta_1
2019-06-05 09:34:34.683 INFO  --- [LoggerUtil.java:34][http-nio-8888-exec-10] - redis缓存中添加contracts_tenant_12_number_1_sta_1
2019-06-05 09:34:35.444 INFO  --- [LoggerUtil.java:34][http-nio-8888-exec-10] - redis缓存中不存在house_2
2019-06-05 09:34:35.670 INFO  --- [LoggerUtil.java:34][http-nio-8888-exec-10] - redis缓存中添加house_2
2019-06-05 09:34:35.676 INFO  --- [LoggerUtil.java:34][http-nio-8888-exec-10] - redis缓存中不存在user_house_2
2019-06-05 09:34:35.702 INFO  --- [LoggerUtil.java:34][http-nio-8888-exec-10] - redis缓存中添加user_house_2
2019-06-05 09:34:35.706 INFO  --- [LoggerUtil.java:34][http-nio-8888-exec-10] - redis缓存中不存在user_12
2019-06-05 09:34:35.726 INFO  --- [LoggerUtil.java:34][http-nio-8888-exec-10] - redis缓存中添加user_12
2019-06-05 09:34:46.148 INFO  --- [LoggerUtil.java:30][http-nio-8888-exec-3] - permission的值为:[user:delete, cart:create, comment:create, house:read, user:update, contract:create, money:create, comment:update, comment:read, money:update, cart:update, user:create, cart:delete, contract:update, contract:read, user:read, comment:delete, cart:read, money:read, contract:delete, money:delete]
2019-06-05 09:34:46.186 INFO  --- [LoggerUtil.java:34][http-nio-8888-exec-3] - redis缓存中不存在contracts_tenant_12_number_2_sta_1
2019-06-05 09:34:46.317 INFO  --- [LoggerUtil.java:34][http-nio-8888-exec-3] - redis缓存中添加contracts_tenant_12_number_2_sta_1
2019-06-05 09:34:46.324 INFO  --- [LoggerUtil.java:34][http-nio-8888-exec-3] - redis缓存中不存在house_1
2019-06-05 09:34:46.357 INFO  --- [LoggerUtil.java:34][http-nio-8888-exec-3] - redis缓存中添加house_1
2019-06-05 09:34:46.667 INFO  --- [LoggerUtil.java:34][http-nio-8888-exec-3] - redis缓存中不存在user_house_1
2019-06-05 09:34:46.696 INFO  --- [LoggerUtil.java:34][http-nio-8888-exec-3] - redis缓存中添加user_house_1
2019-06-05 09:34:46.705 INFO  --- [LoggerUtil.java:34][http-nio-8888-exec-3] - redis缓存中不存在user_12
2019-06-05 09:34:46.733 INFO  --- [LoggerUtil.java:34][http-nio-8888-exec-3] - redis缓存中添加user_12
2019-06-05 09:34:50.423 INFO  --- [LoggerUtil.java:30][http-nio-8888-exec-8] - permission的值为:[user:delete, cart:create, comment:create, house:read, user:update, contract:create, money:create, comment:update, comment:read, money:update, cart:update, user:create, cart:delete, contract:update, contract:read, user:read, comment:delete, cart:read, money:read, contract:delete, money:delete]
2019-06-05 09:34:50.432 INFO  --- [LoggerUtil.java:34][http-nio-8888-exec-8] - redis缓存中不存在contracts_tenant_12_number_1_sta_1
2019-06-05 09:34:50.466 INFO  --- [LoggerUtil.java:34][http-nio-8888-exec-8] - redis缓存中添加contracts_tenant_12_number_1_sta_1
2019-06-05 09:34:50.471 INFO  --- [LoggerUtil.java:34][http-nio-8888-exec-8] - redis缓存中不存在house_2
2019-06-05 09:34:50.495 INFO  --- [LoggerUtil.java:34][http-nio-8888-exec-8] - redis缓存中添加house_2
2019-06-05 09:34:50.500 INFO  --- [LoggerUtil.java:34][http-nio-8888-exec-8] - redis缓存中不存在user_house_2
2019-06-05 09:34:50.529 INFO  --- [LoggerUtil.java:34][http-nio-8888-exec-8] - redis缓存中添加user_house_2
2019-06-05 09:34:50.533 INFO  --- [LoggerUtil.java:34][http-nio-8888-exec-8] - redis缓存中存在user_12
2019-06-05 09:34:52.340 INFO  --- [LoggerUtil.java:30][http-nio-8888-exec-9] - permission的值为:[user:delete, cart:create, comment:create, house:read, user:update, contract:create, money:create, comment:update, comment:read, money:update, cart:update, user:create, cart:delete, contract:update, contract:read, user:read, comment:delete, cart:read, money:read, contract:delete, money:delete]
2019-06-05 09:34:52.348 INFO  --- [LoggerUtil.java:34][http-nio-8888-exec-9] - redis缓存中存在contracts_tenant_12_number_2_sta_1
2019-06-05 09:34:52.359 INFO  --- [LoggerUtil.java:34][http-nio-8888-exec-9] - redis缓存中存在house_1
2019-06-05 09:34:52.372 INFO  --- [LoggerUtil.java:34][http-nio-8888-exec-9] - redis缓存中存在user_house_1
2019-06-05 09:34:52.380 INFO  --- [LoggerUtil.java:34][http-nio-8888-exec-9] - redis缓存中存在user_12
2019-06-05 09:34:56.006 INFO  --- [LoggerUtil.java:30][http-nio-8888-exec-7] - permission的值为:[user:delete, cart:create, comment:create, house:read, user:update, contract:create, money:create, comment:update, comment:read, money:update, cart:update, user:create, cart:delete, contract:update, contract:read, user:read, comment:delete, cart:read, money:read, contract:delete, money:delete]
2019-06-05 09:34:56.025 INFO  --- [LoggerUtil.java:34][http-nio-8888-exec-7] - redis缓存中存在contracts_tenant_12_number_1_sta_1
2019-06-05 09:34:56.045 INFO  --- [LoggerUtil.java:34][http-nio-8888-exec-7] - redis缓存中存在house_2
2019-06-05 09:34:56.061 INFO  --- [LoggerUtil.java:34][http-nio-8888-exec-7] - redis缓存中存在user_house_2
2019-06-05 09:34:56.083 INFO  --- [LoggerUtil.java:34][http-nio-8888-exec-7] - redis缓存中存在user_12
2019-06-05 09:35:00.682 INFO  --- [LoggerUtil.java:30][http-nio-8888-exec-10] - permission的值为:[user:delete, cart:create, comment:create, house:read, user:update, contract:create, money:create, comment:update, comment:read, money:update, cart:update, user:create, cart:delete, contract:update, contract:read, user:read, comment:delete, cart:read, money:read, contract:delete, money:delete]
2019-06-05 09:35:00.706 INFO  --- [LoggerUtil.java:34][http-nio-8888-exec-10] - redis缓存中不存在contracts_tenant_12_number_2_sta_1
2019-06-05 09:35:00.812 INFO  --- [LoggerUtil.java:34][http-nio-8888-exec-10] - redis缓存中添加contracts_tenant_12_number_2_sta_1
2019-06-05 09:35:00.820 INFO  --- [LoggerUtil.java:34][http-nio-8888-exec-10] - redis缓存中不存在house_1
2019-06-05 09:35:00.845 INFO  --- [LoggerUtil.java:34][http-nio-8888-exec-10] - redis缓存中添加house_1
2019-06-05 09:35:00.852 INFO  --- [LoggerUtil.java:34][http-nio-8888-exec-10] - redis缓存中不存在user_house_1
2019-06-05 09:35:00.884 INFO  --- [LoggerUtil.java:34][http-nio-8888-exec-10] - redis缓存中添加user_house_1
2019-06-05 09:35:00.900 INFO  --- [LoggerUtil.java:34][http-nio-8888-exec-10] - redis缓存中不存在user_12
2019-06-05 09:35:00.928 INFO  --- [LoggerUtil.java:34][http-nio-8888-exec-10] - redis缓存中添加user_12
2019-06-05 09:36:16.109 INFO  --- [LoggerUtil.java:30][http-nio-8888-exec-4] - permission的值为:[user:delete, cart:create, comment:create, house:read, user:update, contract:create, money:create, comment:update, comment:read, money:update, cart:update, user:create, cart:delete, contract:update, contract:read, user:read, comment:delete, cart:read, money:read, contract:delete, money:delete]
2019-06-05 09:36:16.122 INFO  --- [LoggerUtil.java:34][http-nio-8888-exec-4] - redis缓存中不存在contracts_tenant_12_number_1_sta_0
2019-06-05 09:36:16.180 INFO  --- [LoggerUtil.java:34][http-nio-8888-exec-4] - redis缓存中添加contracts_tenant_12_number_1_sta_0
2019-06-05 09:36:19.834 INFO  --- [LoggerUtil.java:30][http-nio-8888-exec-8] - permission的值为:[user:delete, cart:create, comment:create, house:read, user:update, contract:create, money:create, comment:update, comment:read, money:update, cart:update, user:create, cart:delete, contract:update, contract:read, user:read, comment:delete, cart:read, money:read, contract:delete, money:delete]
2019-06-05 09:36:19.840 INFO  --- [LoggerUtil.java:34][http-nio-8888-exec-8] - redis缓存中不存在contracts_tenant_12_number_1_sta_2
2019-06-05 09:36:19.864 INFO  --- [LoggerUtil.java:34][http-nio-8888-exec-8] - redis缓存中添加contracts_tenant_12_number_1_sta_2
2019-06-05 09:48:19.632 INFO  --- [StartupInfoLogger.java:50][restartedMain] - Starting HouseApplication on DESKTOP-A42CON3 with PID 12776 (D:\graduate\house\target\classes started by 谢洁芳 in D:\graduate\house)
2019-06-05 09:48:19.632 INFO  --- [SpringApplication.java:675][restartedMain] - No active profile set, falling back to default profiles: default
2019-06-05 09:48:29.045 ERROR --- [DirectJDKLog.java:173][restartedMain] - An incompatible version [1.2.4] of the APR based Apache Tomcat Native library is installed, while Tomcat requires version [1.2.14]
2019-06-05 09:48:30.060 ERROR --- [DirectJDKLog.java:173][restartedMain] - An incompatible version [1.2.4] of the APR based Apache Tomcat Native library is installed, while Tomcat requires version [1.2.14]
2019-06-05 09:48:30.139 ERROR --- [DirectJDKLog.java:173][restartedMain] - An incompatible version [1.2.4] of the APR based Apache Tomcat Native library is installed, while Tomcat requires version [1.2.14]
2019-06-05 09:48:33.733 WARN  --- [TemplateMode.java:150][restartedMain] - [THYMELEAF][restartedMain] Template Mode 'HTML5' is deprecated. Using Template Mode 'HTML' instead.
2019-06-05 09:48:35.905 INFO  --- [StartupInfoLogger.java:59][restartedMain] - Started HouseApplication in 17.586 seconds (JVM running for 23.555)
2019-06-05 09:50:11.185 INFO  --- [HikariDataSource.java:110][http-nio-8888-exec-7] - HikariPool-1 - Starting...
2019-06-05 09:50:12.136 INFO  --- [HikariDataSource.java:123][http-nio-8888-exec-7] - HikariPool-1 - Start completed.
2019-06-05 09:50:15.430 INFO  --- [LoggerUtil.java:30][http-nio-8888-exec-9] - permission的值为:[user:delete, cart:create, comment:create, house:read, user:update, contract:create, money:create, comment:update, comment:read, money:update, cart:update, user:create, cart:delete, contract:update, contract:read, user:read, comment:delete, cart:read, money:read, contract:delete, money:delete]
2019-06-05 09:50:16.132 INFO  --- [Slf4JLogger.java:101][http-nio-8888-exec-9] - Starting without optional epoll library
2019-06-05 09:50:16.140 INFO  --- [Slf4JLogger.java:101][http-nio-8888-exec-9] - Starting without optional kqueue library
2019-06-05 09:50:19.726 INFO  --- [LoggerUtil.java:34][http-nio-8888-exec-9] - redis缓存中不存在contracts_tenant_12_number_1_sta_1
2019-06-05 09:50:19.970 INFO  --- [LoggerUtil.java:34][http-nio-8888-exec-9] - redis缓存中添加contracts_tenant_12_number_1_sta_1
2019-06-05 09:50:19.983 INFO  --- [LoggerUtil.java:34][http-nio-8888-exec-9] - redis缓存中不存在house_2
2019-06-05 09:50:20.049 INFO  --- [LoggerUtil.java:34][http-nio-8888-exec-9] - redis缓存中添加house_2
2019-06-05 09:50:20.057 INFO  --- [LoggerUtil.java:34][http-nio-8888-exec-9] - redis缓存中不存在user_house_2
2019-06-05 09:50:20.093 INFO  --- [LoggerUtil.java:34][http-nio-8888-exec-9] - redis缓存中添加user_house_2
2019-06-05 09:50:20.101 INFO  --- [LoggerUtil.java:34][http-nio-8888-exec-9] - redis缓存中不存在user_12
2019-06-05 09:50:20.119 INFO  --- [LoggerUtil.java:34][http-nio-8888-exec-9] - redis缓存中添加user_12
2019-06-05 09:50:29.214 INFO  --- [LoggerUtil.java:30][http-nio-8888-exec-1] - permission的值为:[user:delete, cart:create, comment:create, house:read, user:update, contract:create, money:create, comment:update, comment:read, money:update, cart:update, user:create, cart:delete, contract:update, contract:read, user:read, comment:delete, cart:read, money:read, contract:delete, money:delete]
2019-06-05 09:50:29.237 INFO  --- [LoggerUtil.java:34][http-nio-8888-exec-1] - redis缓存中不存在contracts_tenant_12_number_2_sta_1
2019-06-05 09:50:29.322 INFO  --- [LoggerUtil.java:34][http-nio-8888-exec-1] - redis缓存中添加contracts_tenant_12_number_2_sta_1
2019-06-05 09:50:29.333 INFO  --- [LoggerUtil.java:34][http-nio-8888-exec-1] - redis缓存中不存在house_1
2019-06-05 09:50:29.374 INFO  --- [LoggerUtil.java:34][http-nio-8888-exec-1] - redis缓存中添加house_1
2019-06-05 09:50:29.384 INFO  --- [LoggerUtil.java:34][http-nio-8888-exec-1] - redis缓存中不存在user_house_1
2019-06-05 09:50:29.414 INFO  --- [LoggerUtil.java:34][http-nio-8888-exec-1] - redis缓存中添加user_house_1
2019-06-05 09:50:29.427 INFO  --- [LoggerUtil.java:34][http-nio-8888-exec-1] - redis缓存中存在user_12
2019-06-05 09:51:21.802 INFO  --- [LoggerUtil.java:30][http-nio-8888-exec-5] - permission的值为:[user:delete, cart:create, comment:create, house:read, user:update, contract:create, money:create, comment:update, comment:read, money:update, cart:update, user:create, cart:delete, contract:update, contract:read, user:read, comment:delete, cart:read, money:read, contract:delete, money:delete]
2019-06-05 09:51:21.818 INFO  --- [LoggerUtil.java:34][http-nio-8888-exec-5] - redis缓存中不存在contracts_tenant_12_number_2_sta_1
2019-06-05 09:51:21.884 INFO  --- [LoggerUtil.java:34][http-nio-8888-exec-5] - redis缓存中添加contracts_tenant_12_number_2_sta_1
2019-06-05 09:51:21.897 INFO  --- [LoggerUtil.java:34][http-nio-8888-exec-5] - redis缓存中不存在house_1
2019-06-05 09:51:21.930 INFO  --- [LoggerUtil.java:34][http-nio-8888-exec-5] - redis缓存中添加house_1
2019-06-05 09:51:21.941 INFO  --- [LoggerUtil.java:34][http-nio-8888-exec-5] - redis缓存中不存在user_house_1
2019-06-05 09:51:21.978 INFO  --- [LoggerUtil.java:34][http-nio-8888-exec-5] - redis缓存中添加user_house_1
2019-06-05 09:51:21.998 INFO  --- [LoggerUtil.java:34][http-nio-8888-exec-5] - redis缓存中不存在user_12
2019-06-05 09:51:22.683 INFO  --- [LoggerUtil.java:34][http-nio-8888-exec-5] - redis缓存中添加user_12
2019-06-05 09:58:22.958 INFO  --- [StartupInfoLogger.java:50][restartedMain] - Starting HouseApplication on DESKTOP-A42CON3 with PID 14836 (D:\graduate\house\target\classes started by 谢洁芳 in D:\graduate\house)
2019-06-05 09:58:22.974 INFO  --- [SpringApplication.java:675][restartedMain] - No active profile set, falling back to default profiles: default
2019-06-05 09:58:34.959 ERROR --- [DirectJDKLog.java:173][restartedMain] - An incompatible version [1.2.4] of the APR based Apache Tomcat Native library is installed, while Tomcat requires version [1.2.14]
2019-06-05 09:58:36.068 ERROR --- [DirectJDKLog.java:173][restartedMain] - An incompatible version [1.2.4] of the APR based Apache Tomcat Native library is installed, while Tomcat requires version [1.2.14]
2019-06-05 09:58:36.134 ERROR --- [DirectJDKLog.java:173][restartedMain] - An incompatible version [1.2.4] of the APR based Apache Tomcat Native library is installed, while Tomcat requires version [1.2.14]
2019-06-05 09:58:39.250 WARN  --- [TemplateMode.java:150][restartedMain] - [THYMELEAF][restartedMain] Template Mode 'HTML5' is deprecated. Using Template Mode 'HTML' instead.
2019-06-05 09:58:41.419 INFO  --- [StartupInfoLogger.java:59][restartedMain] - Started HouseApplication in 20.335 seconds (JVM running for 28.296)
2019-06-05 09:59:05.075 INFO  --- [HikariDataSource.java:110][http-nio-8888-exec-7] - HikariPool-1 - Starting...
2019-06-05 09:59:06.177 INFO  --- [HikariDataSource.java:123][http-nio-8888-exec-7] - HikariPool-1 - Start completed.
2019-06-05 09:59:10.316 INFO  --- [LoggerUtil.java:30][http-nio-8888-exec-9] - permission的值为:[user:delete, cart:create, comment:create, house:read, user:update, contract:create, money:create, comment:update, comment:read, money:update, cart:update, user:create, cart:delete, contract:update, contract:read, user:read, comment:delete, cart:read, money:read, contract:delete, money:delete]
2019-06-05 09:59:10.733 INFO  --- [Slf4JLogger.java:101][http-nio-8888-exec-9] - Starting without optional epoll library
2019-06-05 09:59:10.740 INFO  --- [Slf4JLogger.java:101][http-nio-8888-exec-9] - Starting without optional kqueue library
2019-06-05 09:59:12.776 INFO  --- [LoggerUtil.java:34][http-nio-8888-exec-9] - redis缓存中不存在contracts_tenant_12_number_1_sta_1
2019-06-05 09:59:12.918 INFO  --- [LoggerUtil.java:34][http-nio-8888-exec-9] - redis缓存中添加contracts_tenant_12_number_1_sta_1
2019-06-05 09:59:12.924 INFO  --- [LoggerUtil.java:34][http-nio-8888-exec-9] - redis缓存中不存在house_2
2019-06-05 09:59:12.948 INFO  --- [LoggerUtil.java:34][http-nio-8888-exec-9] - redis缓存中添加house_2
2019-06-05 09:59:12.955 INFO  --- [LoggerUtil.java:34][http-nio-8888-exec-9] - redis缓存中不存在user_house_2
2019-06-05 09:59:12.969 INFO  --- [LoggerUtil.java:34][http-nio-8888-exec-9] - redis缓存中添加user_house_2
2019-06-05 09:59:12.974 INFO  --- [LoggerUtil.java:34][http-nio-8888-exec-9] - redis缓存中不存在user_12
2019-06-05 09:59:12.989 INFO  --- [LoggerUtil.java:34][http-nio-8888-exec-9] - redis缓存中添加user_12
2019-06-05 09:59:16.943 INFO  --- [LoggerUtil.java:30][http-nio-8888-exec-6] - permission的值为:[user:delete, cart:create, comment:create, house:read, user:update, contract:create, money:create, comment:update, comment:read, money:update, cart:update, user:create, cart:delete, contract:update, contract:read, user:read, comment:delete, cart:read, money:read, contract:delete, money:delete]
2019-06-05 09:59:16.968 INFO  --- [LoggerUtil.java:34][http-nio-8888-exec-6] - redis缓存中不存在contracts_tenant_12_number_2_sta_1
2019-06-05 09:59:17.064 INFO  --- [LoggerUtil.java:34][http-nio-8888-exec-6] - redis缓存中添加contracts_tenant_12_number_2_sta_1
2019-06-05 09:59:17.074 INFO  --- [LoggerUtil.java:34][http-nio-8888-exec-6] - redis缓存中不存在house_1
2019-06-05 09:59:17.107 INFO  --- [LoggerUtil.java:34][http-nio-8888-exec-6] - redis缓存中添加house_1
2019-06-05 09:59:17.481 INFO  --- [LoggerUtil.java:34][http-nio-8888-exec-6] - redis缓存中不存在user_house_1
2019-06-05 09:59:17.507 INFO  --- [LoggerUtil.java:34][http-nio-8888-exec-6] - redis缓存中添加user_house_1
2019-06-05 09:59:17.518 INFO  --- [LoggerUtil.java:34][http-nio-8888-exec-6] - redis缓存中存在user_12
2019-06-05 10:03:00.403 INFO  --- [StartupInfoLogger.java:50][restartedMain] - Starting HouseApplication on DESKTOP-A42CON3 with PID 2352 (D:\graduate\house\target\classes started by 谢洁芳 in D:\graduate\house)
2019-06-05 10:03:00.419 INFO  --- [SpringApplication.java:675][restartedMain] - No active profile set, falling back to default profiles: default
2019-06-05 10:03:14.162 ERROR --- [DirectJDKLog.java:173][restartedMain] - An incompatible version [1.2.4] of the APR based Apache Tomcat Native library is installed, while Tomcat requires version [1.2.14]
2019-06-05 10:03:15.022 ERROR --- [DirectJDKLog.java:173][restartedMain] - An incompatible version [1.2.4] of the APR based Apache Tomcat Native library is installed, while Tomcat requires version [1.2.14]
2019-06-05 10:03:15.074 ERROR --- [DirectJDKLog.java:173][restartedMain] - An incompatible version [1.2.4] of the APR based Apache Tomcat Native library is installed, while Tomcat requires version [1.2.14]
2019-06-05 10:03:19.071 WARN  --- [TemplateMode.java:150][restartedMain] - [THYMELEAF][restartedMain] Template Mode 'HTML5' is deprecated. Using Template Mode 'HTML' instead.
2019-06-05 10:03:21.744 INFO  --- [StartupInfoLogger.java:59][restartedMain] - Started HouseApplication in 22.981 seconds (JVM running for 29.803)
2019-06-05 10:03:47.943 INFO  --- [HikariDataSource.java:110][http-nio-8888-exec-6] - HikariPool-1 - Starting...
2019-06-05 10:03:49.144 INFO  --- [HikariDataSource.java:123][http-nio-8888-exec-6] - HikariPool-1 - Start completed.
2019-06-05 10:03:53.214 INFO  --- [LoggerUtil.java:30][http-nio-8888-exec-5] - permission的值为:[user:delete, cart:create, comment:create, house:read, user:update, contract:create, money:create, comment:update, comment:read, money:update, cart:update, user:create, cart:delete, contract:update, contract:read, user:read, comment:delete, cart:read, money:read, contract:delete, money:delete]
2019-06-05 10:03:53.966 INFO  --- [Slf4JLogger.java:101][http-nio-8888-exec-5] - Starting without optional epoll library
2019-06-05 10:03:53.975 INFO  --- [Slf4JLogger.java:101][http-nio-8888-exec-5] - Starting without optional kqueue library
2019-06-05 10:03:56.196 INFO  --- [LoggerUtil.java:34][http-nio-8888-exec-5] - redis缓存中不存在contracts_tenant_12_number_1_sta_1
2019-06-05 10:03:56.374 INFO  --- [LoggerUtil.java:34][http-nio-8888-exec-5] - redis缓存中添加contracts_tenant_12_number_1_sta_1
2019-06-05 10:03:56.379 INFO  --- [LoggerUtil.java:34][http-nio-8888-exec-5] - redis缓存中不存在house_2
2019-06-05 10:03:56.431 INFO  --- [LoggerUtil.java:34][http-nio-8888-exec-5] - redis缓存中添加house_2
2019-06-05 10:03:56.434 INFO  --- [LoggerUtil.java:34][http-nio-8888-exec-5] - redis缓存中不存在user_house_2
2019-06-05 10:03:56.445 INFO  --- [LoggerUtil.java:34][http-nio-8888-exec-5] - redis缓存中添加user_house_2
2019-06-05 10:03:56.449 INFO  --- [LoggerUtil.java:34][http-nio-8888-exec-5] - redis缓存中不存在user_12
2019-06-05 10:03:56.459 INFO  --- [LoggerUtil.java:34][http-nio-8888-exec-5] - redis缓存中添加user_12
2019-06-05 10:04:01.328 INFO  --- [LoggerUtil.java:30][http-nio-8888-exec-7] - permission的值为:[user:delete, cart:create, comment:create, house:read, user:update, contract:create, money:create, comment:update, comment:read, money:update, cart:update, user:create, cart:delete, contract:update, contract:read, user:read, comment:delete, cart:read, money:read, contract:delete, money:delete]
2019-06-05 10:04:01.341 INFO  --- [LoggerUtil.java:34][http-nio-8888-exec-7] - redis缓存中不存在contracts_tenant_12_number_2_sta_1
2019-06-05 10:04:01.403 INFO  --- [LoggerUtil.java:34][http-nio-8888-exec-7] - redis缓存中添加contracts_tenant_12_number_2_sta_1
2019-06-05 10:04:01.412 INFO  --- [LoggerUtil.java:34][http-nio-8888-exec-7] - redis缓存中不存在house_1
2019-06-05 10:04:01.437 INFO  --- [LoggerUtil.java:34][http-nio-8888-exec-7] - redis缓存中添加house_1
2019-06-05 10:04:01.458 INFO  --- [LoggerUtil.java:34][http-nio-8888-exec-7] - redis缓存中不存在user_house_1
2019-06-05 10:04:01.483 INFO  --- [LoggerUtil.java:34][http-nio-8888-exec-7] - redis缓存中添加user_house_1
2019-06-05 10:04:01.490 INFO  --- [LoggerUtil.java:34][http-nio-8888-exec-7] - redis缓存中存在user_12
2019-06-05 10:06:00.543 INFO  --- [StartupInfoLogger.java:50][restartedMain] - Starting HouseApplication on DESKTOP-A42CON3 with PID 5152 (D:\graduate\house\target\classes started by 谢洁芳 in D:\graduate\house)
2019-06-05 10:06:00.543 INFO  --- [SpringApplication.java:675][restartedMain] - No active profile set, falling back to default profiles: default
2019-06-05 10:06:07.598 ERROR --- [DirectJDKLog.java:173][restartedMain] - An incompatible version [1.2.4] of the APR based Apache Tomcat Native library is installed, while Tomcat requires version [1.2.14]
2019-06-05 10:06:07.942 ERROR --- [DirectJDKLog.java:173][restartedMain] - An incompatible version [1.2.4] of the APR based Apache Tomcat Native library is installed, while Tomcat requires version [1.2.14]
2019-06-05 10:06:07.958 ERROR --- [DirectJDKLog.java:173][restartedMain] - An incompatible version [1.2.4] of the APR based Apache Tomcat Native library is installed, while Tomcat requires version [1.2.14]
2019-06-05 10:06:10.426 WARN  --- [TemplateMode.java:150][restartedMain] - [THYMELEAF][restartedMain] Template Mode 'HTML5' is deprecated. Using Template Mode 'HTML' instead.
2019-06-05 10:06:15.332 INFO  --- [StartupInfoLogger.java:59][restartedMain] - Started HouseApplication in 16.568 seconds (JVM running for 20.792)
2019-06-05 10:07:00.377 INFO  --- [HikariDataSource.java:110][http-nio-8888-exec-6] - HikariPool-1 - Starting...
2019-06-05 10:07:01.349 INFO  --- [HikariDataSource.java:123][http-nio-8888-exec-6] - HikariPool-1 - Start completed.
2019-06-05 10:07:17.395 INFO  --- [LoggerUtil.java:30][http-nio-8888-exec-1] - permission的值为:[user:delete, cart:create, comment:create, house:read, user:update, contract:create, money:create, comment:update, comment:read, money:update, cart:update, user:create, cart:delete, contract:update, contract:read, user:read, comment:delete, cart:read, money:read, contract:delete, money:delete]
2019-06-05 10:07:19.114 INFO  --- [Slf4JLogger.java:101][http-nio-8888-exec-1] - Starting without optional epoll library
2019-06-05 10:07:19.132 INFO  --- [Slf4JLogger.java:101][http-nio-8888-exec-1] - Starting without optional kqueue library
2019-06-05 10:07:23.187 INFO  --- [LoggerUtil.java:34][http-nio-8888-exec-1] - redis缓存中不存在contracts_tenant_12_number_1_sta_1
2019-06-05 10:07:23.451 INFO  --- [LoggerUtil.java:34][http-nio-8888-exec-1] - redis缓存中添加contracts_tenant_12_number_1_sta_1
2019-06-05 10:07:23.461 INFO  --- [LoggerUtil.java:34][http-nio-8888-exec-1] - redis缓存中不存在house_2
2019-06-05 10:07:23.499 INFO  --- [LoggerUtil.java:34][http-nio-8888-exec-1] - redis缓存中添加house_2
2019-06-05 10:07:23.506 INFO  --- [LoggerUtil.java:34][http-nio-8888-exec-1] - redis缓存中不存在user_house_2
2019-06-05 10:07:23.635 INFO  --- [LoggerUtil.java:34][http-nio-8888-exec-1] - redis缓存中添加user_house_2
2019-06-05 10:07:23.649 INFO  --- [LoggerUtil.java:34][http-nio-8888-exec-1] - redis缓存中不存在user_12
2019-06-05 10:07:23.661 INFO  --- [LoggerUtil.java:34][http-nio-8888-exec-1] - redis缓存中添加user_12
2019-06-05 10:07:35.673 INFO  --- [LoggerUtil.java:30][http-nio-8888-exec-2] - permission的值为:[user:delete, cart:create, comment:create, house:read, user:update, contract:create, money:create, comment:update, comment:read, money:update, cart:update, user:create, cart:delete, contract:update, contract:read, user:read, comment:delete, cart:read, money:read, contract:delete, money:delete]
2019-06-05 10:07:35.701 INFO  --- [LoggerUtil.java:34][http-nio-8888-exec-2] - redis缓存中不存在contracts_tenant_12_number_2_sta_1
2019-06-05 10:07:35.758 INFO  --- [LoggerUtil.java:34][http-nio-8888-exec-2] - redis缓存中添加contracts_tenant_12_number_2_sta_1
2019-06-05 10:07:35.770 INFO  --- [LoggerUtil.java:34][http-nio-8888-exec-2] - redis缓存中不存在house_1
2019-06-05 10:07:35.801 INFO  --- [LoggerUtil.java:34][http-nio-8888-exec-2] - redis缓存中添加house_1
2019-06-05 10:07:35.814 INFO  --- [LoggerUtil.java:34][http-nio-8888-exec-2] - redis缓存中不存在user_house_1
2019-06-05 10:07:35.842 INFO  --- [LoggerUtil.java:34][http-nio-8888-exec-2] - redis缓存中添加user_house_1
2019-06-05 10:07:35.854 INFO  --- [LoggerUtil.java:34][http-nio-8888-exec-2] - redis缓存中不存在user_12
2019-06-05 10:07:35.882 INFO  --- [LoggerUtil.java:34][http-nio-8888-exec-2] - redis缓存中添加user_12
2019-06-05 10:59:00.643 INFO  --- [StartupInfoLogger.java:50][restartedMain] - Starting HouseApplication on DESKTOP-A42CON3 with PID 4592 (D:\graduate\house\target\classes started by 谢洁芳 in D:\graduate\house)
2019-06-05 10:59:00.700 INFO  --- [SpringApplication.java:675][restartedMain] - No active profile set, falling back to default profiles: default
2019-06-05 11:00:22.788 ERROR --- [DirectJDKLog.java:173][restartedMain] - An incompatible version [1.2.4] of the APR based Apache Tomcat Native library is installed, while Tomcat requires version [1.2.14]
2019-06-05 11:00:31.187 ERROR --- [DirectJDKLog.java:173][restartedMain] - An incompatible version [1.2.4] of the APR based Apache Tomcat Native library is installed, while Tomcat requires version [1.2.14]
2019-06-05 11:00:31.406 ERROR --- [DirectJDKLog.java:173][restartedMain] - An incompatible version [1.2.4] of the APR based Apache Tomcat Native library is installed, while Tomcat requires version [1.2.14]
2019-06-05 11:00:48.352 WARN  --- [TemplateMode.java:150][restartedMain] - [THYMELEAF][restartedMain] Template Mode 'HTML5' is deprecated. Using Template Mode 'HTML' instead.
2019-06-05 11:00:56.753 INFO  --- [StartupInfoLogger.java:59][restartedMain] - Started HouseApplication in 122.729 seconds (JVM running for 141.596)
2019-06-05 11:20:39.031 INFO  --- [StartupInfoLogger.java:50][restartedMain] - Starting HouseApplication on DESKTOP-A42CON3 with PID 7080 (D:\graduate\house\target\classes started by 谢洁芳 in D:\graduate\house)
2019-06-05 11:20:39.041 INFO  --- [SpringApplication.java:675][restartedMain] - No active profile set, falling back to default profiles: default
2019-06-05 11:20:59.770 ERROR --- [DirectJDKLog.java:173][restartedMain] - An incompatible version [1.2.4] of the APR based Apache Tomcat Native library is installed, while Tomcat requires version [1.2.14]
2019-06-05 11:21:01.015 ERROR --- [DirectJDKLog.java:173][restartedMain] - An incompatible version [1.2.4] of the APR based Apache Tomcat Native library is installed, while Tomcat requires version [1.2.14]
2019-06-05 11:21:01.077 ERROR --- [DirectJDKLog.java:173][restartedMain] - An incompatible version [1.2.4] of the APR based Apache Tomcat Native library is installed, while Tomcat requires version [1.2.14]
2019-06-05 11:21:04.803 WARN  --- [TemplateMode.java:150][restartedMain] - [THYMELEAF][restartedMain] Template Mode 'HTML5' is deprecated. Using Template Mode 'HTML' instead.
2019-06-05 11:21:06.918 INFO  --- [StartupInfoLogger.java:59][restartedMain] - Started HouseApplication in 30.161 seconds (JVM running for 48.28)
2019-06-05 11:21:49.962 INFO  --- [HikariDataSource.java:110][http-nio-8888-exec-5] - HikariPool-1 - Starting...
2019-06-05 11:21:51.392 INFO  --- [HikariDataSource.java:123][http-nio-8888-exec-5] - HikariPool-1 - Start completed.
2019-06-05 11:22:01.129 INFO  --- [LoggerUtil.java:30][http-nio-8888-exec-7] - permission的值为:[user:delete, cart:create, comment:create, house:read, user:update, contract:create, money:create, comment:update, comment:read, money:update, cart:update, user:create, cart:delete, contract:update, contract:read, user:read, comment:delete, cart:read, money:read, contract:delete, money:delete]
2019-06-05 11:22:02.750 INFO  --- [Slf4JLogger.java:101][http-nio-8888-exec-7] - Starting without optional epoll library
2019-06-05 11:22:02.756 INFO  --- [Slf4JLogger.java:101][http-nio-8888-exec-7] - Starting without optional kqueue library
2019-06-05 11:22:06.865 INFO  --- [LoggerUtil.java:34][http-nio-8888-exec-7] - redis缓存中不存在contracts_tenant_12_number_1_sta_1
2019-06-05 11:22:07.458 INFO  --- [LoggerUtil.java:34][http-nio-8888-exec-7] - redis缓存中添加contracts_tenant_12_number_1_sta_1
2019-06-05 11:22:08.004 INFO  --- [LoggerUtil.java:34][http-nio-8888-exec-7] - redis缓存中不存在house_2
2019-06-05 11:22:08.056 INFO  --- [LoggerUtil.java:34][http-nio-8888-exec-7] - redis缓存中添加house_2
2019-06-05 11:22:08.062 INFO  --- [LoggerUtil.java:34][http-nio-8888-exec-7] - redis缓存中不存在user_house_2
2019-06-05 11:22:08.079 INFO  --- [LoggerUtil.java:34][http-nio-8888-exec-7] - redis缓存中添加user_house_2
2019-06-05 11:22:08.085 INFO  --- [LoggerUtil.java:34][http-nio-8888-exec-7] - redis缓存中不存在user_12
2019-06-05 11:22:08.099 INFO  --- [LoggerUtil.java:34][http-nio-8888-exec-7] - redis缓存中添加user_12
2019-06-05 11:22:12.837 INFO  --- [LoggerUtil.java:30][http-nio-8888-exec-10] - permission的值为:[user:delete, cart:create, comment:create, house:read, user:update, contract:create, money:create, comment:update, comment:read, money:update, cart:update, user:create, cart:delete, contract:update, contract:read, user:read, comment:delete, cart:read, money:read, contract:delete, money:delete]
2019-06-05 11:22:12.873 INFO  --- [LoggerUtil.java:34][http-nio-8888-exec-10] - redis缓存中不存在contracts_tenant_12_number_2_sta_1
2019-06-05 11:22:12.975 INFO  --- [LoggerUtil.java:34][http-nio-8888-exec-10] - redis缓存中添加contracts_tenant_12_number_2_sta_1
2019-06-05 11:22:12.999 INFO  --- [LoggerUtil.java:34][http-nio-8888-exec-10] - redis缓存中不存在house_1
2019-06-05 11:22:13.042 INFO  --- [LoggerUtil.java:34][http-nio-8888-exec-10] - redis缓存中添加house_1
2019-06-05 11:22:13.056 INFO  --- [LoggerUtil.java:34][http-nio-8888-exec-10] - redis缓存中不存在user_house_1
2019-06-05 11:22:13.089 INFO  --- [LoggerUtil.java:34][http-nio-8888-exec-10] - redis缓存中添加user_house_1
2019-06-05 11:22:13.100 INFO  --- [LoggerUtil.java:34][http-nio-8888-exec-10] - redis缓存中存在user_12
2019-06-05 11:28:01.007 INFO  --- [StartupInfoLogger.java:50][restartedMain] - Starting HouseApplication on DESKTOP-A42CON3 with PID 1880 (D:\graduate\house\target\classes started by 谢洁芳 in D:\graduate\house)
2019-06-05 11:28:01.015 INFO  --- [SpringApplication.java:675][restartedMain] - No active profile set, falling back to default profiles: default
2019-06-05 11:28:07.661 ERROR --- [DirectJDKLog.java:173][restartedMain] - An incompatible version [1.2.4] of the APR based Apache Tomcat Native library is installed, while Tomcat requires version [1.2.14]
2019-06-05 11:28:08.199 ERROR --- [DirectJDKLog.java:173][restartedMain] - An incompatible version [1.2.4] of the APR based Apache Tomcat Native library is installed, while Tomcat requires version [1.2.14]
2019-06-05 11:28:08.236 ERROR --- [DirectJDKLog.java:173][restartedMain] - An incompatible version [1.2.4] of the APR based Apache Tomcat Native library is installed, while Tomcat requires version [1.2.14]
2019-06-05 11:28:11.680 WARN  --- [TemplateMode.java:150][restartedMain] - [THYMELEAF][restartedMain] Template Mode 'HTML5' is deprecated. Using Template Mode 'HTML' instead.
2019-06-05 11:28:14.603 INFO  --- [StartupInfoLogger.java:59][restartedMain] - Started HouseApplication in 14.987 seconds (JVM running for 20.273)
2019-06-05 11:28:43.348 INFO  --- [HikariDataSource.java:110][http-nio-8888-exec-4] - HikariPool-1 - Starting...
2019-06-05 11:28:44.535 INFO  --- [HikariDataSource.java:123][http-nio-8888-exec-4] - HikariPool-1 - Start completed.
2019-06-05 11:28:52.843 INFO  --- [LoggerUtil.java:30][http-nio-8888-exec-5] - permission的值为:[user:delete, cart:create, comment:create, house:read, user:update, contract:create, money:create, comment:update, comment:read, money:update, cart:update, user:create, cart:delete, contract:update, contract:read, user:read, comment:delete, cart:read, money:read, contract:delete, money:delete]
2019-06-05 11:28:53.702 INFO  --- [Slf4JLogger.java:101][http-nio-8888-exec-5] - Starting without optional epoll library
2019-06-05 11:28:53.711 INFO  --- [Slf4JLogger.java:101][http-nio-8888-exec-5] - Starting without optional kqueue library
2019-06-05 11:28:56.320 INFO  --- [LoggerUtil.java:34][http-nio-8888-exec-5] - redis缓存中不存在contracts_tenant_12_number_1_sta_1
2019-06-05 11:28:57.465 INFO  --- [LoggerUtil.java:34][http-nio-8888-exec-5] - redis缓存中添加contracts_tenant_12_number_1_sta_1
2019-06-05 11:28:57.474 INFO  --- [LoggerUtil.java:34][http-nio-8888-exec-5] - redis缓存中不存在house_2
2019-06-05 11:28:57.514 INFO  --- [LoggerUtil.java:34][http-nio-8888-exec-5] - redis缓存中添加house_2
2019-06-05 11:28:57.519 INFO  --- [LoggerUtil.java:34][http-nio-8888-exec-5] - redis缓存中不存在user_house_2
2019-06-05 11:28:57.535 INFO  --- [LoggerUtil.java:34][http-nio-8888-exec-5] - redis缓存中添加user_house_2
2019-06-05 11:28:57.541 INFO  --- [LoggerUtil.java:34][http-nio-8888-exec-5] - redis缓存中不存在user_12
2019-06-05 11:28:57.556 INFO  --- [LoggerUtil.java:34][http-nio-8888-exec-5] - redis缓存中添加user_12
2019-06-05 11:29:00.142 INFO  --- [LoggerUtil.java:30][http-nio-8888-exec-10] - permission的值为:[user:delete, cart:create, comment:create, house:read, user:update, contract:create, money:create, comment:update, comment:read, money:update, cart:update, user:create, cart:delete, contract:update, contract:read, user:read, comment:delete, cart:read, money:read, contract:delete, money:delete]
2019-06-05 11:29:00.155 INFO  --- [LoggerUtil.java:34][http-nio-8888-exec-10] - redis缓存中不存在contracts_tenant_12_number_2_sta_1
2019-06-05 11:29:00.233 INFO  --- [LoggerUtil.java:34][http-nio-8888-exec-10] - redis缓存中添加contracts_tenant_12_number_2_sta_1
2019-06-05 11:29:00.241 INFO  --- [LoggerUtil.java:34][http-nio-8888-exec-10] - redis缓存中不存在house_1
2019-06-05 11:29:00.274 INFO  --- [LoggerUtil.java:34][http-nio-8888-exec-10] - redis缓存中添加house_1
2019-06-05 11:29:00.282 INFO  --- [LoggerUtil.java:34][http-nio-8888-exec-10] - redis缓存中不存在user_house_1
2019-06-05 11:29:00.307 INFO  --- [LoggerUtil.java:34][http-nio-8888-exec-10] - redis缓存中添加user_house_1
2019-06-05 11:29:00.322 INFO  --- [LoggerUtil.java:34][http-nio-8888-exec-10] - redis缓存中存在user_12
2019-06-05 11:31:32.600 INFO  --- [StartupInfoLogger.java:50][restartedMain] - Starting HouseApplication on DESKTOP-A42CON3 with PID 12728 (D:\graduate\house\target\classes started by 谢洁芳 in D:\graduate\house)
2019-06-05 11:31:32.611 INFO  --- [SpringApplication.java:675][restartedMain] - No active profile set, falling back to default profiles: default
2019-06-05 11:31:37.828 ERROR --- [DirectJDKLog.java:173][restartedMain] - An incompatible version [1.2.4] of the APR based Apache Tomcat Native library is installed, while Tomcat requires version [1.2.14]
2019-06-05 11:31:38.182 ERROR --- [DirectJDKLog.java:173][restartedMain] - An incompatible version [1.2.4] of the APR based Apache Tomcat Native library is installed, while Tomcat requires version [1.2.14]
2019-06-05 11:31:38.205 ERROR --- [DirectJDKLog.java:173][restartedMain] - An incompatible version [1.2.4] of the APR based Apache Tomcat Native library is installed, while Tomcat requires version [1.2.14]
2019-06-05 11:31:41.438 WARN  --- [TemplateMode.java:150][restartedMain] - [THYMELEAF][restartedMain] Template Mode 'HTML5' is deprecated. Using Template Mode 'HTML' instead.
2019-06-05 11:31:43.413 INFO  --- [StartupInfoLogger.java:59][restartedMain] - Started HouseApplication in 12.52 seconds (JVM running for 18.721)
2019-06-05 11:34:18.063 INFO  --- [HikariDataSource.java:110][http-nio-8888-exec-4] - HikariPool-1 - Starting...
2019-06-05 11:34:18.876 INFO  --- [HikariDataSource.java:123][http-nio-8888-exec-4] - HikariPool-1 - Start completed.
2019-06-05 11:34:23.981 INFO  --- [LoggerUtil.java:30][http-nio-8888-exec-10] - permission的值为:[user:delete, cart:create, comment:create, house:read, user:update, contract:create, money:create, comment:update, comment:read, money:update, cart:update, user:create, cart:delete, contract:update, contract:read, user:read, comment:delete, cart:read, money:read, contract:delete, money:delete]
2019-06-05 11:34:24.409 INFO  --- [LoggerUtil.java:30][http-nio-8888-exec-9] - permission的值为:[user:delete, cart:create, comment:create, house:read, user:update, contract:create, money:create, comment:update, comment:read, money:update, cart:update, user:create, cart:delete, contract:update, contract:read, user:read, comment:delete, cart:read, money:read, contract:delete, money:delete]
2019-06-05 11:34:24.918 INFO  --- [LoggerUtil.java:30][http-nio-8888-exec-1] - permission的值为:[user:delete, cart:create, comment:create, house:read, user:update, contract:create, money:create, comment:update, comment:read, money:update, cart:update, user:create, cart:delete, contract:update, contract:read, user:read, comment:delete, cart:read, money:read, contract:delete, money:delete]
2019-06-05 11:34:25.019 INFO  --- [Slf4JLogger.java:101][http-nio-8888-exec-10] - Starting without optional epoll library
2019-06-05 11:34:25.046 INFO  --- [Slf4JLogger.java:101][http-nio-8888-exec-10] - Starting without optional kqueue library
2019-06-05 11:34:25.324 INFO  --- [LoggerUtil.java:30][http-nio-8888-exec-3] - permission的值为:[user:delete, cart:create, comment:create, house:read, user:update, contract:create, money:create, comment:update, comment:read, money:update, cart:update, user:create, cart:delete, contract:update, contract:read, user:read, comment:delete, cart:read, money:read, contract:delete, money:delete]
2019-06-05 11:34:25.705 INFO  --- [LoggerUtil.java:30][http-nio-8888-exec-2] - permission的值为:[user:delete, cart:create, comment:create, house:read, user:update, contract:create, money:create, comment:update, comment:read, money:update, cart:update, user:create, cart:delete, contract:update, contract:read, user:read, comment:delete, cart:read, money:read, contract:delete, money:delete]
2019-06-05 11:34:28.722 INFO  --- [LoggerUtil.java:34][http-nio-8888-exec-3] - redis缓存中不存在contracts_tenant_12_number_1_sta_1
2019-06-05 11:34:28.722 INFO  --- [LoggerUtil.java:34][http-nio-8888-exec-10] - redis缓存中不存在contracts_tenant_12_number_1_sta_1
2019-06-05 11:34:28.722 INFO  --- [LoggerUtil.java:34][http-nio-8888-exec-1] - redis缓存中不存在contracts_tenant_12_number_1_sta_1
2019-06-05 11:34:28.722 INFO  --- [LoggerUtil.java:34][http-nio-8888-exec-9] - redis缓存中不存在contracts_tenant_12_number_1_sta_1
2019-06-05 11:34:28.722 INFO  --- [LoggerUtil.java:34][http-nio-8888-exec-2] - redis缓存中不存在contracts_tenant_12_number_1_sta_1
2019-06-05 11:34:29.033 INFO  --- [LoggerUtil.java:34][http-nio-8888-exec-2] - redis缓存中添加contracts_tenant_12_number_1_sta_1
2019-06-05 11:34:29.033 INFO  --- [LoggerUtil.java:34][http-nio-8888-exec-3] - redis缓存中添加contracts_tenant_12_number_1_sta_1
2019-06-05 11:34:29.033 INFO  --- [LoggerUtil.java:34][http-nio-8888-exec-10] - redis缓存中添加contracts_tenant_12_number_1_sta_1
2019-06-05 11:34:29.033 INFO  --- [LoggerUtil.java:34][http-nio-8888-exec-9] - redis缓存中添加contracts_tenant_12_number_1_sta_1
2019-06-05 11:34:29.035 INFO  --- [LoggerUtil.java:34][http-nio-8888-exec-1] - redis缓存中添加contracts_tenant_12_number_1_sta_1
2019-06-05 11:34:29.051 INFO  --- [LoggerUtil.java:34][http-nio-8888-exec-3] - redis缓存中不存在house_2
2019-06-05 11:34:29.051 INFO  --- [LoggerUtil.java:34][http-nio-8888-exec-2] - redis缓存中不存在house_2
2019-06-05 11:34:29.051 INFO  --- [LoggerUtil.java:34][http-nio-8888-exec-9] - redis缓存中不存在house_2
2019-06-05 11:34:29.051 INFO  --- [LoggerUtil.java:34][http-nio-8888-exec-1] - redis缓存中不存在house_2
2019-06-05 11:34:29.051 INFO  --- [LoggerUtil.java:34][http-nio-8888-exec-10] - redis缓存中不存在house_2
2019-06-05 11:34:29.122 INFO  --- [LoggerUtil.java:34][http-nio-8888-exec-3] - redis缓存中添加house_2
2019-06-05 11:34:29.121 INFO  --- [LoggerUtil.java:34][http-nio-8888-exec-10] - redis缓存中添加house_2
2019-06-05 11:34:29.127 INFO  --- [LoggerUtil.java:34][http-nio-8888-exec-1] - redis缓存中添加house_2
2019-06-05 11:34:29.127 INFO  --- [LoggerUtil.java:34][http-nio-8888-exec-2] - redis缓存中添加house_2
2019-06-05 11:34:29.128 INFO  --- [LoggerUtil.java:34][http-nio-8888-exec-9] - redis缓存中添加house_2
2019-06-05 11:34:29.147 INFO  --- [LoggerUtil.java:34][http-nio-8888-exec-3] - redis缓存中不存在user_house_2
2019-06-05 11:34:29.149 INFO  --- [LoggerUtil.java:34][http-nio-8888-exec-10] - redis缓存中不存在user_house_2
2019-06-05 11:34:29.154 INFO  --- [LoggerUtil.java:34][http-nio-8888-exec-1] - redis缓存中不存在user_house_2
2019-06-05 11:34:29.172 INFO  --- [LoggerUtil.java:34][http-nio-8888-exec-3] - redis缓存中添加user_house_2
2019-06-05 11:34:29.167 INFO  --- [LoggerUtil.java:34][http-nio-8888-exec-9] - redis缓存中不存在user_house_2
2019-06-05 11:34:29.168 INFO  --- [LoggerUtil.java:34][http-nio-8888-exec-2] - redis缓存中不存在user_house_2
2019-06-05 11:34:29.211 INFO  --- [LoggerUtil.java:34][http-nio-8888-exec-10] - redis缓存中添加user_house_2
2019-06-05 11:34:29.211 INFO  --- [LoggerUtil.java:34][http-nio-8888-exec-3] - redis缓存中不存在user_12
2019-06-05 11:34:29.478 INFO  --- [LoggerUtil.java:34][http-nio-8888-exec-1] - redis缓存中添加user_house_2
2019-06-05 11:34:29.479 INFO  --- [LoggerUtil.java:34][http-nio-8888-exec-2] - redis缓存中添加user_house_2
2019-06-05 11:34:29.479 INFO  --- [LoggerUtil.java:34][http-nio-8888-exec-9] - redis缓存中添加user_house_2
2019-06-05 11:34:29.480 INFO  --- [LoggerUtil.java:34][http-nio-8888-exec-10] - redis缓存中不存在user_12
2019-06-05 11:34:29.489 INFO  --- [LoggerUtil.java:34][http-nio-8888-exec-3] - redis缓存中添加user_12
2019-06-05 11:34:29.510 INFO  --- [LoggerUtil.java:34][http-nio-8888-exec-2] - redis缓存中存在user_12
2019-06-05 11:34:29.526 INFO  --- [LoggerUtil.java:34][http-nio-8888-exec-9] - redis缓存中存在user_12
2019-06-05 11:34:29.531 INFO  --- [LoggerUtil.java:34][http-nio-8888-exec-10] - redis缓存中添加user_12
2019-06-05 11:34:29.561 INFO  --- [LoggerUtil.java:34][http-nio-8888-exec-1] - redis缓存中存在user_12
2019-06-05 11:34:32.598 INFO  --- [LoggerUtil.java:30][http-nio-8888-exec-7] - permission的值为:[user:delete, cart:create, comment:create, house:read, user:update, contract:create, money:create, comment:update, comment:read, money:update, cart:update, user:create, cart:delete, contract:update, contract:read, user:read, comment:delete, cart:read, money:read, contract:delete, money:delete]
2019-06-05 11:34:32.609 INFO  --- [LoggerUtil.java:34][http-nio-8888-exec-7] - redis缓存中不存在contracts_tenant_12_number_2_sta_1
2019-06-05 11:34:32.686 INFO  --- [LoggerUtil.java:34][http-nio-8888-exec-7] - redis缓存中添加contracts_tenant_12_number_2_sta_1
2019-06-05 11:34:32.695 INFO  --- [LoggerUtil.java:34][http-nio-8888-exec-7] - redis缓存中不存在house_1
2019-06-05 11:34:32.725 INFO  --- [LoggerUtil.java:34][http-nio-8888-exec-7] - redis缓存中添加house_1
2019-06-05 11:34:32.731 INFO  --- [LoggerUtil.java:34][http-nio-8888-exec-7] - redis缓存中不存在user_house_1
2019-06-05 11:34:32.755 INFO  --- [LoggerUtil.java:34][http-nio-8888-exec-7] - redis缓存中添加user_house_1
2019-06-05 11:34:32.763 INFO  --- [LoggerUtil.java:34][http-nio-8888-exec-7] - redis缓存中存在user_12
2019-06-05 11:35:56.163 INFO  --- [StartupInfoLogger.java:50][restartedMain] - Starting HouseApplication on DESKTOP-A42CON3 with PID 11232 (D:\graduate\house\target\classes started by 谢洁芳 in D:\graduate\house)
2019-06-05 11:35:56.173 INFO  --- [SpringApplication.java:675][restartedMain] - No active profile set, falling back to default profiles: default
2019-06-05 11:36:03.199 ERROR --- [DirectJDKLog.java:173][restartedMain] - An incompatible version [1.2.4] of the APR based Apache Tomcat Native library is installed, while Tomcat requires version [1.2.14]
2019-06-05 11:36:03.901 ERROR --- [DirectJDKLog.java:173][restartedMain] - An incompatible version [1.2.4] of the APR based Apache Tomcat Native library is installed, while Tomcat requires version [1.2.14]
2019-06-05 11:36:03.944 ERROR --- [DirectJDKLog.java:173][restartedMain] - An incompatible version [1.2.4] of the APR based Apache Tomcat Native library is installed, while Tomcat requires version [1.2.14]
2019-06-05 11:36:07.255 WARN  --- [TemplateMode.java:150][restartedMain] - [THYMELEAF][restartedMain] Template Mode 'HTML5' is deprecated. Using Template Mode 'HTML' instead.
2019-06-05 11:36:09.419 INFO  --- [StartupInfoLogger.java:59][restartedMain] - Started HouseApplication in 14.363 seconds (JVM running for 21.612)
2019-06-05 11:40:44.463 INFO  --- [StartupInfoLogger.java:50][restartedMain] - Starting HouseApplication on DESKTOP-A42CON3 with PID 10432 (D:\graduate\house\target\classes started by 谢洁芳 in D:\graduate\house)
2019-06-05 11:40:44.471 INFO  --- [SpringApplication.java:675][restartedMain] - No active profile set, falling back to default profiles: default
2019-06-05 11:40:51.612 ERROR --- [DirectJDKLog.java:173][restartedMain] - An incompatible version [1.2.4] of the APR based Apache Tomcat Native library is installed, while Tomcat requires version [1.2.14]
2019-06-05 11:40:52.004 ERROR --- [DirectJDKLog.java:173][restartedMain] - An incompatible version [1.2.4] of the APR based Apache Tomcat Native library is installed, while Tomcat requires version [1.2.14]
2019-06-05 11:40:52.031 ERROR --- [DirectJDKLog.java:173][restartedMain] - An incompatible version [1.2.4] of the APR based Apache Tomcat Native library is installed, while Tomcat requires version [1.2.14]
2019-06-05 11:40:53.647 WARN  --- [TemplateMode.java:150][restartedMain] - [THYMELEAF][restartedMain] Template Mode 'HTML5' is deprecated. Using Template Mode 'HTML' instead.
2019-06-05 11:40:55.823 INFO  --- [StartupInfoLogger.java:59][restartedMain] - Started HouseApplication in 12.785 seconds (JVM running for 17.619)
2019-06-05 11:41:23.380 INFO  --- [HikariDataSource.java:110][http-nio-8888-exec-6] - HikariPool-1 - Starting...
2019-06-05 11:41:24.235 INFO  --- [HikariDataSource.java:123][http-nio-8888-exec-6] - HikariPool-1 - Start completed.
2019-06-05 11:41:30.759 INFO  --- [LoggerUtil.java:30][http-nio-8888-exec-7] - permission的值为:[user:delete, cart:create, comment:create, house:read, user:update, contract:create, money:create, comment:update, comment:read, money:update, cart:update, user:create, cart:delete, contract:update, contract:read, user:read, comment:delete, cart:read, money:read, contract:delete, money:delete]
2019-06-05 11:41:31.441 INFO  --- [Slf4JLogger.java:101][http-nio-8888-exec-7] - Starting without optional epoll library
2019-06-05 11:41:31.467 INFO  --- [Slf4JLogger.java:101][http-nio-8888-exec-7] - Starting without optional kqueue library
2019-06-05 11:41:35.260 INFO  --- [LoggerUtil.java:34][http-nio-8888-exec-7] - redis缓存中不存在contracts_tenant_12_number_1_sta_1
2019-06-05 11:41:35.521 INFO  --- [LoggerUtil.java:34][http-nio-8888-exec-7] - redis缓存中添加contracts_tenant_12_number_1_sta_1
2019-06-05 11:41:35.530 INFO  --- [LoggerUtil.java:34][http-nio-8888-exec-7] - redis缓存中不存在house_2
2019-06-05 11:41:35.575 INFO  --- [LoggerUtil.java:34][http-nio-8888-exec-7] - redis缓存中添加house_2
2019-06-05 11:41:35.582 INFO  --- [LoggerUtil.java:34][http-nio-8888-exec-7] - redis缓存中不存在user_house_2
2019-06-05 11:41:35.604 INFO  --- [LoggerUtil.java:34][http-nio-8888-exec-7] - redis缓存中添加user_house_2
2019-06-05 11:41:35.611 INFO  --- [LoggerUtil.java:34][http-nio-8888-exec-7] - redis缓存中不存在user_12
2019-06-05 11:41:35.626 INFO  --- [LoggerUtil.java:34][http-nio-8888-exec-7] - redis缓存中添加user_12
2019-06-05 11:41:40.858 INFO  --- [LoggerUtil.java:30][http-nio-8888-exec-1] - permission的值为:[user:delete, cart:create, comment:create, house:read, user:update, contract:create, money:create, comment:update, comment:read, money:update, cart:update, user:create, cart:delete, contract:update, contract:read, user:read, comment:delete, cart:read, money:read, contract:delete, money:delete]
2019-06-05 11:41:40.871 INFO  --- [LoggerUtil.java:34][http-nio-8888-exec-1] - redis缓存中不存在contracts_tenant_12_number_2_sta_1
2019-06-05 11:41:40.934 INFO  --- [LoggerUtil.java:34][http-nio-8888-exec-1] - redis缓存中添加contracts_tenant_12_number_2_sta_1
2019-06-05 11:41:40.944 INFO  --- [LoggerUtil.java:34][http-nio-8888-exec-1] - redis缓存中不存在house_1
2019-06-05 11:41:40.980 INFO  --- [LoggerUtil.java:34][http-nio-8888-exec-1] - redis缓存中添加house_1
2019-06-05 11:41:40.988 INFO  --- [LoggerUtil.java:34][http-nio-8888-exec-1] - redis缓存中不存在user_house_1
2019-06-05 11:41:41.013 INFO  --- [LoggerUtil.java:34][http-nio-8888-exec-1] - redis缓存中添加user_house_1
2019-06-05 11:41:41.022 INFO  --- [LoggerUtil.java:34][http-nio-8888-exec-1] - redis缓存中存在user_12
2019-06-05 11:44:07.884 INFO  --- [StartupInfoLogger.java:50][restartedMain] - Starting HouseApplication on DESKTOP-A42CON3 with PID 2976 (D:\graduate\house\target\classes started by 谢洁芳 in D:\graduate\house)
2019-06-05 11:44:07.907 INFO  --- [SpringApplication.java:675][restartedMain] - No active profile set, falling back to default profiles: default
2019-06-05 11:44:16.228 ERROR --- [DirectJDKLog.java:173][restartedMain] - An incompatible version [1.2.4] of the APR based Apache Tomcat Native library is installed, while Tomcat requires version [1.2.14]
2019-06-05 11:44:16.921 ERROR --- [DirectJDKLog.java:173][restartedMain] - An incompatible version [1.2.4] of the APR based Apache Tomcat Native library is installed, while Tomcat requires version [1.2.14]
2019-06-05 11:44:16.959 ERROR --- [DirectJDKLog.java:173][restartedMain] - An incompatible version [1.2.4] of the APR based Apache Tomcat Native library is installed, while Tomcat requires version [1.2.14]
2019-06-05 11:44:20.100 WARN  --- [TemplateMode.java:150][restartedMain] - [THYMELEAF][restartedMain] Template Mode 'HTML5' is deprecated. Using Template Mode 'HTML' instead.
2019-06-05 11:44:21.961 INFO  --- [StartupInfoLogger.java:59][restartedMain] - Started HouseApplication in 15.605 seconds (JVM running for 20.659)
2019-06-05 11:45:20.033 INFO  --- [HikariDataSource.java:110][http-nio-8888-exec-7] - HikariPool-1 - Starting...
2019-06-05 11:45:20.680 INFO  --- [HikariDataSource.java:123][http-nio-8888-exec-7] - HikariPool-1 - Start completed.
2019-06-05 11:45:24.878 INFO  --- [LoggerUtil.java:30][http-nio-8888-exec-5] - permission的值为:[user:delete, cart:create, comment:create, house:read, user:update, contract:create, money:create, comment:update, comment:read, money:update, cart:update, user:create, cart:delete, contract:update, contract:read, user:read, comment:delete, cart:read, money:read, contract:delete, money:delete]
2019-06-05 11:45:25.875 INFO  --- [Slf4JLogger.java:101][http-nio-8888-exec-5] - Starting without optional epoll library
2019-06-05 11:45:25.893 INFO  --- [Slf4JLogger.java:101][http-nio-8888-exec-5] - Starting without optional kqueue library
2019-06-05 11:45:29.272 INFO  --- [LoggerUtil.java:34][http-nio-8888-exec-5] - redis缓存中不存在contracts_tenant_12_number_1_sta_1
2019-06-05 11:45:29.498 INFO  --- [LoggerUtil.java:34][http-nio-8888-exec-5] - redis缓存中添加contracts_tenant_12_number_1_sta_1
2019-06-05 11:45:29.507 INFO  --- [LoggerUtil.java:34][http-nio-8888-exec-5] - redis缓存中不存在house_2
2019-06-05 11:45:29.558 INFO  --- [LoggerUtil.java:34][http-nio-8888-exec-5] - redis缓存中添加house_2
2019-06-05 11:45:29.572 INFO  --- [LoggerUtil.java:34][http-nio-8888-exec-5] - redis缓存中不存在user_house_2
2019-06-05 11:45:29.597 INFO  --- [LoggerUtil.java:34][http-nio-8888-exec-5] - redis缓存中添加user_house_2
2019-06-05 11:45:29.609 INFO  --- [LoggerUtil.java:34][http-nio-8888-exec-5] - redis缓存中不存在user_12
2019-06-05 11:45:29.632 INFO  --- [LoggerUtil.java:34][http-nio-8888-exec-5] - redis缓存中添加user_12
2019-06-05 11:45:33.325 INFO  --- [LoggerUtil.java:30][http-nio-8888-exec-1] - permission的值为:[user:delete, cart:create, comment:create, house:read, user:update, contract:create, money:create, comment:update, comment:read, money:update, cart:update, user:create, cart:delete, contract:update, contract:read, user:read, comment:delete, cart:read, money:read, contract:delete, money:delete]
2019-06-05 11:45:33.348 INFO  --- [LoggerUtil.java:34][http-nio-8888-exec-1] - redis缓存中不存在contracts_tenant_12_number_2_sta_1
2019-06-05 11:45:33.431 INFO  --- [LoggerUtil.java:34][http-nio-8888-exec-1] - redis缓存中添加contracts_tenant_12_number_2_sta_1
2019-06-05 11:45:33.443 INFO  --- [LoggerUtil.java:34][http-nio-8888-exec-1] - redis缓存中不存在house_1
2019-06-05 11:45:33.489 INFO  --- [LoggerUtil.java:34][http-nio-8888-exec-1] - redis缓存中添加house_1
2019-06-05 11:45:33.499 INFO  --- [LoggerUtil.java:34][http-nio-8888-exec-1] - redis缓存中不存在user_house_1
2019-06-05 11:45:33.527 INFO  --- [LoggerUtil.java:34][http-nio-8888-exec-1] - redis缓存中添加user_house_1
2019-06-05 11:45:33.538 INFO  --- [LoggerUtil.java:34][http-nio-8888-exec-1] - redis缓存中存在user_12
2019-06-05 11:47:19.013 INFO  --- [StartupInfoLogger.java:50][restartedMain] - Starting HouseApplication on DESKTOP-A42CON3 with PID 16364 (D:\graduate\house\target\classes started by 谢洁芳 in D:\graduate\house)
2019-06-05 11:47:19.019 INFO  --- [SpringApplication.java:675][restartedMain] - No active profile set, falling back to default profiles: default
2019-06-05 11:47:29.745 ERROR --- [DirectJDKLog.java:173][restartedMain] - An incompatible version [1.2.4] of the APR based Apache Tomcat Native library is installed, while Tomcat requires version [1.2.14]
2019-06-05 11:47:30.542 ERROR --- [DirectJDKLog.java:173][restartedMain] - An incompatible version [1.2.4] of the APR based Apache Tomcat Native library is installed, while Tomcat requires version [1.2.14]
2019-06-05 11:47:30.592 ERROR --- [DirectJDKLog.java:173][restartedMain] - An incompatible version [1.2.4] of the APR based Apache Tomcat Native library is installed, while Tomcat requires version [1.2.14]
2019-06-05 11:47:33.813 WARN  --- [TemplateMode.java:150][restartedMain] - [THYMELEAF][restartedMain] Template Mode 'HTML5' is deprecated. Using Template Mode 'HTML' instead.
2019-06-05 11:47:35.899 INFO  --- [StartupInfoLogger.java:59][restartedMain] - Started HouseApplication in 17.95 seconds (JVM running for 23.216)
2019-06-05 11:47:57.740 INFO  --- [HikariDataSource.java:110][http-nio-8888-exec-6] - HikariPool-1 - Starting...
2019-06-05 11:47:58.447 INFO  --- [HikariDataSource.java:123][http-nio-8888-exec-6] - HikariPool-1 - Start completed.
2019-06-05 11:48:01.553 INFO  --- [LoggerUtil.java:30][http-nio-8888-exec-7] - permission的值为:[user:delete, cart:create, comment:create, house:read, user:update, contract:create, money:create, comment:update, comment:read, money:update, cart:update, user:create, cart:delete, contract:update, contract:read, user:read, comment:delete, cart:read, money:read, contract:delete, money:delete]
2019-06-05 11:48:02.602 INFO  --- [Slf4JLogger.java:101][http-nio-8888-exec-7] - Starting without optional epoll library
2019-06-05 11:48:02.612 INFO  --- [Slf4JLogger.java:101][http-nio-8888-exec-7] - Starting without optional kqueue library
2019-06-05 11:48:06.105 INFO  --- [LoggerUtil.java:34][http-nio-8888-exec-7] - redis缓存中不存在contracts_tenant_12_number_1_sta_1
2019-06-05 11:48:06.356 INFO  --- [LoggerUtil.java:34][http-nio-8888-exec-7] - redis缓存中添加contracts_tenant_12_number_1_sta_1
2019-06-05 11:48:06.373 INFO  --- [LoggerUtil.java:34][http-nio-8888-exec-7] - redis缓存中不存在house_2
2019-06-05 11:48:06.450 INFO  --- [LoggerUtil.java:34][http-nio-8888-exec-7] - redis缓存中添加house_2
2019-06-05 11:48:06.465 INFO  --- [LoggerUtil.java:34][http-nio-8888-exec-7] - redis缓存中不存在user_house_2
2019-06-05 11:48:06.493 INFO  --- [LoggerUtil.java:34][http-nio-8888-exec-7] - redis缓存中添加user_house_2
2019-06-05 11:48:06.506 INFO  --- [LoggerUtil.java:34][http-nio-8888-exec-7] - redis缓存中不存在user_12
2019-06-05 11:48:06.520 INFO  --- [LoggerUtil.java:34][http-nio-8888-exec-7] - redis缓存中添加user_12
2019-06-05 11:48:13.504 INFO  --- [LoggerUtil.java:30][http-nio-8888-exec-8] - permission的值为:[user:delete, cart:create, comment:create, house:read, user:update, contract:create, money:create, comment:update, comment:read, money:update, cart:update, user:create, cart:delete, contract:update, contract:read, user:read, comment:delete, cart:read, money:read, contract:delete, money:delete]
2019-06-05 11:48:13.517 INFO  --- [LoggerUtil.java:34][http-nio-8888-exec-8] - redis缓存中不存在contracts_tenant_12_number_2_sta_1
2019-06-05 11:48:13.584 INFO  --- [LoggerUtil.java:34][http-nio-8888-exec-8] - redis缓存中添加contracts_tenant_12_number_2_sta_1
2019-06-05 11:48:13.598 INFO  --- [LoggerUtil.java:34][http-nio-8888-exec-8] - redis缓存中不存在house_1
2019-06-05 11:48:13.648 INFO  --- [LoggerUtil.java:34][http-nio-8888-exec-8] - redis缓存中添加house_1
2019-06-05 11:48:13.659 INFO  --- [LoggerUtil.java:34][http-nio-8888-exec-8] - redis缓存中不存在user_house_1
2019-06-05 11:48:13.687 INFO  --- [LoggerUtil.java:34][http-nio-8888-exec-8] - redis缓存中添加user_house_1
2019-06-05 11:48:13.698 INFO  --- [LoggerUtil.java:34][http-nio-8888-exec-8] - redis缓存中存在user_12
2019-06-05 11:50:23.918 INFO  --- [StartupInfoLogger.java:50][restartedMain] - Starting HouseApplication on DESKTOP-A42CON3 with PID 13044 (D:\graduate\house\target\classes started by 谢洁芳 in D:\graduate\house)
2019-06-05 11:50:23.926 INFO  --- [SpringApplication.java:675][restartedMain] - No active profile set, falling back to default profiles: default
2019-06-05 11:50:32.318 ERROR --- [DirectJDKLog.java:173][restartedMain] - An incompatible version [1.2.4] of the APR based Apache Tomcat Native library is installed, while Tomcat requires version [1.2.14]
2019-06-05 11:50:33.028 ERROR --- [DirectJDKLog.java:173][restartedMain] - An incompatible version [1.2.4] of the APR based Apache Tomcat Native library is installed, while Tomcat requires version [1.2.14]
2019-06-05 11:50:33.070 ERROR --- [DirectJDKLog.java:173][restartedMain] - An incompatible version [1.2.4] of the APR based Apache Tomcat Native library is installed, while Tomcat requires version [1.2.14]
2019-06-05 11:50:36.236 WARN  --- [TemplateMode.java:150][restartedMain] - [THYMELEAF][restartedMain] Template Mode 'HTML5' is deprecated. Using Template Mode 'HTML' instead.
2019-06-05 11:50:38.371 INFO  --- [StartupInfoLogger.java:59][restartedMain] - Started HouseApplication in 15.818 seconds (JVM running for 20.905)
2019-06-05 11:52:02.788 INFO  --- [HikariDataSource.java:110][http-nio-8888-exec-7] - HikariPool-1 - Starting...
2019-06-05 11:52:03.988 INFO  --- [HikariDataSource.java:123][http-nio-8888-exec-7] - HikariPool-1 - Start completed.
2019-06-05 11:52:07.031 INFO  --- [LoggerUtil.java:30][http-nio-8888-exec-8] - permission的值为:[user:delete, cart:create, comment:create, house:read, user:update, contract:create, money:create, comment:update, comment:read, money:update, cart:update, user:create, cart:delete, contract:update, contract:read, user:read, comment:delete, cart:read, money:read, contract:delete, money:delete]
2019-06-05 11:52:08.137 INFO  --- [Slf4JLogger.java:101][http-nio-8888-exec-8] - Starting without optional epoll library
2019-06-05 11:52:08.150 INFO  --- [Slf4JLogger.java:101][http-nio-8888-exec-8] - Starting without optional kqueue library
2019-06-05 11:52:11.586 INFO  --- [LoggerUtil.java:34][http-nio-8888-exec-8] - redis缓存中不存在contracts_tenant_12_number_1_sta_1
2019-06-05 11:52:11.783 INFO  --- [LoggerUtil.java:34][http-nio-8888-exec-8] - redis缓存中添加contracts_tenant_12_number_1_sta_1
2019-06-05 11:52:11.789 INFO  --- [LoggerUtil.java:34][http-nio-8888-exec-8] - redis缓存中不存在house_2
2019-06-05 11:52:11.823 INFO  --- [LoggerUtil.java:34][http-nio-8888-exec-8] - redis缓存中添加house_2
2019-06-05 11:52:11.830 INFO  --- [LoggerUtil.java:34][http-nio-8888-exec-8] - redis缓存中不存在user_house_2
2019-06-05 11:52:11.846 INFO  --- [LoggerUtil.java:34][http-nio-8888-exec-8] - redis缓存中添加user_house_2
2019-06-05 11:52:11.851 INFO  --- [LoggerUtil.java:34][http-nio-8888-exec-8] - redis缓存中不存在user_12
2019-06-05 11:52:12.023 INFO  --- [LoggerUtil.java:34][http-nio-8888-exec-8] - redis缓存中添加user_12
2019-06-05 11:52:14.762 INFO  --- [LoggerUtil.java:30][http-nio-8888-exec-3] - permission的值为:[user:delete, cart:create, comment:create, house:read, user:update, contract:create, money:create, comment:update, comment:read, money:update, cart:update, user:create, cart:delete, contract:update, contract:read, user:read, comment:delete, cart:read, money:read, contract:delete, money:delete]
2019-06-05 11:52:14.779 INFO  --- [LoggerUtil.java:34][http-nio-8888-exec-3] - redis缓存中不存在contracts_tenant_12_number_2_sta_1
2019-06-05 11:52:14.846 INFO  --- [LoggerUtil.java:34][http-nio-8888-exec-3] - redis缓存中添加contracts_tenant_12_number_2_sta_1
2019-06-05 11:52:14.857 INFO  --- [LoggerUtil.java:34][http-nio-8888-exec-3] - redis缓存中不存在house_1
2019-06-05 11:52:14.894 INFO  --- [LoggerUtil.java:34][http-nio-8888-exec-3] - redis缓存中添加house_1
2019-06-05 11:52:14.911 INFO  --- [LoggerUtil.java:34][http-nio-8888-exec-3] - redis缓存中不存在user_house_1
2019-06-05 11:52:14.938 INFO  --- [LoggerUtil.java:34][http-nio-8888-exec-3] - redis缓存中添加user_house_1
2019-06-05 11:52:14.951 INFO  --- [LoggerUtil.java:34][http-nio-8888-exec-3] - redis缓存中存在user_12
2019-06-05 11:52:40.290 INFO  --- [LoggerUtil.java:30][http-nio-8888-exec-2] - permission的值为:[user:delete, cart:create, comment:create, house:read, user:update, contract:create, money:create, comment:update, comment:read, money:update, cart:update, user:create, cart:delete, contract:update, contract:read, user:read, comment:delete, cart:read, money:read, contract:delete, money:delete]
2019-06-05 11:52:40.443 WARN  --- [AbstractHandlerExceptionResolver.java:194][http-nio-8888-exec-2] - Resolved [org.springframework.web.method.annotation.MethodArgumentTypeMismatchException: Failed to convert value of type 'java.lang.String' to required type 'java.lang.Long'; nested exception is java.lang.NumberFormatException: For input string: "null"]
2019-06-05 11:54:03.072 INFO  --- [StartupInfoLogger.java:50][restartedMain] - Starting HouseApplication on DESKTOP-A42CON3 with PID 14052 (D:\graduate\house\target\classes started by 谢洁芳 in D:\graduate\house)
2019-06-05 11:54:03.082 INFO  --- [SpringApplication.java:675][restartedMain] - No active profile set, falling back to default profiles: default
2019-06-05 11:54:11.820 ERROR --- [DirectJDKLog.java:173][restartedMain] - An incompatible version [1.2.4] of the APR based Apache Tomcat Native library is installed, while Tomcat requires version [1.2.14]
2019-06-05 11:54:12.539 ERROR --- [DirectJDKLog.java:173][restartedMain] - An incompatible version [1.2.4] of the APR based Apache Tomcat Native library is installed, while Tomcat requires version [1.2.14]
2019-06-05 11:54:12.581 ERROR --- [DirectJDKLog.java:173][restartedMain] - An incompatible version [1.2.4] of the APR based Apache Tomcat Native library is installed, while Tomcat requires version [1.2.14]
2019-06-05 11:54:15.982 WARN  --- [TemplateMode.java:150][restartedMain] - [THYMELEAF][restartedMain] Template Mode 'HTML5' is deprecated. Using Template Mode 'HTML' instead.
2019-06-05 11:54:17.917 INFO  --- [StartupInfoLogger.java:59][restartedMain] - Started HouseApplication in 16.723 seconds (JVM running for 21.351)
2019-06-05 11:54:58.092 INFO  --- [HikariDataSource.java:110][http-nio-8888-exec-7] - HikariPool-1 - Starting...
2019-06-05 11:54:59.256 INFO  --- [HikariDataSource.java:123][http-nio-8888-exec-7] - HikariPool-1 - Start completed.
2019-06-05 11:55:01.845 INFO  --- [LoggerUtil.java:30][http-nio-8888-exec-8] - permission的值为:[user:delete, cart:create, comment:create, house:read, user:update, contract:create, money:create, comment:update, comment:read, money:update, cart:update, user:create, cart:delete, contract:update, contract:read, user:read, comment:delete, cart:read, money:read, contract:delete, money:delete]
2019-06-05 11:55:02.651 INFO  --- [Slf4JLogger.java:101][http-nio-8888-exec-8] - Starting without optional epoll library
2019-06-05 11:55:02.665 INFO  --- [Slf4JLogger.java:101][http-nio-8888-exec-8] - Starting without optional kqueue library
2019-06-05 11:55:06.722 INFO  --- [LoggerUtil.java:34][http-nio-8888-exec-8] - redis缓存中不存在contracts_tenant_12_number_1_sta_1
2019-06-05 11:55:06.997 INFO  --- [LoggerUtil.java:34][http-nio-8888-exec-8] - redis缓存中添加contracts_tenant_12_number_1_sta_1
2019-06-05 11:55:07.011 INFO  --- [LoggerUtil.java:34][http-nio-8888-exec-8] - redis缓存中不存在house_2
2019-06-05 11:55:07.045 INFO  --- [LoggerUtil.java:34][http-nio-8888-exec-8] - redis缓存中添加house_2
2019-06-05 11:55:07.050 INFO  --- [LoggerUtil.java:34][http-nio-8888-exec-8] - redis缓存中不存在user_house_2
2019-06-05 11:55:07.067 INFO  --- [LoggerUtil.java:34][http-nio-8888-exec-8] - redis缓存中添加user_house_2
2019-06-05 11:55:07.074 INFO  --- [LoggerUtil.java:34][http-nio-8888-exec-8] - redis缓存中不存在user_12
2019-06-05 11:55:07.088 INFO  --- [LoggerUtil.java:34][http-nio-8888-exec-8] - redis缓存中添加user_12
2019-06-05 11:55:09.988 INFO  --- [LoggerUtil.java:30][http-nio-8888-exec-1] - permission的值为:[user:delete, cart:create, comment:create, house:read, user:update, contract:create, money:create, comment:update, comment:read, money:update, cart:update, user:create, cart:delete, contract:update, contract:read, user:read, comment:delete, cart:read, money:read, contract:delete, money:delete]
2019-06-05 11:55:10.000 INFO  --- [LoggerUtil.java:34][http-nio-8888-exec-1] - redis缓存中不存在contracts_tenant_12_number_2_sta_1
2019-06-05 11:55:10.036 INFO  --- [LoggerUtil.java:34][http-nio-8888-exec-1] - redis缓存中添加contracts_tenant_12_number_2_sta_1
2019-06-05 11:55:10.040 INFO  --- [LoggerUtil.java:34][http-nio-8888-exec-1] - redis缓存中不存在house_1
2019-06-05 11:55:10.056 INFO  --- [LoggerUtil.java:34][http-nio-8888-exec-1] - redis缓存中添加house_1
2019-06-05 11:55:10.060 INFO  --- [LoggerUtil.java:34][http-nio-8888-exec-1] - redis缓存中不存在user_house_1
2019-06-05 11:55:10.073 INFO  --- [LoggerUtil.java:34][http-nio-8888-exec-1] - redis缓存中添加user_house_1
2019-06-05 11:55:10.077 INFO  --- [LoggerUtil.java:34][http-nio-8888-exec-1] - redis缓存中存在user_12
2019-06-05 11:55:22.223 INFO  --- [LoggerUtil.java:30][http-nio-8888-exec-2] - permission的值为:[user:delete, cart:create, comment:create, house:read, user:update, contract:create, money:create, comment:update, comment:read, money:update, cart:update, user:create, cart:delete, contract:update, contract:read, user:read, comment:delete, cart:read, money:read, contract:delete, money:delete]
2019-06-05 11:55:24.251 INFO  --- [LoggerUtil.java:30][http-nio-8888-exec-4] - permission的值为:[user:delete, cart:create, comment:create, house:read, user:update, contract:create, money:create, comment:update, comment:read, money:update, cart:update, user:create, cart:delete, contract:update, contract:read, user:read, comment:delete, cart:read, money:read, contract:delete, money:delete]
2019-06-05 11:55:24.262 INFO  --- [LoggerUtil.java:34][http-nio-8888-exec-4] - redis缓存中不存在contracts_tenant_12_number_1_sta_1
2019-06-05 11:55:24.329 INFO  --- [LoggerUtil.java:34][http-nio-8888-exec-4] - redis缓存中添加contracts_tenant_12_number_1_sta_1
2019-06-05 11:55:24.336 INFO  --- [LoggerUtil.java:34][http-nio-8888-exec-4] - redis缓存中不存在house_2
2019-06-05 11:55:24.368 INFO  --- [LoggerUtil.java:34][http-nio-8888-exec-4] - redis缓存中添加house_2
2019-06-05 11:55:24.376 INFO  --- [LoggerUtil.java:34][http-nio-8888-exec-4] - redis缓存中不存在user_house_2
2019-06-05 11:55:24.404 INFO  --- [LoggerUtil.java:34][http-nio-8888-exec-4] - redis缓存中添加user_house_2
2019-06-05 11:55:24.410 INFO  --- [LoggerUtil.java:34][http-nio-8888-exec-4] - redis缓存中不存在user_12
2019-06-05 11:55:24.457 INFO  --- [LoggerUtil.java:34][http-nio-8888-exec-4] - redis缓存中添加user_12
2019-06-05 11:55:27.168 INFO  --- [LoggerUtil.java:30][http-nio-8888-exec-5] - permission的值为:[user:delete, cart:create, comment:create, house:read, user:update, contract:create, money:create, comment:update, comment:read, money:update, cart:update, user:create, cart:delete, contract:update, contract:read, user:read, comment:delete, cart:read, money:read, contract:delete, money:delete]
2019-06-05 11:55:27.177 INFO  --- [LoggerUtil.java:34][http-nio-8888-exec-5] - redis缓存中不存在contracts_tenant_12_number_2_sta_1
2019-06-05 11:55:27.229 INFO  --- [LoggerUtil.java:34][http-nio-8888-exec-5] - redis缓存中添加contracts_tenant_12_number_2_sta_1
2019-06-05 11:55:27.235 INFO  --- [LoggerUtil.java:34][http-nio-8888-exec-5] - redis缓存中不存在house_1
2019-06-05 11:55:27.251 INFO  --- [LoggerUtil.java:34][http-nio-8888-exec-5] - redis缓存中添加house_1
2019-06-05 11:55:27.258 INFO  --- [LoggerUtil.java:34][http-nio-8888-exec-5] - redis缓存中不存在user_house_1
2019-06-05 11:55:27.278 INFO  --- [LoggerUtil.java:34][http-nio-8888-exec-5] - redis缓存中添加user_house_1
2019-06-05 11:55:27.285 INFO  --- [LoggerUtil.java:34][http-nio-8888-exec-5] - redis缓存中存在user_12
