2019-06-07 00:01:24.740 INFO  --- [StartupInfoLogger.java:50][restartedMain] - Starting HouseApplication on DESKTOP-A42CON3 with PID 9836 (D:\graduate\house\target\classes started by 谢洁芳 in D:\graduate\house)
2019-06-07 00:01:24.749 INFO  --- [SpringApplication.java:675][restartedMain] - No active profile set, falling back to default profiles: default
2019-06-07 00:01:34.043 ERROR --- [DirectJDKLog.java:173][restartedMain] - An incompatible version [1.2.4] of the APR based Apache Tomcat Native library is installed, while Tomcat requires version [1.2.14]
2019-06-07 00:01:34.675 ERROR --- [DirectJDKLog.java:173][restartedMain] - An incompatible version [1.2.4] of the APR based Apache Tomcat Native library is installed, while Tomcat requires version [1.2.14]
2019-06-07 00:01:34.711 ERROR --- [DirectJDKLog.java:173][restartedMain] - An incompatible version [1.2.4] of the APR based Apache Tomcat Native library is installed, while Tomcat requires version [1.2.14]
2019-06-07 00:01:36.750 WARN  --- [TemplateMode.java:150][restartedMain] - [THYMELEAF][restartedMain] Template Mode 'HTML5' is deprecated. Using Template Mode 'HTML' instead.
2019-06-07 00:01:37.831 INFO  --- [StartupInfoLogger.java:59][restartedMain] - Started HouseApplication in 15.015 seconds (JVM running for 23.418)
2019-06-07 00:05:44.815 INFO  --- [HikariDataSource.java:110][http-nio-8888-exec-7] - HikariPool-1 - Starting...
2019-06-07 00:05:49.458 INFO  --- [HikariDataSource.java:123][http-nio-8888-exec-7] - HikariPool-1 - Start completed.
2019-06-07 00:06:09.373 INFO  --- [LoggerUtil.java:30][http-nio-8888-exec-10] - permission的值为:[house:update, user:delete, comment:create, house:read, user:update, house:delete, contract:create, money:create, comment:update, comment:read, money:update, user:create, contract:update, contract:read, user:read, comment:delete, money:read, contract:delete, money:delete, house:create]
2019-06-07 00:06:21.556 INFO  --- [Slf4JLogger.java:101][http-nio-8888-exec-10] - Starting without optional epoll library
2019-06-07 00:06:21.569 INFO  --- [Slf4JLogger.java:101][http-nio-8888-exec-10] - Starting without optional kqueue library
2019-06-07 00:06:35.415 INFO  --- [LoggerUtil.java:34][http-nio-8888-exec-10] - redis缓存中不存在contracts_user_5_number_1_sta_0
2019-06-07 00:06:36.099 INFO  --- [LoggerUtil.java:34][http-nio-8888-exec-10] - redis缓存中添加contracts_user_5_number_1_sta_0
2019-06-07 00:06:36.106 INFO  --- [LoggerUtil.java:34][http-nio-8888-exec-10] - redis缓存中不存在house_2
2019-06-07 00:06:36.361 INFO  --- [LoggerUtil.java:34][http-nio-8888-exec-10] - redis缓存中添加house_2
2019-06-07 00:06:36.372 INFO  --- [LoggerUtil.java:34][http-nio-8888-exec-10] - redis缓存中不存在user_house_2
2019-06-07 00:06:36.406 INFO  --- [LoggerUtil.java:34][http-nio-8888-exec-10] - redis缓存中添加user_house_2
2019-06-07 00:06:36.417 INFO  --- [LoggerUtil.java:34][http-nio-8888-exec-10] - redis缓存中不存在user_12
2019-06-07 00:06:36.446 INFO  --- [LoggerUtil.java:34][http-nio-8888-exec-10] - redis缓存中添加user_12
2019-06-07 00:07:38.089 INFO  --- [LoggerUtil.java:30][http-nio-8888-exec-10] - permission的值为:[house:update, user:delete, comment:create, house:read, user:update, house:delete, contract:create, money:create, comment:update, comment:read, money:update, user:create, contract:update, contract:read, user:read, comment:delete, money:read, contract:delete, money:delete, house:create]
2019-06-07 00:07:38.114 INFO  --- [LoggerUtil.java:34][http-nio-8888-exec-10] - redis缓存中不存在contracts_user_5_number_1_sta_1
2019-06-07 00:07:38.197 INFO  --- [LoggerUtil.java:34][http-nio-8888-exec-10] - redis缓存中添加contracts_user_5_number_1_sta_1
2019-06-07 00:07:38.204 INFO  --- [LoggerUtil.java:34][http-nio-8888-exec-10] - redis缓存中不存在house_1
2019-06-07 00:07:38.235 INFO  --- [LoggerUtil.java:34][http-nio-8888-exec-10] - redis缓存中添加house_1
2019-06-07 00:07:41.942 INFO  --- [LoggerUtil.java:34][http-nio-8888-exec-10] - redis缓存中不存在user_house_1
2019-06-07 00:07:41.976 INFO  --- [LoggerUtil.java:34][http-nio-8888-exec-10] - redis缓存中添加user_house_1
2019-06-07 00:07:41.986 INFO  --- [LoggerUtil.java:34][http-nio-8888-exec-10] - redis缓存中不存在user_12
2019-06-07 00:07:42.016 INFO  --- [LoggerUtil.java:34][http-nio-8888-exec-10] - redis缓存中添加user_12
2019-06-07 00:08:06.674 INFO  --- [LoggerUtil.java:30][http-nio-8888-exec-4] - permission的值为:[house:update, user:delete, comment:create, house:read, user:update, house:delete, contract:create, money:create, comment:update, comment:read, money:update, user:create, contract:update, contract:read, user:read, comment:delete, money:read, contract:delete, money:delete, house:create]
2019-06-07 00:08:12.714 INFO  --- [LoggerUtil.java:30][http-nio-8888-exec-6] - permission的值为:[house:update, user:delete, comment:create, house:read, user:update, house:delete, contract:create, money:create, comment:update, comment:read, money:update, user:create, contract:update, contract:read, user:read, comment:delete, money:read, contract:delete, money:delete, house:create]
2019-06-07 00:08:12.731 INFO  --- [LoggerUtil.java:34][http-nio-8888-exec-6] - redis缓存中不存在contracts_user_5_number_1_sta_1
2019-06-07 00:08:12.803 INFO  --- [LoggerUtil.java:34][http-nio-8888-exec-6] - redis缓存中添加contracts_user_5_number_1_sta_1
2019-06-07 00:08:12.813 INFO  --- [LoggerUtil.java:34][http-nio-8888-exec-6] - redis缓存中不存在house_1
2019-06-07 00:08:12.842 INFO  --- [LoggerUtil.java:34][http-nio-8888-exec-6] - redis缓存中添加house_1
2019-06-07 00:08:12.851 INFO  --- [LoggerUtil.java:34][http-nio-8888-exec-6] - redis缓存中不存在user_house_1
2019-06-07 00:08:12.879 INFO  --- [LoggerUtil.java:34][http-nio-8888-exec-6] - redis缓存中添加user_house_1
2019-06-07 00:08:12.893 INFO  --- [LoggerUtil.java:34][http-nio-8888-exec-6] - redis缓存中不存在user_12
2019-06-07 00:08:12.921 INFO  --- [LoggerUtil.java:34][http-nio-8888-exec-6] - redis缓存中添加user_12
2019-06-07 00:08:16.687 INFO  --- [LoggerUtil.java:30][http-nio-8888-exec-9] - permission的值为:[house:update, user:delete, comment:create, house:read, user:update, house:delete, contract:create, money:create, comment:update, comment:read, money:update, user:create, contract:update, contract:read, user:read, comment:delete, money:read, contract:delete, money:delete, house:create]
2019-06-07 00:08:17.184 INFO  --- [LoggerUtil.java:30][http-nio-8888-exec-2] - permission的值为:[house:update, user:delete, comment:create, house:read, user:update, house:delete, contract:create, money:create, comment:update, comment:read, money:update, user:create, contract:update, contract:read, user:read, comment:delete, money:read, contract:delete, money:delete, house:create]
2019-06-07 00:08:17.194 INFO  --- [LoggerUtil.java:34][http-nio-8888-exec-2] - redis缓存中存在contracts_user_5_number_1_sta_1
2019-06-07 00:08:17.243 INFO  --- [LoggerUtil.java:34][http-nio-8888-exec-2] - redis缓存中存在house_1
2019-06-07 00:08:17.265 INFO  --- [LoggerUtil.java:34][http-nio-8888-exec-2] - redis缓存中存在user_house_1
2019-06-07 00:08:17.284 INFO  --- [LoggerUtil.java:34][http-nio-8888-exec-2] - redis缓存中存在user_12
2019-06-07 00:08:19.361 ERROR --- [DirectJDKLog.java:175][http-nio-8888-exec-2] - Servlet.service() for servlet [dispatcherServlet] in context with path [] threw exception [Request processing failed; nested exception is org.springframework.jdbc.BadSqlGrammarException: 
### Error querying database.  Cause: java.sql.SQLSyntaxErrorException: You have an error in your SQL syntax; check the manual that corresponds to your MySQL server version for the right syntax to use near 'LIMIT 1' at line 1
### The error may exist in file [D:\graduate\house\target\classes\mapper\CommentMapper.xml]
### The error may involve defaultParameterMap
### The error occurred while setting parameters
### SQL: SELECT         *         FROM         comment         WHERE         contract_id = ?         order by comment_id asc; LIMIT ?
### Cause: java.sql.SQLSyntaxErrorException: You have an error in your SQL syntax; check the manual that corresponds to your MySQL server version for the right syntax to use near 'LIMIT 1' at line 1
; bad SQL grammar []; nested exception is java.sql.SQLSyntaxErrorException: You have an error in your SQL syntax; check the manual that corresponds to your MySQL server version for the right syntax to use near 'LIMIT 1' at line 1] with root cause
java.sql.SQLSyntaxErrorException: You have an error in your SQL syntax; check the manual that corresponds to your MySQL server version for the right syntax to use near 'LIMIT 1' at line 1
	at com.mysql.cj.jdbc.exceptions.SQLError.createSQLException(SQLError.java:120)
	at com.mysql.cj.jdbc.exceptions.SQLError.createSQLException(SQLError.java:97)
	at com.mysql.cj.jdbc.exceptions.SQLExceptionsMapping.translateException(SQLExceptionsMapping.java:122)
	at com.mysql.cj.jdbc.ClientPreparedStatement.executeInternal(ClientPreparedStatement.java:974)
	at com.mysql.cj.jdbc.ClientPreparedStatement.execute(ClientPreparedStatement.java:391)
	at com.zaxxer.hikari.pool.ProxyPreparedStatement.execute(ProxyPreparedStatement.java:44)
	at com.zaxxer.hikari.pool.HikariProxyPreparedStatement.execute(HikariProxyPreparedStatement.java)
	at sun.reflect.GeneratedMethodAccessor107.invoke(Unknown Source)
	at sun.reflect.DelegatingMethodAccessorImpl.invoke(DelegatingMethodAccessorImpl.java:43)
	at java.lang.reflect.Method.invoke(Method.java:497)
	at org.apache.ibatis.logging.jdbc.PreparedStatementLogger.invoke(PreparedStatementLogger.java:59)
	at com.sun.proxy.$Proxy101.execute(Unknown Source)
	at org.apache.ibatis.executor.statement.PreparedStatementHandler.query(PreparedStatementHandler.java:63)
	at org.apache.ibatis.executor.statement.RoutingStatementHandler.query(RoutingStatementHandler.java:79)
	at org.apache.ibatis.executor.SimpleExecutor.doQuery(SimpleExecutor.java:63)
	at org.apache.ibatis.executor.BaseExecutor.queryFromDatabase(BaseExecutor.java:326)
	at org.apache.ibatis.executor.BaseExecutor.query(BaseExecutor.java:156)
	at org.apache.ibatis.executor.CachingExecutor.query(CachingExecutor.java:109)
	at com.github.pagehelper.util.ExecutorUtil.pageQuery(ExecutorUtil.java:177)
	at com.github.pagehelper.PageInterceptor.intercept(PageInterceptor.java:104)
	at org.apache.ibatis.plugin.Plugin.invoke(Plugin.java:61)
	at com.sun.proxy.$Proxy99.query(Unknown Source)
	at org.apache.ibatis.session.defaults.DefaultSqlSession.selectList(DefaultSqlSession.java:148)
	at org.apache.ibatis.session.defaults.DefaultSqlSession.selectList(DefaultSqlSession.java:141)
	at sun.reflect.NativeMethodAccessorImpl.invoke0(Native Method)
	at sun.reflect.NativeMethodAccessorImpl.invoke(NativeMethodAccessorImpl.java:62)
	at sun.reflect.DelegatingMethodAccessorImpl.invoke(DelegatingMethodAccessorImpl.java:43)
	at java.lang.reflect.Method.invoke(Method.java:497)
	at org.mybatis.spring.SqlSessionTemplate$SqlSessionInterceptor.invoke(SqlSessionTemplate.java:433)
	at com.sun.proxy.$Proxy56.selectList(Unknown Source)
	at org.mybatis.spring.SqlSessionTemplate.selectList(SqlSessionTemplate.java:230)
	at org.apache.ibatis.binding.MapperMethod.executeForMany(MapperMethod.java:139)
	at org.apache.ibatis.binding.MapperMethod.execute(MapperMethod.java:76)
	at org.apache.ibatis.binding.MapperProxy.invoke(MapperProxy.java:59)
	at com.sun.proxy.$Proxy71.queryCommentsByContract(Unknown Source)
	at com.yuan.house.service.impl.CommonServiceImpl.createTenantContractPOJO(CommonServiceImpl.java:85)
	at com.yuan.house.controller.LandlordController.showContracts(LandlordController.java:217)
	at com.yuan.house.controller.LandlordController$$FastClassBySpringCGLIB$$c5175728.invoke(<generated>)
	at org.springframework.cglib.proxy.MethodProxy.invoke(MethodProxy.java:218)
	at org.springframework.aop.framework.CglibAopProxy$CglibMethodInvocation.invokeJoinpoint(CglibAopProxy.java:746)
	at org.springframework.aop.framework.ReflectiveMethodInvocation.proceed(ReflectiveMethodInvocation.java:163)
	at org.apache.shiro.spring.security.interceptor.AopAllianceAnnotationsAuthorizingMethodInterceptor$1.proceed(AopAllianceAnnotationsAuthorizingMethodInterceptor.java:82)
	at org.apache.shiro.authz.aop.AuthorizingMethodInterceptor.invoke(AuthorizingMethodInterceptor.java:39)
	at org.apache.shiro.spring.security.interceptor.AopAllianceAnnotationsAuthorizingMethodInterceptor.invoke(AopAllianceAnnotationsAuthorizingMethodInterceptor.java:115)
	at org.springframework.aop.framework.ReflectiveMethodInvocation.proceed(ReflectiveMethodInvocation.java:186)
	at org.springframework.aop.framework.CglibAopProxy$DynamicAdvisedInterceptor.intercept(CglibAopProxy.java:688)
	at com.yuan.house.controller.LandlordController$$EnhancerBySpringCGLIB$$a08d0ded.showContracts(<generated>)
	at sun.reflect.NativeMethodAccessorImpl.invoke0(Native Method)
	at sun.reflect.NativeMethodAccessorImpl.invoke(NativeMethodAccessorImpl.java:62)
	at sun.reflect.DelegatingMethodAccessorImpl.invoke(DelegatingMethodAccessorImpl.java:43)
	at java.lang.reflect.Method.invoke(Method.java:497)
	at org.springframework.web.method.support.InvocableHandlerMethod.doInvoke(InvocableHandlerMethod.java:215)
	at org.springframework.web.method.support.InvocableHandlerMethod.invokeForRequest(InvocableHandlerMethod.java:142)
	at org.springframework.web.servlet.mvc.method.annotation.ServletInvocableHandlerMethod.invokeAndHandle(ServletInvocableHandlerMethod.java:102)
	at org.springframework.web.servlet.mvc.method.annotation.RequestMappingHandlerAdapter.invokeHandlerMethod(RequestMappingHandlerAdapter.java:895)
	at org.springframework.web.servlet.mvc.method.annotation.RequestMappingHandlerAdapter.handleInternal(RequestMappingHandlerAdapter.java:800)
	at org.springframework.web.servlet.mvc.method.AbstractHandlerMethodAdapter.handle(AbstractHandlerMethodAdapter.java:87)
	at org.springframework.web.servlet.DispatcherServlet.doDispatch(DispatcherServlet.java:1038)
	at org.springframework.web.servlet.DispatcherServlet.doService(DispatcherServlet.java:942)
	at org.springframework.web.servlet.FrameworkServlet.processRequest(FrameworkServlet.java:998)
	at org.springframework.web.servlet.FrameworkServlet.doGet(FrameworkServlet.java:890)
	at javax.servlet.http.HttpServlet.service(HttpServlet.java:634)
	at org.springframework.web.servlet.FrameworkServlet.service(FrameworkServlet.java:875)
	at javax.servlet.http.HttpServlet.service(HttpServlet.java:741)
	at org.apache.catalina.core.ApplicationFilterChain.internalDoFilter(ApplicationFilterChain.java:231)
	at org.apache.catalina.core.ApplicationFilterChain.doFilter(ApplicationFilterChain.java:166)
	at org.apache.tomcat.websocket.server.WsFilter.doFilter(WsFilter.java:53)
	at org.apache.catalina.core.ApplicationFilterChain.internalDoFilter(ApplicationFilterChain.java:193)
	at org.apache.catalina.core.ApplicationFilterChain.doFilter(ApplicationFilterChain.java:166)
	at org.apache.shiro.web.servlet.ProxiedFilterChain.doFilter(ProxiedFilterChain.java:61)
	at org.apache.shiro.web.servlet.AdviceFilter.executeChain(AdviceFilter.java:108)
	at org.apache.shiro.web.servlet.AdviceFilter.doFilterInternal(AdviceFilter.java:137)
	at org.apache.shiro.web.servlet.OncePerRequestFilter.doFilter(OncePerRequestFilter.java:125)
	at org.apache.shiro.web.servlet.ProxiedFilterChain.doFilter(ProxiedFilterChain.java:66)
	at org.apache.shiro.web.servlet.AbstractShiroFilter.executeChain(AbstractShiroFilter.java:449)
	at org.apache.shiro.web.servlet.AbstractShiroFilter$1.call(AbstractShiroFilter.java:365)
	at org.apache.shiro.subject.support.SubjectCallable.doCall(SubjectCallable.java:90)
	at org.apache.shiro.subject.support.SubjectCallable.call(SubjectCallable.java:83)
	at org.apache.shiro.subject.support.DelegatingSubject.execute(DelegatingSubject.java:387)
	at org.apache.shiro.web.servlet.AbstractShiroFilter.doFilterInternal(AbstractShiroFilter.java:362)
	at org.apache.shiro.web.servlet.OncePerRequestFilter.doFilter(OncePerRequestFilter.java:125)
	at org.apache.catalina.core.ApplicationFilterChain.internalDoFilter(ApplicationFilterChain.java:193)
	at org.apache.catalina.core.ApplicationFilterChain.doFilter(ApplicationFilterChain.java:166)
	at org.springframework.web.servlet.resource.ResourceUrlEncodingFilter.doFilter(ResourceUrlEncodingFilter.java:63)
	at org.apache.catalina.core.ApplicationFilterChain.internalDoFilter(ApplicationFilterChain.java:193)
	at org.apache.catalina.core.ApplicationFilterChain.doFilter(ApplicationFilterChain.java:166)
	at org.springframework.web.filter.RequestContextFilter.doFilterInternal(RequestContextFilter.java:99)
	at org.springframework.web.filter.OncePerRequestFilter.doFilter(OncePerRequestFilter.java:107)
	at org.apache.catalina.core.ApplicationFilterChain.internalDoFilter(ApplicationFilterChain.java:193)
	at org.apache.catalina.core.ApplicationFilterChain.doFilter(ApplicationFilterChain.java:166)
	at org.springframework.web.filter.FormContentFilter.doFilterInternal(FormContentFilter.java:92)
	at org.springframework.web.filter.OncePerRequestFilter.doFilter(OncePerRequestFilter.java:107)
	at org.apache.catalina.core.ApplicationFilterChain.internalDoFilter(ApplicationFilterChain.java:193)
	at org.apache.catalina.core.ApplicationFilterChain.doFilter(ApplicationFilterChain.java:166)
	at org.springframework.web.filter.HiddenHttpMethodFilter.doFilterInternal(HiddenHttpMethodFilter.java:93)
	at org.springframework.web.filter.OncePerRequestFilter.doFilter(OncePerRequestFilter.java:107)
	at org.apache.catalina.core.ApplicationFilterChain.internalDoFilter(ApplicationFilterChain.java:193)
	at org.apache.catalina.core.ApplicationFilterChain.doFilter(ApplicationFilterChain.java:166)
	at org.springframework.web.filter.CharacterEncodingFilter.doFilterInternal(CharacterEncodingFilter.java:200)
	at org.springframework.web.filter.OncePerRequestFilter.doFilter(OncePerRequestFilter.java:107)
	at org.apache.catalina.core.ApplicationFilterChain.internalDoFilter(ApplicationFilterChain.java:193)
	at org.apache.catalina.core.ApplicationFilterChain.doFilter(ApplicationFilterChain.java:166)
	at org.apache.catalina.core.StandardWrapperValve.invoke(StandardWrapperValve.java:199)
	at org.apache.catalina.core.StandardContextValve.invoke(StandardContextValve.java:96)
	at org.apache.catalina.authenticator.AuthenticatorBase.invoke(AuthenticatorBase.java:490)
	at org.apache.catalina.core.StandardHostValve.invoke(StandardHostValve.java:139)
	at org.apache.catalina.valves.ErrorReportValve.invoke(ErrorReportValve.java:92)
	at org.apache.catalina.core.StandardEngineValve.invoke(StandardEngineValve.java:74)
	at org.apache.catalina.connector.CoyoteAdapter.service(CoyoteAdapter.java:343)
	at org.apache.coyote.http11.Http11Processor.service(Http11Processor.java:408)
	at org.apache.coyote.AbstractProcessorLight.process(AbstractProcessorLight.java:66)
	at org.apache.coyote.AbstractProtocol$ConnectionHandler.process(AbstractProtocol.java:770)
	at org.apache.tomcat.util.net.NioEndpoint$SocketProcessor.doRun(NioEndpoint.java:1415)
	at org.apache.tomcat.util.net.SocketProcessorBase.run(SocketProcessorBase.java:49)
	at java.util.concurrent.ThreadPoolExecutor.runWorker(ThreadPoolExecutor.java:1142)
	at java.util.concurrent.ThreadPoolExecutor$Worker.run(ThreadPoolExecutor.java:617)
	at org.apache.tomcat.util.threads.TaskThread$WrappingRunnable.run(TaskThread.java:61)
	at java.lang.Thread.run(Thread.java:745)
2019-06-07 00:18:17.416 INFO  --- [StartupInfoLogger.java:50][restartedMain] - Starting HouseApplication on DESKTOP-A42CON3 with PID 9856 (D:\graduate\house\target\classes started by 谢洁芳 in D:\graduate\house)
2019-06-07 00:18:17.432 INFO  --- [SpringApplication.java:675][restartedMain] - No active profile set, falling back to default profiles: default
2019-06-07 00:18:58.352 ERROR --- [DirectJDKLog.java:173][restartedMain] - An incompatible version [1.2.4] of the APR based Apache Tomcat Native library is installed, while Tomcat requires version [1.2.14]
2019-06-07 00:19:01.208 ERROR --- [DirectJDKLog.java:173][restartedMain] - An incompatible version [1.2.4] of the APR based Apache Tomcat Native library is installed, while Tomcat requires version [1.2.14]
2019-06-07 00:19:01.405 ERROR --- [DirectJDKLog.java:173][restartedMain] - An incompatible version [1.2.4] of the APR based Apache Tomcat Native library is installed, while Tomcat requires version [1.2.14]
2019-06-07 00:19:08.186 WARN  --- [TemplateMode.java:150][restartedMain] - [THYMELEAF][restartedMain] Template Mode 'HTML5' is deprecated. Using Template Mode 'HTML' instead.
2019-06-07 00:19:10.805 INFO  --- [StartupInfoLogger.java:59][restartedMain] - Started HouseApplication in 58.406 seconds (JVM running for 80.25)
2019-06-07 00:19:31.547 INFO  --- [HikariDataSource.java:110][http-nio-8888-exec-6] - HikariPool-1 - Starting...
2019-06-07 00:19:32.465 INFO  --- [HikariDataSource.java:123][http-nio-8888-exec-6] - HikariPool-1 - Start completed.
2019-06-07 00:19:37.479 INFO  --- [LoggerUtil.java:30][http-nio-8888-exec-8] - permission的值为:[house:update, user:delete, comment:create, house:read, user:update, house:delete, contract:create, money:create, comment:update, comment:read, money:update, user:create, contract:update, contract:read, user:read, comment:delete, money:read, contract:delete, money:delete, house:create]
2019-06-07 00:19:37.926 INFO  --- [Slf4JLogger.java:101][http-nio-8888-exec-8] - Starting without optional epoll library
2019-06-07 00:19:37.932 INFO  --- [Slf4JLogger.java:101][http-nio-8888-exec-8] - Starting without optional kqueue library
2019-06-07 00:19:41.322 INFO  --- [LoggerUtil.java:34][http-nio-8888-exec-8] - redis缓存中不存在contracts_user_5_number_1_sta_1
2019-06-07 00:19:41.686 INFO  --- [LoggerUtil.java:34][http-nio-8888-exec-8] - redis缓存中添加contracts_user_5_number_1_sta_1
2019-06-07 00:19:41.696 INFO  --- [LoggerUtil.java:34][http-nio-8888-exec-8] - redis缓存中不存在house_1
2019-06-07 00:19:41.747 INFO  --- [LoggerUtil.java:34][http-nio-8888-exec-8] - redis缓存中添加house_1
2019-06-07 00:19:41.759 INFO  --- [LoggerUtil.java:34][http-nio-8888-exec-8] - redis缓存中不存在user_house_1
2019-06-07 00:19:41.782 INFO  --- [LoggerUtil.java:34][http-nio-8888-exec-8] - redis缓存中添加user_house_1
2019-06-07 00:19:41.791 INFO  --- [LoggerUtil.java:34][http-nio-8888-exec-8] - redis缓存中不存在user_12
2019-06-07 00:19:41.812 INFO  --- [LoggerUtil.java:34][http-nio-8888-exec-8] - redis缓存中添加user_12
2019-06-07 00:19:57.128 INFO  --- [LoggerUtil.java:30][http-nio-8888-exec-2] - permission的值为:[house:update, user:delete, comment:create, house:read, user:update, house:delete, contract:create, money:create, comment:update, comment:read, money:update, user:create, contract:update, contract:read, user:read, comment:delete, money:read, contract:delete, money:delete, house:create]
2019-06-07 00:19:59.998 INFO  --- [LoggerUtil.java:30][http-nio-8888-exec-3] - permission的值为:[house:update, user:delete, comment:create, house:read, user:update, house:delete, contract:create, money:create, comment:update, comment:read, money:update, user:create, contract:update, contract:read, user:read, comment:delete, money:read, contract:delete, money:delete, house:create]
2019-06-07 00:20:00.028 INFO  --- [LoggerUtil.java:34][http-nio-8888-exec-3] - redis缓存中不存在contracts_user_5_number_1_sta_1
2019-06-07 00:20:00.083 INFO  --- [LoggerUtil.java:34][http-nio-8888-exec-3] - redis缓存中添加contracts_user_5_number_1_sta_1
2019-06-07 00:20:00.095 INFO  --- [LoggerUtil.java:34][http-nio-8888-exec-3] - redis缓存中不存在house_1
2019-06-07 00:20:00.128 INFO  --- [LoggerUtil.java:34][http-nio-8888-exec-3] - redis缓存中添加house_1
2019-06-07 00:20:00.161 INFO  --- [LoggerUtil.java:34][http-nio-8888-exec-3] - redis缓存中不存在user_house_1
2019-06-07 00:20:00.187 INFO  --- [LoggerUtil.java:34][http-nio-8888-exec-3] - redis缓存中添加user_house_1
2019-06-07 00:20:00.200 INFO  --- [LoggerUtil.java:34][http-nio-8888-exec-3] - redis缓存中不存在user_12
2019-06-07 00:20:00.226 INFO  --- [LoggerUtil.java:34][http-nio-8888-exec-3] - redis缓存中添加user_12
2019-06-07 00:20:03.670 INFO  --- [LoggerUtil.java:30][http-nio-8888-exec-4] - permission的值为:[house:update, user:delete, comment:create, house:read, user:update, house:delete, contract:create, money:create, comment:update, comment:read, money:update, user:create, contract:update, contract:read, user:read, comment:delete, money:read, contract:delete, money:delete, house:create]
2019-06-07 00:20:03.882 INFO  --- [LoggerUtil.java:30][http-nio-8888-exec-5] - permission的值为:[house:update, user:delete, comment:create, house:read, user:update, house:delete, contract:create, money:create, comment:update, comment:read, money:update, user:create, contract:update, contract:read, user:read, comment:delete, money:read, contract:delete, money:delete, house:create]
2019-06-07 00:20:03.898 INFO  --- [LoggerUtil.java:34][http-nio-8888-exec-5] - redis缓存中存在contracts_user_5_number_1_sta_1
2019-06-07 00:20:03.940 INFO  --- [LoggerUtil.java:34][http-nio-8888-exec-5] - redis缓存中存在house_1
2019-06-07 00:20:03.987 INFO  --- [LoggerUtil.java:34][http-nio-8888-exec-5] - redis缓存中存在user_house_1
2019-06-07 00:20:04.010 INFO  --- [LoggerUtil.java:34][http-nio-8888-exec-5] - redis缓存中存在user_12
